            --------------------------------------------------------
                             AMBER SQM VERSION 19
 
                                     By
              Ross C. Walker, Michael F. Crowley, Scott Brozell,
                         Tim Giese, Andreas W. Goetz,
                        Tai-Sung Lee and David A. Case
 
            --------------------------------------------------------
 

--------------------------------------------------------------------------------
  QM CALCULATION INFO
--------------------------------------------------------------------------------

| QMMM: Citation for AMBER QMMM Run:
| QMMM: R.C. Walker, M.F. Crowley and D.A. Case, J. COMP. CHEM. 29:1019, 2008

QMMM: SINGLET STATE CALCULATION
QMMM: RHF CALCULATION, NO. OF DOUBLY OCCUPIED LEVELS = 55

| QMMM: *** Selected Hamiltonian *** 
| QMMM: AM1         

| QMMM: *** Parameter sets in use ***
| QMMM: Cl: M.J.S.DEWAR et al. THEOCHEM, 180, 1, (1988)
| QMMM: F : M.J.S.DEWAR et al. THEOCHEM, 180, 1, (1988)
| QMMM: O : M.J.S.DEWAR et al. JACS, 107, 3902, (1985)
| QMMM: N : M.J.S.DEWAR et al. JACS, 107, 3902, (1985)
| QMMM: C : M.J.S.DEWAR et al. JACS, 107, 3902, (1985)
| QMMM: H : M.J.S.DEWAR et al. JACS, 107, 3902, (1985)

| QMMM: *** SCF convergence criteria ***
| QMMM: Energy change                :  0.1D-09 kcal/mol
| QMMM: Error matrix |FP-PF|         :  0.1D+00 au
| QMMM: Density matrix change        :  0.5D-06
| QMMM: Maximum number of SCF cycles :     1000

| QMMM: *** Diagonalization Routine Information ***
| QMMM: Pseudo diagonalizations are allowed.
| QMMM: Auto diagonalization routine selection is in use.
| QMMM:
| QMMM: Timing diagonalization routines:
| QMMM:                              norbs =       93
| QMMM:    diag iterations used for timing =       15
| QMMM:
| QMMM:              Internal diag routine = 0.023352 seconds
| QMMM:                 Dspev diag routine = 0.030107 seconds
| QMMM:                Dspevd diag routine = 0.019403 seconds
| QMMM:                Dspevx diag routine = 0.080507 seconds
| QMMM:                 Dsyev diag routine = 0.031276 seconds
| QMMM:                Dsyevd diag routine = 0.021538 seconds
| QMMM:                Dsyevr diag routine = 0.026058 seconds
| QMMM:
| QMMM:                Pseudo diag routine = 0.008820 seconds
| QMMM:
| QMMM: Using dspevd routine (diag_routine=3).

  QMMM: QM Region Cartesian Coordinates (*=link atom) 
  QMMM: QM_NO.   MM_NO.  ATOM         X         Y         Z
  QMMM:     1        1      Cl      -2.5520  -35.3570   21.8750
  QMMM:     2        2      F        3.1030  -39.5330   20.6530
  QMMM:     3        3      F        1.2910  -39.2200   21.7330
  QMMM:     4        4      F        1.2330  -39.5340   19.6260
  QMMM:     5        5      O        3.4730  -37.3540   17.0970
  QMMM:     6        6      O        2.9980  -37.1980   19.2620
  QMMM:     7        7      N        1.2850  -37.0810   17.6750
  QMMM:     8        8      C        0.3440  -36.6360   18.6620
  QMMM:     9        9      C       -0.9260  -36.1430   18.3080
  QMMM:    10       10      C       -1.8100  -35.7430   19.3240
  QMMM:    11       11      C       -1.4490  -35.8480   20.6560
  QMMM:    12       12      C       -0.2120  -36.3390   21.0180
  QMMM:    13       13      C        0.6660  -36.7760   20.0190
  QMMM:    14       14      C        2.0460  -37.3860   20.3660
  QMMM:    15       15      C        2.6380  -36.8100   21.5930
  QMMM:    16       16      C        3.0920  -36.3400   22.5620
  QMMM:    17       17      C        3.7560  -35.6460   23.9670
  QMMM:    18       18      C        4.1860  -34.5430   23.6190
  QMMM:    19       19      C        3.0560  -34.6560   24.2110
  QMMM:    20       20      C        1.9130  -38.9380   20.5960
  QMMM:    21       21      C        2.6380  -37.2190   17.9350
  QMMM:    22       22      H        2.2230  -34.5000   23.7390
  QMMM:    23       23      H        2.9300  -34.3400   25.1200
  QMMM:    24       24      H        4.9470  -34.1380   24.0630
  QMMM:    25       25      H        4.2400  -34.2980   22.6820
  QMMM:    26       26      H        4.1050  -36.3850   24.4900
  QMMM:    27       27      H        0.9960  -37.2700   16.8870
  QMMM:    28       28      H        0.0460  -36.3810   21.9520
  QMMM:    29       29      H       -2.6820  -35.3900   19.0900
  QMMM:    30       30      H       -1.1870  -36.0800   17.3760

--------------------------------------------------------------------------------
  RESULTS
--------------------------------------------------------------------------------

      iter         sqm energy              rms gradient
      ----    -------------------    -----------------------
xmin    10     -119.8825 kcal/mol        0.9978 kcal/(mol*A)
xmin    20     -120.2868 kcal/mol        0.2277 kcal/(mol*A)
xmin    30     -120.3310 kcal/mol        0.1482 kcal/(mol*A)
xmin    40     -120.3423 kcal/mol        0.0253 kcal/(mol*A)
xmin    50     -120.3443 kcal/mol        0.0141 kcal/(mol*A)
xmin    60     -120.3448 kcal/mol        0.0205 kcal/(mol*A)
xmin    70     -120.3452 kcal/mol        0.0072 kcal/(mol*A)
xmin    80     -120.3455 kcal/mol        0.0137 kcal/(mol*A)
xmin    90     -120.3457 kcal/mol        0.0144 kcal/(mol*A)
xmin   100     -120.3459 kcal/mol        0.0108 kcal/(mol*A)
xmin   110     -120.3466 kcal/mol        0.0438 kcal/(mol*A)
xmin   120     -120.3473 kcal/mol        0.0348 kcal/(mol*A)
xmin   130     -120.3480 kcal/mol        0.0255 kcal/(mol*A)
xmin   140     -120.3485 kcal/mol        0.0278 kcal/(mol*A)
xmin   150     -120.3494 kcal/mol        0.1035 kcal/(mol*A)
xmin   160     -120.3508 kcal/mol        0.0228 kcal/(mol*A)
xmin   170     -120.3525 kcal/mol        0.0548 kcal/(mol*A)
xmin   180     -120.3548 kcal/mol        0.0187 kcal/(mol*A)
xmin   190     -120.3554 kcal/mol        0.0358 kcal/(mol*A)
xmin   200     -120.3568 kcal/mol        0.0590 kcal/(mol*A)
xmin   210     -120.3581 kcal/mol        0.0182 kcal/(mol*A)
xmin   220     -120.3604 kcal/mol        0.0090 kcal/(mol*A)
xmin   230     -120.3610 kcal/mol        0.0265 kcal/(mol*A)
xmin   240     -120.3616 kcal/mol        0.0158 kcal/(mol*A)
xmin   250     -120.3618 kcal/mol        0.0123 kcal/(mol*A)
xmin   260     -120.3630 kcal/mol        0.0104 kcal/(mol*A)
xmin   270     -120.3640 kcal/mol        0.0366 kcal/(mol*A)
xmin   280     -120.3632 kcal/mol        0.0870 kcal/(mol*A)
xmin   290     -120.3646 kcal/mol        0.0581 kcal/(mol*A)
xmin   300     -120.3653 kcal/mol        0.0508 kcal/(mol*A)
xmin   310     -120.3672 kcal/mol        0.0229 kcal/(mol*A)
xmin   320     -120.3678 kcal/mol        0.0065 kcal/(mol*A)
xmin   330     -120.3699 kcal/mol        0.0232 kcal/(mol*A)
xmin   340     -120.3726 kcal/mol        0.0441 kcal/(mol*A)
xmin   350     -120.3693 kcal/mol        0.0189 kcal/(mol*A)
xmin   360     -120.3704 kcal/mol        0.0822 kcal/(mol*A)
xmin   370     -120.3722 kcal/mol        0.0201 kcal/(mol*A)
xmin   380     -120.3726 kcal/mol        0.0788 kcal/(mol*A)
xmin   390     -120.3752 kcal/mol        0.0438 kcal/(mol*A)
xmin   400     -120.3783 kcal/mol        0.0779 kcal/(mol*A)
xmin   410     -120.3864 kcal/mol        0.0868 kcal/(mol*A)
xmin   420     -120.3885 kcal/mol        0.0764 kcal/(mol*A)
xmin   430     -120.3912 kcal/mol        0.0479 kcal/(mol*A)
xmin   440     -120.3984 kcal/mol        0.0669 kcal/(mol*A)
xmin   450     -120.4103 kcal/mol        0.2061 kcal/(mol*A)
xmin   460     -120.4225 kcal/mol        0.0600 kcal/(mol*A)
xmin   470     -120.4316 kcal/mol        0.1124 kcal/(mol*A)
xmin   480     -120.4469 kcal/mol        0.0772 kcal/(mol*A)
xmin   490     -120.4590 kcal/mol        0.0500 kcal/(mol*A)
xmin   500     -120.4787 kcal/mol        0.2306 kcal/(mol*A)
xmin   510     -120.4943 kcal/mol        0.1030 kcal/(mol*A)
xmin   520     -120.4973 kcal/mol        0.1582 kcal/(mol*A)
xmin   530     -120.4998 kcal/mol        0.0216 kcal/(mol*A)
xmin   540     -120.5004 kcal/mol        0.0067 kcal/(mol*A)
xmin   550     -120.5017 kcal/mol        0.0289 kcal/(mol*A)
xmin   560     -120.5023 kcal/mol        0.0070 kcal/(mol*A)
xmin   570     -120.5024 kcal/mol        0.0104 kcal/(mol*A)
xmin   580     -120.5027 kcal/mol        0.0160 kcal/(mol*A)
xmin   590     -120.5033 kcal/mol        0.0193 kcal/(mol*A)
xmin   600     -120.5035 kcal/mol        0.0123 kcal/(mol*A)
xmin   610     -120.5035 kcal/mol        0.0103 kcal/(mol*A)
xmin   620     -120.5036 kcal/mol        0.0034 kcal/(mol*A)
xmin   630     -120.5036 kcal/mol        0.0053 kcal/(mol*A)
xmin   640     -120.5037 kcal/mol        0.0103 kcal/(mol*A)
xmin   650     -120.5038 kcal/mol        0.0023 kcal/(mol*A)
xmin   660     -120.5038 kcal/mol        0.0008 kcal/(mol*A)
  ... geometry converged !
 
 Final MO eigenvalues (eV):
 -52.0463  -48.8094  -48.7109  -42.3076  -39.9583  -39.3514  -38.4378  -38.0560
 -36.2650  -34.8413  -32.6747  -30.9912  -29.4945  -25.9618  -25.4729  -24.7142
 -24.1167  -23.6193  -21.5542  -20.9678  -20.1838  -19.6855  -19.3416  -19.1756
 -18.4885  -17.7237  -17.2549  -16.8763  -16.5890  -16.4728  -16.0905  -15.6572
 -15.4085  -15.3224  -15.1876  -14.9762  -14.7661  -14.4737  -14.4712  -14.2680
 -13.9466  -13.7864  -13.6442  -13.3472  -13.1736  -12.6483  -12.6268  -12.3401
 -12.2107  -11.9297  -11.8070  -11.1330  -10.7456  -10.6370   -9.4402   -0.7346
  -0.5087    0.2992    0.4791    0.9163    0.9799    1.1104    1.3077    1.7838
   1.9127    2.4106    2.5238    2.8374    2.9219    3.2256    3.2613    3.3182
   3.3711    3.3966    3.4412    3.5998    3.6653    3.7428    3.8592    4.0847
   4.1229    4.2165    4.2998    4.5138    4.5207    4.5638    4.6301    4.6716
   4.8454    4.8971    5.8231    6.0612    6.3806

 Heat of formation   =       -120.50379501 kcal/mol  (       -5.22543667 eV)

 Total SCF energy    =    -105867.28362225 kcal/mol  (    -4590.74990773 eV)
 Electronic energy   =    -613788.03403519 kcal/mol  (   -26615.84640888 eV)
 Core-core repulsion =     507920.75041294 kcal/mol  (    22025.09650115 eV)
 
    Atomic Charges for Step       1 :
  Atom    Element       Mulliken Charge
     1      Cl                 0.004
     2      F                 -0.143
     3      F                 -0.160
     4      F                 -0.156
     5      O                 -0.307
     6      O                 -0.217
     7      N                 -0.328
     8      C                  0.115
     9      C                 -0.172
    10      C                 -0.068
    11      C                 -0.096
    12      C                 -0.053
    13      C                 -0.168
    14      C                  0.262
    15      C                 -0.231
    16      C                 -0.013
    17      C                 -0.095
    18      C                 -0.187
    19      C                 -0.186
    20      C                  0.413
    21      C                  0.411
    22      H                  0.126
    23      H                  0.117
    24      H                  0.117
    25      H                  0.125
    26      H                  0.143
    27      H                  0.270
    28      H                  0.170
    29      H                  0.156
    30      H                  0.149
 Total Mulliken Charge =       0.000
 
                  X        Y        Z     TOTAL  
  QM DIPOLE    -3.399    3.330    1.176    4.902
 
 Final Structure

  QMMM: QM Region Cartesian Coordinates (*=link atom) 
  QMMM: QM_NO.   MM_NO.  ATOM         X         Y         Z
  QMMM:     1        1      Cl      -3.0301  -37.1073   21.8761
  QMMM:     2        2      F        3.4463  -39.1200   20.8589
  QMMM:     3        3      F        1.5031  -39.1912   21.8256
  QMMM:     4        4      F        1.6793  -39.6216   19.7015
  QMMM:     5        5      O        3.3761  -36.3258   17.2488
  QMMM:     6        6      O        2.8454  -37.0401   19.2432
  QMMM:     7        7      N        1.1083  -36.2321   17.7800
  QMMM:     8        8      C        0.1191  -36.4553   18.7350
  QMMM:     9        9      C       -1.2388  -36.1839   18.4522
  QMMM:    10       10      C       -2.2066  -36.3910   19.4245
  QMMM:    11       11      C       -1.8408  -36.8664   20.6899
  QMMM:    12       12      C       -0.5051  -37.1421   20.9823
  QMMM:    13       13      C        0.4796  -36.9505   20.0099
  QMMM:    14       14      C        1.9201  -37.2279   20.3320
  QMMM:    15       15      C        2.3713  -36.4199   21.4402
  QMMM:    16       16      C        2.7586  -35.7329   22.3410
  QMMM:    17       17      C        3.1881  -34.9222   23.4172
  QMMM:    18       18      C        4.2609  -35.4216   24.3611
  QMMM:    19       19      C        4.5762  -34.3186   23.4013
  QMMM:    20       20      C        2.1342  -38.7816   20.6818
  QMMM:    21       21      C        2.4437  -36.5064   18.0386
  QMMM:    22       22      H        5.2396  -34.5264   22.5425
  QMMM:    23       23      H        4.6962  -33.2873   23.7785
  QMMM:    24       24      H        4.1517  -35.1922   25.4362
  QMMM:    25       25      H        4.6982  -36.4221   24.1926
  QMMM:    26       26      H        2.3613  -34.3130   23.8458
  QMMM:    27       27      H        0.8658  -35.8791   16.8819
  QMMM:    28       28      H       -0.2163  -37.5191   21.9789
  QMMM:    29       29      H       -3.2637  -36.1782   19.1971
  QMMM:    30       30      H       -1.5347  -35.8064   17.4614

           --------- Calculation Completed ----------

