

           Canonical, grand-canonical and isothermal/isobaric ensemble Monte Carlo simulations and their analysis
                                                  ===  Mihaly Mezei ===

 Computer word size: 32 bits  Largest real and double= 0.71E+38 0.10+309 Number of bits per word in a bitmap= 31
 Maximum number of atoms=61995, solvents+1=12000, solute atoms=2000, solvent atoms/molecule=5
 Program was last modified on 04/27/22  , simulation and proximity common blocks were last modified on 03/27/2021 and 10/29/2014, resp.
 Standard input  file GCE_efz.inp (unit 11) opened
 Standard output file GCE_efz.out (unit 10) opened

 MMC>  Input line     1 : FILE ../res/efz_opt_pbc_min 1                                                   
 MMC>  Input line     2 : PRNT ECHO                                                                       
 MMC>  Input line     3 : TITL efz                                                                        
 MMC>  Input line     4 : HRDW VC32          ! 32-bit vector                                              
 MMC>  Input line     5 : NSLV  10                                                                        
 Integer number read:         10
 Integer default set to          0
 MMC>  Input line     6 : TEMP 298.0                                                                      
 Real number read:         298.000000
 MMC>  Input line     7 : SVVC SPCC 9.05     ! Solvent cutoff                                             
 Real number read:           9.050000
 Real default set to        0.000000
 Real default set to        0.000000
 MMC>  Input line     8 : SUVC SPGC 12.0                                                                  
 Real number read:          12.000000
 MMC>  Input line     9 : PBCN RECT   45.0 45.0 45.0                                                      
 Real number read:          45.000000
 Real number read:          45.000000
 Real number read:          45.000000
 MMC>  Input line    10 : MOND -20.0 20.0 -20.0 20.0 -20.0 20.0                                           
 Real number read:         -20.000000
 Real number read:          20.000000
 Real number read:         -20.000000
 Real number read:          20.000000
 Real number read:         -20.000000
 Real number read:          20.000000
 MMC>  Input line    11 : STEP    0.00   00.0  0.55      40.0  30                                         
 Real number read:           0.000000
 Real number read:           0.000000
 Real number read:           0.550000
 Real number read:          40.000000
 Integer number read:         30
 MMC>  Input line    12 : SUPT CHRM                                                                       
 Default key set: CLMG
 MMC>  Input line    13 : SAMP METC 0.5                                                                   
 MMC>  Input line    14 : MOVE RAND                                                                       
 MMC>  Input line    15 : SVPT TIP3 TIP3 ! Solvent-solvent potential is TIP4P                             
 MMC>  Input line    16 : SLTA SMPL MMC FILE  1853 0 0 0 1 ../res/efz_opt_pbc_min                         
 Integer number read:       1853
 Integer default set to          0
 Integer default set to          0
 Integer default set to       1853
 Integer number read:          1
 Name read:../res/efz_opt_pbc_min
 +++++ FORMATTED file ../res/efz_opt_pbc_min.slt as unit     12, Mode=OLD, type=20 has been opened
 ***** ERROR: Run out of data while trying to read formatted record for key SLTA record type 14
 (solute atom record                      )
 The line read was:                                                                                

 ***** at least      1 ERROR messages were issued
       any ERROR or WARNING message after the first ERROR message may be the consequence of previous ERRORs
 ABNORMAL termination at nMC=         0
