
          -------------------------------------------------------
          Amber 22 SANDER                              2022
          -------------------------------------------------------

| Run on 06/19/2022 at 20:04:16

|   Executable path: sander
| Working directory: /home/ubuntu/PoDProjects/MS/src/scripts
|          Hostname: Unknown
  [-O]verwriting output

File Assignments:
|  MDIN: heat_pbc.in                                                           
| MDOUT: ../out/chain_a_efz_solv_box_heatpbc.out                               
|INPCRD: ../res/chain_a_efz_solv_box_min.ncrst                                 
|  PARM: ../res/chain_a_efz_solv_box.prmtop                                    
|RESTRT: ../res/chain_a_efz_solv_box_heatpbc.rst                               
|  REFC: refc                                                                  
| MDVEL: mdvel                                                                 
| MDFRC: mdfrc                                                                 
|  MDEN: mden                                                                  
| MDCRD: ../res/chain_a_efz_solv_box_heatpbc.nc                                
|MDINFO: mdinfo                                                                
|  MTMD: mtmd                                                                  
|INPDIP: inpdip                                                                
|RSTDIP: rstdip                                                                
|INPTRA: inptraj                                                               


 Here is the input file:

cat > mdin <<EOF                                                               
 &cntrl                                                                        
  imin   = 0,                                                                  
  irest  = 0,                                                                  
  ntx    = 1,                                                                  
  ntb    = 1,                                                                  
  cut    = 15.0,                                                               
  ntr    = 0,                                                                  
  ntc    = 2,                                                                  
  ntf    = 2,                                                                  
  tempi  = 0.0,                                                                
  temp0  = 298.0,                                                              
  ntt    = 3,                                                                  
  gamma_ln = 1.0,                                                              
  nstlim = 10000, dt = 0.002                                                   
  ntpr = 100, ntwx = 100, ntwr = 1000                                          
 /                                                                             
EOF                                                                            
                                                                               
set output = mdout                                                             

--------------------------------------------------------------------------------
   1.  RESOURCE   USE: 
--------------------------------------------------------------------------------

| Flags:                                                                        
 getting box info from netcdf restart file
| NetCDF restart box info found
|Largest sphere to fit in unit cell has radius =    42.892
| New format PARM file being parsed.
| Version =    1.000 Date = 06/19/22 Time = 17:43:59
 NATOM  =   89462 NTYPES =      20 NBONH =   85168 MBONA  =    4408
 NTHETH =    9872 MTHETA =    6001 NPHIH =   19279 MPHIA  =   14892
 NHPARM =       0 NPARM  =       0 NNB   =  155770 NRES   =   27476
 NBONA  =    4408 NTHETA =    6001 NPHIA =   14892 NUMBND =      66
 NUMANG =     130 NPTRA  =      51 NATYP =      47 NPHB   =       0
 IFBOX  =       1 NMXRS  =      30 IFCAP =       0 NEXTRA =       0
 NCOPY  =       0


|     Memory Use     Allocated
|     Real             6490451
|     Hollerith         295864
|     Integer          3727518
|     Max Pairs      146508935
|     nblistReal       1073544
|     nblist Int       2675899
|       Total           657563 kbytes

| Note: 1-4 EEL scale factors are being read from the topology file.

| Note: 1-4 VDW scale factors are being read from the topology file.
| Duplicated    0 dihedrals
| Duplicated    0 dihedrals

     BOX TYPE: RECTILINEAR

--------------------------------------------------------------------------------
   2.  CONTROL  DATA  FOR  THE  RUN
--------------------------------------------------------------------------------

default_name                                                                    

General flags:
     imin    =       0, nmropt  =       0

Nature and format of input:
     ntx     =       1, irest   =       0, ntrx    =       1

Nature and format of output:
     ntxo    =       2, ntpr    =     100, ntrx    =       1, ntwr    =    1000
     iwrap   =       0, ntwx    =     100, ntwv    =       0, ntwe    =       0
     ioutfm  =       1, ntwprt  =       0, idecomp =       0, rbornstat=      0

Potential function:
     ntf     =       2, ntb     =       1, igb     =       0, nsnb    =      25
     ipol    =       0, gbsa    =       0, iesp    =       0
     dielc   =   1.00000, cut     =  15.00000, intdiel =   1.00000

Frozen or restrained atoms:
     ibelly  =       0, ntr     =       0

Molecular dynamics:
     nstlim  =     10000, nscm    =      1000, nrespa  =         1
     t       =   0.00000, dt      =   0.00200, vlimit  =  20.00000

Langevin dynamics temperature regulation:
     ig      =   71277
     temp0   = 298.00000, tempi   =   0.00000, gamma_ln=   1.00000

SHAKE:
     ntc     =       2, jfastw  =       0
     tol     =   0.00001

Ewald parameters:
     verbose =       0, ew_type =       0, nbflag  =       1, use_pme =       1
     vdwmeth =       1, eedmeth =       1, netfrc  =       1
     Box X =   90.530   Box Y =   85.784   Box Z =  138.190
     Alpha =   90.000   Beta  =   90.000   Gamma =   90.000
     NFFT1 =   90       NFFT2 =   90       NFFT3 =  144
     Cutoff=   15.000   Tol   =0.100E-04
     Ewald Coefficient =  0.17871
     Interpolation order =    4
|  INFO: Old style inpcrd file read


--------------------------------------------------------------------------------
   3.  ATOMIC COORDINATES AND VELOCITIES
--------------------------------------------------------------------------------

default_name                                                                    
 begin time read from input coords =     0.000 ps

 Number of triangulated 3-point waters found:    26953

     Sum of charges from parm topology file =  -0.00100023
     Forcing neutrality...

--------------------------------------------------------------------------------
   4.  RESULTS
--------------------------------------------------------------------------------

|  # of SOLUTE  degrees of freedom (RNDFP):  183218.
|  # of SOLVENT degrees of freedom (RNDFS):       0.
|  NDFMIN =  183218.     NUM_NOSHAKE =      0     CORRECTED RNDFP =  183218.
|  TOTAL # of degrees of freedom (RNDF) =  183218.
 ---------------------------------------------------
 APPROXIMATING switch and d/dx switch using CUBIC SPLINE INTERPOLATION
 using   5000.0 points per unit in tabled values
 TESTING RELATIVE ERROR over r ranging from 0.0 to cutoff
| CHECK switch(x): max rel err =   0.2738E-14   at   2.422500
| CHECK d/dx switch(x): max rel err =   0.7766E-11   at   2.666360
 ---------------------------------------------------
| Local SIZE OF NONBOND LIST =   77576954
| TOTAL SIZE OF NONBOND LIST =   77576954

 NSTEP =        0   TIME(PS) =       0.000  TEMP(K) =     0.00  PRESS =     0.0
 Etot   =   -362668.5367  EKtot   =         0.0000  EPtot      =   -362668.5367
 BOND   =       275.6766  ANGLE   =      1134.3867  DIHED      =      5131.5679
 1-4 NB =      1718.1612  1-4 EEL =     24072.2000  VDWAALS    =     52398.4516
 EELEC  =   -447398.9807  EHBOND  =         0.0000  RESTRAINT  =         0.0000
 Ewald error estimate:   0.1419E-03
 ------------------------------------------------------------------------------


 NSTEP =      100   TIME(PS) =       0.200  TEMP(K) =    77.92  PRESS =     0.0
 Etot   =   -296610.0024  EKtot   =     14184.8797  EPtot      =   -310794.8821
 BOND   =       552.0265  ANGLE   =      1729.5365  DIHED      =      5265.4652
 1-4 NB =      1745.8364  1-4 EEL =     24009.3306  VDWAALS    =     44504.4478
 EELEC  =   -388601.5251  EHBOND  =         0.0000  RESTRAINT  =         0.0000
 Ewald error estimate:   0.2359E-03
 ------------------------------------------------------------------------------


 NSTEP =      200   TIME(PS) =       0.400  TEMP(K) =   125.41  PRESS =     0.0
 Etot   =   -282261.7992  EKtot   =     22830.0317  EPtot      =   -305091.8309
 BOND   =       759.7531  ANGLE   =      2298.4345  DIHED      =      5394.0159
 1-4 NB =      1791.4177  1-4 EEL =     23928.0517  VDWAALS    =     47229.0125
 EELEC  =   -386492.5163  EHBOND  =         0.0000  RESTRAINT  =         0.0000
 Ewald error estimate:   0.1070E-04
 ------------------------------------------------------------------------------


 NSTEP =      300   TIME(PS) =       0.600  TEMP(K) =   158.40  PRESS =     0.0
 Etot   =   -270970.8482  EKtot   =     28835.1826  EPtot      =   -299806.0308
 BOND   =       906.9942  ANGLE   =      2725.9466  DIHED      =      5474.4181
 1-4 NB =      1821.4736  1-4 EEL =     23922.8371  VDWAALS    =     46351.1071
 EELEC  =   -381008.8075  EHBOND  =         0.0000  RESTRAINT  =         0.0000
 Ewald error estimate:   0.1156E-03
 ------------------------------------------------------------------------------


 NSTEP =      400   TIME(PS) =       0.800  TEMP(K) =   185.24  PRESS =     0.0
 Etot   =   -261678.0487  EKtot   =     33721.6893  EPtot      =   -295399.7380
 BOND   =      1055.8904  ANGLE   =      3034.2486  DIHED      =      5574.7696
 1-4 NB =      1865.4081  1-4 EEL =     23950.8544  VDWAALS    =     45885.7048
 EELEC  =   -376766.6140  EHBOND  =         0.0000  RESTRAINT  =         0.0000
 Ewald error estimate:   0.6069E-04
 ------------------------------------------------------------------------------


 NSTEP =      500   TIME(PS) =       1.000  TEMP(K) =   205.97  PRESS =     0.0
 Etot   =   -254042.5037  EKtot   =     37495.3339  EPtot      =   -291537.8376
 BOND   =      1128.7528  ANGLE   =      3326.4654  DIHED      =      5629.0305
 1-4 NB =      1889.6870  1-4 EEL =     23966.6569  VDWAALS    =     44483.3057
 EELEC  =   -371961.7358  EHBOND  =         0.0000  RESTRAINT  =         0.0000
 Ewald error estimate:   0.4814E-04
 ------------------------------------------------------------------------------


 NSTEP =      600   TIME(PS) =       1.200  TEMP(K) =   221.49  PRESS =     0.0
 Etot   =   -247823.1626  EKtot   =     40321.5721  EPtot      =   -288144.7348
 BOND   =      1245.6978  ANGLE   =      3510.3052  DIHED      =      5703.2004
 1-4 NB =      1908.8608  1-4 EEL =     24000.1326  VDWAALS    =     42684.8372
 EELEC  =   -367197.7687  EHBOND  =         0.0000  RESTRAINT  =         0.0000
 Ewald error estimate:   0.1262E-04
 ------------------------------------------------------------------------------


 NSTEP =      700   TIME(PS) =       1.400  TEMP(K) =   232.98  PRESS =     0.0
 Etot   =   -242902.1414  EKtot   =     42412.0339  EPtot      =   -285314.1753
 BOND   =      1333.8108  ANGLE   =      3654.4685  DIHED      =      5796.9426
 1-4 NB =      1923.3246  1-4 EEL =     23984.9482  VDWAALS    =     41505.9088
 EELEC  =   -363513.5788  EHBOND  =         0.0000  RESTRAINT  =         0.0000
 Ewald error estimate:   0.1762E-04
 ------------------------------------------------------------------------------


 NSTEP =      800   TIME(PS) =       1.600  TEMP(K) =   244.30  PRESS =     0.0
 Etot   =   -238395.0034  EKtot   =     44473.2446  EPtot      =   -282868.2480
 BOND   =      1369.7485  ANGLE   =      3785.6386  DIHED      =      5807.6495
 1-4 NB =      1928.9529  1-4 EEL =     23992.2689  VDWAALS    =     40957.8798
 EELEC  =   -360710.3862  EHBOND  =         0.0000  RESTRAINT  =         0.0000
 Ewald error estimate:   0.5377E-04
 ------------------------------------------------------------------------------


 NSTEP =      900   TIME(PS) =       1.800  TEMP(K) =   251.45  PRESS =     0.0
 Etot   =   -234734.3400  EKtot   =     45776.0264  EPtot      =   -280510.3664
 BOND   =      1418.6039  ANGLE   =      3936.9308  DIHED      =      5821.9822
 1-4 NB =      1971.1436  1-4 EEL =     24106.2874  VDWAALS    =     39850.1998
 EELEC  =   -357615.5142  EHBOND  =         0.0000  RESTRAINT  =         0.0000
 Ewald error estimate:   0.1276E-03
 ------------------------------------------------------------------------------


 NSTEP =     1000   TIME(PS) =       2.000  TEMP(K) =   260.61  PRESS =     0.0
 Etot   =   -231600.2313  EKtot   =     47441.8931  EPtot      =   -279042.1244
 BOND   =      1448.2081  ANGLE   =      3959.9647  DIHED      =      5791.1134
 1-4 NB =      1948.5553  1-4 EEL =     24106.2190  VDWAALS    =     39136.6363
 EELEC  =   -355432.8213  EHBOND  =         0.0000  RESTRAINT  =         0.0000
 Ewald error estimate:   0.2931E-04
 ------------------------------------------------------------------------------


 NSTEP =     1100   TIME(PS) =       2.200  TEMP(K) =   263.37  PRESS =     0.0
 Etot   =   -229001.4381  EKtot   =     47944.8597  EPtot      =   -276946.2978
 BOND   =      1501.3464  ANGLE   =      4122.4999  DIHED      =      5872.0983
 1-4 NB =      1952.4905  1-4 EEL =     24044.5395  VDWAALS    =     38077.4522
 EELEC  =   -352516.7245  EHBOND  =         0.0000  RESTRAINT  =         0.0000
 Ewald error estimate:   0.4645E-04
 ------------------------------------------------------------------------------


 NSTEP =     1200   TIME(PS) =       2.400  TEMP(K) =   269.57  PRESS =     0.0
 Etot   =   -226382.5416  EKtot   =     49073.5959  EPtot      =   -275456.1375
 BOND   =      1506.8622  ANGLE   =      4143.5919  DIHED      =      5799.7851
 1-4 NB =      1963.2320  1-4 EEL =     24086.4156  VDWAALS    =     37460.4655
 EELEC  =   -350416.4899  EHBOND  =         0.0000  RESTRAINT  =         0.0000
 Ewald error estimate:   0.1125E-03
 ------------------------------------------------------------------------------


 NSTEP =     1300   TIME(PS) =       2.600  TEMP(K) =   273.11  PRESS =     0.0
 Etot   =   -224355.3892  EKtot   =     49718.4080  EPtot      =   -274073.7972
 BOND   =      1548.1251  ANGLE   =      4179.0266  DIHED      =      5798.0275
 1-4 NB =      1951.9865  1-4 EEL =     24133.5435  VDWAALS    =     36961.6253
 EELEC  =   -348646.1318  EHBOND  =         0.0000  RESTRAINT  =         0.0000
 Ewald error estimate:   0.1230E-03
 ------------------------------------------------------------------------------


 NSTEP =     1400   TIME(PS) =       2.800  TEMP(K) =   276.15  PRESS =     0.0
 Etot   =   -222564.7154  EKtot   =     50270.7825  EPtot      =   -272835.4979
 BOND   =      1536.4326  ANGLE   =      4237.1226  DIHED      =      5873.6438
 1-4 NB =      2012.5092  1-4 EEL =     24168.4900  VDWAALS    =     36502.9512
 EELEC  =   -347166.6473  EHBOND  =         0.0000  RESTRAINT  =         0.0000
 Ewald error estimate:   0.1909E-04
 ------------------------------------------------------------------------------


 NSTEP =     1500   TIME(PS) =       3.000  TEMP(K) =   281.02  PRESS =     0.0
 Etot   =   -220918.6589  EKtot   =     51158.8343  EPtot      =   -272077.4932
 BOND   =      1618.2399  ANGLE   =      4234.3635  DIHED      =      5853.7692
 1-4 NB =      1987.4474  1-4 EEL =     24106.0533  VDWAALS    =     36365.5174
 EELEC  =   -346242.8839  EHBOND  =         0.0000  RESTRAINT  =         0.0000
 Ewald error estimate:   0.3305E-04
 ------------------------------------------------------------------------------


 NSTEP =     1600   TIME(PS) =       3.200  TEMP(K) =   281.82  PRESS =     0.0
 Etot   =   -219610.0235  EKtot   =     51303.7072  EPtot      =   -270913.7307
 BOND   =      1620.4021  ANGLE   =      4339.4720  DIHED      =      5885.7968
 1-4 NB =      1964.5341  1-4 EEL =     24056.3338  VDWAALS    =     35658.7866
 EELEC  =   -344439.0561  EHBOND  =         0.0000  RESTRAINT  =         0.0000
 Ewald error estimate:   0.1647E-04
 ------------------------------------------------------------------------------


 NSTEP =     1700   TIME(PS) =       3.400  TEMP(K) =   284.04  PRESS =     0.0
 Etot   =   -218322.9653  EKtot   =     51707.7175  EPtot      =   -270030.6828
 BOND   =      1635.4516  ANGLE   =      4355.2802  DIHED      =      5834.4958
 1-4 NB =      1958.5245  1-4 EEL =     24115.6495  VDWAALS    =     35515.0056
 EELEC  =   -343445.0900  EHBOND  =         0.0000  RESTRAINT  =         0.0000
 Ewald error estimate:   0.1425E-03
 ------------------------------------------------------------------------------


 NSTEP =     1800   TIME(PS) =       3.600  TEMP(K) =   285.14  PRESS =     0.0
 Etot   =   -217395.6380  EKtot   =     51907.6679  EPtot      =   -269303.3059
 BOND   =      1587.1554  ANGLE   =      4419.2223  DIHED      =      5844.8201
 1-4 NB =      1963.6080  1-4 EEL =     24069.2306  VDWAALS    =     34808.8949
 EELEC  =   -341996.2371  EHBOND  =         0.0000  RESTRAINT  =         0.0000
 Ewald error estimate:   0.5780E-04
 ------------------------------------------------------------------------------


 NSTEP =     1900   TIME(PS) =       3.800  TEMP(K) =   287.72  PRESS =     0.0
 Etot   =   -216646.8970  EKtot   =     52378.6355  EPtot      =   -269025.5324
 BOND   =      1610.6459  ANGLE   =      4319.0084  DIHED      =      5893.9029
 1-4 NB =      1989.8898  1-4 EEL =     24029.4721  VDWAALS    =     34659.7223
 EELEC  =   -341528.1739  EHBOND  =         0.0000  RESTRAINT  =         0.0000
 Ewald error estimate:   0.7780E-04
 ------------------------------------------------------------------------------


 NSTEP =     2000   TIME(PS) =       4.000  TEMP(K) =   288.30  PRESS =     0.0
 Etot   =   -215603.2337  EKtot   =     52483.5106  EPtot      =   -268086.7443
 BOND   =      1561.4847  ANGLE   =      4363.8404  DIHED      =      5857.1218
 1-4 NB =      1973.5023  1-4 EEL =     24114.9827  VDWAALS    =     34080.9044
 EELEC  =   -340038.5807  EHBOND  =         0.0000  RESTRAINT  =         0.0000
 Ewald error estimate:   0.3546E-05
 ------------------------------------------------------------------------------


 NSTEP =     2100   TIME(PS) =       4.200  TEMP(K) =   289.08  PRESS =     0.0
 Etot   =   -214617.8435  EKtot   =     52626.1317  EPtot      =   -267243.9752
 BOND   =      1612.6834  ANGLE   =      4421.4587  DIHED      =      5918.5574
 1-4 NB =      1965.4229  1-4 EEL =     24010.4777  VDWAALS    =     33660.0486
 EELEC  =   -338832.6239  EHBOND  =         0.0000  RESTRAINT  =         0.0000
 Ewald error estimate:   0.4106E-04
 ------------------------------------------------------------------------------


 NSTEP =     2200   TIME(PS) =       4.400  TEMP(K) =   290.60  PRESS =     0.0
 Etot   =   -213871.7028  EKtot   =     52902.6984  EPtot      =   -266774.4012
 BOND   =      1576.8269  ANGLE   =      4442.8284  DIHED      =      5868.7400
 1-4 NB =      1982.5681  1-4 EEL =     24082.6393  VDWAALS    =     33636.0918
 EELEC  =   -338364.0958  EHBOND  =         0.0000  RESTRAINT  =         0.0000
 Ewald error estimate:   0.1665E-05
 ------------------------------------------------------------------------------


 NSTEP =     2300   TIME(PS) =       4.600  TEMP(K) =   293.04  PRESS =     0.0
 Etot   =   -213117.7376  EKtot   =     53345.9845  EPtot      =   -266463.7221
 BOND   =      1600.7410  ANGLE   =      4444.1733  DIHED      =      5892.3842
 1-4 NB =      1978.8967  1-4 EEL =     24109.7710  VDWAALS    =     33008.2752
 EELEC  =   -337497.9635  EHBOND  =         0.0000  RESTRAINT  =         0.0000
 Ewald error estimate:   0.6909E-05
 ------------------------------------------------------------------------------


 NSTEP =     2400   TIME(PS) =       4.800  TEMP(K) =   293.77  PRESS =     0.0
 Etot   =   -212761.1478  EKtot   =     53479.8013  EPtot      =   -266240.9491
 BOND   =      1586.9939  ANGLE   =      4394.6935  DIHED      =      5852.8849
 1-4 NB =      1975.7621  1-4 EEL =     24060.4445  VDWAALS    =     32948.4518
 EELEC  =   -337060.1797  EHBOND  =         0.0000  RESTRAINT  =         0.0000
 Ewald error estimate:   0.2027E-04
 ------------------------------------------------------------------------------


 NSTEP =     2500   TIME(PS) =       5.000  TEMP(K) =   294.63  PRESS =     0.0
 Etot   =   -212290.4554  EKtot   =     53636.1847  EPtot      =   -265926.6401
 BOND   =      1602.0263  ANGLE   =      4437.0625  DIHED      =      5838.9851
 1-4 NB =      1970.8640  1-4 EEL =     24136.6570  VDWAALS    =     33144.6941
 EELEC  =   -337056.9291  EHBOND  =         0.0000  RESTRAINT  =         0.0000
 Ewald error estimate:   0.2783E-04
 ------------------------------------------------------------------------------


 NSTEP =     2600   TIME(PS) =       5.200  TEMP(K) =   295.61  PRESS =     0.0
 Etot   =   -212034.9292  EKtot   =     53813.4039  EPtot      =   -265848.3331
 BOND   =      1662.1579  ANGLE   =      4345.1616  DIHED      =      5849.3797
 1-4 NB =      1996.1964  1-4 EEL =     24117.3646  VDWAALS    =     33425.3756
 EELEC  =   -337243.9687  EHBOND  =         0.0000  RESTRAINT  =         0.0000
 Ewald error estimate:   0.2982E-04
 ------------------------------------------------------------------------------


 NSTEP =     2700   TIME(PS) =       5.400  TEMP(K) =   295.93  PRESS =     0.0
 Etot   =   -211921.0293  EKtot   =     53872.9545  EPtot      =   -265793.9839
 BOND   =      1649.4759  ANGLE   =      4343.9452  DIHED      =      5826.5088
 1-4 NB =      1970.2094  1-4 EEL =     24085.7259  VDWAALS    =     32847.4881
 EELEC  =   -336517.3373  EHBOND  =         0.0000  RESTRAINT  =         0.0000
 Ewald error estimate:   0.7495E-04
 ------------------------------------------------------------------------------


 NSTEP =     2800   TIME(PS) =       5.600  TEMP(K) =   296.24  PRESS =     0.0
 Etot   =   -211624.6977  EKtot   =     53928.8221  EPtot      =   -265553.5199
 BOND   =      1588.4129  ANGLE   =      4393.4050  DIHED      =      5890.4114
 1-4 NB =      1973.8062  1-4 EEL =     24141.1185  VDWAALS    =     32787.9704
 EELEC  =   -336328.6443  EHBOND  =         0.0000  RESTRAINT  =         0.0000
 Ewald error estimate:   0.7397E-05
 ------------------------------------------------------------------------------


 NSTEP =     2900   TIME(PS) =       5.800  TEMP(K) =   295.95  PRESS =     0.0
 Etot   =   -211393.9128  EKtot   =     53875.7185  EPtot      =   -265269.6313
 BOND   =      1647.7165  ANGLE   =      4392.4217  DIHED      =      5839.3968
 1-4 NB =      1959.4513  1-4 EEL =     23991.2778  VDWAALS    =     33293.4785
 EELEC  =   -336393.3739  EHBOND  =         0.0000  RESTRAINT  =         0.0000
 Ewald error estimate:   0.4440E-04
 ------------------------------------------------------------------------------


 NSTEP =     3000   TIME(PS) =       6.000  TEMP(K) =   295.68  PRESS =     0.0
 Etot   =   -211352.5211  EKtot   =     53827.6936  EPtot      =   -265180.2147
 BOND   =      1590.6105  ANGLE   =      4417.8569  DIHED      =      5859.3080
 1-4 NB =      1974.2602  1-4 EEL =     24102.2747  VDWAALS    =     32725.4461
 EELEC  =   -335849.9711  EHBOND  =         0.0000  RESTRAINT  =         0.0000
 Ewald error estimate:   0.3683E-04
 ------------------------------------------------------------------------------


 NSTEP =     3100   TIME(PS) =       6.200  TEMP(K) =   296.60  PRESS =     0.0
 Etot   =   -211360.4822  EKtot   =     53994.6939  EPtot      =   -265355.1761
 BOND   =      1591.6334  ANGLE   =      4375.6034  DIHED      =      5894.9095
 1-4 NB =      1988.3388  1-4 EEL =     24135.7595  VDWAALS    =     32948.6515
 EELEC  =   -336290.0721  EHBOND  =         0.0000  RESTRAINT  =         0.0000
 Ewald error estimate:   0.1195E-04
 ------------------------------------------------------------------------------


 NSTEP =     3200   TIME(PS) =       6.400  TEMP(K) =   296.65  PRESS =     0.0
 Etot   =   -211136.6944  EKtot   =     54002.7600  EPtot      =   -265139.4545
 BOND   =      1665.6745  ANGLE   =      4311.7738  DIHED      =      5906.7033
 1-4 NB =      1973.0993  1-4 EEL =     24025.2307  VDWAALS    =     32420.5964
 EELEC  =   -335442.5325  EHBOND  =         0.0000  RESTRAINT  =         0.0000
 Ewald error estimate:   0.6700E-04
 ------------------------------------------------------------------------------


 NSTEP =     3300   TIME(PS) =       6.600  TEMP(K) =   297.27  PRESS =     0.0
 Etot   =   -210788.0081  EKtot   =     54115.9275  EPtot      =   -264903.9356
 BOND   =      1603.0461  ANGLE   =      4381.9935  DIHED      =      5875.2299
 1-4 NB =      1976.6009  1-4 EEL =     24026.1251  VDWAALS    =     32801.1143
 EELEC  =   -335568.0454  EHBOND  =         0.0000  RESTRAINT  =         0.0000
 Ewald error estimate:   0.4827E-04
 ------------------------------------------------------------------------------


 NSTEP =     3400   TIME(PS) =       6.800  TEMP(K) =   295.75  PRESS =     0.0
 Etot   =   -210631.7460  EKtot   =     53840.2807  EPtot      =   -264472.0267
 BOND   =      1667.5475  ANGLE   =      4390.8698  DIHED      =      5850.1517
 1-4 NB =      1963.3121  1-4 EEL =     24123.5160  VDWAALS    =     32620.2343
 EELEC  =   -335087.6581  EHBOND  =         0.0000  RESTRAINT  =         0.0000
 Ewald error estimate:   0.2321E-04
 ------------------------------------------------------------------------------


 NSTEP =     3500   TIME(PS) =       7.000  TEMP(K) =   297.03  PRESS =     0.0
 Etot   =   -210631.5188  EKtot   =     54072.3204  EPtot      =   -264703.8392
 BOND   =      1676.7486  ANGLE   =      4381.4033  DIHED      =      5936.3497
 1-4 NB =      1958.3514  1-4 EEL =     24032.9263  VDWAALS    =     32898.9003
 EELEC  =   -335588.5189  EHBOND  =         0.0000  RESTRAINT  =         0.0000
 Ewald error estimate:   0.6389E-05
 ------------------------------------------------------------------------------


 NSTEP =     3600   TIME(PS) =       7.200  TEMP(K) =   296.85  PRESS =     0.0
 Etot   =   -210593.5722  EKtot   =     54039.9094  EPtot      =   -264633.4816
 BOND   =      1632.1967  ANGLE   =      4328.6400  DIHED      =      5863.1090
 1-4 NB =      2000.5906  1-4 EEL =     24226.9304  VDWAALS    =     32155.5754
 EELEC  =   -334840.5236  EHBOND  =         0.0000  RESTRAINT  =         0.0000
 Ewald error estimate:   0.2106E-04
 ------------------------------------------------------------------------------


 NSTEP =     3700   TIME(PS) =       7.400  TEMP(K) =   298.47  PRESS =     0.0
 Etot   =   -210741.5281  EKtot   =     54334.1415  EPtot      =   -265075.6696
 BOND   =      1636.0713  ANGLE   =      4335.0912  DIHED      =      5881.5918
 1-4 NB =      1985.6341  1-4 EEL =     24131.2391  VDWAALS    =     32630.4400
 EELEC  =   -335675.7372  EHBOND  =         0.0000  RESTRAINT  =         0.0000
 Ewald error estimate:   0.4439E-04
 ------------------------------------------------------------------------------


 NSTEP =     3800   TIME(PS) =       7.600  TEMP(K) =   296.43  PRESS =     0.0
 Etot   =   -210774.4463  EKtot   =     53964.2858  EPtot      =   -264738.7321
 BOND   =      1609.3302  ANGLE   =      4328.6934  DIHED      =      5858.2422
 1-4 NB =      1992.3683  1-4 EEL =     24125.2691  VDWAALS    =     32235.2120
 EELEC  =   -334887.8473  EHBOND  =         0.0000  RESTRAINT  =         0.0000
 Ewald error estimate:   0.3406E-04
 ------------------------------------------------------------------------------


 NSTEP =     3900   TIME(PS) =       7.800  TEMP(K) =   297.62  PRESS =     0.0
 Etot   =   -210652.6916  EKtot   =     54180.0166  EPtot      =   -264832.7082
 BOND   =      1608.3653  ANGLE   =      4452.7340  DIHED      =      5832.5847
 1-4 NB =      1969.8962  1-4 EEL =     23997.2050  VDWAALS    =     32555.2439
 EELEC  =   -335248.7373  EHBOND  =         0.0000  RESTRAINT  =         0.0000
 Ewald error estimate:   0.1269E-03
 ------------------------------------------------------------------------------


 NSTEP =     4000   TIME(PS) =       8.000  TEMP(K) =   297.47  PRESS =     0.0
 Etot   =   -210636.8245  EKtot   =     54152.6346  EPtot      =   -264789.4591
 BOND   =      1615.0545  ANGLE   =      4421.0591  DIHED      =      5861.2928
 1-4 NB =      1965.6656  1-4 EEL =     24004.9939  VDWAALS    =     32211.5495
 EELEC  =   -334869.0745  EHBOND  =         0.0000  RESTRAINT  =         0.0000
 Ewald error estimate:   0.6494E-05
 ------------------------------------------------------------------------------


 NSTEP =     4100   TIME(PS) =       8.200  TEMP(K) =   297.92  PRESS =     0.0
 Etot   =   -210743.1391  EKtot   =     54234.7039  EPtot      =   -264977.8430
 BOND   =      1699.9378  ANGLE   =      4343.9588  DIHED      =      5844.8651
 1-4 NB =      1980.3713  1-4 EEL =     23992.6262  VDWAALS    =     32461.7344
 EELEC  =   -335301.3366  EHBOND  =         0.0000  RESTRAINT  =         0.0000
 Ewald error estimate:   0.3637E-04
 ------------------------------------------------------------------------------


 NSTEP =     4200   TIME(PS) =       8.400  TEMP(K) =   298.70  PRESS =     0.0
 Etot   =   -210586.2834  EKtot   =     54376.2064  EPtot      =   -264962.4898
 BOND   =      1613.1056  ANGLE   =      4469.8497  DIHED      =      5833.4006
 1-4 NB =      1952.8429  1-4 EEL =     24087.3515  VDWAALS    =     32206.1772
 EELEC  =   -335125.2173  EHBOND  =         0.0000  RESTRAINT  =         0.0000
 Ewald error estimate:   0.4733E-04
 ------------------------------------------------------------------------------


 NSTEP =     4300   TIME(PS) =       8.600  TEMP(K) =   298.56  PRESS =     0.0
 Etot   =   -210693.7490  EKtot   =     54351.6682  EPtot      =   -265045.4172
 BOND   =      1594.3009  ANGLE   =      4406.2565  DIHED      =      5819.8380
 1-4 NB =      1990.9656  1-4 EEL =     24111.5346  VDWAALS    =     32059.4146
 EELEC  =   -335027.7275  EHBOND  =         0.0000  RESTRAINT  =         0.0000
 Ewald error estimate:   0.4726E-05
 ------------------------------------------------------------------------------


 NSTEP =     4400   TIME(PS) =       8.800  TEMP(K) =   297.74  PRESS =     0.0
 Etot   =   -210888.2840  EKtot   =     54201.9896  EPtot      =   -265090.2735
 BOND   =      1577.5596  ANGLE   =      4405.7014  DIHED      =      5850.8665
 1-4 NB =      1981.3198  1-4 EEL =     24044.8767  VDWAALS    =     31962.7860
 EELEC  =   -334913.3836  EHBOND  =         0.0000  RESTRAINT  =         0.0000
 Ewald error estimate:   0.7021E-04
 ------------------------------------------------------------------------------


 NSTEP =     4500   TIME(PS) =       9.000  TEMP(K) =   296.98  PRESS =     0.0
 Etot   =   -211045.5951  EKtot   =     54062.9395  EPtot      =   -265108.5346
 BOND   =      1682.8865  ANGLE   =      4267.5913  DIHED      =      5874.7301
 1-4 NB =      1970.3413  1-4 EEL =     24076.6346  VDWAALS    =     32364.3004
 EELEC  =   -335345.0187  EHBOND  =         0.0000  RESTRAINT  =         0.0000
 Ewald error estimate:   0.8536E-04
 ------------------------------------------------------------------------------


 NSTEP =     4600   TIME(PS) =       9.200  TEMP(K) =   297.64  PRESS =     0.0
 Etot   =   -210920.0922  EKtot   =     54184.6562  EPtot      =   -265104.7484
 BOND   =      1601.4171  ANGLE   =      4413.0008  DIHED      =      5837.1924
 1-4 NB =      1969.2718  1-4 EEL =     24053.6207  VDWAALS    =     32173.7886
 EELEC  =   -335153.0398  EHBOND  =         0.0000  RESTRAINT  =         0.0000
 Ewald error estimate:   0.1546E-04
 ------------------------------------------------------------------------------


 NSTEP =     4700   TIME(PS) =       9.400  TEMP(K) =   297.93  PRESS =     0.0
 Etot   =   -210886.8183  EKtot   =     54237.1420  EPtot      =   -265123.9603
 BOND   =      1657.5969  ANGLE   =      4465.8221  DIHED      =      5830.4506
 1-4 NB =      1986.1101  1-4 EEL =     24018.1954  VDWAALS    =     32502.1917
 EELEC  =   -335584.3270  EHBOND  =         0.0000  RESTRAINT  =         0.0000
 Ewald error estimate:   0.6311E-04
 ------------------------------------------------------------------------------


 NSTEP =     4800   TIME(PS) =       9.600  TEMP(K) =   300.21  PRESS =     0.0
 Etot   =   -210910.8204  EKtot   =     54650.8002  EPtot      =   -265561.6206
 BOND   =      1605.5726  ANGLE   =      4380.5639  DIHED      =      5851.0316
 1-4 NB =      1958.1842  1-4 EEL =     24050.7548  VDWAALS    =     32505.1706
 EELEC  =   -335912.8982  EHBOND  =         0.0000  RESTRAINT  =         0.0000
 Ewald error estimate:   0.5906E-04
 ------------------------------------------------------------------------------


 NSTEP =     4900   TIME(PS) =       9.800  TEMP(K) =   298.34  PRESS =     0.0
 Etot   =   -210985.5247  EKtot   =     54310.6743  EPtot      =   -265296.1989
 BOND   =      1670.5789  ANGLE   =      4416.0205  DIHED      =      5912.3142
 1-4 NB =      1960.3282  1-4 EEL =     24133.7026  VDWAALS    =     32308.4011
 EELEC  =   -335697.5444  EHBOND  =         0.0000  RESTRAINT  =         0.0000
 Ewald error estimate:   0.3504E-04
 ------------------------------------------------------------------------------


 NSTEP =     5000   TIME(PS) =      10.000  TEMP(K) =   299.12  PRESS =     0.0
 Etot   =   -210974.2881  EKtot   =     54453.6864  EPtot      =   -265427.9745
 BOND   =      1648.3952  ANGLE   =      4506.7165  DIHED      =      5844.5783
 1-4 NB =      1981.5876  1-4 EEL =     24063.7335  VDWAALS    =     32196.1816
 EELEC  =   -335669.1670  EHBOND  =         0.0000  RESTRAINT  =         0.0000
 Ewald error estimate:   0.4347E-04
 ------------------------------------------------------------------------------


 NSTEP =     5100   TIME(PS) =      10.200  TEMP(K) =   296.95  PRESS =     0.0
 Etot   =   -211295.5785  EKtot   =     54057.5616  EPtot      =   -265353.1401
 BOND   =      1665.5528  ANGLE   =      4445.1465  DIHED      =      5871.8199
 1-4 NB =      1982.2234  1-4 EEL =     24055.6637  VDWAALS    =     32607.3546
 EELEC  =   -335980.9009  EHBOND  =         0.0000  RESTRAINT  =         0.0000
 Ewald error estimate:   0.5012E-06
 ------------------------------------------------------------------------------


 NSTEP =     5200   TIME(PS) =      10.400  TEMP(K) =   298.15  PRESS =     0.0
 Etot   =   -211164.9804  EKtot   =     54276.9519  EPtot      =   -265441.9324
 BOND   =      1622.0868  ANGLE   =      4407.5235  DIHED      =      5856.2511
 1-4 NB =      1975.8910  1-4 EEL =     24081.6857  VDWAALS    =     32639.4942
 EELEC  =   -336024.8647  EHBOND  =         0.0000  RESTRAINT  =         0.0000
 Ewald error estimate:   0.8027E-05
 ------------------------------------------------------------------------------


 NSTEP =     5300   TIME(PS) =      10.600  TEMP(K) =   298.35  PRESS =     0.0
 Etot   =   -211041.4585  EKtot   =     54313.4400  EPtot      =   -265354.8985
 BOND   =      1742.3274  ANGLE   =      4358.4408  DIHED      =      5817.6725
 1-4 NB =      1965.2111  1-4 EEL =     23965.6286  VDWAALS    =     32279.3256
 EELEC  =   -335483.5045  EHBOND  =         0.0000  RESTRAINT  =         0.0000
 Ewald error estimate:   0.5065E-04
 ------------------------------------------------------------------------------


 NSTEP =     5400   TIME(PS) =      10.800  TEMP(K) =   298.66  PRESS =     0.0
 Etot   =   -211112.1597  EKtot   =     54369.9189  EPtot      =   -265482.0786
 BOND   =      1652.8766  ANGLE   =      4360.8829  DIHED      =      5892.7534
 1-4 NB =      1975.8865  1-4 EEL =     24091.2076  VDWAALS    =     32510.3039
 EELEC  =   -335965.9895  EHBOND  =         0.0000  RESTRAINT  =         0.0000
 Ewald error estimate:   0.6194E-04
 ------------------------------------------------------------------------------


 NSTEP =     5500   TIME(PS) =      11.000  TEMP(K) =   298.76  PRESS =     0.0
 Etot   =   -211517.1467  EKtot   =     54387.8119  EPtot      =   -265904.9587
 BOND   =      1680.8389  ANGLE   =      4366.3246  DIHED      =      5855.2892
 1-4 NB =      1973.9210  1-4 EEL =     24099.3699  VDWAALS    =     32524.1446
 EELEC  =   -336404.8468  EHBOND  =         0.0000  RESTRAINT  =         0.0000
 Ewald error estimate:   0.5086E-04
 ------------------------------------------------------------------------------


 NSTEP =     5600   TIME(PS) =      11.200  TEMP(K) =   298.17  PRESS =     0.0
 Etot   =   -211309.7193  EKtot   =     54280.0671  EPtot      =   -265589.7864
 BOND   =      1633.3106  ANGLE   =      4442.6048  DIHED      =      5864.2554
 1-4 NB =      1957.6589  1-4 EEL =     24001.1868  VDWAALS    =     32223.0082
 EELEC  =   -335711.8110  EHBOND  =         0.0000  RESTRAINT  =         0.0000
 Ewald error estimate:   0.4302E-05
 ------------------------------------------------------------------------------


 NSTEP =     5700   TIME(PS) =      11.400  TEMP(K) =   298.09  PRESS =     0.0
 Etot   =   -211377.1553  EKtot   =     54266.3368  EPtot      =   -265643.4921
 BOND   =      1633.8765  ANGLE   =      4385.0474  DIHED      =      5816.3853
 1-4 NB =      1985.7308  1-4 EEL =     24044.9159  VDWAALS    =     32224.9247
 EELEC  =   -335734.3726  EHBOND  =         0.0000  RESTRAINT  =         0.0000
 Ewald error estimate:   0.4658E-04
 ------------------------------------------------------------------------------


 NSTEP =     5800   TIME(PS) =      11.600  TEMP(K) =   297.07  PRESS =     0.0
 Etot   =   -211523.7708  EKtot   =     54080.7966  EPtot      =   -265604.5673
 BOND   =      1601.5892  ANGLE   =      4366.1562  DIHED      =      5849.8774
 1-4 NB =      2003.1914  1-4 EEL =     24160.9741  VDWAALS    =     32206.2446
 EELEC  =   -335792.6002  EHBOND  =         0.0000  RESTRAINT  =         0.0000
 Ewald error estimate:   0.1340E-03
 ------------------------------------------------------------------------------


 NSTEP =     5900   TIME(PS) =      11.800  TEMP(K) =   298.17  PRESS =     0.0
 Etot   =   -211557.3644  EKtot   =     54279.6823  EPtot      =   -265837.0467
 BOND   =      1580.6231  ANGLE   =      4362.4658  DIHED      =      5835.9657
 1-4 NB =      1973.4893  1-4 EEL =     24069.5774  VDWAALS    =     32126.4207
 EELEC  =   -335785.5888  EHBOND  =         0.0000  RESTRAINT  =         0.0000
 Ewald error estimate:   0.1070E-03
 ------------------------------------------------------------------------------


 NSTEP =     6000   TIME(PS) =      12.000  TEMP(K) =   296.87  PRESS =     0.0
 Etot   =   -211856.0076  EKtot   =     54043.8483  EPtot      =   -265899.8559
 BOND   =      1645.8683  ANGLE   =      4408.4604  DIHED      =      5823.0828
 1-4 NB =      1942.4312  1-4 EEL =     24019.4595  VDWAALS    =     32177.0020
 EELEC  =   -335916.1602  EHBOND  =         0.0000  RESTRAINT  =         0.0000
 Ewald error estimate:   0.1651E-04
 ------------------------------------------------------------------------------


 NSTEP =     6100   TIME(PS) =      12.200  TEMP(K) =   297.98  PRESS =     0.0
 Etot   =   -211850.1804  EKtot   =     54245.3524  EPtot      =   -266095.5328
 BOND   =      1624.7877  ANGLE   =      4364.4401  DIHED      =      5793.5841
 1-4 NB =      1992.5950  1-4 EEL =     24184.5555  VDWAALS    =     32386.4802
 EELEC  =   -336441.9754  EHBOND  =         0.0000  RESTRAINT  =         0.0000
 Ewald error estimate:   0.9130E-04
 ------------------------------------------------------------------------------


 NSTEP =     6200   TIME(PS) =      12.400  TEMP(K) =   297.63  PRESS =     0.0
 Etot   =   -211882.6763  EKtot   =     54182.3171  EPtot      =   -266064.9935
 BOND   =      1698.2119  ANGLE   =      4423.7343  DIHED      =      5774.5792
 1-4 NB =      1960.0400  1-4 EEL =     24040.6012  VDWAALS    =     32265.5365
 EELEC  =   -336227.6966  EHBOND  =         0.0000  RESTRAINT  =         0.0000
 Ewald error estimate:   0.3376E-04
 ------------------------------------------------------------------------------


 NSTEP =     6300   TIME(PS) =      12.600  TEMP(K) =   298.26  PRESS =     0.0
 Etot   =   -211783.7057  EKtot   =     54297.4094  EPtot      =   -266081.1151
 BOND   =      1672.6367  ANGLE   =      4399.7922  DIHED      =      5776.8434
 1-4 NB =      1943.9510  1-4 EEL =     23981.7404  VDWAALS    =     32367.2737
 EELEC  =   -336223.3525  EHBOND  =         0.0000  RESTRAINT  =         0.0000
 Ewald error estimate:   0.1050E-03
 ------------------------------------------------------------------------------


 NSTEP =     6400   TIME(PS) =      12.800  TEMP(K) =   298.33  PRESS =     0.0
 Etot   =   -211593.5633  EKtot   =     54309.3817  EPtot      =   -265902.9450
 BOND   =      1635.3895  ANGLE   =      4398.8319  DIHED      =      5826.1822
 1-4 NB =      1945.1633  1-4 EEL =     24066.1163  VDWAALS    =     32307.1963
 EELEC  =   -336081.8245  EHBOND  =         0.0000  RESTRAINT  =         0.0000
 Ewald error estimate:   0.6273E-04
 ------------------------------------------------------------------------------


 NSTEP =     6500   TIME(PS) =      13.000  TEMP(K) =   296.60  PRESS =     0.0
 Etot   =   -211782.2765  EKtot   =     53994.4936  EPtot      =   -265776.7701
 BOND   =      1613.4341  ANGLE   =      4446.5385  DIHED      =      5811.8238
 1-4 NB =      1939.6279  1-4 EEL =     23975.2880  VDWAALS    =     32424.6846
 EELEC  =   -335988.1669  EHBOND  =         0.0000  RESTRAINT  =         0.0000
 Ewald error estimate:   0.4500E-04
 ------------------------------------------------------------------------------


 NSTEP =     6600   TIME(PS) =      13.200  TEMP(K) =   297.82  PRESS =     0.0
 Etot   =   -211812.0872  EKtot   =     54217.2537  EPtot      =   -266029.3408
 BOND   =      1685.3722  ANGLE   =      4467.7203  DIHED      =      5820.7725
 1-4 NB =      1928.1596  1-4 EEL =     23962.8196  VDWAALS    =     32167.4994
 EELEC  =   -336061.6844  EHBOND  =         0.0000  RESTRAINT  =         0.0000
 Ewald error estimate:   0.3468E-04
 ------------------------------------------------------------------------------


 NSTEP =     6700   TIME(PS) =      13.400  TEMP(K) =   298.58  PRESS =     0.0
 Etot   =   -211832.0405  EKtot   =     54354.5709  EPtot      =   -266186.6113
 BOND   =      1635.6386  ANGLE   =      4316.1900  DIHED      =      5772.5697
 1-4 NB =      1945.3605  1-4 EEL =     24034.8267  VDWAALS    =     32317.9263
 EELEC  =   -336209.1231  EHBOND  =         0.0000  RESTRAINT  =         0.0000
 Ewald error estimate:   0.9043E-04
 ------------------------------------------------------------------------------


 NSTEP =     6800   TIME(PS) =      13.600  TEMP(K) =   297.89  PRESS =     0.0
 Etot   =   -211794.3330  EKtot   =     54228.8853  EPtot      =   -266023.2183
 BOND   =      1616.0599  ANGLE   =      4371.6174  DIHED      =      5764.9717
 1-4 NB =      1932.8090  1-4 EEL =     24060.0321  VDWAALS    =     32646.2764
 EELEC  =   -336414.9849  EHBOND  =         0.0000  RESTRAINT  =         0.0000
 Ewald error estimate:   0.5586E-05
 ------------------------------------------------------------------------------


 NSTEP =     6900   TIME(PS) =      13.800  TEMP(K) =   299.04  PRESS =     0.0
 Etot   =   -211658.5886  EKtot   =     54437.9687  EPtot      =   -266096.5573
 BOND   =      1677.6692  ANGLE   =      4392.5900  DIHED      =      5828.2170
 1-4 NB =      1964.2125  1-4 EEL =     24038.9799  VDWAALS    =     32756.8453
 EELEC  =   -336755.0711  EHBOND  =         0.0000  RESTRAINT  =         0.0000
 Ewald error estimate:   0.7367E-04
 ------------------------------------------------------------------------------


 NSTEP =     7000   TIME(PS) =      14.000  TEMP(K) =   298.17  PRESS =     0.0
 Etot   =   -211700.4816  EKtot   =     54280.8479  EPtot      =   -265981.3294
 BOND   =      1673.6121  ANGLE   =      4438.6268  DIHED      =      5802.2376
 1-4 NB =      1949.9103  1-4 EEL =     24009.2429  VDWAALS    =     32696.0190
 EELEC  =   -336550.9780  EHBOND  =         0.0000  RESTRAINT  =         0.0000
 Ewald error estimate:   0.5456E-04
 ------------------------------------------------------------------------------


 NSTEP =     7100   TIME(PS) =      14.200  TEMP(K) =   298.19  PRESS =     0.0
 Etot   =   -211772.0952  EKtot   =     54283.4824  EPtot      =   -266055.5776
 BOND   =      1636.0724  ANGLE   =      4341.1505  DIHED      =      5817.1095
 1-4 NB =      1966.7400  1-4 EEL =     24079.4935  VDWAALS    =     32014.9408
 EELEC  =   -335911.0844  EHBOND  =         0.0000  RESTRAINT  =         0.0000
 Ewald error estimate:   0.2620E-04
 ------------------------------------------------------------------------------


 NSTEP =     7200   TIME(PS) =      14.400  TEMP(K) =   297.66  PRESS =     0.0
 Etot   =   -211781.4416  EKtot   =     54187.6990  EPtot      =   -265969.1406
 BOND   =      1625.2570  ANGLE   =      4331.2519  DIHED      =      5812.2573
 1-4 NB =      1974.9343  1-4 EEL =     24071.9145  VDWAALS    =     32342.9335
 EELEC  =   -336127.6891  EHBOND  =         0.0000  RESTRAINT  =         0.0000
 Ewald error estimate:   0.4440E-04
 ------------------------------------------------------------------------------


 NSTEP =     7300   TIME(PS) =      14.600  TEMP(K) =   299.25  PRESS =     0.0
 Etot   =   -211691.8035  EKtot   =     54476.7092  EPtot      =   -266168.5126
 BOND   =      1648.4547  ANGLE   =      4388.7535  DIHED      =      5782.1104
 1-4 NB =      1965.1778  1-4 EEL =     23983.9524  VDWAALS    =     32575.0278
 EELEC  =   -336511.9893  EHBOND  =         0.0000  RESTRAINT  =         0.0000
 Ewald error estimate:   0.5265E-04
 ------------------------------------------------------------------------------


 NSTEP =     7400   TIME(PS) =      14.800  TEMP(K) =   298.95  PRESS =     0.0
 Etot   =   -211846.9663  EKtot   =     54421.8794  EPtot      =   -266268.8457
 BOND   =      1654.2836  ANGLE   =      4435.7846  DIHED      =      5839.6236
 1-4 NB =      1968.4806  1-4 EEL =     23966.6618  VDWAALS    =     32214.5383
 EELEC  =   -336348.2182  EHBOND  =         0.0000  RESTRAINT  =         0.0000
 Ewald error estimate:   0.2743E-04
 ------------------------------------------------------------------------------


 NSTEP =     7500   TIME(PS) =      15.000  TEMP(K) =   298.19  PRESS =     0.0
 Etot   =   -211776.5293  EKtot   =     54284.2414  EPtot      =   -266060.7707
 BOND   =      1624.3862  ANGLE   =      4426.5763  DIHED      =      5772.3859
 1-4 NB =      1953.4506  1-4 EEL =     23979.3942  VDWAALS    =     32420.8805
 EELEC  =   -336237.8444  EHBOND  =         0.0000  RESTRAINT  =         0.0000
 Ewald error estimate:   0.4129E-04
 ------------------------------------------------------------------------------


 NSTEP =     7600   TIME(PS) =      15.200  TEMP(K) =   296.88  PRESS =     0.0
 Etot   =   -211927.3309  EKtot   =     54045.0622  EPtot      =   -265972.3931
 BOND   =      1646.6289  ANGLE   =      4329.4595  DIHED      =      5836.1216
 1-4 NB =      1941.3776  1-4 EEL =     23987.4182  VDWAALS    =     32207.2927
 EELEC  =   -335920.6916  EHBOND  =         0.0000  RESTRAINT  =         0.0000
 Ewald error estimate:   0.1127E-04
 ------------------------------------------------------------------------------


 NSTEP =     7700   TIME(PS) =      15.400  TEMP(K) =   296.89  PRESS =     0.0
 Etot   =   -211981.2738  EKtot   =     54047.7844  EPtot      =   -266029.0582
 BOND   =      1659.5092  ANGLE   =      4286.1557  DIHED      =      5849.8029
 1-4 NB =      1983.6092  1-4 EEL =     24039.7444  VDWAALS    =     32309.6548
 EELEC  =   -336157.5344  EHBOND  =         0.0000  RESTRAINT  =         0.0000
 Ewald error estimate:   0.8404E-04
 ------------------------------------------------------------------------------


 NSTEP =     7800   TIME(PS) =      15.600  TEMP(K) =   298.26  PRESS =     0.0
 Etot   =   -211909.0816  EKtot   =     54296.2877  EPtot      =   -266205.3694
 BOND   =      1629.5111  ANGLE   =      4358.7559  DIHED      =      5819.0538
 1-4 NB =      1960.8627  1-4 EEL =     24050.4047  VDWAALS    =     32105.8824
 EELEC  =   -336129.8399  EHBOND  =         0.0000  RESTRAINT  =         0.0000
 Ewald error estimate:   0.1201E-03
 ------------------------------------------------------------------------------


 NSTEP =     7900   TIME(PS) =      15.800  TEMP(K) =   296.87  PRESS =     0.0
 Etot   =   -211921.4036  EKtot   =     54042.8630  EPtot      =   -265964.2666
 BOND   =      1685.5275  ANGLE   =      4358.7813  DIHED      =      5819.8800
 1-4 NB =      1983.0709  1-4 EEL =     23977.4949  VDWAALS    =     32449.5596
 EELEC  =   -336238.5808  EHBOND  =         0.0000  RESTRAINT  =         0.0000
 Ewald error estimate:   0.3551E-04
 ------------------------------------------------------------------------------


 NSTEP =     8000   TIME(PS) =      16.000  TEMP(K) =   298.20  PRESS =     0.0
 Etot   =   -211982.0630  EKtot   =     54285.4622  EPtot      =   -266267.5252
 BOND   =      1654.0078  ANGLE   =      4361.7453  DIHED      =      5782.1010
 1-4 NB =      1937.2950  1-4 EEL =     23991.5543  VDWAALS    =     32759.6800
 EELEC  =   -336753.9085  EHBOND  =         0.0000  RESTRAINT  =         0.0000
 Ewald error estimate:   0.1625E-04
 ------------------------------------------------------------------------------


 NSTEP =     8100   TIME(PS) =      16.200  TEMP(K) =   298.25  PRESS =     0.0
 Etot   =   -211882.8680  EKtot   =     54294.5970  EPtot      =   -266177.4649
 BOND   =      1581.4654  ANGLE   =      4386.9797  DIHED      =      5787.5798
 1-4 NB =      1968.4837  1-4 EEL =     24061.7346  VDWAALS    =     32264.1650
 EELEC  =   -336227.8731  EHBOND  =         0.0000  RESTRAINT  =         0.0000
 Ewald error estimate:   0.2441E-04
 ------------------------------------------------------------------------------


 NSTEP =     8200   TIME(PS) =      16.400  TEMP(K) =   298.81  PRESS =     0.0
 Etot   =   -211857.2791  EKtot   =     54396.1665  EPtot      =   -266253.4456
 BOND   =      1598.0620  ANGLE   =      4412.4098  DIHED      =      5786.0878
 1-4 NB =      1984.7044  1-4 EEL =     24069.3393  VDWAALS    =     32535.1372
 EELEC  =   -336639.1860  EHBOND  =         0.0000  RESTRAINT  =         0.0000
 Ewald error estimate:   0.6498E-04
 ------------------------------------------------------------------------------


 NSTEP =     8300   TIME(PS) =      16.600  TEMP(K) =   297.52  PRESS =     0.0
 Etot   =   -211881.1740  EKtot   =     54161.5136  EPtot      =   -266042.6876
 BOND   =      1608.8146  ANGLE   =      4289.2099  DIHED      =      5841.5754
 1-4 NB =      1974.2255  1-4 EEL =     24043.3284  VDWAALS    =     32101.5029
 EELEC  =   -335901.3443  EHBOND  =         0.0000  RESTRAINT  =         0.0000
 Ewald error estimate:   0.1058E-03
 ------------------------------------------------------------------------------


 NSTEP =     8400   TIME(PS) =      16.800  TEMP(K) =   298.01  PRESS =     0.0
 Etot   =   -211914.3313  EKtot   =     54251.0872  EPtot      =   -266165.4185
 BOND   =      1626.2394  ANGLE   =      4349.1837  DIHED      =      5796.7662
 1-4 NB =      1959.8667  1-4 EEL =     24076.8709  VDWAALS    =     32562.6883
 EELEC  =   -336537.0336  EHBOND  =         0.0000  RESTRAINT  =         0.0000
 Ewald error estimate:   0.2656E-04
 ------------------------------------------------------------------------------


 NSTEP =     8500   TIME(PS) =      17.000  TEMP(K) =   298.97  PRESS =     0.0
 Etot   =   -211855.1872  EKtot   =     54425.0857  EPtot      =   -266280.2729
 BOND   =      1674.3025  ANGLE   =      4266.8338  DIHED      =      5790.1692
 1-4 NB =      1970.3833  1-4 EEL =     24116.2114  VDWAALS    =     32337.1518
 EELEC  =   -336435.3248  EHBOND  =         0.0000  RESTRAINT  =         0.0000
 Ewald error estimate:   0.3895E-05
 ------------------------------------------------------------------------------


 NSTEP =     8600   TIME(PS) =      17.200  TEMP(K) =   298.70  PRESS =     0.0
 Etot   =   -211855.2036  EKtot   =     54377.3936  EPtot      =   -266232.5972
 BOND   =      1595.5902  ANGLE   =      4435.8387  DIHED      =      5817.3479
 1-4 NB =      1974.7738  1-4 EEL =     24064.0938  VDWAALS    =     32181.9427
 EELEC  =   -336302.1842  EHBOND  =         0.0000  RESTRAINT  =         0.0000
 Ewald error estimate:   0.4507E-04
 ------------------------------------------------------------------------------


 NSTEP =     8700   TIME(PS) =      17.400  TEMP(K) =   300.46  PRESS =     0.0
 Etot   =   -212078.6137  EKtot   =     54697.1953  EPtot      =   -266775.8090
 BOND   =      1635.6360  ANGLE   =      4372.3372  DIHED      =      5832.4126
 1-4 NB =      1951.0944  1-4 EEL =     24024.6882  VDWAALS    =     32298.2340
 EELEC  =   -336890.2113  EHBOND  =         0.0000  RESTRAINT  =         0.0000
 Ewald error estimate:   0.3466E-04
 ------------------------------------------------------------------------------


 NSTEP =     8800   TIME(PS) =      17.600  TEMP(K) =   297.79  PRESS =     0.0
 Etot   =   -211766.2621  EKtot   =     54210.3954  EPtot      =   -265976.6575
 BOND   =      1694.2323  ANGLE   =      4400.4271  DIHED      =      5843.5493
 1-4 NB =      1959.4602  1-4 EEL =     24020.1344  VDWAALS    =     31915.5669
 EELEC  =   -335810.0277  EHBOND  =         0.0000  RESTRAINT  =         0.0000
 Ewald error estimate:   0.2813E-04
 ------------------------------------------------------------------------------


 NSTEP =     8900   TIME(PS) =      17.800  TEMP(K) =   297.85  PRESS =     0.0
 Etot   =   -211967.5862  EKtot   =     54222.6392  EPtot      =   -266190.2254
 BOND   =      1674.8995  ANGLE   =      4382.4796  DIHED      =      5797.4164
 1-4 NB =      1978.5437  1-4 EEL =     24074.8010  VDWAALS    =     32322.4852
 EELEC  =   -336420.8508  EHBOND  =         0.0000  RESTRAINT  =         0.0000
 Ewald error estimate:   0.7628E-04
 ------------------------------------------------------------------------------


 NSTEP =     9000   TIME(PS) =      18.000  TEMP(K) =   298.04  PRESS =     0.0
 Etot   =   -212153.7512  EKtot   =     54256.9063  EPtot      =   -266410.6574
 BOND   =      1633.0525  ANGLE   =      4350.0833  DIHED      =      5821.2009
 1-4 NB =      1959.3761  1-4 EEL =     24106.7598  VDWAALS    =     32286.5059
 EELEC  =   -336567.6360  EHBOND  =         0.0000  RESTRAINT  =         0.0000
 Ewald error estimate:   0.1731E-04
 ------------------------------------------------------------------------------


 NSTEP =     9100   TIME(PS) =      18.200  TEMP(K) =   298.54  PRESS =     0.0
 Etot   =   -212070.8052  EKtot   =     54348.3686  EPtot      =   -266419.1738
 BOND   =      1604.8154  ANGLE   =      4381.6665  DIHED      =      5832.8773
 1-4 NB =      1966.3215  1-4 EEL =     24112.8983  VDWAALS    =     32730.3069
 EELEC  =   -337048.0598  EHBOND  =         0.0000  RESTRAINT  =         0.0000
 Ewald error estimate:   0.1879E-04
 ------------------------------------------------------------------------------


 NSTEP =     9200   TIME(PS) =      18.400  TEMP(K) =   298.67  PRESS =     0.0
 Etot   =   -211973.5494  EKtot   =     54371.2089  EPtot      =   -266344.7583
 BOND   =      1600.5311  ANGLE   =      4437.7074  DIHED      =      5760.2230
 1-4 NB =      1997.6086  1-4 EEL =     24056.5755  VDWAALS    =     32542.5808
 EELEC  =   -336739.9846  EHBOND  =         0.0000  RESTRAINT  =         0.0000
 Ewald error estimate:   0.1661E-03
 ------------------------------------------------------------------------------


 NSTEP =     9300   TIME(PS) =      18.600  TEMP(K) =   299.62  PRESS =     0.0
 Etot   =   -212192.8742  EKtot   =     54544.6304  EPtot      =   -266737.5046
 BOND   =      1616.0368  ANGLE   =      4308.6110  DIHED      =      5774.8214
 1-4 NB =      1973.6624  1-4 EEL =     24089.5138  VDWAALS    =     32453.8491
 EELEC  =   -336953.9990  EHBOND  =         0.0000  RESTRAINT  =         0.0000
 Ewald error estimate:   0.9274E-04
 ------------------------------------------------------------------------------


 NSTEP =     9400   TIME(PS) =      18.800  TEMP(K) =   298.62  PRESS =     0.0
 Etot   =   -212049.2365  EKtot   =     54361.2819  EPtot      =   -266410.5184
 BOND   =      1703.1898  ANGLE   =      4303.0433  DIHED      =      5815.7884
 1-4 NB =      1938.3530  1-4 EEL =     24074.1925  VDWAALS    =     32747.6389
 EELEC  =   -336992.7244  EHBOND  =         0.0000  RESTRAINT  =         0.0000
 Ewald error estimate:   0.5411E-04
 ------------------------------------------------------------------------------


 NSTEP =     9500   TIME(PS) =      19.000  TEMP(K) =   297.44  PRESS =     0.0
 Etot   =   -212012.4379  EKtot   =     54146.6535  EPtot      =   -266159.0914
 BOND   =      1650.7101  ANGLE   =      4360.6994  DIHED      =      5781.6382
 1-4 NB =      1966.3038  1-4 EEL =     24057.7729  VDWAALS    =     32141.4990
 EELEC  =   -336117.7148  EHBOND  =         0.0000  RESTRAINT  =         0.0000
 Ewald error estimate:   0.6385E-04
 ------------------------------------------------------------------------------


 NSTEP =     9600   TIME(PS) =      19.200  TEMP(K) =   299.37  PRESS =     0.0
 Etot   =   -212052.7716  EKtot   =     54498.8090  EPtot      =   -266551.5805
 BOND   =      1638.2050  ANGLE   =      4402.1075  DIHED      =      5790.5682
 1-4 NB =      1965.2921  1-4 EEL =     24032.5792  VDWAALS    =     32366.4471
 EELEC  =   -336746.7795  EHBOND  =         0.0000  RESTRAINT  =         0.0000
 Ewald error estimate:   0.2636E-04
 ------------------------------------------------------------------------------


 NSTEP =     9700   TIME(PS) =      19.400  TEMP(K) =   299.00  PRESS =     0.0
 Etot   =   -211903.2209  EKtot   =     54431.6240  EPtot      =   -266334.8448
 BOND   =      1649.3293  ANGLE   =      4427.9128  DIHED      =      5795.5275
 1-4 NB =      1958.0676  1-4 EEL =     24065.5277  VDWAALS    =     32497.1098
 EELEC  =   -336728.3195  EHBOND  =         0.0000  RESTRAINT  =         0.0000
 Ewald error estimate:   0.6273E-04
 ------------------------------------------------------------------------------


 NSTEP =     9800   TIME(PS) =      19.600  TEMP(K) =   298.15  PRESS =     0.0
 Etot   =   -212156.2432  EKtot   =     54276.6966  EPtot      =   -266432.9398
 BOND   =      1655.7711  ANGLE   =      4412.3964  DIHED      =      5807.2367
 1-4 NB =      1974.6224  1-4 EEL =     23968.5183  VDWAALS    =     32681.0269
 EELEC  =   -336932.5115  EHBOND  =         0.0000  RESTRAINT  =         0.0000
 Ewald error estimate:   0.1803E-04
 ------------------------------------------------------------------------------


 NSTEP =     9900   TIME(PS) =      19.800  TEMP(K) =   297.80  PRESS =     0.0
 Etot   =   -212389.8848  EKtot   =     54212.0230  EPtot      =   -266601.9078
 BOND   =      1641.0301  ANGLE   =      4381.0204  DIHED      =      5782.0381
 1-4 NB =      1960.7678  1-4 EEL =     24046.8751  VDWAALS    =     32387.3750
 EELEC  =   -336801.0144  EHBOND  =         0.0000  RESTRAINT  =         0.0000
 Ewald error estimate:   0.3117E-04
 ------------------------------------------------------------------------------


 NSTEP =    10000   TIME(PS) =      20.000  TEMP(K) =   296.62  PRESS =     0.0
 Etot   =   -212425.6474  EKtot   =     53997.7390  EPtot      =   -266423.3864
 BOND   =      1632.2204  ANGLE   =      4372.5543  DIHED      =      5842.9817
 1-4 NB =      1985.7481  1-4 EEL =     24031.7724  VDWAALS    =     32169.9239
 EELEC  =   -336458.5872  EHBOND  =         0.0000  RESTRAINT  =         0.0000
 Ewald error estimate:   0.1557E-03
 ------------------------------------------------------------------------------


      A V E R A G E S   O V E R   10000 S T E P S


 NSTEP =    10000   TIME(PS) =      20.000  TEMP(K) =   284.20  PRESS =     0.0
 Etot   =   -217536.1513  EKtot   =     51736.4504  EPtot      =   -269272.6016
 BOND   =      1568.5628  ANGLE   =      4244.0104  DIHED      =      5809.0174
 1-4 NB =      1957.4660  1-4 EEL =     24054.5546  VDWAALS    =     33995.2693
 EELEC  =   -340901.4822  EHBOND  =         0.0000  RESTRAINT  =         0.0000
 Ewald error estimate:   0.5458E-04
 ------------------------------------------------------------------------------


      R M S  F L U C T U A T I O N S


 NSTEP =    10000   TIME(PS) =      20.000  TEMP(K) =    39.85  PRESS =     0.0
 Etot   =     16306.6917  EKtot   =      7253.8951  EPtot      =      9140.9181
 BOND   =       199.1203  ANGLE   =       473.7038  DIHED      =       103.8446
 1-4 NB =        42.4158  1-4 EEL =        53.8578  VDWAALS    =      3575.6935
 EELEC  =     11841.0374  EHBOND  =         0.0000  RESTRAINT  =         0.0000
 Ewald error estimate:   0.4329E-04
 ------------------------------------------------------------------------------


--------------------------------------------------------------------------------
   5.  TIMINGS
--------------------------------------------------------------------------------

|                Build the list          2703.81 (99.84% of List )
|                Other                      4.44 ( 0.16% of List )
|             List time               2708.25 ( 8.86% of Nonbo)
|                   Short_ene time         26406.14 (99.70% of Direc)
|                   Other                     79.93 ( 0.30% of Direc)
|                Direct Ewald time      26486.07 (95.03% of Ewald)
|                Adjust Ewald time         57.32 ( 0.21% of Ewald)
|                   Fill Bspline coeffs       63.10 ( 4.81% of Recip)
|                   Fill charge grid         181.69 (13.86% of Recip)
|                   Scalar sum               222.24 (16.96% of Recip)
|                   Grad sum                 340.10 (25.95% of Recip)
|                   FFT time                 503.55 (38.42% of Recip)
|                Recip Ewald time        1310.72 ( 4.70% of Ewald)
|                Force Adjust               2.26 ( 0.01% of Ewald)
|                Virial junk                4.27 ( 0.02% of Ewald)
|                Other                      9.85 ( 0.04% of Ewald)
|             Ewald time             27870.52 (91.14% of Nonbo)
|          Nonbond force          30578.78 (99.75% of Force)
|          Bond/Angle/Dihedral       76.10 ( 0.25% of Force)
|       Force time             30656.21 (98.55% of Runmd)
|       Shake time                63.01 ( 0.20% of Runmd)
|       Verlet update time       383.85 ( 1.23% of Runmd)
|       Other                      4.05 ( 0.01% of Runmd)
|    Runmd Time             31107.13 (100.0% of Total)
| Total time             31108.07 (100.0% of ALL  )

| Number of list builds   :       1132

| Highest rstack allocated:    4888048
| Highest istack allocated:      89462

| Final Performance Info:
| -----------------------------------------------------
| Average timings for all steps:
|     Elapsed(s) =   31107.13 Per Step(ms) =    3110.71
|         ns/day =       0.06   seconds/ns = 1555356.46
| -----------------------------------------------------

|           Job began  at 20:04:16.947  on 06/19/2022
|           Setup done at 20:04:17.887  on 06/19/2022
|           Run   done at 04:42:45.017  on 06/20/2022
|     wallclock() was called  442415 times

|3D-RISM memory allocation summary
|Type          Maximum        Current   
|Integer       0.00000 GB     0.00000 GB
|Real          0.00000 GB     0.00000 GB
|Logical       0.00000 GB     0.00000 GB
|Character     0.00000 GB     0.00000 GB
|---------------------------------------
|Total         0.00000 GB     0.00000 GB
