
          -------------------------------------------------------
          Amber 22 SANDER                              2022
          -------------------------------------------------------

| Run on 06/14/2022 at 08:25:31

|   Executable path: sander
| Working directory: /home/ubuntu/PoDProjects/MS/src/scripts
|          Hostname: Unknown
  [-O]verwriting output

File Assignments:
|  MDIN: heat_pbc.in                                                           
| MDOUT: ../out/chain_a_solv_box_heatpbc.out                                   
|INPCRD: ../res/chain_a_solv_box_min.ncrst                                     
|  PARM: ../res/chain_a_solv_box.prmtop                                        
|RESTRT: ../res/chain_a_solv_box_heatpbc.rst                                   
|  REFC: refc                                                                  
| MDVEL: mdvel                                                                 
| MDFRC: mdfrc                                                                 
|  MDEN: mden                                                                  
| MDCRD: ../res/chain_a_solv_box_heatpbc.nc                                    
|MDINFO: mdinfo                                                                
|  MTMD: mtmd                                                                  
|INPDIP: inpdip                                                                
|RSTDIP: rstdip                                                                
|INPTRA: inptraj                                                               


 Here is the input file:

Heat_pbc.in                                                                    
                                                                               
cat > mdin <<EOF                                                               
 &cntrl                                                                        
  imin   = 0,                                                                  
  irest  = 0,                                                                  
  ntx    = 1,                                                                  
  ntb    = 1,                                                                  
  cut    = 15.0,                                                               
  ntr    = 0,                                                                  
  ntc    = 2,                                                                  
  ntf    = 2,                                                                  
  tempi  = 0.0,                                                                
  temp0  = 298.0,                                                              
  ntt    = 3,                                                                  
  gamma_ln = 1.0,                                                              
  nstlim = 10000, dt = 0.002                                                   
  ntpr = 100, ntwx = 100, ntwr = 1000                                          
 /                                                                             
EOF                                                                            
                                                                               
set output = mdout                                                             

--------------------------------------------------------------------------------
   1.  RESOURCE   USE: 
--------------------------------------------------------------------------------

| Flags:                                                                        
 getting box info from netcdf restart file
| NetCDF restart box info found
|Largest sphere to fit in unit cell has radius =    42.892
| New format PARM file being parsed.
| Version =    1.000 Date = 06/13/22 Time = 20:34:46
 NATOM  =   89393 NTYPES =      17 NBONH =   85120 MBONA  =    4385
 NTHETH =    9851 MTHETA =    5965 NPHIH =   19236 MPHIA  =   14841
 NHPARM =       0 NPARM  =       0 NNB   =  155563 NRES   =   27462
 NBONA  =    4385 NTHETA =    5965 NPHIA =   14841 NUMBND =      51
 NUMANG =     104 NPTRA  =      45 NATYP =      38 NPHB   =       0
 IFBOX  =       1 NMXRS  =      24 IFCAP =       0 NEXTRA =       0
 NCOPY  =       0


|     Memory Use     Allocated
|     Real             6485773
|     Hollerith         295643
|     Integer          3721079
|     Max Pairs      146395936
|     nblistReal       1072716
|     nblist Int       2673881
|       Total           657045 kbytes

| Note: 1-4 EEL scale factors are being read from the topology file.

| Note: 1-4 VDW scale factors are being read from the topology file.
| Duplicated    0 dihedrals
| Duplicated    0 dihedrals

     BOX TYPE: RECTILINEAR

--------------------------------------------------------------------------------
   2.  CONTROL  DATA  FOR  THE  RUN
--------------------------------------------------------------------------------

default_name                                                                    

General flags:
     imin    =       0, nmropt  =       0

Nature and format of input:
     ntx     =       1, irest   =       0, ntrx    =       1

Nature and format of output:
     ntxo    =       2, ntpr    =     100, ntrx    =       1, ntwr    =    1000
     iwrap   =       0, ntwx    =     100, ntwv    =       0, ntwe    =       0
     ioutfm  =       1, ntwprt  =       0, idecomp =       0, rbornstat=      0

Potential function:
     ntf     =       2, ntb     =       1, igb     =       0, nsnb    =      25
     ipol    =       0, gbsa    =       0, iesp    =       0
     dielc   =   1.00000, cut     =  15.00000, intdiel =   1.00000

Frozen or restrained atoms:
     ibelly  =       0, ntr     =       0

Molecular dynamics:
     nstlim  =     10000, nscm    =      1000, nrespa  =         1
     t       =   0.00000, dt      =   0.00200, vlimit  =  20.00000

Langevin dynamics temperature regulation:
     ig      =   71277
     temp0   = 298.00000, tempi   =   0.00000, gamma_ln=   1.00000

SHAKE:
     ntc     =       2, jfastw  =       0
     tol     =   0.00001

Ewald parameters:
     verbose =       0, ew_type =       0, nbflag  =       1, use_pme =       1
     vdwmeth =       1, eedmeth =       1, netfrc  =       1
     Box X =   90.530   Box Y =   85.784   Box Z =  138.190
     Alpha =   90.000   Beta  =   90.000   Gamma =   90.000
     NFFT1 =   90       NFFT2 =   90       NFFT3 =  144
     Cutoff=   15.000   Tol   =0.100E-04
     Ewald Coefficient =  0.17871
     Interpolation order =    4
|  INFO: Old style inpcrd file read


--------------------------------------------------------------------------------
   3.  ATOMIC COORDINATES AND VELOCITIES
--------------------------------------------------------------------------------

default_name                                                                    
 begin time read from input coords =     0.000 ps

 Number of triangulated 3-point waters found:    26940

     Sum of charges from parm topology file =  -3.99900023
     Assuming uniform neutralizing plasma

--------------------------------------------------------------------------------
   4.  RESULTS
--------------------------------------------------------------------------------

|  # of SOLUTE  degrees of freedom (RNDFP):  183059.
|  # of SOLVENT degrees of freedom (RNDFS):       0.
|  NDFMIN =  183059.     NUM_NOSHAKE =      0     CORRECTED RNDFP =  183059.
|  TOTAL # of degrees of freedom (RNDF) =  183059.
 ---------------------------------------------------
 APPROXIMATING switch and d/dx switch using CUBIC SPLINE INTERPOLATION
 using   5000.0 points per unit in tabled values
 TESTING RELATIVE ERROR over r ranging from 0.0 to cutoff
| CHECK switch(x): max rel err =   0.2738E-14   at   2.422500
| CHECK d/dx switch(x): max rel err =   0.7766E-11   at   2.666360
 ---------------------------------------------------
| Local SIZE OF NONBOND LIST =   77478375
| TOTAL SIZE OF NONBOND LIST =   77478375

 NSTEP =        0   TIME(PS) =       0.000  TEMP(K) =     0.00  PRESS =     0.0
 Etot   =   -366767.5952  EKtot   =         0.0000  EPtot      =   -366767.5952
 BOND   =       290.4325  ANGLE   =      1128.7054  DIHED      =      5095.6495
 1-4 NB =      1701.5714  1-4 EEL =     24086.6588  VDWAALS    =     56264.3155
 EELEC  =   -455334.9281  EHBOND  =         0.0000  RESTRAINT  =         0.0000
 Ewald error estimate:   0.2275E-03
 ------------------------------------------------------------------------------


 NSTEP =      100   TIME(PS) =       0.200  TEMP(K) =    72.71  PRESS =     0.0
 Etot   =   -298772.9196  EKtot   =     13225.3031  EPtot      =   -311998.2227
 BOND   =       542.3554  ANGLE   =      1741.2293  DIHED      =      5226.4395
 1-4 NB =      1743.2734  1-4 EEL =     24037.5778  VDWAALS    =     44742.6745
 EELEC  =   -390031.7725  EHBOND  =         0.0000  RESTRAINT  =         0.0000
 Ewald error estimate:   0.2403E-03
 ------------------------------------------------------------------------------


 NSTEP =      200   TIME(PS) =       0.400  TEMP(K) =   121.18  PRESS =     0.0
 Etot   =   -283997.1008  EKtot   =     22041.3564  EPtot      =   -306038.4572
 BOND   =       747.6574  ANGLE   =      2292.9382  DIHED      =      5350.3294
 1-4 NB =      1779.4775  1-4 EEL =     23970.9601  VDWAALS    =     47228.3363
 EELEC  =   -387408.1562  EHBOND  =         0.0000  RESTRAINT  =         0.0000
 Ewald error estimate:   0.3100E-04
 ------------------------------------------------------------------------------


 NSTEP =      300   TIME(PS) =       0.600  TEMP(K) =   155.19  PRESS =     0.0
 Etot   =   -272440.9845  EKtot   =     28226.3841  EPtot      =   -300667.3687
 BOND   =       945.3132  ANGLE   =      2682.4683  DIHED      =      5490.5269
 1-4 NB =      1793.0709  1-4 EEL =     23965.2511  VDWAALS    =     46632.9556
 EELEC  =   -382176.9547  EHBOND  =         0.0000  RESTRAINT  =         0.0000
 Ewald error estimate:   0.2123E-04
 ------------------------------------------------------------------------------


 NSTEP =      400   TIME(PS) =       0.800  TEMP(K) =   181.96  PRESS =     0.0
 Etot   =   -262947.0844  EKtot   =     33096.2622  EPtot      =   -296043.3466
 BOND   =      1102.7424  ANGLE   =      3017.9862  DIHED      =      5553.4576
 1-4 NB =      1824.3706  1-4 EEL =     23968.6876  VDWAALS    =     45899.5361
 EELEC  =   -377410.1272  EHBOND  =         0.0000  RESTRAINT  =         0.0000
 Ewald error estimate:   0.1020E-03
 ------------------------------------------------------------------------------


 NSTEP =      500   TIME(PS) =       1.000  TEMP(K) =   202.34  PRESS =     0.0
 Etot   =   -255230.5583  EKtot   =     36803.0287  EPtot      =   -292033.5869
 BOND   =      1188.8185  ANGLE   =      3262.0304  DIHED      =      5610.3625
 1-4 NB =      1861.8055  1-4 EEL =     24063.1108  VDWAALS    =     44998.0739
 EELEC  =   -373017.7885  EHBOND  =         0.0000  RESTRAINT  =         0.0000
 Ewald error estimate:   0.1811E-04
 ------------------------------------------------------------------------------


 NSTEP =      600   TIME(PS) =       1.200  TEMP(K) =   218.97  PRESS =     0.0
 Etot   =   -248808.1981  EKtot   =     39826.9791  EPtot      =   -288635.1772
 BOND   =      1258.9344  ANGLE   =      3501.5919  DIHED      =      5651.4219
 1-4 NB =      1886.7025  1-4 EEL =     24011.0895  VDWAALS    =     43482.7929
 EELEC  =   -368427.7103  EHBOND  =         0.0000  RESTRAINT  =         0.0000
 Ewald error estimate:   0.3119E-04
 ------------------------------------------------------------------------------


 NSTEP =      700   TIME(PS) =       1.400  TEMP(K) =   232.26  PRESS =     0.0
 Etot   =   -243752.2713  EKtot   =     42244.9174  EPtot      =   -285997.1886
 BOND   =      1320.9012  ANGLE   =      3612.0109  DIHED      =      5697.2579
 1-4 NB =      1908.3426  1-4 EEL =     24018.7885  VDWAALS    =     42582.3781
 EELEC  =   -365136.8678  EHBOND  =         0.0000  RESTRAINT  =         0.0000
 Ewald error estimate:   0.3930E-05
 ------------------------------------------------------------------------------


 NSTEP =      800   TIME(PS) =       1.600  TEMP(K) =   242.16  PRESS =     0.0
 Etot   =   -239325.8052  EKtot   =     44045.5769  EPtot      =   -283371.3821
 BOND   =      1324.5959  ANGLE   =      3855.8529  DIHED      =      5761.9316
 1-4 NB =      1938.3823  1-4 EEL =     24111.2156  VDWAALS    =     40559.4223
 EELEC  =   -360922.7826  EHBOND  =         0.0000  RESTRAINT  =         0.0000
 Ewald error estimate:   0.7186E-05
 ------------------------------------------------------------------------------


 NSTEP =      900   TIME(PS) =       1.800  TEMP(K) =   250.61  PRESS =     0.0
 Etot   =   -235648.7541  EKtot   =     45583.5106  EPtot      =   -281232.2647
 BOND   =      1437.3296  ANGLE   =      3920.1500  DIHED      =      5787.6406
 1-4 NB =      1933.9873  1-4 EEL =     24075.2118  VDWAALS    =     40224.1895
 EELEC  =   -358610.7735  EHBOND  =         0.0000  RESTRAINT  =         0.0000
 Ewald error estimate:   0.6772E-05
 ------------------------------------------------------------------------------


 NSTEP =     1000   TIME(PS) =       2.000  TEMP(K) =   256.26  PRESS =     0.0
 Etot   =   -232625.5219  EKtot   =     46609.6411  EPtot      =   -279235.1630
 BOND   =      1428.2238  ANGLE   =      4019.1782  DIHED      =      5760.9117
 1-4 NB =      1940.7589  1-4 EEL =     24158.9145  VDWAALS    =     38480.5884
 EELEC  =   -355023.7385  EHBOND  =         0.0000  RESTRAINT  =         0.0000
 Ewald error estimate:   0.1773E-04
 ------------------------------------------------------------------------------


 NSTEP =     1100   TIME(PS) =       2.200  TEMP(K) =   262.04  PRESS =     0.0
 Etot   =   -229916.1070  EKtot   =     47662.4414  EPtot      =   -277578.5484
 BOND   =      1480.0226  ANGLE   =      4108.8375  DIHED      =      5788.6801
 1-4 NB =      1960.6724  1-4 EEL =     24115.4438  VDWAALS    =     38338.5487
 EELEC  =   -353370.7535  EHBOND  =         0.0000  RESTRAINT  =         0.0000
 Ewald error estimate:   0.7235E-04
 ------------------------------------------------------------------------------


 NSTEP =     1200   TIME(PS) =       2.400  TEMP(K) =   267.13  PRESS =     0.0
 Etot   =   -227452.9726  EKtot   =     48586.8392  EPtot      =   -276039.8118
 BOND   =      1539.8635  ANGLE   =      4100.5022  DIHED      =      5845.7151
 1-4 NB =      1942.9104  1-4 EEL =     24054.2452  VDWAALS    =     37712.2537
 EELEC  =   -351235.3018  EHBOND  =         0.0000  RESTRAINT  =         0.0000
 Ewald error estimate:   0.5793E-05
 ------------------------------------------------------------------------------


 NSTEP =     1300   TIME(PS) =       2.600  TEMP(K) =   271.19  PRESS =     0.0
 Etot   =   -225080.6114  EKtot   =     49325.3862  EPtot      =   -274405.9977
 BOND   =      1568.4980  ANGLE   =      4239.0664  DIHED      =      5863.8462
 1-4 NB =      1923.4484  1-4 EEL =     23947.7598  VDWAALS    =     36925.3989
 EELEC  =   -348874.0154  EHBOND  =         0.0000  RESTRAINT  =         0.0000
 Ewald error estimate:   0.3728E-04
 ------------------------------------------------------------------------------


 NSTEP =     1400   TIME(PS) =       2.800  TEMP(K) =   274.71  PRESS =     0.0
 Etot   =   -223353.3186  EKtot   =     49965.5365  EPtot      =   -273318.8551
 BOND   =      1510.3965  ANGLE   =      4170.4009  DIHED      =      5867.1581
 1-4 NB =      1985.2934  1-4 EEL =     24074.3238  VDWAALS    =     36468.4054
 EELEC  =   -347394.8333  EHBOND  =         0.0000  RESTRAINT  =         0.0000
 Ewald error estimate:   0.9542E-04
 ------------------------------------------------------------------------------


 NSTEP =     1500   TIME(PS) =       3.000  TEMP(K) =   277.54  PRESS =     0.0
 Etot   =   -221784.0254  EKtot   =     50481.2079  EPtot      =   -272265.2333
 BOND   =      1593.4561  ANGLE   =      4299.2047  DIHED      =      5895.7307
 1-4 NB =      1979.4736  1-4 EEL =     24040.4004  VDWAALS    =     36765.7735
 EELEC  =   -346839.2723  EHBOND  =         0.0000  RESTRAINT  =         0.0000
 Ewald error estimate:   0.8079E-04
 ------------------------------------------------------------------------------


 NSTEP =     1600   TIME(PS) =       3.200  TEMP(K) =   280.18  PRESS =     0.0
 Etot   =   -220145.4737  EKtot   =     50961.7761  EPtot      =   -271107.2498
 BOND   =      1614.1935  ANGLE   =      4330.5496  DIHED      =      5859.8869
 1-4 NB =      1985.2875  1-4 EEL =     24072.1349  VDWAALS    =     35954.1202
 EELEC  =   -344923.4224  EHBOND  =         0.0000  RESTRAINT  =         0.0000
 Ewald error estimate:   0.1047E-03
 ------------------------------------------------------------------------------


 NSTEP =     1700   TIME(PS) =       3.400  TEMP(K) =   282.83  PRESS =     0.0
 Etot   =   -219163.1203  EKtot   =     51442.1789  EPtot      =   -270605.2992
 BOND   =      1574.8095  ANGLE   =      4294.5604  DIHED      =      5865.2219
 1-4 NB =      1969.0636  1-4 EEL =     24132.8883  VDWAALS    =     35418.3402
 EELEC  =   -343860.1830  EHBOND  =         0.0000  RESTRAINT  =         0.0000
 Ewald error estimate:   0.5503E-04
 ------------------------------------------------------------------------------


 NSTEP =     1800   TIME(PS) =       3.600  TEMP(K) =   285.01  PRESS =     0.0
 Etot   =   -218160.9601  EKtot   =     51839.8205  EPtot      =   -270000.7806
 BOND   =      1554.4611  ANGLE   =      4364.9658  DIHED      =      5885.0998
 1-4 NB =      1972.0628  1-4 EEL =     24108.3297  VDWAALS    =     35272.8724
 EELEC  =   -343158.5723  EHBOND  =         0.0000  RESTRAINT  =         0.0000
 Ewald error estimate:   0.2416E-04
 ------------------------------------------------------------------------------


 NSTEP =     1900   TIME(PS) =       3.800  TEMP(K) =   285.91  PRESS =     0.0
 Etot   =   -217217.8494  EKtot   =     52003.6103  EPtot      =   -269221.4598
 BOND   =      1572.6093  ANGLE   =      4302.9875  DIHED      =      5833.3719
 1-4 NB =      2003.5892  1-4 EEL =     24144.8104  VDWAALS    =     35124.1817
 EELEC  =   -342203.0096  EHBOND  =         0.0000  RESTRAINT  =         0.0000
 Ewald error estimate:   0.1725E-04
 ------------------------------------------------------------------------------


 NSTEP =     2000   TIME(PS) =       4.000  TEMP(K) =   286.52  PRESS =     0.0
 Etot   =   -216370.5384  EKtot   =     52114.5697  EPtot      =   -268485.1081
 BOND   =      1618.6711  ANGLE   =      4370.0341  DIHED      =      5871.8791
 1-4 NB =      1965.6394  1-4 EEL =     24079.2017  VDWAALS    =     34503.1608
 EELEC  =   -340893.6944  EHBOND  =         0.0000  RESTRAINT  =         0.0000
 Ewald error estimate:   0.1538E-03
 ------------------------------------------------------------------------------


 NSTEP =     2100   TIME(PS) =       4.200  TEMP(K) =   289.07  PRESS =     0.0
 Etot   =   -215630.0540  EKtot   =     52577.9360  EPtot      =   -268207.9901
 BOND   =      1571.5798  ANGLE   =      4357.4630  DIHED      =      5901.7047
 1-4 NB =      1967.0412  1-4 EEL =     24090.7685  VDWAALS    =     33888.5351
 EELEC  =   -339985.0823  EHBOND  =         0.0000  RESTRAINT  =         0.0000
 Ewald error estimate:   0.6942E-04
 ------------------------------------------------------------------------------


 NSTEP =     2200   TIME(PS) =       4.400  TEMP(K) =   288.75  PRESS =     0.0
 Etot   =   -215074.6244  EKtot   =     52520.1786  EPtot      =   -267594.8030
 BOND   =      1610.1612  ANGLE   =      4409.2227  DIHED      =      5855.2426
 1-4 NB =      2009.2839  1-4 EEL =     24113.6060  VDWAALS    =     34062.4450
 EELEC  =   -339654.7645  EHBOND  =         0.0000  RESTRAINT  =         0.0000
 Ewald error estimate:   0.9764E-05
 ------------------------------------------------------------------------------


 NSTEP =     2300   TIME(PS) =       4.600  TEMP(K) =   289.13  PRESS =     0.0
 Etot   =   -214591.1361  EKtot   =     52588.3979  EPtot      =   -267179.5340
 BOND   =      1626.0041  ANGLE   =      4358.0309  DIHED      =      5865.4443
 1-4 NB =      1961.4434  1-4 EEL =     24062.5223  VDWAALS    =     33869.1999
 EELEC  =   -338922.1788  EHBOND  =         0.0000  RESTRAINT  =         0.0000
 Ewald error estimate:   0.4715E-04
 ------------------------------------------------------------------------------


 NSTEP =     2400   TIME(PS) =       4.800  TEMP(K) =   291.53  PRESS =     0.0
 Etot   =   -213956.4554  EKtot   =     53025.7089  EPtot      =   -266982.1643
 BOND   =      1641.8844  ANGLE   =      4367.4796  DIHED      =      5857.7474
 1-4 NB =      1950.0753  1-4 EEL =     24044.5047  VDWAALS    =     33733.3288
 EELEC  =   -338577.1846  EHBOND  =         0.0000  RESTRAINT  =         0.0000
 Ewald error estimate:   0.1015E-03
 ------------------------------------------------------------------------------


 NSTEP =     2500   TIME(PS) =       5.000  TEMP(K) =   292.28  PRESS =     0.0
 Etot   =   -213444.0533  EKtot   =     53161.1025  EPtot      =   -266605.1558
 BOND   =      1620.4476  ANGLE   =      4352.3707  DIHED      =      5854.9014
 1-4 NB =      1973.0490  1-4 EEL =     24117.8255  VDWAALS    =     33278.3823
 EELEC  =   -337802.1322  EHBOND  =         0.0000  RESTRAINT  =         0.0000
 Ewald error estimate:   0.1708E-03
 ------------------------------------------------------------------------------


 NSTEP =     2600   TIME(PS) =       5.200  TEMP(K) =   293.19  PRESS =     0.0
 Etot   =   -213011.0590  EKtot   =     53326.6256  EPtot      =   -266337.6846
 BOND   =      1633.2001  ANGLE   =      4487.3947  DIHED      =      5862.1844
 1-4 NB =      1970.3606  1-4 EEL =     24048.9015  VDWAALS    =     33020.5228
 EELEC  =   -337360.2487  EHBOND  =         0.0000  RESTRAINT  =         0.0000
 Ewald error estimate:   0.2830E-04
 ------------------------------------------------------------------------------


 NSTEP =     2700   TIME(PS) =       5.400  TEMP(K) =   294.85  PRESS =     0.0
 Etot   =   -212471.3339  EKtot   =     53628.9134  EPtot      =   -266100.2473
 BOND   =      1665.2636  ANGLE   =      4464.3652  DIHED      =      5851.8070
 1-4 NB =      1957.1411  1-4 EEL =     23990.7443  VDWAALS    =     33746.8784
 EELEC  =   -337776.4470  EHBOND  =         0.0000  RESTRAINT  =         0.0000
 Ewald error estimate:   0.1571E-04
 ------------------------------------------------------------------------------


 NSTEP =     2800   TIME(PS) =       5.600  TEMP(K) =   294.60  PRESS =     0.0
 Etot   =   -212533.6186  EKtot   =     53584.2333  EPtot      =   -266117.8518
 BOND   =      1661.6163  ANGLE   =      4397.0635  DIHED      =      5794.7390
 1-4 NB =      1947.3036  1-4 EEL =     24099.7994  VDWAALS    =     32956.3545
 EELEC  =   -336974.7282  EHBOND  =         0.0000  RESTRAINT  =         0.0000
 Ewald error estimate:   0.8252E-04
 ------------------------------------------------------------------------------


 NSTEP =     2900   TIME(PS) =       5.800  TEMP(K) =   294.88  PRESS =     0.0
 Etot   =   -212212.5205  EKtot   =     53635.3419  EPtot      =   -265847.8625
 BOND   =      1617.9272  ANGLE   =      4327.8614  DIHED      =      5781.9427
 1-4 NB =      1980.0449  1-4 EEL =     24222.5992  VDWAALS    =     33377.9240
 EELEC  =   -337156.1619  EHBOND  =         0.0000  RESTRAINT  =         0.0000
 Ewald error estimate:   0.2457E-05
 ------------------------------------------------------------------------------


 NSTEP =     3000   TIME(PS) =       6.000  TEMP(K) =   295.19  PRESS =     0.0
 Etot   =   -211902.1961  EKtot   =     53691.5665  EPtot      =   -265593.7626
 BOND   =      1630.8626  ANGLE   =      4499.5247  DIHED      =      5802.0290
 1-4 NB =      1956.9319  1-4 EEL =     23993.7775  VDWAALS    =     33083.1158
 EELEC  =   -336560.0040  EHBOND  =         0.0000  RESTRAINT  =         0.0000
 Ewald error estimate:   0.7736E-04
 ------------------------------------------------------------------------------


 NSTEP =     3100   TIME(PS) =       6.200  TEMP(K) =   296.60  PRESS =     0.0
 Etot   =   -211934.8988  EKtot   =     53948.0204  EPtot      =   -265882.9192
 BOND   =      1638.7329  ANGLE   =      4401.5484  DIHED      =      5889.1113
 1-4 NB =      1953.2450  1-4 EEL =     24037.8231  VDWAALS    =     33057.0487
 EELEC  =   -336860.4286  EHBOND  =         0.0000  RESTRAINT  =         0.0000
 Ewald error estimate:   0.1351E-03
 ------------------------------------------------------------------------------


 NSTEP =     3200   TIME(PS) =       6.400  TEMP(K) =   295.09  PRESS =     0.0
 Etot   =   -211824.8746  EKtot   =     53673.1342  EPtot      =   -265498.0089
 BOND   =      1635.7350  ANGLE   =      4408.8712  DIHED      =      5871.4398
 1-4 NB =      1962.1811  1-4 EEL =     24167.7971  VDWAALS    =     32929.2022
 EELEC  =   -336473.2352  EHBOND  =         0.0000  RESTRAINT  =         0.0000
 Ewald error estimate:   0.6139E-04
 ------------------------------------------------------------------------------


 NSTEP =     3300   TIME(PS) =       6.600  TEMP(K) =   294.12  PRESS =     0.0
 Etot   =   -211729.5385  EKtot   =     53496.2024  EPtot      =   -265225.7409
 BOND   =      1649.3271  ANGLE   =      4385.2255  DIHED      =      5876.7100
 1-4 NB =      1947.9391  1-4 EEL =     24058.3830  VDWAALS    =     33116.9410
 EELEC  =   -336260.2667  EHBOND  =         0.0000  RESTRAINT  =         0.0000
 Ewald error estimate:   0.9183E-04
 ------------------------------------------------------------------------------


 NSTEP =     3400   TIME(PS) =       6.800  TEMP(K) =   296.85  PRESS =     0.0
 Etot   =   -211405.5804  EKtot   =     53993.2879  EPtot      =   -265398.8683
 BOND   =      1570.0296  ANGLE   =      4422.4621  DIHED      =      5818.3011
 1-4 NB =      1969.0637  1-4 EEL =     24044.5974  VDWAALS    =     32647.2961
 EELEC  =   -335870.6182  EHBOND  =         0.0000  RESTRAINT  =         0.0000
 Ewald error estimate:   0.2450E-04
 ------------------------------------------------------------------------------


 NSTEP =     3500   TIME(PS) =       7.000  TEMP(K) =   296.99  PRESS =     0.0
 Etot   =   -211327.1799  EKtot   =     54018.8061  EPtot      =   -265345.9860
 BOND   =      1629.8312  ANGLE   =      4329.4802  DIHED      =      5851.5756
 1-4 NB =      1952.8851  1-4 EEL =     24118.5131  VDWAALS    =     32531.1358
 EELEC  =   -335759.4072  EHBOND  =         0.0000  RESTRAINT  =         0.0000
 Ewald error estimate:   0.2367E-05
 ------------------------------------------------------------------------------


 NSTEP =     3600   TIME(PS) =       7.200  TEMP(K) =   297.79  PRESS =     0.0
 Etot   =   -211037.6815  EKtot   =     54163.7251  EPtot      =   -265201.4065
 BOND   =      1627.9860  ANGLE   =      4399.3360  DIHED      =      5775.0106
 1-4 NB =      1969.2570  1-4 EEL =     24109.4723  VDWAALS    =     32451.3695
 EELEC  =   -335533.8379  EHBOND  =         0.0000  RESTRAINT  =         0.0000
 Ewald error estimate:   0.7530E-05
 ------------------------------------------------------------------------------


 NSTEP =     3700   TIME(PS) =       7.400  TEMP(K) =   296.16  PRESS =     0.0
 Etot   =   -210839.2063  EKtot   =     53866.7667  EPtot      =   -264705.9730
 BOND   =      1597.4873  ANGLE   =      4414.4662  DIHED      =      5821.6191
 1-4 NB =      1944.0558  1-4 EEL =     24038.0011  VDWAALS    =     32300.1881
 EELEC  =   -334821.7906  EHBOND  =         0.0000  RESTRAINT  =         0.0000
 Ewald error estimate:   0.2161E-05
 ------------------------------------------------------------------------------


 NSTEP =     3800   TIME(PS) =       7.600  TEMP(K) =   297.61  PRESS =     0.0
 Etot   =   -210764.1834  EKtot   =     54131.2661  EPtot      =   -264895.4496
 BOND   =      1561.1562  ANGLE   =      4389.6532  DIHED      =      5816.1638
 1-4 NB =      1981.0952  1-4 EEL =     24151.2916  VDWAALS    =     32646.0469
 EELEC  =   -335440.8564  EHBOND  =         0.0000  RESTRAINT  =         0.0000
 Ewald error estimate:   0.3724E-04
 ------------------------------------------------------------------------------


 NSTEP =     3900   TIME(PS) =       7.800  TEMP(K) =   297.52  PRESS =     0.0
 Etot   =   -210844.7667  EKtot   =     54114.6119  EPtot      =   -264959.3786
 BOND   =      1586.8362  ANGLE   =      4418.2325  DIHED      =      5837.6785
 1-4 NB =      1969.0320  1-4 EEL =     24091.2234  VDWAALS    =     32517.4123
 EELEC  =   -335379.7934  EHBOND  =         0.0000  RESTRAINT  =         0.0000
 Ewald error estimate:   0.2678E-04
 ------------------------------------------------------------------------------


 NSTEP =     4000   TIME(PS) =       8.000  TEMP(K) =   295.84  PRESS =     0.0
 Etot   =   -210850.7740  EKtot   =     53809.1857  EPtot      =   -264659.9597
 BOND   =      1642.9075  ANGLE   =      4432.6362  DIHED      =      5818.0956
 1-4 NB =      1982.9909  1-4 EEL =     24085.4595  VDWAALS    =     32375.3514
 EELEC  =   -334997.4007  EHBOND  =         0.0000  RESTRAINT  =         0.0000
 Ewald error estimate:   0.8072E-04
 ------------------------------------------------------------------------------


 NSTEP =     4100   TIME(PS) =       8.200  TEMP(K) =   297.70  PRESS =     0.0
 Etot   =   -210717.8861  EKtot   =     54147.0519  EPtot      =   -264864.9379
 BOND   =      1590.0178  ANGLE   =      4362.7672  DIHED      =      5789.8856
 1-4 NB =      1965.9426  1-4 EEL =     24100.5545  VDWAALS    =     32854.4404
 EELEC  =   -335528.5461  EHBOND  =         0.0000  RESTRAINT  =         0.0000
 Ewald error estimate:   0.5025E-04
 ------------------------------------------------------------------------------


 NSTEP =     4200   TIME(PS) =       8.400  TEMP(K) =   298.20  PRESS =     0.0
 Etot   =   -210671.1182  EKtot   =     54238.4015  EPtot      =   -264909.5197
 BOND   =      1610.5948  ANGLE   =      4458.5338  DIHED      =      5796.7468
 1-4 NB =      1967.8953  1-4 EEL =     24106.6202  VDWAALS    =     32216.4167
 EELEC  =   -335066.3274  EHBOND  =         0.0000  RESTRAINT  =         0.0000
 Ewald error estimate:   0.5207E-04
 ------------------------------------------------------------------------------


 NSTEP =     4300   TIME(PS) =       8.600  TEMP(K) =   299.02  PRESS =     0.0
 Etot   =   -210674.7932  EKtot   =     54387.3403  EPtot      =   -265062.1335
 BOND   =      1607.6974  ANGLE   =      4337.8026  DIHED      =      5806.2219
 1-4 NB =      1995.5304  1-4 EEL =     24099.2229  VDWAALS    =     32297.2314
 EELEC  =   -335205.8401  EHBOND  =         0.0000  RESTRAINT  =         0.0000
 Ewald error estimate:   0.6153E-04
 ------------------------------------------------------------------------------


 NSTEP =     4400   TIME(PS) =       8.800  TEMP(K) =   299.04  PRESS =     0.0
 Etot   =   -210749.8851  EKtot   =     54391.5615  EPtot      =   -265141.4466
 BOND   =      1592.6859  ANGLE   =      4398.9671  DIHED      =      5791.7430
 1-4 NB =      1994.0372  1-4 EEL =     24192.3406  VDWAALS    =     32571.5412
 EELEC  =   -335682.7616  EHBOND  =         0.0000  RESTRAINT  =         0.0000
 Ewald error estimate:   0.4671E-04
 ------------------------------------------------------------------------------


 NSTEP =     4500   TIME(PS) =       9.000  TEMP(K) =   297.00  PRESS =     0.0
 Etot   =   -211000.4684  EKtot   =     54020.5133  EPtot      =   -265020.9816
 BOND   =      1720.2609  ANGLE   =      4348.8649  DIHED      =      5817.4229
 1-4 NB =      1940.9867  1-4 EEL =     24151.1012  VDWAALS    =     32359.6225
 EELEC  =   -335359.2408  EHBOND  =         0.0000  RESTRAINT  =         0.0000
 Ewald error estimate:   0.2799E-04
 ------------------------------------------------------------------------------


 NSTEP =     4600   TIME(PS) =       9.200  TEMP(K) =   297.41  PRESS =     0.0
 Etot   =   -211072.9778  EKtot   =     54095.0495  EPtot      =   -265168.0274
 BOND   =      1614.3018  ANGLE   =      4356.9536  DIHED      =      5808.2313
 1-4 NB =      1954.1768  1-4 EEL =     24141.7478  VDWAALS    =     32446.1429
 EELEC  =   -335489.5816  EHBOND  =         0.0000  RESTRAINT  =         0.0000
 Ewald error estimate:   0.1533E-04
 ------------------------------------------------------------------------------


 NSTEP =     4700   TIME(PS) =       9.400  TEMP(K) =   296.65  PRESS =     0.0
 Etot   =   -211006.5653  EKtot   =     53955.8450  EPtot      =   -264962.4103
 BOND   =      1607.3320  ANGLE   =      4258.4411  DIHED      =      5845.0410
 1-4 NB =      1927.1442  1-4 EEL =     24056.1147  VDWAALS    =     32429.2326
 EELEC  =   -335085.7159  EHBOND  =         0.0000  RESTRAINT  =         0.0000
 Ewald error estimate:   0.2413E-04
 ------------------------------------------------------------------------------


 NSTEP =     4800   TIME(PS) =       9.600  TEMP(K) =   296.87  PRESS =     0.0
 Etot   =   -210830.6584  EKtot   =     53996.0290  EPtot      =   -264826.6873
 BOND   =      1610.2846  ANGLE   =      4348.9071  DIHED      =      5845.9261
 1-4 NB =      1959.3733  1-4 EEL =     24112.1756  VDWAALS    =     32159.1709
 EELEC  =   -334862.5250  EHBOND  =         0.0000  RESTRAINT  =         0.0000
 Ewald error estimate:   0.1540E-03
 ------------------------------------------------------------------------------


 NSTEP =     4900   TIME(PS) =       9.800  TEMP(K) =   297.15  PRESS =     0.0
 Etot   =   -211063.2491  EKtot   =     54046.9540  EPtot      =   -265110.2031
 BOND   =      1639.7319  ANGLE   =      4355.2447  DIHED      =      5827.8300
 1-4 NB =      1960.0357  1-4 EEL =     24027.1515  VDWAALS    =     32323.7227
 EELEC  =   -335243.9195  EHBOND  =         0.0000  RESTRAINT  =         0.0000
 Ewald error estimate:   0.6930E-05
 ------------------------------------------------------------------------------


 NSTEP =     5000   TIME(PS) =      10.000  TEMP(K) =   297.68  PRESS =     0.0
 Etot   =   -211267.1772  EKtot   =     54143.1781  EPtot      =   -265410.3553
 BOND   =      1588.3962  ANGLE   =      4296.0521  DIHED      =      5811.4680
 1-4 NB =      1965.6368  1-4 EEL =     24062.9693  VDWAALS    =     32211.7382
 EELEC  =   -335346.6158  EHBOND  =         0.0000  RESTRAINT  =         0.0000
 Ewald error estimate:   0.2132E-04
 ------------------------------------------------------------------------------


 NSTEP =     5100   TIME(PS) =      10.200  TEMP(K) =   297.26  PRESS =     0.0
 Etot   =   -211214.8935  EKtot   =     54068.4399  EPtot      =   -265283.3334
 BOND   =      1571.4237  ANGLE   =      4348.6436  DIHED      =      5851.1790
 1-4 NB =      1957.5915  1-4 EEL =     24122.7634  VDWAALS    =     31795.8733
 EELEC  =   -334930.8078  EHBOND  =         0.0000  RESTRAINT  =         0.0000
 Ewald error estimate:   0.4440E-04
 ------------------------------------------------------------------------------


 NSTEP =     5200   TIME(PS) =      10.400  TEMP(K) =   298.29  PRESS =     0.0
 Etot   =   -211318.7198  EKtot   =     54255.0338  EPtot      =   -265573.7536
 BOND   =      1592.9824  ANGLE   =      4389.5838  DIHED      =      5814.6646
 1-4 NB =      1931.6510  1-4 EEL =     24086.7550  VDWAALS    =     32841.6310
 EELEC  =   -336231.0214  EHBOND  =         0.0000  RESTRAINT  =         0.0000
 Ewald error estimate:   0.1646E-04
 ------------------------------------------------------------------------------


 NSTEP =     5300   TIME(PS) =      10.600  TEMP(K) =   298.18  PRESS =     0.0
 Etot   =   -211221.2092  EKtot   =     54234.9950  EPtot      =   -265456.2042
 BOND   =      1639.0689  ANGLE   =      4372.6961  DIHED      =      5767.5178
 1-4 NB =      1975.9486  1-4 EEL =     24146.2911  VDWAALS    =     32422.6844
 EELEC  =   -335780.4111  EHBOND  =         0.0000  RESTRAINT  =         0.0000
 Ewald error estimate:   0.8260E-04
 ------------------------------------------------------------------------------


 NSTEP =     5400   TIME(PS) =      10.800  TEMP(K) =   297.40  PRESS =     0.0
 Etot   =   -211277.5847  EKtot   =     54093.8241  EPtot      =   -265371.4088
 BOND   =      1624.7131  ANGLE   =      4288.6848  DIHED      =      5828.9360
 1-4 NB =      1939.4708  1-4 EEL =     24116.9551  VDWAALS    =     32183.2269
 EELEC  =   -335353.3955  EHBOND  =         0.0000  RESTRAINT  =         0.0000
 Ewald error estimate:   0.2549E-04
 ------------------------------------------------------------------------------


 NSTEP =     5500   TIME(PS) =      11.000  TEMP(K) =   296.84  PRESS =     0.0
 Etot   =   -211235.4811  EKtot   =     53991.3802  EPtot      =   -265226.8613
 BOND   =      1610.4702  ANGLE   =      4344.9832  DIHED      =      5806.7755
 1-4 NB =      1971.2978  1-4 EEL =     24096.2608  VDWAALS    =     32270.0866
 EELEC  =   -335326.7353  EHBOND  =         0.0000  RESTRAINT  =         0.0000
 Ewald error estimate:   0.6009E-04
 ------------------------------------------------------------------------------


 NSTEP =     5600   TIME(PS) =      11.200  TEMP(K) =   296.21  PRESS =     0.0
 Etot   =   -211144.7708  EKtot   =     53877.3630  EPtot      =   -265022.1338
 BOND   =      1605.9374  ANGLE   =      4324.5549  DIHED      =      5805.2963
 1-4 NB =      1997.4066  1-4 EEL =     24136.2331  VDWAALS    =     32563.7451
 EELEC  =   -335455.3073  EHBOND  =         0.0000  RESTRAINT  =         0.0000
 Ewald error estimate:   0.3143E-04
 ------------------------------------------------------------------------------


 NSTEP =     5700   TIME(PS) =      11.400  TEMP(K) =   298.25  PRESS =     0.0
 Etot   =   -211007.9019  EKtot   =     54246.8051  EPtot      =   -265254.7070
 BOND   =      1644.0479  ANGLE   =      4363.2782  DIHED      =      5841.0007
 1-4 NB =      1983.2354  1-4 EEL =     24159.5404  VDWAALS    =     32692.4330
 EELEC  =   -335938.2424  EHBOND  =         0.0000  RESTRAINT  =         0.0000
 Ewald error estimate:   0.4772E-04
 ------------------------------------------------------------------------------


 NSTEP =     5800   TIME(PS) =      11.600  TEMP(K) =   298.15  PRESS =     0.0
 Etot   =   -210977.0492  EKtot   =     54229.6363  EPtot      =   -265206.6854
 BOND   =      1644.3184  ANGLE   =      4364.2849  DIHED      =      5774.2552
 1-4 NB =      1926.1989  1-4 EEL =     24118.3654  VDWAALS    =     32327.1120
 EELEC  =   -335361.2201  EHBOND  =         0.0000  RESTRAINT  =         0.0000
 Ewald error estimate:   0.8987E-04
 ------------------------------------------------------------------------------


 NSTEP =     5900   TIME(PS) =      11.800  TEMP(K) =   299.41  PRESS =     0.0
 Etot   =   -211014.7481  EKtot   =     54458.1751  EPtot      =   -265472.9232
 BOND   =      1614.2261  ANGLE   =      4395.6855  DIHED      =      5831.4855
 1-4 NB =      1955.7374  1-4 EEL =     24100.3417  VDWAALS    =     32699.2918
 EELEC  =   -336069.6911  EHBOND  =         0.0000  RESTRAINT  =         0.0000
 Ewald error estimate:   0.5153E-05
 ------------------------------------------------------------------------------


 NSTEP =     6000   TIME(PS) =      12.000  TEMP(K) =   297.57  PRESS =     0.0
 Etot   =   -211228.8974  EKtot   =     54124.0905  EPtot      =   -265352.9880
 BOND   =      1589.1484  ANGLE   =      4378.6077  DIHED      =      5806.7236
 1-4 NB =      1987.5341  1-4 EEL =     24119.7386  VDWAALS    =     32412.0237
 EELEC  =   -335646.7640  EHBOND  =         0.0000  RESTRAINT  =         0.0000
 Ewald error estimate:   0.8241E-04
 ------------------------------------------------------------------------------


 NSTEP =     6100   TIME(PS) =      12.200  TEMP(K) =   298.55  PRESS =     0.0
 Etot   =   -211081.7693  EKtot   =     54301.9524  EPtot      =   -265383.7217
 BOND   =      1698.7168  ANGLE   =      4355.3035  DIHED      =      5758.4858
 1-4 NB =      1947.0147  1-4 EEL =     24152.8944  VDWAALS    =     32715.5444
 EELEC  =   -336011.6812  EHBOND  =         0.0000  RESTRAINT  =         0.0000
 Ewald error estimate:   0.5178E-04
 ------------------------------------------------------------------------------


 NSTEP =     6200   TIME(PS) =      12.400  TEMP(K) =   301.41  PRESS =     0.0
 Etot   =   -210942.8765  EKtot   =     54822.7894  EPtot      =   -265765.6658
 BOND   =      1612.0047  ANGLE   =      4258.6664  DIHED      =      5779.2608
 1-4 NB =      1953.5492  1-4 EEL =     24144.2641  VDWAALS    =     31951.4508
 EELEC  =   -335464.8618  EHBOND  =         0.0000  RESTRAINT  =         0.0000
 Ewald error estimate:   0.8549E-04
 ------------------------------------------------------------------------------


 NSTEP =     6300   TIME(PS) =      12.600  TEMP(K) =   297.45  PRESS =     0.0
 Etot   =   -210832.5553  EKtot   =     54101.8209  EPtot      =   -264934.3761
 BOND   =      1615.5885  ANGLE   =      4408.3350  DIHED      =      5848.2349
 1-4 NB =      1976.8735  1-4 EEL =     24154.9543  VDWAALS    =     31943.5752
 EELEC  =   -334881.9375  EHBOND  =         0.0000  RESTRAINT  =         0.0000
 Ewald error estimate:   0.6800E-04
 ------------------------------------------------------------------------------


 NSTEP =     6400   TIME(PS) =      12.800  TEMP(K) =   300.64  PRESS =     0.0
 Etot   =   -210551.0655  EKtot   =     54682.3745  EPtot      =   -265233.4400
 BOND   =      1633.1325  ANGLE   =      4438.1414  DIHED      =      5808.2357
 1-4 NB =      1966.0562  1-4 EEL =     24100.9146  VDWAALS    =     32524.3659
 EELEC  =   -335704.2863  EHBOND  =         0.0000  RESTRAINT  =         0.0000
 Ewald error estimate:   0.1524E-03
 ------------------------------------------------------------------------------


 NSTEP =     6500   TIME(PS) =      13.000  TEMP(K) =   300.37  PRESS =     0.0
 Etot   =   -210682.9219  EKtot   =     54633.6922  EPtot      =   -265316.6142
 BOND   =      1614.8501  ANGLE   =      4392.8462  DIHED      =      5790.3267
 1-4 NB =      1994.1989  1-4 EEL =     24158.6257  VDWAALS    =     32580.6978
 EELEC  =   -335848.1595  EHBOND  =         0.0000  RESTRAINT  =         0.0000
 Ewald error estimate:   0.7281E-05
 ------------------------------------------------------------------------------


 NSTEP =     6600   TIME(PS) =      13.200  TEMP(K) =   299.35  PRESS =     0.0
 Etot   =   -210743.1523  EKtot   =     54448.0230  EPtot      =   -265191.1753
 BOND   =      1603.9802  ANGLE   =      4422.3339  DIHED      =      5765.0836
 1-4 NB =      1967.7163  1-4 EEL =     24101.7535  VDWAALS    =     32251.6296
 EELEC  =   -335303.6724  EHBOND  =         0.0000  RESTRAINT  =         0.0000
 Ewald error estimate:   0.1516E-03
 ------------------------------------------------------------------------------


 NSTEP =     6700   TIME(PS) =      13.400  TEMP(K) =   299.28  PRESS =     0.0
 Etot   =   -211075.1231  EKtot   =     54434.3285  EPtot      =   -265509.4516
 BOND   =      1532.5522  ANGLE   =      4289.3349  DIHED      =      5829.3593
 1-4 NB =      1973.1049  1-4 EEL =     24083.3538  VDWAALS    =     32310.4654
 EELEC  =   -335527.6222  EHBOND  =         0.0000  RESTRAINT  =         0.0000
 Ewald error estimate:   0.7697E-05
 ------------------------------------------------------------------------------


 NSTEP =     6800   TIME(PS) =      13.600  TEMP(K) =   298.76  PRESS =     0.0
 Etot   =   -211082.9211  EKtot   =     54340.3793  EPtot      =   -265423.3003
 BOND   =      1569.6293  ANGLE   =      4381.7974  DIHED      =      5786.9502
 1-4 NB =      1956.7622  1-4 EEL =     24112.3856  VDWAALS    =     32621.3631
 EELEC  =   -335852.1881  EHBOND  =         0.0000  RESTRAINT  =         0.0000
 Ewald error estimate:   0.1714E-04
 ------------------------------------------------------------------------------


 NSTEP =     6900   TIME(PS) =      13.800  TEMP(K) =   298.33  PRESS =     0.0
 Etot   =   -211200.0993  EKtot   =     54262.5723  EPtot      =   -265462.6716
 BOND   =      1647.9504  ANGLE   =      4333.7275  DIHED      =      5831.9415
 1-4 NB =      1943.7077  1-4 EEL =     24122.4855  VDWAALS    =     32362.3087
 EELEC  =   -335704.7928  EHBOND  =         0.0000  RESTRAINT  =         0.0000
 Ewald error estimate:   0.5979E-04
 ------------------------------------------------------------------------------


 NSTEP =     7000   TIME(PS) =      14.000  TEMP(K) =   298.30  PRESS =     0.0
 Etot   =   -211179.3274  EKtot   =     54257.2606  EPtot      =   -265436.5879
 BOND   =      1603.9564  ANGLE   =      4316.6182  DIHED      =      5876.0326
 1-4 NB =      1965.8817  1-4 EEL =     24131.3841  VDWAALS    =     32241.4075
 EELEC  =   -335571.8683  EHBOND  =         0.0000  RESTRAINT  =         0.0000
 Ewald error estimate:   0.6915E-04
 ------------------------------------------------------------------------------


 NSTEP =     7100   TIME(PS) =      14.200  TEMP(K) =   296.63  PRESS =     0.0
 Etot   =   -211429.0935  EKtot   =     53952.8162  EPtot      =   -265381.9097
 BOND   =      1618.2347  ANGLE   =      4350.5590  DIHED      =      5851.0458
 1-4 NB =      1973.1116  1-4 EEL =     24126.0900  VDWAALS    =     32297.5340
 EELEC  =   -335598.4848  EHBOND  =         0.0000  RESTRAINT  =         0.0000
 Ewald error estimate:   0.3411E-05
 ------------------------------------------------------------------------------


 NSTEP =     7200   TIME(PS) =      14.400  TEMP(K) =   298.85  PRESS =     0.0
 Etot   =   -211268.2307  EKtot   =     54357.0048  EPtot      =   -265625.2355
 BOND   =      1624.5791  ANGLE   =      4364.8132  DIHED      =      5801.4817
 1-4 NB =      1931.0746  1-4 EEL =     24073.1161  VDWAALS    =     31921.0575
 EELEC  =   -335341.3577  EHBOND  =         0.0000  RESTRAINT  =         0.0000
 Ewald error estimate:   0.6694E-04
 ------------------------------------------------------------------------------

