
          -------------------------------------------------------
          Amber 22 SANDER                              2022
          -------------------------------------------------------

| Run on 06/19/2022 at 18:09:10

|   Executable path: sander
| Working directory: /home/ubuntu/PoDProjects/MS/src/scripts
|          Hostname: Unknown
  [-O]verwriting output

File Assignments:
|  MDIN: min_pbc.in                                                            
| MDOUT: ../out/chain_b_efz_solv_box_min.out                                   
|INPCRD: ../res/chain_b_efz_solv_box.rst7                                      
|  PARM: ../res/chain_b_efz_solv_box.prmtop                                    
|RESTRT: ../res/chain_b_efz_solv_box_min.ncrst                                 
|  REFC: refc                                                                  
| MDVEL: mdvel                                                                 
| MDFRC: mdfrc                                                                 
|  MDEN: mden                                                                  
| MDCRD: mdcrd                                                                 
|MDINFO: mdinfo                                                                
|  MTMD: mtmd                                                                  
|INPDIP: inpdip                                                                
|RSTDIP: rstdip                                                                
|INPTRA: inptraj                                                               


 Here is the input file:

cat > mdin <<EOF                                                               
&cntrl                                                                         
  imin   = 1,                                                                  
  maxcyc = 2000,                                                               
  ncyc   = 2000,                                                               
  ntb    = 1,                                                                  
  ntr    = 0,                                                                  
  cut    = 15.0                                                                
 /                                                                             
EOF                                                                            
                                                                               
set output = minout                                                            

--------------------------------------------------------------------------------
   1.  RESOURCE   USE: 
--------------------------------------------------------------------------------

| Flags:                                                                        
 getting new box info from bottom of inpcrd
|  INFO: Old style inpcrd file read

| peek_ewald_inpcrd: Box info found
|Largest sphere to fit in unit cell has radius =    40.651
| New format PARM file being parsed.
| Version =    1.000 Date = 06/19/22 Time = 17:39:38
 NATOM  =   69313 NTYPES =      20 NBONH =   65948 MBONA  =    3457
 NTHETH =    7763 MTHETA =    4705 NPHIH =   15119 MPHIA  =   11685
 NHPARM =       0 NPARM  =       0 NNB   =  121095 NRES   =   21265
 NBONA  =    3457 NTHETA =    4705 NPHIA =   11685 NUMBND =      60
 NUMANG =     116 NPTRA  =      49 NATYP =      44 NPHB   =       0
 IFBOX  =       1 NMXRS  =      30 IFCAP =       0 NEXTRA =       0
 NCOPY  =       0


|     Memory Use     Allocated
|     Real             6191942
|     Hollerith         229206
|     Integer          2909183
|     Max Pairs      113511589
|     nblistReal        831756
|     nblist Int       2076408
|       Total           518647 kbytes

| Note: 1-4 EEL scale factors are being read from the topology file.

| Note: 1-4 VDW scale factors are being read from the topology file.
| Duplicated    0 dihedrals
| Duplicated    0 dihedrals

     BOX TYPE: RECTILINEAR

--------------------------------------------------------------------------------
   2.  CONTROL  DATA  FOR  THE  RUN
--------------------------------------------------------------------------------

default_name                                                                    

General flags:
     imin    =       1, nmropt  =       0

Nature and format of input:
     ntx     =       1, irest   =       0, ntrx    =       1

Nature and format of output:
     ntxo    =       2, ntpr    =      50, ntrx    =       1, ntwr    =       1
     iwrap   =       0, ntwx    =       0, ntwv    =       0, ntwe    =       0
     ioutfm  =       1, ntwprt  =       0, idecomp =       0, rbornstat=      0

Potential function:
     ntf     =       1, ntb     =       1, igb     =       0, nsnb    =      25
     ipol    =       0, gbsa    =       0, iesp    =       0
     dielc   =   1.00000, cut     =  15.00000, intdiel =   1.00000

Frozen or restrained atoms:
     ibelly  =       0, ntr     =       0

Energy minimization:
     maxcyc  =    2000, ncyc    =    2000, ntmin   =       1
     dx0     =   0.01000, drms    =   0.00010

Ewald parameters:
     verbose =       0, ew_type =       0, nbflag  =       1, use_pme =       1
     vdwmeth =       1, eedmeth =       1, netfrc  =       0
     Box X =  114.609   Box Y =   90.423   Box Z =   81.303
     Alpha =   90.000   Beta  =   90.000   Gamma =   90.000
     NFFT1 =  120       NFFT2 =   90       NFFT3 =   81
     Cutoff=   15.000   Tol   =0.100E-04
     Ewald Coefficient =  0.17871
     Interpolation order =    4

--------------------------------------------------------------------------------
   3.  ATOMIC COORDINATES AND VELOCITIES
--------------------------------------------------------------------------------

default_name                                                                    
 begin time read from input coords =     0.000 ps

 Number of triangulated 3-point waters found:    20855

     Sum of charges from parm topology file =  -0.00200016
     Forcing neutrality...

--------------------------------------------------------------------------------
   4.  RESULTS
--------------------------------------------------------------------------------

 ---------------------------------------------------
 APPROXIMATING switch and d/dx switch using CUBIC SPLINE INTERPOLATION
 using   5000.0 points per unit in tabled values
 TESTING RELATIVE ERROR over r ranging from 0.0 to cutoff
| CHECK switch(x): max rel err =   0.2738E-14   at   2.422500
| CHECK d/dx switch(x): max rel err =   0.7766E-11   at   2.666360
 ---------------------------------------------------
| Local SIZE OF NONBOND LIST =   59318209
| TOTAL SIZE OF NONBOND LIST =   59318209


   NSTEP       ENERGY          RMS            GMAX         NAME    NUMBER
      1      -1.0760E+05     5.0687E+01     6.8741E+03     C        1428

 BOND    =    78021.1571  ANGLE   =     1429.0498  DIHED      =     3911.3101
 VDWAALS =    22741.6604  EEL     =  -235755.4120  HBOND      =        0.0000
 1-4 VDW =     2099.0802  1-4 EEL =    19948.8129  RESTRAINT  =        0.0000


   NSTEP       ENERGY          RMS            GMAX         NAME    NUMBER
     50      -2.1376E+05     4.8440E+00     6.8915E+02     C9         16

 BOND    =    13888.7672  ANGLE   =     2310.1874  DIHED      =     4057.7099
 VDWAALS =    18121.5471  EEL     =  -273608.8791  HBOND      =        0.0000
 1-4 VDW =     1902.6632  1-4 EEL =    19567.8348  RESTRAINT  =        0.0000


   NSTEP       ENERGY          RMS            GMAX         NAME    NUMBER
    100      -2.2907E+05     2.0232E+00     3.4287E+02     C        3503

 BOND    =    13450.8789  ANGLE   =     1345.6310  DIHED      =     4049.9403
 VDWAALS =    19420.6944  EEL     =  -288352.1073  HBOND      =        0.0000
 1-4 VDW =     1626.2304  1-4 EEL =    19387.1716  RESTRAINT  =        0.0000


   NSTEP       ENERGY          RMS            GMAX         NAME    NUMBER
    150      -2.3445E+05     1.8683E+00     4.5289E+02     C9         16

 BOND    =    13842.8381  ANGLE   =     1216.0876  DIHED      =     4050.8670
 VDWAALS =    20828.2004  EEL     =  -295260.9333  HBOND      =        0.0000
 1-4 VDW =     1544.9942  1-4 EEL =    19332.2187  RESTRAINT  =        0.0000


   NSTEP       ENERGY          RMS            GMAX         NAME    NUMBER
    200      -2.3768E+05     2.7299E+00     7.1142E+02     C9         16

 BOND    =    14289.1074  ANGLE   =     1155.5538  DIHED      =     4048.5974
 VDWAALS =    22132.8205  EEL     =  -300115.0249  HBOND      =        0.0000
 1-4 VDW =     1502.1980  1-4 EEL =    19302.3542  RESTRAINT  =        0.0000


   NSTEP       ENERGY          RMS            GMAX         NAME    NUMBER
    250      -2.4038E+05     1.0823E+00     2.3806E+02     C9         16

 BOND    =    14481.6586  ANGLE   =     1114.3539  DIHED      =     4044.0269
 VDWAALS =    23407.0024  EEL     =  -304186.9477  HBOND      =        0.0000
 1-4 VDW =     1473.9789  1-4 EEL =    19283.1283  RESTRAINT  =        0.0000


   NSTEP       ENERGY          RMS            GMAX         NAME    NUMBER
    300      -2.4231E+05     2.3487E+00     6.1303E+02     C9         16

 BOND    =    14873.8270  ANGLE   =     1088.9996  DIHED      =     4038.6374
 VDWAALS =    24605.6746  EEL     =  -307640.5043  HBOND      =        0.0000
 1-4 VDW =     1454.3745  1-4 EEL =    19270.1990  RESTRAINT  =        0.0000


   NSTEP       ENERGY          RMS            GMAX         NAME    NUMBER
    350      -2.4407E+05     1.3825E+00     3.4430E+02     C9         16

 BOND    =    15067.0784  ANGLE   =     1070.6115  DIHED      =     4033.6103
 VDWAALS =    25737.1569  EEL     =  -310680.4538  HBOND      =        0.0000
 1-4 VDW =     1438.0691  1-4 EEL =    19260.9958  RESTRAINT  =        0.0000


   NSTEP       ENERGY          RMS            GMAX         NAME    NUMBER
    400      -2.4546E+05     2.0148E+00     5.2567E+02     C9         16

 BOND    =    15359.7877  ANGLE   =     1058.4143  DIHED      =     4029.2696
 VDWAALS =    26785.7312  EEL     =  -313369.3750  HBOND      =        0.0000
 1-4 VDW =     1426.3193  1-4 EEL =    19254.4045  RESTRAINT  =        0.0000


   NSTEP       ENERGY          RMS            GMAX         NAME    NUMBER
    450      -2.4675E+05     1.1917E+00     2.9656E+02     C9         16

 BOND    =    15523.3370  ANGLE   =     1048.0738  DIHED      =     4025.3357
 VDWAALS =    27748.0769  EEL     =  -315766.3489  HBOND      =        0.0000
 1-4 VDW =     1417.6865  1-4 EEL =    19249.6743  RESTRAINT  =        0.0000


   NSTEP       ENERGY          RMS            GMAX         NAME    NUMBER
    500      -2.4782E+05     1.7089E+00     4.4461E+02     C9         16

 BOND    =    15759.9157  ANGLE   =     1040.7486  DIHED      =     4021.9346
 VDWAALS =    28637.4648  EEL     =  -317937.9556  HBOND      =        0.0000
 1-4 VDW =     1410.1664  1-4 EEL =    19246.0948  RESTRAINT  =        0.0000


   NSTEP       ENERGY          RMS            GMAX         NAME    NUMBER
    550      -2.4888E+05     6.0848E-01     1.2248E+02     C9         16

 BOND    =    15893.9264  ANGLE   =     1033.9937  DIHED      =     4019.3403
 VDWAALS =    29469.8715  EEL     =  -319938.7550  HBOND      =        0.0000
 1-4 VDW =     1402.9666  1-4 EEL =    19243.3113  RESTRAINT  =        0.0000


   NSTEP       ENERGY          RMS            GMAX         NAME    NUMBER
    600      -2.4972E+05     1.4926E+00     3.8727E+02     C9         16

 BOND    =    16105.3194  ANGLE   =     1028.9471  DIHED      =     4017.4188
 VDWAALS =    30223.1426  EEL     =  -321728.8266  HBOND      =        0.0000
 1-4 VDW =     1397.4760  1-4 EEL =    19241.0343  RESTRAINT  =        0.0000


   NSTEP       ENERGY          RMS            GMAX         NAME    NUMBER
    650      -2.5057E+05     5.3304E-01     1.0330E+02     C9         16

 BOND    =    16220.2673  ANGLE   =     1023.5078  DIHED      =     4015.7752
 VDWAALS =    30924.4359  EEL     =  -323382.3525  HBOND      =        0.0000
 1-4 VDW =     1393.2469  1-4 EEL =    19238.9930  RESTRAINT  =        0.0000


   NSTEP       ENERGY          RMS            GMAX         NAME    NUMBER
    700      -2.5129E+05     1.2327E+00     3.1693E+02     C9         16

 BOND    =    16396.1439  ANGLE   =     1019.2667  DIHED      =     4014.6384
 VDWAALS =    31583.9776  EEL     =  -324931.0546  HBOND      =        0.0000
 1-4 VDW =     1389.4206  1-4 EEL =    19236.9844  RESTRAINT  =        0.0000


   NSTEP       ENERGY          RMS            GMAX         NAME    NUMBER
    750      -2.5202E+05     7.2891E-01     1.7253E+02     C9         16

 BOND    =    16516.5055  ANGLE   =     1015.2333  DIHED      =     4014.0417
 VDWAALS =    32208.2461  EEL     =  -326394.5941  HBOND      =        0.0000
 1-4 VDW =     1385.1894  1-4 EEL =    19234.9603  RESTRAINT  =        0.0000


   NSTEP       ENERGY          RMS            GMAX         NAME    NUMBER
    800      -2.5267E+05     1.0906E+00     2.7882E+02     C9         16

 BOND    =    16665.0360  ANGLE   =     1011.7069  DIHED      =     4013.5381
 VDWAALS =    32797.2205  EEL     =  -327771.8915  HBOND      =        0.0000
 1-4 VDW =     1381.8047  1-4 EEL =    19232.9976  RESTRAINT  =        0.0000


   NSTEP       ENERGY          RMS            GMAX         NAME    NUMBER
    850      -2.5331E+05     5.5253E-01     1.2052E+02     C9         16

 BOND    =    16771.7538  ANGLE   =     1008.0067  DIHED      =     4012.9067
 VDWAALS =    33352.5849  EEL     =  -329067.4391  HBOND      =        0.0000
 1-4 VDW =     1379.1964  1-4 EEL =    19231.0910  RESTRAINT  =        0.0000


   NSTEP       ENERGY          RMS            GMAX         NAME    NUMBER
    900      -2.5388E+05     9.5606E-01     2.4249E+02     C9         16

 BOND    =    16904.8237  ANGLE   =     1004.9567  DIHED      =     4012.3024
 VDWAALS =    33877.4166  EEL     =  -330287.6416  HBOND      =        0.0000
 1-4 VDW =     1376.7419  1-4 EEL =    19229.2353  RESTRAINT  =        0.0000


   NSTEP       ENERGY          RMS            GMAX         NAME    NUMBER
    950      -2.5445E+05     4.1378E-01     7.5342E+01     C9         16

 BOND    =    17001.6267  ANGLE   =     1001.7357  DIHED      =     4011.7424
 VDWAALS =    34370.3401  EEL     =  -331433.3150  HBOND      =        0.0000
 1-4 VDW =     1374.1750  1-4 EEL =    19227.7328  RESTRAINT  =        0.0000


   NSTEP       ENERGY          RMS            GMAX         NAME    NUMBER
   1000      -2.5499E+05     4.6948E-01     8.7580E+01     C9         16

 BOND    =    17107.5272  ANGLE   =      975.1256  DIHED      =     4010.6341
 VDWAALS =    34833.1680  EEL     =  -332510.7057  HBOND      =        0.0000
 1-4 VDW =     1371.8358  1-4 EEL =    19225.1623  RESTRAINT  =        0.0000


   NSTEP       ENERGY          RMS            GMAX         NAME    NUMBER
   1050      -2.5551E+05     1.1451E+00     2.9706E+02     C9         16

 BOND    =    17232.6100  ANGLE   =      925.1619  DIHED      =     4010.6516
 VDWAALS =    35271.2943  EEL     =  -333524.1083  HBOND      =        0.0000
 1-4 VDW =     1365.9232  1-4 EEL =    19212.9847  RESTRAINT  =        0.0000


   NSTEP       ENERGY          RMS            GMAX         NAME    NUMBER
   1100      -2.5601E+05     3.9218E-01     7.3039E+01     C9         16

 BOND    =    17302.4051  ANGLE   =      919.0227  DIHED      =     4010.1292
 VDWAALS =    35693.9404  EEL     =  -334506.5190  HBOND      =        0.0000
 1-4 VDW =     1363.8663  1-4 EEL =    19208.6676  RESTRAINT  =        0.0000


   NSTEP       ENERGY          RMS            GMAX         NAME    NUMBER
   1150      -2.5646E+05     2.9153E-01     2.5517E+01     C9         16

 BOND    =    17391.7036  ANGLE   =      915.5897  DIHED      =     4009.4577
 VDWAALS =    36095.6225  EEL     =  -335442.6083  HBOND      =        0.0000
 1-4 VDW =     1362.2448  1-4 EEL =    19206.2656  RESTRAINT  =        0.0000


   NSTEP       ENERGY          RMS            GMAX         NAME    NUMBER
   1200      -2.5689E+05     5.6138E-01     1.3200E+02     C9         16

 BOND    =    17484.1829  ANGLE   =      912.9233  DIHED      =     4008.6145
 VDWAALS =    36483.9294  EEL     =  -336347.3328  HBOND      =        0.0000
 1-4 VDW =     1360.9212  1-4 EEL =    19204.5773  RESTRAINT  =        0.0000


   NSTEP       ENERGY          RMS            GMAX         NAME    NUMBER
   1250      -2.5729E+05     8.4939E-01     2.1636E+02     C9         16

 BOND    =    17575.5235  ANGLE   =      910.6367  DIHED      =     4007.6914
 VDWAALS =    36852.5606  EEL     =  -337202.4316  HBOND      =        0.0000
 1-4 VDW =     1359.8035  1-4 EEL =    19203.2503  RESTRAINT  =        0.0000


   NSTEP       ENERGY          RMS            GMAX         NAME    NUMBER
   1300      -2.5768E+05     2.6569E-01     1.8933E+01     C9         16

 BOND    =    17636.8466  ANGLE   =      908.1932  DIHED      =     4006.6677
 VDWAALS =    37194.3374  EEL     =  -337990.9516  HBOND      =        0.0000
 1-4 VDW =     1359.0971  1-4 EEL =    19202.1810  RESTRAINT  =        0.0000


   NSTEP       ENERGY          RMS            GMAX         NAME    NUMBER
   1350      -2.5806E+05     7.2790E-01     1.8293E+02     C9         16

 BOND    =    17723.9748  ANGLE   =      905.9598  DIHED      =     4005.5767
 VDWAALS =    37542.7841  EEL     =  -338792.8854  HBOND      =        0.0000
 1-4 VDW =     1358.4137  1-4 EEL =    19201.1732  RESTRAINT  =        0.0000


   NSTEP       ENERGY          RMS            GMAX         NAME    NUMBER
   1400      -2.5840E+05     1.0585E+00     2.7545E+02     C9         16

 BOND    =    17809.0721  ANGLE   =      904.0138  DIHED      =     4004.5120
 VDWAALS =    37869.1425  EEL     =  -339541.4755  HBOND      =        0.0000
 1-4 VDW =     1357.7461  1-4 EEL =    19200.2977  RESTRAINT  =        0.0000


   NSTEP       ENERGY          RMS            GMAX         NAME    NUMBER
   1450      -2.5875E+05     6.3072E-01     1.5609E+02     C9         16

 BOND    =    17862.7316  ANGLE   =      902.1978  DIHED      =     4003.5895
 VDWAALS =    38180.6984  EEL     =  -340255.4390  HBOND      =        0.0000
 1-4 VDW =     1356.5323  1-4 EEL =    19199.4851  RESTRAINT  =        0.0000


   NSTEP       ENERGY          RMS            GMAX         NAME    NUMBER
   1500      -2.5906E+05     8.9759E-01     2.3158E+02     C9         16

 BOND    =    17937.7199  ANGLE   =      900.6494  DIHED      =     4002.5898
 VDWAALS =    38478.0510  EEL     =  -340937.4704  HBOND      =        0.0000
 1-4 VDW =     1355.7601  1-4 EEL =    19198.8046  RESTRAINT  =        0.0000


   NSTEP       ENERGY          RMS            GMAX         NAME    NUMBER
   1550      -2.5939E+05     3.0787E-01     5.4899E+01     C9         16

 BOND    =    17985.3204  ANGLE   =      898.8971  DIHED      =     4001.5138
 VDWAALS =    38763.7890  EEL     =  -341594.7573  HBOND      =        0.0000
 1-4 VDW =     1355.3096  1-4 EEL =    19198.2577  RESTRAINT  =        0.0000


   NSTEP       ENERGY          RMS            GMAX         NAME    NUMBER
   1600      -2.5968E+05     7.6820E-01     1.9601E+02     C9         16

 BOND    =    18057.7266  ANGLE   =      897.5334  DIHED      =     4000.5239
 VDWAALS =    39039.9672  EEL     =  -342232.4361  HBOND      =        0.0000
 1-4 VDW =     1354.8011  1-4 EEL =    19197.7879  RESTRAINT  =        0.0000


   NSTEP       ENERGY          RMS            GMAX         NAME    NUMBER
   1650      -2.5998E+05     2.3185E-01     1.8769E+01     C9         16

 BOND    =    18103.8907  ANGLE   =      896.2171  DIHED      =     3999.7166
 VDWAALS =    39296.9875  EEL     =  -342828.2851  HBOND      =        0.0000
 1-4 VDW =     1353.9412  1-4 EEL =    19197.3916  RESTRAINT  =        0.0000


   NSTEP       ENERGY          RMS            GMAX         NAME    NUMBER
   1700      -2.6026E+05     7.1719E-01     1.8226E+02     C9         16

 BOND    =    18172.0000  ANGLE   =      895.0642  DIHED      =     3998.9177
 VDWAALS =    39553.7736  EEL     =  -343425.3331  HBOND      =        0.0000
 1-4 VDW =     1353.2083  1-4 EEL =    19197.0809  RESTRAINT  =        0.0000


   NSTEP       ENERGY          RMS            GMAX         NAME    NUMBER
   1750      -2.6052E+05     2.2227E-01     1.6825E+01     C9         16

 BOND    =    18213.1949  ANGLE   =      893.7234  DIHED      =     3998.1162
 VDWAALS =    39782.8632  EEL     =  -343959.2755  HBOND      =        0.0000
 1-4 VDW =     1352.8793  1-4 EEL =    19196.9143  RESTRAINT  =        0.0000


   NSTEP       ENERGY          RMS            GMAX         NAME    NUMBER
   1800      -2.6078E+05     5.5617E-01     1.3714E+02     C9         16

 BOND    =    18271.0737  ANGLE   =      892.5267  DIHED      =     3997.3229
 VDWAALS =    40014.6658  EEL     =  -344500.5033  HBOND      =        0.0000
 1-4 VDW =     1352.5356  1-4 EEL =    19196.8080  RESTRAINT  =        0.0000


   NSTEP       ENERGY          RMS            GMAX         NAME    NUMBER
   1850      -2.6102E+05     8.0713E-01     2.0759E+02     C9         16

 BOND    =    18328.4549  ANGLE   =      891.4472  DIHED      =     3996.5568
 VDWAALS =    40235.6019  EEL     =  -345018.0511  HBOND      =        0.0000
 1-4 VDW =     1352.1965  1-4 EEL =    19196.7661  RESTRAINT  =        0.0000


   NSTEP       ENERGY          RMS            GMAX         NAME    NUMBER
   1900      -2.6126E+05     4.9171E-01     1.1913E+02     C9         16

 BOND    =    18367.1707  ANGLE   =      890.4903  DIHED      =     3995.9134
 VDWAALS =    40444.2194  EEL     =  -345509.5506  HBOND      =        0.0000
 1-4 VDW =     1351.4626  1-4 EEL =    19196.7591  RESTRAINT  =        0.0000


   NSTEP       ENERGY          RMS            GMAX         NAME    NUMBER
   1950      -2.6149E+05     6.9966E-01     1.7817E+02     C9         16

 BOND    =    18419.4307  ANGLE   =      889.6559  DIHED      =     3995.1731
 VDWAALS =    40649.7704  EEL     =  -345994.6579  HBOND      =        0.0000
 1-4 VDW =     1351.0432  1-4 EEL =    19196.8403  RESTRAINT  =        0.0000


   NSTEP       ENERGY          RMS            GMAX         NAME    NUMBER
   2000      -2.6172E+05     2.0497E-01     1.5337E+01     C9         16

 BOND    =    18453.2227  ANGLE   =      888.7244  DIHED      =     3994.3803
 VDWAALS =    40842.5001  EEL     =  -346449.8244  HBOND      =        0.0000
 1-4 VDW =     1350.8637  1-4 EEL =    19196.9845  RESTRAINT  =        0.0000


  Maximum number of minimization cycles reached.


                    FINAL RESULTS



   NSTEP       ENERGY          RMS            GMAX         NAME    NUMBER
   2000      -2.6172E+05     2.0497E-01     1.5337E+01     C9         16

 BOND    =    18453.2227  ANGLE   =      888.7244  DIHED      =     3994.3803
 VDWAALS =    40842.5001  EEL     =  -346449.8244  HBOND      =        0.0000
 1-4 VDW =     1350.8637  1-4 EEL =    19196.9845  RESTRAINT  =        0.0000

--------------------------------------------------------------------------------
   5.  TIMINGS
--------------------------------------------------------------------------------

|                Build the list            28.61 (98.24% of List )
|                Other                      0.51 ( 1.76% of List )
|             List time                 29.12 ( 0.60% of Nonbo)
|                   Short_ene time          4533.16 (99.70% of Direc)
|                   Other                     13.47 ( 0.30% of Direc)
|                Direct Ewald time       4546.62 (94.06% of Ewald)
|                Adjust Ewald time         10.40 ( 0.22% of Ewald)
|                   Fill Bspline coeffs       10.38 ( 3.79% of Recip)
|                   Fill charge grid          47.82 (17.46% of Recip)
|                   Scalar sum                44.36 (16.20% of Recip)
|                   Grad sum                  62.73 (22.91% of Recip)
|                   FFT time                 108.56 (39.64% of Recip)
|                   Other                      0.02 ( 0.01% of Recip)
|                Recip Ewald time         273.86 ( 5.67% of Ewald)
|                Virial junk                0.98 ( 0.02% of Ewald)
|                Other                      1.94 ( 0.04% of Ewald)
|             Ewald time              4833.80 (99.40% of Nonbo)
|          Nonbond force           4862.92 (99.65% of Force)
|          Bond/Angle/Dihedral       17.02 ( 0.35% of Force)
|          Other                      0.27 ( 0.01% of Force)
|       Force time              4880.22 (100.0% of Runmd)
|    Runmd Time              4880.22 (99.26% of Total)
|    Other                     36.18 ( 0.74% of Total)
| Total time              4916.45 (100.0% of ALL  )

| Number of list builds   :         18

| Highest rstack allocated:    3700017
| Highest istack allocated:      69313
|           Job began  at 18:09:10.538  on 06/19/2022
|           Setup done at 18:09:11.099  on 06/19/2022
|           Run   done at 19:31:06.993  on 06/19/2022
|     wallclock() was called   76084 times

|3D-RISM memory allocation summary
|Type          Maximum        Current   
|Integer       0.00000 GB     0.00000 GB
|Real          0.00000 GB     0.00000 GB
|Logical       0.00000 GB     0.00000 GB
|Character     0.00000 GB     0.00000 GB
|---------------------------------------
|Total         0.00000 GB     0.00000 GB
