
          -------------------------------------------------------
          Amber 22 SANDER                              2022
          -------------------------------------------------------

| Run on 06/13/2022 at 20:39:02

|   Executable path: sander
| Working directory: /home/ubuntu/PoDProjects/MS/src/scripts
|          Hostname: Unknown
  [-O]verwriting output

File Assignments:
|  MDIN: minimize.in                                                           
| MDOUT: ../out/chain_a_solv_box_min.out                                       
|INPCRD: ../res/chain_a_solv_box.rst7                                          
|  PARM: ../res/chain_a_solv_box.prmtop                                        
|RESTRT: ../res/chain_a_solv_box_min.ncrst                                     
|  REFC: refc                                                                  
| MDVEL: mdvel                                                                 
| MDFRC: mdfrc                                                                 
|  MDEN: mden                                                                  
| MDCRD: mdcrd                                                                 
|MDINFO: mdinfo                                                                
|  MTMD: mtmd                                                                  
|INPDIP: inpdip                                                                
|RSTDIP: rstdip                                                                
|INPTRA: inptraj                                                               


 Here is the input file:

cat > mdin <<EOF                                                               
&cntrl                                                                         
  imin   = 1,                                                                  
  maxcyc = 2000,                                                               
  ncyc   = 2000,                                                               
  ntb    = 1,                                                                  
  ntr    = 0,                                                                  
  cut    = 15.0                                                                
 /                                                                             
EOF                                                                            
                                                                               
set output = minout                                                            

--------------------------------------------------------------------------------
   1.  RESOURCE   USE: 
--------------------------------------------------------------------------------

| Flags:                                                                        
 getting new box info from bottom of inpcrd
|  INFO: Old style inpcrd file read

| peek_ewald_inpcrd: Box info found
|Largest sphere to fit in unit cell has radius =    42.892
| New format PARM file being parsed.
| Version =    1.000 Date = 06/13/22 Time = 20:34:46
 NATOM  =   89393 NTYPES =      17 NBONH =   85120 MBONA  =    4385
 NTHETH =    9851 MTHETA =    5965 NPHIH =   19236 MPHIA  =   14841
 NHPARM =       0 NPARM  =       0 NNB   =  155563 NRES   =   27462
 NBONA  =    4385 NTHETA =    5965 NPHIA =   14841 NUMBND =      51
 NUMANG =     104 NPTRA  =      45 NATYP =      38 NPHB   =       0
 IFBOX  =       1 NMXRS  =      24 IFCAP =       0 NEXTRA =       0
 NCOPY  =       0


|     Memory Use     Allocated
|     Real             7758489
|     Hollerith         295643
|     Integer          3721079
|     Max Pairs      146395936
|     nblistReal       1072716
|     nblist Int       2673881
|       Total           666988 kbytes

| Note: 1-4 EEL scale factors are being read from the topology file.

| Note: 1-4 VDW scale factors are being read from the topology file.
| Duplicated    0 dihedrals
| Duplicated    0 dihedrals

     BOX TYPE: RECTILINEAR

--------------------------------------------------------------------------------
   2.  CONTROL  DATA  FOR  THE  RUN
--------------------------------------------------------------------------------

default_name                                                                    

General flags:
     imin    =       1, nmropt  =       0

Nature and format of input:
     ntx     =       1, irest   =       0, ntrx    =       1

Nature and format of output:
     ntxo    =       2, ntpr    =      50, ntrx    =       1, ntwr    =       1
     iwrap   =       0, ntwx    =       0, ntwv    =       0, ntwe    =       0
     ioutfm  =       1, ntwprt  =       0, idecomp =       0, rbornstat=      0

Potential function:
     ntf     =       1, ntb     =       1, igb     =       0, nsnb    =      25
     ipol    =       0, gbsa    =       0, iesp    =       0
     dielc   =   1.00000, cut     =  15.00000, intdiel =   1.00000

Frozen or restrained atoms:
     ibelly  =       0, ntr     =       0

Energy minimization:
     maxcyc  =    2000, ncyc    =    2000, ntmin   =       1
     dx0     =   0.01000, drms    =   0.00010

Ewald parameters:
     verbose =       0, ew_type =       0, nbflag  =       1, use_pme =       1
     vdwmeth =       1, eedmeth =       1, netfrc  =       0
     Box X =   90.530   Box Y =   85.784   Box Z =  138.190
     Alpha =   90.000   Beta  =   90.000   Gamma =   90.000
     NFFT1 =   90       NFFT2 =   90       NFFT3 =  144
     Cutoff=   15.000   Tol   =0.100E-04
     Ewald Coefficient =  0.17871
     Interpolation order =    4

--------------------------------------------------------------------------------
   3.  ATOMIC COORDINATES AND VELOCITIES
--------------------------------------------------------------------------------

default_name                                                                    
 begin time read from input coords =     0.000 ps

 Number of triangulated 3-point waters found:    26940

     Sum of charges from parm topology file =  -3.99900023
     Assuming uniform neutralizing plasma

--------------------------------------------------------------------------------
   4.  RESULTS
--------------------------------------------------------------------------------

 ---------------------------------------------------
 APPROXIMATING switch and d/dx switch using CUBIC SPLINE INTERPOLATION
 using   5000.0 points per unit in tabled values
 TESTING RELATIVE ERROR over r ranging from 0.0 to cutoff
| CHECK switch(x): max rel err =   0.2738E-14   at   2.422500
| CHECK d/dx switch(x): max rel err =   0.7766E-11   at   2.666360
 ---------------------------------------------------
| Local SIZE OF NONBOND LIST =   77396335
| TOTAL SIZE OF NONBOND LIST =   77396335


   NSTEP       ENERGY          RMS            GMAX         NAME    NUMBER
      1       1.5002E+13     2.0311E+12     5.7265E+14     N        4488

 BOND    =    55960.6169  ANGLE   =     1565.0028  DIHED      =     5046.4958
 VDWAALS = *************  EEL     =  -302260.3778  HBOND      =        0.0000
 1-4 VDW =     2645.5431  1-4 EEL =    25088.8668  RESTRAINT  =        0.0000


   NSTEP       ENERGY          RMS            GMAX         NAME    NUMBER
     50      -2.6318E+05     2.5608E+01     6.9002E+03     O        1001

 BOND    =    17679.8365  ANGLE   =     2191.8258  DIHED      =     5173.8565
 VDWAALS =    24525.3366  EEL     =  -340015.4785  HBOND      =        0.0000
 1-4 VDW =     2469.0136  1-4 EEL =    24796.0292  RESTRAINT  =        0.0000


   NSTEP       ENERGY          RMS            GMAX         NAME    NUMBER
    100      -2.9372E+05     4.1268E+00     1.0487E+03     CD        541

 BOND    =    17698.5638  ANGLE   =     1613.3685  DIHED      =     5239.9184
 VDWAALS =    24463.1089  EEL     =  -369193.0296  HBOND      =        0.0000
 1-4 VDW =     2053.8749  1-4 EEL =    24401.7358  RESTRAINT  =        0.0000


   NSTEP       ENERGY          RMS            GMAX         NAME    NUMBER
    150      -3.0289E+05     8.9653E-01     1.3043E+02     CD        418

 BOND    =    17715.7296  ANGLE   =     1377.1857  DIHED      =     5221.5726
 VDWAALS =    26615.7125  EEL     =  -380063.6837  HBOND      =        0.0000
 1-4 VDW =     1938.2898  1-4 EEL =    24309.8982  RESTRAINT  =        0.0000


   NSTEP       ENERGY          RMS            GMAX         NAME    NUMBER
    200      -3.0789E+05     1.8117E+00     6.3460E+02     CD        418

 BOND    =    18407.4775  ANGLE   =     1312.2755  DIHED      =     5213.7370
 VDWAALS =    28704.1347  EEL     =  -387662.4628  HBOND      =        0.0000
 1-4 VDW =     1875.4013  1-4 EEL =    24260.5741  RESTRAINT  =        0.0000


   NSTEP       ENERGY          RMS            GMAX         NAME    NUMBER
    250      -3.1162E+05     6.0856E-01     7.5486E+01     CD        418

 BOND    =    18823.2979  ANGLE   =     1254.5052  DIHED      =     5210.0170
 VDWAALS =    30614.0239  EEL     =  -393587.6784  HBOND      =        0.0000
 1-4 VDW =     1837.4966  1-4 EEL =    24229.3783  RESTRAINT  =        0.0000


   NSTEP       ENERGY          RMS            GMAX         NAME    NUMBER
    300      -3.1449E+05     1.6457E+00     6.0165E+02     CD        418

 BOND    =    19375.2975  ANGLE   =     1231.2692  DIHED      =     5207.3143
 VDWAALS =    32465.5079  EEL     =  -398788.5876  HBOND      =        0.0000
 1-4 VDW =     1810.7015  1-4 EEL =    24206.0734  RESTRAINT  =        0.0000


   NSTEP       ENERGY          RMS            GMAX         NAME    NUMBER
    350      -3.1690E+05     5.0012E-01     4.9075E+01     CD        418

 BOND    =    19684.8862  ANGLE   =     1197.3951  DIHED      =     5203.8575
 VDWAALS =    34070.5985  EEL     =  -403040.2252  HBOND      =        0.0000
 1-4 VDW =     1791.8553  1-4 EEL =    24190.7703  RESTRAINT  =        0.0000


   NSTEP       ENERGY          RMS            GMAX         NAME    NUMBER
    400      -3.1894E+05     1.3296E+00     3.0305E+02     H1      47197

 BOND    =    20106.7742  ANGLE   =     1183.9280  DIHED      =     5196.1830
 VDWAALS =    35623.8367  EEL     =  -407012.3597  HBOND      =        0.0000
 1-4 VDW =     1776.8007  1-4 EEL =    24180.1302  RESTRAINT  =        0.0000


   NSTEP       ENERGY          RMS            GMAX         NAME    NUMBER
    450      -3.2086E+05     5.5660E-01     1.0821E+02     H1      47197

 BOND    =    20408.7732  ANGLE   =     1167.9536  DIHED      =     5184.4972
 VDWAALS =    37053.3770  EEL     =  -410612.9727  HBOND      =        0.0000
 1-4 VDW =     1765.6836  1-4 EEL =    24172.5898  RESTRAINT  =        0.0000


   NSTEP       ENERGY          RMS            GMAX         NAME    NUMBER
    500      -3.2250E+05     1.0320E+00     2.4694E+02     H1      47197

 BOND    =    20763.7944  ANGLE   =     1160.6521  DIHED      =     5177.0352
 VDWAALS =    38379.7929  EEL     =  -413905.7704  HBOND      =        0.0000
 1-4 VDW =     1757.1868  1-4 EEL =    24165.8428  RESTRAINT  =        0.0000


   NSTEP       ENERGY          RMS            GMAX         NAME    NUMBER
    550      -3.2402E+05     4.5251E-01     5.3630E+01     H1      47197

 BOND    =    20983.5554  ANGLE   =     1154.3022  DIHED      =     5171.4763
 VDWAALS =    39574.0885  EEL     =  -416819.0280  HBOND      =        0.0000
 1-4 VDW =     1750.1363  1-4 EEL =    24160.7693  RESTRAINT  =        0.0000


   NSTEP       ENERGY          RMS            GMAX         NAME    NUMBER
    600      -3.2539E+05     5.1181E-01     6.6673E+01     C         421

 BOND    =    21240.7043  ANGLE   =     1150.1625  DIHED      =     5166.9024
 VDWAALS =    40676.1042  EEL     =  -419526.2635  HBOND      =        0.0000
 1-4 VDW =     1744.4126  1-4 EEL =    24155.7955  RESTRAINT  =        0.0000


   NSTEP       ENERGY          RMS            GMAX         NAME    NUMBER
    650      -3.2660E+05     1.3139E+00     2.5152E+02     C         421

 BOND    =    21512.3649  ANGLE   =     1154.0122  DIHED      =     5163.3383
 VDWAALS =    41695.7711  EEL     =  -422012.9126  HBOND      =        0.0000
 1-4 VDW =     1739.4187  1-4 EEL =    24152.5192  RESTRAINT  =        0.0000


   NSTEP       ENERGY          RMS            GMAX         NAME    NUMBER
    700      -3.2782E+05     4.4383E-01     6.0387E+01     C         421

 BOND    =    21713.6314  ANGLE   =     1145.8319  DIHED      =     5159.2426
 VDWAALS =    42641.7659  EEL     =  -424364.8406  HBOND      =        0.0000
 1-4 VDW =     1735.8406  1-4 EEL =    24145.8791  RESTRAINT  =        0.0000


   NSTEP       ENERGY          RMS            GMAX         NAME    NUMBER
    750      -3.2890E+05     1.0849E+00     2.0635E+02     C         978

 BOND    =    21968.9478  ANGLE   =     1152.9473  DIHED      =     5154.8605
 VDWAALS =    43566.3820  EEL     =  -426620.3581  HBOND      =        0.0000
 1-4 VDW =     1732.8289  1-4 EEL =    24139.8265  RESTRAINT  =        0.0000


   NSTEP       ENERGY          RMS            GMAX         NAME    NUMBER
    800      -3.2997E+05     5.8268E-01     1.1940E+02     C         978

 BOND    =    22128.5141  ANGLE   =     1142.4322  DIHED      =     5150.7176
 VDWAALS =    44431.1856  EEL     =  -428692.3651  HBOND      =        0.0000
 1-4 VDW =     1729.3403  1-4 EEL =    24140.1250  RESTRAINT  =        0.0000


   NSTEP       ENERGY          RMS            GMAX         NAME    NUMBER
    850      -3.3091E+05     9.1057E-01     2.1132E+02     C         978

 BOND    =    22336.5222  ANGLE   =     1141.9486  DIHED      =     5146.2940
 VDWAALS =    45254.8653  EEL     =  -430650.2220  HBOND      =        0.0000
 1-4 VDW =     1727.2322  1-4 EEL =    24137.6476  RESTRAINT  =        0.0000


   NSTEP       ENERGY          RMS            GMAX         NAME    NUMBER
    900      -3.3184E+05     2.9611E-01     1.5243E+01     CZ3      1019

 BOND    =    22485.5506  ANGLE   =     1138.8667  DIHED      =     5141.8436
 VDWAALS =    46047.5656  EEL     =  -432510.4261  HBOND      =        0.0000
 1-4 VDW =     1725.7990  1-4 EEL =    24133.0837  RESTRAINT  =        0.0000


   NSTEP       ENERGY          RMS            GMAX         NAME    NUMBER
    950      -3.3266E+05     7.8604E-01     1.2539E+02     CZ3      1019

 BOND    =    22671.3524  ANGLE   =     1141.0699  DIHED      =     5138.1693
 VDWAALS =    46797.2046  EEL     =  -434259.3485  HBOND      =        0.0000
 1-4 VDW =     1724.2157  1-4 EEL =    24130.1992  RESTRAINT  =        0.0000


   NSTEP       ENERGY          RMS            GMAX         NAME    NUMBER
   1000      -3.3339E+05     1.1173E+00     1.8654E+02     CE2      1014

 BOND    =    22844.1445  ANGLE   =     1143.7241  DIHED      =     5134.8444
 VDWAALS =    47473.5834  EEL     =  -435832.3630  HBOND      =        0.0000
 1-4 VDW =     1722.7847  1-4 EEL =    24127.8122  RESTRAINT  =        0.0000


   NSTEP       ENERGY          RMS            GMAX         NAME    NUMBER
   1050      -3.3416E+05     6.6843E-01     1.2207E+02     CD1      1010

 BOND    =    22964.3197  ANGLE   =     1135.5704  DIHED      =     5131.6655
 VDWAALS =    48143.4174  EEL     =  -437384.7256  HBOND      =        0.0000
 1-4 VDW =     1721.6038  1-4 EEL =    24125.7496  RESTRAINT  =        0.0000


   NSTEP       ENERGY          RMS            GMAX         NAME    NUMBER
   1100      -3.3482E+05     9.6041E-01     1.7597E+02     CD1      1010

 BOND    =    23118.1613  ANGLE   =     1137.2156  DIHED      =     5128.5365
 VDWAALS =    48763.6376  EEL     =  -438815.0192  HBOND      =        0.0000
 1-4 VDW =     1720.3123  1-4 EEL =    24123.5209  RESTRAINT  =        0.0000


   NSTEP       ENERGY          RMS            GMAX         NAME    NUMBER
   1150      -3.3551E+05     2.6840E-01     2.3289E+01     CD1      1010

 BOND    =    23216.5809  ANGLE   =     1132.2768  DIHED      =     5125.3424
 VDWAALS =    49365.3525  EEL     =  -440192.8214  HBOND      =        0.0000
 1-4 VDW =     1718.7853  1-4 EEL =    24121.2372  RESTRAINT  =        0.0000


   NSTEP       ENERGY          RMS            GMAX         NAME    NUMBER
   1200      -3.3615E+05     2.5854E-01     2.0071E+01     CD1      1010

 BOND    =    23345.8421  ANGLE   =     1131.4734  DIHED      =     5122.2879
 VDWAALS =    49960.8646  EEL     =  -441545.0418  HBOND      =        0.0000
 1-4 VDW =     1717.5736  1-4 EEL =    24119.2114  RESTRAINT  =        0.0000


   NSTEP       ENERGY          RMS            GMAX         NAME    NUMBER
   1250      -3.3674E+05     4.5697E-01     7.5787E+01     CD1      1010

 BOND    =    23475.7928  ANGLE   =     1131.9138  DIHED      =     5119.3960
 VDWAALS =    50535.9061  EEL     =  -442836.7337  HBOND      =        0.0000
 1-4 VDW =     1716.4550  1-4 EEL =    24117.2845  RESTRAINT  =        0.0000


   NSTEP       ENERGY          RMS            GMAX         NAME    NUMBER
   1300      -3.3729E+05     6.8642E-01     1.2120E+02     CD1      1010

 BOND    =    23603.6322  ANGLE   =     1133.7493  DIHED      =     5116.7429
 VDWAALS =    51082.0042  EEL     =  -444051.9126  HBOND      =        0.0000
 1-4 VDW =     1715.3874  1-4 EEL =    24115.3958  RESTRAINT  =        0.0000


   NSTEP       ENERGY          RMS            GMAX         NAME    NUMBER
   1350      -3.3781E+05     2.3787E-01     2.3025E+01     CD1      1010

 BOND    =    23697.6979  ANGLE   =     1130.6660  DIHED      =     5114.4344
 VDWAALS =    51582.6253  EEL     =  -445160.9180  HBOND      =        0.0000
 1-4 VDW =     1713.9934  1-4 EEL =    24113.4170  RESTRAINT  =        0.0000


   NSTEP       ENERGY          RMS            GMAX         NAME    NUMBER
   1400      -3.3829E+05     6.2359E-01     9.5210E+01     CG       1009

 BOND    =    23817.2257  ANGLE   =     1133.9931  DIHED      =     5112.4721
 VDWAALS =    52075.9988  EEL     =  -446249.9032  HBOND      =        0.0000
 1-4 VDW =     1712.6124  1-4 EEL =    24111.1902  RESTRAINT  =        0.0000


   NSTEP       ENERGY          RMS            GMAX         NAME    NUMBER
   1450      -3.3874E+05     2.6204E-01     3.5256E+01     CD1      1010

 BOND    =    23902.9260  ANGLE   =     1130.3482  DIHED      =     5110.9522
 VDWAALS =    52518.4129  EEL     =  -447222.3683  HBOND      =        0.0000
 1-4 VDW =     1711.7082  1-4 EEL =    24108.9186  RESTRAINT  =        0.0000


   NSTEP       ENERGY          RMS            GMAX         NAME    NUMBER
   1500      -3.3915E+05     5.3146E-01     8.9767E+01     CD       8283

 BOND    =    24004.2777  ANGLE   =     1131.6915  DIHED      =     5109.3087
 VDWAALS =    52945.1388  EEL     =  -448156.6081  HBOND      =        0.0000
 1-4 VDW =     1710.5820  1-4 EEL =    24106.2222  RESTRAINT  =        0.0000


   NSTEP       ENERGY          RMS            GMAX         NAME    NUMBER
   1550      -3.3953E+05     7.4480E-01     1.3340E+02     CD1      1010

 BOND    =    24102.9669  ANGLE   =     1133.3928  DIHED      =     5107.6791
 VDWAALS =    53343.3912  EEL     =  -449028.3888  HBOND      =        0.0000
 1-4 VDW =     1709.4458  1-4 EEL =    24103.6613  RESTRAINT  =        0.0000


   NSTEP       ENERGY          RMS            GMAX         NAME    NUMBER
   1600      -3.3992E+05     3.4738E-01     4.2400E+01     CD1      1010

 BOND    =    24169.5914  ANGLE   =     1130.9184  DIHED      =     5106.0871
 VDWAALS =    53718.9689  EEL     =  -449851.1411  HBOND      =        0.0000
 1-4 VDW =     1708.0878  1-4 EEL =    24101.1403  RESTRAINT  =        0.0000


   NSTEP       ENERGY          RMS            GMAX         NAME    NUMBER
   1650      -3.4026E+05     6.2971E-01     8.5132E+01     CE2       931

 BOND    =    24259.7870  ANGLE   =     1132.6536  DIHED      =     5104.5971
 VDWAALS =    54077.7301  EEL     =  -450638.1156  HBOND      =        0.0000
 1-4 VDW =     1707.0625  1-4 EEL =    24098.9358  RESTRAINT  =        0.0000


   NSTEP       ENERGY          RMS            GMAX         NAME    NUMBER
   1700      -3.4062E+05     3.4324E-01     4.8437E+01     CE2       931

 BOND    =    24328.5386  ANGLE   =     1129.9467  DIHED      =     5103.1422
 VDWAALS =    54433.0360  EEL     =  -451414.9956  HBOND      =        0.0000
 1-4 VDW =     1706.1894  1-4 EEL =    24097.0054  RESTRAINT  =        0.0000


   NSTEP       ENERGY          RMS            GMAX         NAME    NUMBER
   1750      -3.4093E+05     5.3970E-01     8.7797E+01     CE2       931

 BOND    =    24408.4630  ANGLE   =     1130.2691  DIHED      =     5101.8094
 VDWAALS =    54763.8712  EEL     =  -452135.1873  HBOND      =        0.0000
 1-4 VDW =     1705.3355  1-4 EEL =    24095.2433  RESTRAINT  =        0.0000


   NSTEP       ENERGY          RMS            GMAX         NAME    NUMBER
   1800      -3.4124E+05     1.8622E-01     1.4802E+01     CE2       931

 BOND    =    24467.2750  ANGLE   =     1129.2409  DIHED      =     5100.5758
 VDWAALS =    55078.9790  EEL     =  -452817.0137  HBOND      =        0.0000
 1-4 VDW =     1704.4384  1-4 EEL =    24093.5624  RESTRAINT  =        0.0000


   NSTEP       ENERGY          RMS            GMAX         NAME    NUMBER
   1850      -3.4153E+05     5.2576E-01     9.3676E+01     CD       8283

 BOND    =    24545.9073  ANGLE   =     1129.9238  DIHED      =     5099.3068
 VDWAALS =    55399.1370  EEL     =  -453504.3328  HBOND      =        0.0000
 1-4 VDW =     1703.6606  1-4 EEL =    24091.8634  RESTRAINT  =        0.0000


   NSTEP       ENERGY          RMS            GMAX         NAME    NUMBER
   1900      -3.4180E+05     6.8391E-01     1.1194E+02     CE2       931

 BOND    =    24617.2428  ANGLE   =     1130.3592  DIHED      =     5098.1143
 VDWAALS =    55693.8552  EEL     =  -454131.4484  HBOND      =        0.0000
 1-4 VDW =     1702.9671  1-4 EEL =    24090.1879  RESTRAINT  =        0.0000


   NSTEP       ENERGY          RMS            GMAX         NAME    NUMBER
   1950      -3.4208E+05     2.7993E-01     3.8313E+01     CE2       931

 BOND    =    24664.9299  ANGLE   =     1128.2247  DIHED      =     5096.8589
 VDWAALS =    55984.6249  EEL     =  -454745.8439  HBOND      =        0.0000
 1-4 VDW =     1702.2708  1-4 EEL =    24088.4509  RESTRAINT  =        0.0000


   NSTEP       ENERGY          RMS            GMAX         NAME    NUMBER
   2000      -3.4232E+05     5.7218E-01     1.0320E+02     CE2       931

 BOND    =    24735.3139  ANGLE   =     1128.7054  DIHED      =     5095.6495
 VDWAALS =    56264.3155  EEL     =  -455334.9281  HBOND      =        0.0000
 1-4 VDW =     1701.5714  1-4 EEL =    24086.6588  RESTRAINT  =        0.0000


  Maximum number of minimization cycles reached.


                    FINAL RESULTS



   NSTEP       ENERGY          RMS            GMAX         NAME    NUMBER
   2000      -3.4232E+05     5.7218E-01     1.0320E+02     CE2       931

 BOND    =    24735.3139  ANGLE   =     1128.7054  DIHED      =     5095.6495
 VDWAALS =    56264.3155  EEL     =  -455334.9281  HBOND      =        0.0000
 1-4 VDW =     1701.5714  1-4 EEL =    24086.6588  RESTRAINT  =        0.0000

--------------------------------------------------------------------------------
   5.  TIMINGS
--------------------------------------------------------------------------------

|                Build the list            59.93 (99.17% of List )
|                Other                      0.50 ( 0.83% of List )
|             List time                 60.43 ( 1.73% of Nonbo)
|                   Short_ene time          3235.47 (99.73% of Direc)
|                   Other                      8.69 ( 0.27% of Direc)
|                Direct Ewald time       3244.16 (94.76% of Ewald)
|                Adjust Ewald time          7.05 ( 0.21% of Ewald)
|                   Fill Bspline coeffs        8.43 ( 4.94% of Recip)
|                   Fill charge grid          24.71 (14.48% of Recip)
|                   Scalar sum                29.46 (17.27% of Recip)
|                   Grad sum                  40.00 (23.45% of Recip)
|                   FFT time                  68.00 (39.86% of Recip)
|                Recip Ewald time         170.61 ( 4.98% of Ewald)
|                Virial junk                0.57 ( 0.02% of Ewald)
|                Other                      1.14 ( 0.03% of Ewald)
|             Ewald time              3423.54 (98.27% of Nonbo)
|          Nonbond force           3483.97 (99.65% of Force)
|          Bond/Angle/Dihedral       11.90 ( 0.34% of Force)
|          Other                      0.30 ( 0.01% of Force)
|       Force time              3496.17 (100.0% of Runmd)
|    Runmd Time              3496.17 (99.54% of Total)
|    Other                     15.96 ( 0.45% of Total)
| Total time              3512.20 (100.0% of ALL  )

| Number of list builds   :         28

| Highest rstack allocated:    4886185
| Highest istack allocated:      89393
|           Job began  at 20:39:02.056  on 06/13/2022
|           Setup done at 20:39:02.849  on 06/13/2022
|           Run   done at 21:37:34.259  on 06/13/2022
|     wallclock() was called   76104 times

|3D-RISM memory allocation summary
|Type          Maximum        Current   
|Integer       0.00000 GB     0.00000 GB
|Real          0.00000 GB     0.00000 GB
|Logical       0.00000 GB     0.00000 GB
|Character     0.00000 GB     0.00000 GB
|---------------------------------------
|Total         0.00000 GB     0.00000 GB
