
          -------------------------------------------------------
          Amber 22 SANDER                              2022
          -------------------------------------------------------

| Run on 06/13/2022 at 20:38:53

|   Executable path: sander
| Working directory: /home/ubuntu/PoDProjects/MS/src/scripts
|          Hostname: Unknown
  [-O]verwriting output

File Assignments:
|  MDIN: minimize.in                                                           
| MDOUT: ../out/chain_b_solv_box_min.out                                       
|INPCRD: ../res/chain_b_solv_box.rst7                                          
|  PARM: ../res/chain_b_solv_box.prmtop                                        
|RESTRT: ../res/chain_b_solv_box_min.ncrst                                     
|  REFC: refc                                                                  
| MDVEL: mdvel                                                                 
| MDFRC: mdfrc                                                                 
|  MDEN: mden                                                                  
| MDCRD: mdcrd                                                                 
|MDINFO: mdinfo                                                                
|  MTMD: mtmd                                                                  
|INPDIP: inpdip                                                                
|RSTDIP: rstdip                                                                
|INPTRA: inptraj                                                               


 Here is the input file:

cat > mdin <<EOF                                                               
&cntrl                                                                         
  imin   = 1,                                                                  
  maxcyc = 2000,                                                               
  ncyc   = 2000,                                                               
  ntb    = 1,                                                                  
  ntr    = 0,                                                                  
  cut    = 15.0                                                                
 /                                                                             
EOF                                                                            
                                                                               
set output = minout                                                            

--------------------------------------------------------------------------------
   1.  RESOURCE   USE: 
--------------------------------------------------------------------------------

| Flags:                                                                        
 getting new box info from bottom of inpcrd
|  INFO: Old style inpcrd file read

| peek_ewald_inpcrd: Box info found
|Largest sphere to fit in unit cell has radius =    38.139
| New format PARM file being parsed.
| Version =    1.000 Date = 06/13/22 Time = 20:34:59
 NATOM  =   61356 NTYPES =      16 NBONH =   58016 MBONA  =    3434
 NTHETH =    7742 MTHETA =    4669 NPHIH =   15076 MPHIA  =   11634
 NHPARM =       0 NPARM  =       0 NNB   =  110372 NRES   =   18619
 NBONA  =    3434 NTHETA =    4669 NPHIA =   11634 NUMBND =      43
 NUMANG =      89 NPTRA  =      42 NATYP =      31 NPHB   =       0
 IFBOX  =       1 NMXRS  =      24 IFCAP =       0 NEXTRA =       0
 NCOPY  =       0


|     Memory Use     Allocated
|     Real             5571157
|     Hollerith         202689
|     Integer          2723939
|     Max Pairs      100480676
|     nblistReal        736272
|     nblist Int       1868094
|       Total           460508 kbytes

| Note: 1-4 EEL scale factors are being read from the topology file.

| Note: 1-4 VDW scale factors are being read from the topology file.
| Duplicated    0 dihedrals
| Duplicated    0 dihedrals

     BOX TYPE: RECTILINEAR

--------------------------------------------------------------------------------
   2.  CONTROL  DATA  FOR  THE  RUN
--------------------------------------------------------------------------------

default_name                                                                    

General flags:
     imin    =       1, nmropt  =       0

Nature and format of input:
     ntx     =       1, irest   =       0, ntrx    =       1

Nature and format of output:
     ntxo    =       2, ntpr    =      50, ntrx    =       1, ntwr    =       1
     iwrap   =       0, ntwx    =       0, ntwv    =       0, ntwe    =       0
     ioutfm  =       1, ntwprt  =       0, idecomp =       0, rbornstat=      0

Potential function:
     ntf     =       1, ntb     =       1, igb     =       0, nsnb    =      25
     ipol    =       0, gbsa    =       0, iesp    =       0
     dielc   =   1.00000, cut     =  15.00000, intdiel =   1.00000

Frozen or restrained atoms:
     ibelly  =       0, ntr     =       0

Energy minimization:
     maxcyc  =    2000, ncyc    =    2000, ntmin   =       1
     dx0     =   0.01000, drms    =   0.00010

Ewald parameters:
     verbose =       0, ew_type =       0, nbflag  =       1, use_pme =       1
     vdwmeth =       1, eedmeth =       1, netfrc  =       0
     Box X =  116.199   Box Y =   76.278   Box Z =   85.596
     Alpha =   90.000   Beta  =   90.000   Gamma =   90.000
     NFFT1 =  120       NFFT2 =   80       NFFT3 =   90
     Cutoff=   15.000   Tol   =0.100E-04
     Ewald Coefficient =  0.17871
     Interpolation order =    4

--------------------------------------------------------------------------------
   3.  ATOMIC COORDINATES AND VELOCITIES
--------------------------------------------------------------------------------

default_name                                                                    
 begin time read from input coords =     0.000 ps

 Number of triangulated 3-point waters found:    18214

     Sum of charges from parm topology file =   3.99999984
     Assuming uniform neutralizing plasma

--------------------------------------------------------------------------------
   4.  RESULTS
--------------------------------------------------------------------------------

 ---------------------------------------------------
 APPROXIMATING switch and d/dx switch using CUBIC SPLINE INTERPOLATION
 using   5000.0 points per unit in tabled values
 TESTING RELATIVE ERROR over r ranging from 0.0 to cutoff
| CHECK switch(x): max rel err =   0.2738E-14   at   2.422500
| CHECK d/dx switch(x): max rel err =   0.7766E-11   at   2.666360
 ---------------------------------------------------
| Local SIZE OF NONBOND LIST =   51715109
| TOTAL SIZE OF NONBOND LIST =   51715109


   NSTEP       ENERGY          RMS            GMAX         NAME    NUMBER
      1      -8.2447E+04     5.3718E+01     7.3225E+03     C        1398

 BOND    =    77874.5600  ANGLE   =     1405.0206  DIHED      =     3893.4999
 VDWAALS =    19432.6001  EEL     =  -207108.2139  HBOND      =        0.0000
 1-4 VDW =     2086.0595  1-4 EEL =    19969.1301  RESTRAINT  =        0.0000


   NSTEP       ENERGY          RMS            GMAX         NAME    NUMBER
     50      -1.8688E+05     2.7855E+00     3.1682E+02     C        1398

 BOND    =    11632.0732  ANGLE   =     1760.3223  DIHED      =     4016.8371
 VDWAALS =    14885.6495  EEL     =  -240615.4722  HBOND      =        0.0000
 1-4 VDW =     1866.7703  1-4 EEL =    19573.3844  RESTRAINT  =        0.0000


   NSTEP       ENERGY          RMS            GMAX         NAME    NUMBER
    100      -2.0045E+05     2.0299E+00     3.2630E+02     C        1398

 BOND    =    11704.3738  ANGLE   =     1303.9926  DIHED      =     4032.0905
 VDWAALS =    16430.4887  EEL     =  -254900.0766  HBOND      =        0.0000
 1-4 VDW =     1590.0324  1-4 EEL =    19390.5091  RESTRAINT  =        0.0000


   NSTEP       ENERGY          RMS            GMAX         NAME    NUMBER
    150      -2.0600E+05     9.5738E-01     8.1372E+01     CA       1358

 BOND    =    12107.2968  ANGLE   =     1169.6277  DIHED      =     4033.3674
 VDWAALS =    18247.8829  EEL     =  -262394.6625  HBOND      =        0.0000
 1-4 VDW =     1505.6594  1-4 EEL =    19330.4378  RESTRAINT  =        0.0000


   NSTEP       ENERGY          RMS            GMAX         NAME    NUMBER
    200      -2.0933E+05     1.8663E+00     2.6977E+02     CA       1358

 BOND    =    12608.9594  ANGLE   =     1118.8040  DIHED      =     4029.5354
 VDWAALS =    19881.1166  EEL     =  -267731.5273  HBOND      =        0.0000
 1-4 VDW =     1464.1587  1-4 EEL =    19301.1783  RESTRAINT  =        0.0000


   NSTEP       ENERGY          RMS            GMAX         NAME    NUMBER
    250      -2.1192E+05     9.4104E-01     1.2497E+02     C        1374

 BOND    =    12893.2766  ANGLE   =     1089.8745  DIHED      =     4022.4068
 VDWAALS =    21333.0702  EEL     =  -271981.8209  HBOND      =        0.0000
 1-4 VDW =     1438.0428  1-4 EEL =    19283.8067  RESTRAINT  =        0.0000


   NSTEP       ENERGY          RMS            GMAX         NAME    NUMBER
    300      -2.1386E+05     1.5996E+00     1.7430E+02     N        1356

 BOND    =    13253.8271  ANGLE   =     1075.1402  DIHED      =     4015.8865
 VDWAALS =    22617.6257  EEL     =  -275514.9346  HBOND      =        0.0000
 1-4 VDW =     1421.4593  1-4 EEL =    19273.5813  RESTRAINT  =        0.0000


   NSTEP       ENERGY          RMS            GMAX         NAME    NUMBER
    350      -2.1555E+05     8.5030E-01     1.1518E+02     C        1374

 BOND    =    13496.7179  ANGLE   =     1045.9872  DIHED      =     4011.6112
 VDWAALS =    23767.4707  EEL     =  -278552.0617  HBOND      =        0.0000
 1-4 VDW =     1409.3313  1-4 EEL =    19269.1094  RESTRAINT  =        0.0000


   NSTEP       ENERGY          RMS            GMAX         NAME    NUMBER
    400      -2.1695E+05     4.6241E-01     3.3764E+01     N        1356

 BOND    =    13727.9600  ANGLE   =     1035.1049  DIHED      =     4008.0839
 VDWAALS =    24799.9765  EEL     =  -281190.4032  HBOND      =        0.0000
 1-4 VDW =     1400.9006  1-4 EEL =    19265.8716  RESTRAINT  =        0.0000


   NSTEP       ENERGY          RMS            GMAX         NAME    NUMBER
    450      -2.1816E+05     4.1581E-01     2.1324E+01     N        1356

 BOND    =    13952.2359  ANGLE   =     1025.5803  DIHED      =     4005.8647
 VDWAALS =    25750.0663  EEL     =  -283556.9282  HBOND      =        0.0000
 1-4 VDW =     1394.4881  1-4 EEL =    19264.3903  RESTRAINT  =        0.0000


   NSTEP       ENERGY          RMS            GMAX         NAME    NUMBER
    500      -2.1920E+05     1.1030E+00     1.6079E+02     C        1354

 BOND    =    14183.4326  ANGLE   =     1026.6150  DIHED      =     4004.1320
 VDWAALS =    26627.6009  EEL     =  -285695.4370  HBOND      =        0.0000
 1-4 VDW =     1389.5809  1-4 EEL =    19262.5976  RESTRAINT  =        0.0000


   NSTEP       ENERGY          RMS            GMAX         NAME    NUMBER
    550      -2.2017E+05     6.0332E-01     6.7180E+01     C        1354

 BOND    =    14350.3426  ANGLE   =     1013.2424  DIHED      =     4002.6719
 VDWAALS =    27425.7025  EEL     =  -287607.2036  HBOND      =        0.0000
 1-4 VDW =     1384.9562  1-4 EEL =    19261.6055  RESTRAINT  =        0.0000


   NSTEP       ENERGY          RMS            GMAX         NAME    NUMBER
    600      -2.2102E+05     9.6970E-01     1.4214E+02     C        1374

 BOND    =    14541.4055  ANGLE   =     1010.4397  DIHED      =     4000.5297
 VDWAALS =    28180.6635  EEL     =  -289394.2054  HBOND      =        0.0000
 1-4 VDW =     1381.5314  1-4 EEL =    19260.1863  RESTRAINT  =        0.0000


   NSTEP       ENERGY          RMS            GMAX         NAME    NUMBER
    650      -2.2182E+05     4.8720E-01     5.9257E+01     C        1374

 BOND    =    14680.4750  ANGLE   =     1003.8827  DIHED      =     3997.3184
 VDWAALS =    28867.2784  EEL     =  -291007.7973  HBOND      =        0.0000
 1-4 VDW =     1378.7011  1-4 EEL =    19258.5936  RESTRAINT  =        0.0000


   NSTEP       ENERGY          RMS            GMAX         NAME    NUMBER
    700      -2.2255E+05     8.3093E-01     1.2368E+02     C        1374

 BOND    =    14838.3615  ANGLE   =      986.4241  DIHED      =     3993.5419
 VDWAALS =    29510.9689  EEL     =  -292510.9089  HBOND      =        0.0000
 1-4 VDW =     1376.4231  1-4 EEL =    19257.3123  RESTRAINT  =        0.0000


   NSTEP       ENERGY          RMS            GMAX         NAME    NUMBER
    750      -2.2325E+05     1.2004E+00     1.5361E+02     C        1374

 BOND    =    14995.1312  ANGLE   =      930.0380  DIHED      =     3990.6470
 VDWAALS =    30113.0277  EEL     =  -293893.2135  HBOND      =        0.0000
 1-4 VDW =     1369.5226  1-4 EEL =    19242.7858  RESTRAINT  =        0.0000


   NSTEP       ENERGY          RMS            GMAX         NAME    NUMBER
    800      -2.2391E+05     7.3505E-01     7.5931E+01     C        1398

 BOND    =    15103.0316  ANGLE   =      917.2170  DIHED      =     3987.4005
 VDWAALS =    30689.9103  EEL     =  -295211.0755  HBOND      =        0.0000
 1-4 VDW =     1367.2523  1-4 EEL =    19240.2596  RESTRAINT  =        0.0000


   NSTEP       ENERGY          RMS            GMAX         NAME    NUMBER
    850      -2.2444E+05     1.2057E+00     2.7018E+02     CG       1671

 BOND    =    15241.3100  ANGLE   =      914.4384  DIHED      =     3984.8770
 VDWAALS =    31208.4742  EEL     =  -296393.4033  HBOND      =        0.0000
 1-4 VDW =     1366.0054  1-4 EEL =    19239.5843  RESTRAINT  =        0.0000


   NSTEP       ENERGY          RMS            GMAX         NAME    NUMBER
    900      -2.2501E+05     4.1895E-01     4.4785E+01     C        1374

 BOND    =    15319.3332  ANGLE   =      907.3670  DIHED      =     3982.4723
 VDWAALS =    31704.3412  EEL     =  -297522.6960  HBOND      =        0.0000
 1-4 VDW =     1364.6216  1-4 EEL =    19238.1971  RESTRAINT  =        0.0000


   NSTEP       ENERGY          RMS            GMAX         NAME    NUMBER
    950      -2.2550E+05     2.9801E-01     2.0835E+01     C        1374

 BOND    =    15418.9017  ANGLE   =      903.1545  DIHED      =     3980.7236
 VDWAALS =    32165.9735  EEL     =  -298574.1749  HBOND      =        0.0000
 1-4 VDW =     1363.4467  1-4 EEL =    19238.0105  RESTRAINT  =        0.0000


   NSTEP       ENERGY          RMS            GMAX         NAME    NUMBER
   1000      -2.2598E+05     3.9856E-01     4.9149E+01     CG       1671

 BOND    =    15517.4110  ANGLE   =      901.4480  DIHED      =     3979.1372
 VDWAALS =    32615.0672  EEL     =  -299594.3244  HBOND      =        0.0000
 1-4 VDW =     1362.2704  1-4 EEL =    19237.8390  RESTRAINT  =        0.0000


   NSTEP       ENERGY          RMS            GMAX         NAME    NUMBER
   1050      -2.2641E+05     8.2307E-01     1.6958E+02     CG       1671

 BOND    =    15618.1514  ANGLE   =      901.4007  DIHED      =     3977.8676
 VDWAALS =    33028.9506  EEL     =  -300531.1490  HBOND      =        0.0000
 1-4 VDW =     1361.2203  1-4 EEL =    19237.6318  RESTRAINT  =        0.0000


   NSTEP       ENERGY          RMS            GMAX         NAME    NUMBER
   1100      -2.2684E+05     2.6896E-01     1.7379E+01     CG       1671

 BOND    =    15689.9345  ANGLE   =      896.9803  DIHED      =     3976.4801
 VDWAALS =    33426.0271  EEL     =  -301427.7188  HBOND      =        0.0000
 1-4 VDW =     1360.1243  1-4 EEL =    19237.9430  RESTRAINT  =        0.0000


   NSTEP       ENERGY          RMS            GMAX         NAME    NUMBER
   1150      -2.2723E+05     6.5859E-01     7.1972E+01     CG       1671

 BOND    =    15780.3010  ANGLE   =      897.7054  DIHED      =     3975.2556
 VDWAALS =    33809.3091  EEL     =  -302288.6134  HBOND      =        0.0000
 1-4 VDW =     1359.1314  1-4 EEL =    19237.8885  RESTRAINT  =        0.0000


   NSTEP       ENERGY          RMS            GMAX         NAME    NUMBER
   1200      -2.2760E+05     9.3097E-01     1.0755E+02     C        1374

 BOND    =    15870.3480  ANGLE   =      900.0325  DIHED      =     3974.0918
 VDWAALS =    34181.9702  EEL     =  -303124.0674  HBOND      =        0.0000
 1-4 VDW =     1358.2104  1-4 EEL =    19238.2554  RESTRAINT  =        0.0000


   NSTEP       ENERGY          RMS            GMAX         NAME    NUMBER
   1250      -2.2800E+05     5.5346E-01     5.9016E+01     N        1400

 BOND    =    15935.2313  ANGLE   =      893.8212  DIHED      =     3972.9521
 VDWAALS =    34550.6422  EEL     =  -303946.3124  HBOND      =        0.0000
 1-4 VDW =     1357.4579  1-4 EEL =    19238.6933  RESTRAINT  =        0.0000


   NSTEP       ENERGY          RMS            GMAX         NAME    NUMBER
   1300      -2.2833E+05     8.1290E-01     9.0302E+01     N        1400

 BOND    =    16015.7325  ANGLE   =      895.0828  DIHED      =     3971.8309
 VDWAALS =    34892.8507  EEL     =  -304704.1447  HBOND      =        0.0000
 1-4 VDW =     1356.7853  1-4 EEL =    19238.6988  RESTRAINT  =        0.0000


   NSTEP       ENERGY          RMS            GMAX         NAME    NUMBER
   1350      -2.2868E+05     3.9386E-01     4.7491E+01     CG       1671

 BOND    =    16072.6034  ANGLE   =      890.4506  DIHED      =     3970.2466
 VDWAALS =    35223.2707  EEL     =  -305430.6018  HBOND      =        0.0000
 1-4 VDW =     1355.9314  1-4 EEL =    19238.2347  RESTRAINT  =        0.0000


   NSTEP       ENERGY          RMS            GMAX         NAME    NUMBER
   1400      -2.2900E+05     2.3036E-01     1.2976E+01     C        1374

 BOND    =    16136.5956  ANGLE   =      888.2831  DIHED      =     3969.0291
 VDWAALS =    35541.1846  EEL     =  -306125.1207  HBOND      =        0.0000
 1-4 VDW =     1355.4305  1-4 EEL =    19238.3095  RESTRAINT  =        0.0000


   NSTEP       ENERGY          RMS            GMAX         NAME    NUMBER
   1450      -2.2930E+05     3.8597E-01     3.8149E+01     C        1374

 BOND    =    16203.5686  ANGLE   =      887.5900  DIHED      =     3967.8206
 VDWAALS =    35854.7162  EEL     =  -306807.5741  HBOND      =        0.0000
 1-4 VDW =     1354.9376  1-4 EEL =    19238.1766  RESTRAINT  =        0.0000


   NSTEP       ENERGY          RMS            GMAX         NAME    NUMBER
   1500      -2.2958E+05     5.8872E-01     6.5678E+01     C        1374

 BOND    =    16268.7197  ANGLE   =      887.4223  DIHED      =     3966.7208
 VDWAALS =    36145.3608  EEL     =  -307439.8028  HBOND      =        0.0000
 1-4 VDW =     1354.5105  1-4 EEL =    19238.2548  RESTRAINT  =        0.0000


   NSTEP       ENERGY          RMS            GMAX         NAME    NUMBER
   1550      -2.2985E+05     2.1612E-01     1.2660E+01     CG       1671

 BOND    =    16316.1668  ANGLE   =      885.2555  DIHED      =     3965.4051
 VDWAALS =    36416.5966  EEL     =  -308027.4429  HBOND      =        0.0000
 1-4 VDW =     1353.8307  1-4 EEL =    19237.8993  RESTRAINT  =        0.0000


   NSTEP       ENERGY          RMS            GMAX         NAME    NUMBER
   1600      -2.3010E+05     5.5768E-01     7.9602E+01     CG       1671

 BOND    =    16377.9530  ANGLE   =      886.2310  DIHED      =     3964.1450
 VDWAALS =    36687.2282  EEL     =  -308610.6006  HBOND      =        0.0000
 1-4 VDW =     1353.3038  1-4 EEL =    19237.8497  RESTRAINT  =        0.0000


   NSTEP       ENERGY          RMS            GMAX         NAME    NUMBER
   1650      -2.3034E+05     7.9530E-01     1.7197E+02     CG       1671

 BOND    =    16436.7371  ANGLE   =      886.9141  DIHED      =     3962.9170
 VDWAALS =    36946.5739  EEL     =  -309165.2415  HBOND      =        0.0000
 1-4 VDW =     1352.7280  1-4 EEL =    19237.1295  RESTRAINT  =        0.0000


   NSTEP       ENERGY          RMS            GMAX         NAME    NUMBER
   1700      -2.3059E+05     4.4301E-01     5.1280E+01     CG       1671

 BOND    =    16477.8989  ANGLE   =      883.8955  DIHED      =     3961.7734
 VDWAALS =    37191.8846  EEL     =  -309692.8543  HBOND      =        0.0000
 1-4 VDW =     1352.5357  1-4 EEL =    19237.6712  RESTRAINT  =        0.0000


   NSTEP       ENERGY          RMS            GMAX         NAME    NUMBER
   1750      -2.3080E+05     6.9094E-01     1.4548E+02     CG       1671

 BOND    =    16532.9121  ANGLE   =      883.9672  DIHED      =     3960.5450
 VDWAALS =    37424.2547  EEL     =  -310192.7074  HBOND      =        0.0000
 1-4 VDW =     1352.2174  1-4 EEL =    19237.6061  RESTRAINT  =        0.0000


   NSTEP       ENERGY          RMS            GMAX         NAME    NUMBER
   1800      -2.3103E+05     2.9089E-01     2.5713E+01     N        1376

 BOND    =    16568.3167  ANGLE   =      882.1561  DIHED      =     3959.1617
 VDWAALS =    37647.2166  EEL     =  -310672.1170  HBOND      =        0.0000
 1-4 VDW =     1351.5466  1-4 EEL =    19236.6772  RESTRAINT  =        0.0000


   NSTEP       ENERGY          RMS            GMAX         NAME    NUMBER
   1850      -2.3123E+05     5.8047E-01     1.3744E+02     CG       1671

 BOND    =    16619.4199  ANGLE   =      882.5703  DIHED      =     3958.0395
 VDWAALS =    37862.6414  EEL     =  -311137.0471  HBOND      =        0.0000
 1-4 VDW =     1351.1850  1-4 EEL =    19236.5878  RESTRAINT  =        0.0000


   NSTEP       ENERGY          RMS            GMAX         NAME    NUMBER
   1900      -2.3143E+05     1.8507E-01     1.0024E+01     N        1400

 BOND    =    16653.3695  ANGLE   =      880.5204  DIHED      =     3957.1375
 VDWAALS =    38065.4366  EEL     =  -311574.5190  HBOND      =        0.0000
 1-4 VDW =     1350.8586  1-4 EEL =    19236.0339  RESTRAINT  =        0.0000


   NSTEP       ENERGY          RMS            GMAX         NAME    NUMBER
   1950      -2.3162E+05     5.0901E-01     6.5932E+01     CG       1671

 BOND    =    16701.1266  ANGLE   =      881.3138  DIHED      =     3956.2905
 VDWAALS =    38267.9596  EEL     =  -312015.0333  HBOND      =        0.0000
 1-4 VDW =     1350.6105  1-4 EEL =    19235.9849  RESTRAINT  =        0.0000


   NSTEP       ENERGY          RMS            GMAX         NAME    NUMBER
   2000      -2.3181E+05     2.2517E-01     1.6879E+01     N        1400

 BOND    =    16734.4928  ANGLE   =      879.9010  DIHED      =     3955.3590
 VDWAALS =    38452.9717  EEL     =  -312418.6069  HBOND      =        0.0000
 1-4 VDW =     1350.0473  1-4 EEL =    19235.4627  RESTRAINT  =        0.0000


  Maximum number of minimization cycles reached.


                    FINAL RESULTS



   NSTEP       ENERGY          RMS            GMAX         NAME    NUMBER
   2000      -2.3181E+05     2.2517E-01     1.6879E+01     N        1400

 BOND    =    16734.4928  ANGLE   =      879.9010  DIHED      =     3955.3590
 VDWAALS =    38452.9717  EEL     =  -312418.6069  HBOND      =        0.0000
 1-4 VDW =     1350.0473  1-4 EEL =    19235.4627  RESTRAINT  =        0.0000

--------------------------------------------------------------------------------
   5.  TIMINGS
--------------------------------------------------------------------------------

|                Build the list            27.89 (98.58% of List )
|                Other                      0.40 ( 1.42% of List )
|             List time                 28.29 ( 1.18% of Nonbo)
|                   Short_ene time          2222.48 (99.71% of Direc)
|                   Other                      6.40 ( 0.29% of Direc)
|                Direct Ewald time       2228.88 (93.93% of Ewald)
|                Adjust Ewald time          5.22 ( 0.22% of Ewald)
|                   Fill Bspline coeffs        5.63 ( 4.09% of Recip)
|                   Fill charge grid          19.58 (14.23% of Recip)
|                   Scalar sum                23.47 (17.06% of Recip)
|                   Grad sum                  29.80 (21.66% of Recip)
|                   FFT time                  59.10 (42.96% of Recip)
|                Recip Ewald time         137.59 ( 5.80% of Ewald)
|                Virial junk                0.36 ( 0.02% of Ewald)
|                Other                      0.89 ( 0.04% of Ewald)
|             Ewald time              2372.96 (98.82% of Nonbo)
|          Nonbond force           2401.24 (99.61% of Force)
|          Bond/Angle/Dihedral        9.16 ( 0.38% of Force)
|          Other                      0.24 ( 0.01% of Force)
|       Force time              2410.65 (100.0% of Runmd)
|    Runmd Time              2410.65 (99.29% of Total)
|    Other                     17.21 ( 0.71% of Total)
| Total time              2427.91 (100.0% of ALL  )

| Number of list builds   :         20

| Highest rstack allocated:    3475114
| Highest istack allocated:      61356
|           Job began  at 20:38:53.088  on 06/13/2022
|           Setup done at 20:38:53.531  on 06/13/2022
|           Run   done at 21:19:20.994  on 06/13/2022
|     wallclock() was called   76088 times

|3D-RISM memory allocation summary
|Type          Maximum        Current   
|Integer       0.00000 GB     0.00000 GB
|Real          0.00000 GB     0.00000 GB
|Logical       0.00000 GB     0.00000 GB
|Character     0.00000 GB     0.00000 GB
|---------------------------------------
|Total         0.00000 GB     0.00000 GB
