
          -------------------------------------------------------
          Amber 22 SANDER                              2022
          -------------------------------------------------------

| Run on 06/14/2022 at 08:25:44

|   Executable path: sander
| Working directory: /home/ubuntu/PoDProjects/MS/src/scripts
|          Hostname: Unknown
  [-O]verwriting output

File Assignments:
|  MDIN: heat_pbc.in                                                           
| MDOUT: ../out/chain_b_solv_box_heatpbc.out                                   
|INPCRD: ../res/chain_b_solv_box_min.ncrst                                     
|  PARM: ../res/chain_b_solv_box.prmtop                                        
|RESTRT: ../res/chain_b_solv_box_heatpbc.rst                                   
|  REFC: refc                                                                  
| MDVEL: mdvel                                                                 
| MDFRC: mdfrc                                                                 
|  MDEN: mden                                                                  
| MDCRD: ../res/chain_b_solv_box_heatpbc.nc                                    
|MDINFO: mdinfo                                                                
|  MTMD: mtmd                                                                  
|INPDIP: inpdip                                                                
|RSTDIP: rstdip                                                                
|INPTRA: inptraj                                                               


 Here is the input file:

Heat_pbc.in                                                                    
                                                                               
cat > mdin <<EOF                                                               
 &cntrl                                                                        
  imin   = 0,                                                                  
  irest  = 0,                                                                  
  ntx    = 1,                                                                  
  ntb    = 1,                                                                  
  cut    = 15.0,                                                               
  ntr    = 0,                                                                  
  ntc    = 2,                                                                  
  ntf    = 2,                                                                  
  tempi  = 0.0,                                                                
  temp0  = 298.0,                                                              
  ntt    = 3,                                                                  
  gamma_ln = 1.0,                                                              
  nstlim = 10000, dt = 0.002                                                   
  ntpr = 100, ntwx = 100, ntwr = 1000                                          
 /                                                                             
EOF                                                                            
                                                                               
set output = mdout                                                             

--------------------------------------------------------------------------------
   1.  RESOURCE   USE: 
--------------------------------------------------------------------------------

| Flags:                                                                        
 getting box info from netcdf restart file
| NetCDF restart box info found
|Largest sphere to fit in unit cell has radius =    38.139
| New format PARM file being parsed.
| Version =    1.000 Date = 06/13/22 Time = 20:34:59
 NATOM  =   61356 NTYPES =      16 NBONH =   58016 MBONA  =    3434
 NTHETH =    7742 MTHETA =    4669 NPHIH =   15076 MPHIA  =   11634
 NHPARM =       0 NPARM  =       0 NNB   =  110372 NRES   =   18619
 NBONA  =    3434 NTHETA =    4669 NPHIA =   11634 NUMBND =      43
 NUMANG =      89 NPTRA  =      42 NATYP =      31 NPHB   =       0
 IFBOX  =       1 NMXRS  =      24 IFCAP =       0 NEXTRA =       0
 NCOPY  =       0


|     Memory Use     Allocated
|     Real             4634885
|     Hollerith         202689
|     Integer          2723939
|     Max Pairs      100480676
|     nblistReal        736272
|     nblist Int       1868094
|       Total           453194 kbytes

| Note: 1-4 EEL scale factors are being read from the topology file.

| Note: 1-4 VDW scale factors are being read from the topology file.
| Duplicated    0 dihedrals
| Duplicated    0 dihedrals

     BOX TYPE: RECTILINEAR

--------------------------------------------------------------------------------
   2.  CONTROL  DATA  FOR  THE  RUN
--------------------------------------------------------------------------------

default_name                                                                    

General flags:
     imin    =       0, nmropt  =       0

Nature and format of input:
     ntx     =       1, irest   =       0, ntrx    =       1

Nature and format of output:
     ntxo    =       2, ntpr    =     100, ntrx    =       1, ntwr    =    1000
     iwrap   =       0, ntwx    =     100, ntwv    =       0, ntwe    =       0
     ioutfm  =       1, ntwprt  =       0, idecomp =       0, rbornstat=      0

Potential function:
     ntf     =       2, ntb     =       1, igb     =       0, nsnb    =      25
     ipol    =       0, gbsa    =       0, iesp    =       0
     dielc   =   1.00000, cut     =  15.00000, intdiel =   1.00000

Frozen or restrained atoms:
     ibelly  =       0, ntr     =       0

Molecular dynamics:
     nstlim  =     10000, nscm    =      1000, nrespa  =         1
     t       =   0.00000, dt      =   0.00200, vlimit  =  20.00000

Langevin dynamics temperature regulation:
     ig      =   71277
     temp0   = 298.00000, tempi   =   0.00000, gamma_ln=   1.00000

SHAKE:
     ntc     =       2, jfastw  =       0
     tol     =   0.00001

Ewald parameters:
     verbose =       0, ew_type =       0, nbflag  =       1, use_pme =       1
     vdwmeth =       1, eedmeth =       1, netfrc  =       1
     Box X =  116.199   Box Y =   76.278   Box Z =   85.596
     Alpha =   90.000   Beta  =   90.000   Gamma =   90.000
     NFFT1 =  120       NFFT2 =   80       NFFT3 =   90
     Cutoff=   15.000   Tol   =0.100E-04
     Ewald Coefficient =  0.17871
     Interpolation order =    4
|  INFO: Old style inpcrd file read


--------------------------------------------------------------------------------
   3.  ATOMIC COORDINATES AND VELOCITIES
--------------------------------------------------------------------------------

default_name                                                                    
 begin time read from input coords =     0.000 ps

 Number of triangulated 3-point waters found:    18214

     Sum of charges from parm topology file =   3.99999984
     Assuming uniform neutralizing plasma

--------------------------------------------------------------------------------
   4.  RESULTS
--------------------------------------------------------------------------------

|  # of SOLUTE  degrees of freedom (RNDFP):  126052.
|  # of SOLVENT degrees of freedom (RNDFS):       0.
|  NDFMIN =  126052.     NUM_NOSHAKE =      0     CORRECTED RNDFP =  126052.
|  TOTAL # of degrees of freedom (RNDF) =  126052.
 ---------------------------------------------------
 APPROXIMATING switch and d/dx switch using CUBIC SPLINE INTERPOLATION
 using   5000.0 points per unit in tabled values
 TESTING RELATIVE ERROR over r ranging from 0.0 to cutoff
| CHECK switch(x): max rel err =   0.2738E-14   at   2.422500
| CHECK d/dx switch(x): max rel err =   0.7766E-11   at   2.666360
 ---------------------------------------------------
| Local SIZE OF NONBOND LIST =   51786074
| TOTAL SIZE OF NONBOND LIST =   51786074

 NSTEP =        0   TIME(PS) =       0.000  TEMP(K) =     0.00  PRESS =     0.0
 Etot   =   -248324.6195  EKtot   =         0.0000  EPtot      =   -248324.6195
 BOND   =       220.2456  ANGLE   =       879.9010  DIHED      =      3955.3590
 1-4 NB =      1350.0473  1-4 EEL =     19235.4627  VDWAALS    =     38452.9717
 EELEC  =   -312418.6069  EHBOND  =         0.0000  RESTRAINT  =         0.0000
 Ewald error estimate:   0.1007E-03
 ------------------------------------------------------------------------------


 NSTEP =      100   TIME(PS) =       0.200  TEMP(K) =    74.00  PRESS =     0.0
 Etot   =   -202185.0931  EKtot   =      9268.3858  EPtot      =   -211453.4789
 BOND   =       412.1202  ANGLE   =      1377.4873  DIHED      =      4078.1482
 1-4 NB =      1386.5189  1-4 EEL =     19208.2381  VDWAALS    =     30689.3781
 EELEC  =   -268605.3697  EHBOND  =         0.0000  RESTRAINT  =         0.0000
 Ewald error estimate:   0.1031E-03
 ------------------------------------------------------------------------------


 NSTEP =      200   TIME(PS) =       0.400  TEMP(K) =   121.88  PRESS =     0.0
 Etot   =   -192113.7640  EKtot   =     15264.3913  EPtot      =   -207378.1552
 BOND   =       569.9635  ANGLE   =      1775.3370  DIHED      =      4162.8969
 1-4 NB =      1417.1042  1-4 EEL =     19117.1397  VDWAALS    =     32273.7107
 EELEC  =   -266694.3072  EHBOND  =         0.0000  RESTRAINT  =         0.0000
 Ewald error estimate:   0.5559E-06
 ------------------------------------------------------------------------------


 NSTEP =      300   TIME(PS) =       0.600  TEMP(K) =   154.95  PRESS =     0.0
 Etot   =   -184087.8842  EKtot   =     19406.3742  EPtot      =   -203494.2584
 BOND   =       733.1773  ANGLE   =      2137.7013  DIHED      =      4270.4450
 1-4 NB =      1422.4425  1-4 EEL =     19088.1666  VDWAALS    =     31282.4103
 EELEC  =   -262428.6014  EHBOND  =         0.0000  RESTRAINT  =         0.0000
 Ewald error estimate:   0.8227E-04
 ------------------------------------------------------------------------------


 NSTEP =      400   TIME(PS) =       0.800  TEMP(K) =   182.24  PRESS =     0.0
 Etot   =   -177478.8926  EKtot   =     22825.1640  EPtot      =   -200304.0566
 BOND   =       837.0968  ANGLE   =      2407.4194  DIHED      =      4354.3668
 1-4 NB =      1436.6038  1-4 EEL =     19109.3310  VDWAALS    =     30249.0656
 EELEC  =   -258697.9400  EHBOND  =         0.0000  RESTRAINT  =         0.0000
 Ewald error estimate:   0.2511E-04
 ------------------------------------------------------------------------------


 NSTEP =      500   TIME(PS) =       1.000  TEMP(K) =   202.68  PRESS =     0.0
 Etot   =   -172049.9912  EKtot   =     25384.6368  EPtot      =   -197434.6281
 BOND   =       886.9514  ANGLE   =      2573.0307  DIHED      =      4403.0490
 1-4 NB =      1477.8553  1-4 EEL =     19232.1218  VDWAALS    =     29308.2836
 EELEC  =   -255315.9198  EHBOND  =         0.0000  RESTRAINT  =         0.0000
 Ewald error estimate:   0.8887E-05
 ------------------------------------------------------------------------------


 NSTEP =      600   TIME(PS) =       1.200  TEMP(K) =   220.66  PRESS =     0.0
 Etot   =   -167662.2582  EKtot   =     27636.8852  EPtot      =   -195299.1435
 BOND   =       913.7573  ANGLE   =      2769.6307  DIHED      =      4394.6791
 1-4 NB =      1499.8527  1-4 EEL =     19198.0272  VDWAALS    =     28770.9115
 EELEC  =   -252846.0020  EHBOND  =         0.0000  RESTRAINT  =         0.0000
 Ewald error estimate:   0.1187E-04
 ------------------------------------------------------------------------------


 NSTEP =      700   TIME(PS) =       1.400  TEMP(K) =   231.83  PRESS =     0.0
 Etot   =   -164088.2614  EKtot   =     29035.8735  EPtot      =   -193124.1348
 BOND   =      1017.5054  ANGLE   =      2850.0604  DIHED      =      4471.2365
 1-4 NB =      1506.8793  1-4 EEL =     19251.2162  VDWAALS    =     27895.3125
 EELEC  =   -250116.3451  EHBOND  =         0.0000  RESTRAINT  =         0.0000
 Ewald error estimate:   0.7862E-04
 ------------------------------------------------------------------------------


 NSTEP =      800   TIME(PS) =       1.600  TEMP(K) =   243.49  PRESS =     0.0
 Etot   =   -160815.3995  EKtot   =     30496.3537  EPtot      =   -191311.7532
 BOND   =      1076.1440  ANGLE   =      3007.4172  DIHED      =      4459.2556
 1-4 NB =      1528.6488  1-4 EEL =     19240.0761  VDWAALS    =     26990.5628
 EELEC  =   -247613.8577  EHBOND  =         0.0000  RESTRAINT  =         0.0000
 Ewald error estimate:   0.2538E-05
 ------------------------------------------------------------------------------


 NSTEP =      900   TIME(PS) =       1.800  TEMP(K) =   251.89  PRESS =     0.0
 Etot   =   -158273.3395  EKtot   =     31547.6998  EPtot      =   -189821.0393
 BOND   =      1087.0777  ANGLE   =      3074.2443  DIHED      =      4519.3919
 1-4 NB =      1511.4890  1-4 EEL =     19204.2351  VDWAALS    =     26218.5622
 EELEC  =   -245436.0395  EHBOND  =         0.0000  RESTRAINT  =         0.0000
 Ewald error estimate:   0.1494E-03
 ------------------------------------------------------------------------------


 NSTEP =     1000   TIME(PS) =       2.000  TEMP(K) =   258.49  PRESS =     0.0
 Etot   =   -155966.3859  EKtot   =     32374.8088  EPtot      =   -188341.1947
 BOND   =      1146.4666  ANGLE   =      3155.2459  DIHED      =      4517.9466
 1-4 NB =      1531.3752  1-4 EEL =     19232.7759  VDWAALS    =     25508.8132
 EELEC  =   -243433.8181  EHBOND  =         0.0000  RESTRAINT  =         0.0000
 Ewald error estimate:   0.6147E-04
 ------------------------------------------------------------------------------


 NSTEP =     1100   TIME(PS) =       2.200  TEMP(K) =   263.29  PRESS =     0.0
 Etot   =   -153958.8066  EKtot   =     32975.1040  EPtot      =   -186933.9106
 BOND   =      1204.9613  ANGLE   =      3168.0376  DIHED      =      4538.7408
 1-4 NB =      1520.7040  1-4 EEL =     19240.8722  VDWAALS    =     25349.2400
 EELEC  =   -241956.4665  EHBOND  =         0.0000  RESTRAINT  =         0.0000
 Ewald error estimate:   0.8736E-04
 ------------------------------------------------------------------------------


 NSTEP =     1200   TIME(PS) =       2.400  TEMP(K) =   270.92  PRESS =     0.0
 Etot   =   -152148.7922  EKtot   =     33931.4919  EPtot      =   -186080.2840
 BOND   =      1159.3895  ANGLE   =      3276.2084  DIHED      =      4570.5258
 1-4 NB =      1539.3824  1-4 EEL =     19200.7535  VDWAALS    =     25072.0945
 EELEC  =   -240898.6383  EHBOND  =         0.0000  RESTRAINT  =         0.0000
 Ewald error estimate:   0.1406E-04
 ------------------------------------------------------------------------------


 NSTEP =     1300   TIME(PS) =       2.600  TEMP(K) =   274.26  PRESS =     0.0
 Etot   =   -150971.8305  EKtot   =     34349.2694  EPtot      =   -185321.0999
 BOND   =      1218.9586  ANGLE   =      3260.8067  DIHED      =      4596.7949
 1-4 NB =      1522.3450  1-4 EEL =     19283.2911  VDWAALS    =     24274.7844
 EELEC  =   -239478.0806  EHBOND  =         0.0000  RESTRAINT  =         0.0000
 Ewald error estimate:   0.4396E-04
 ------------------------------------------------------------------------------


 NSTEP =     1400   TIME(PS) =       2.800  TEMP(K) =   275.69  PRESS =     0.0
 Etot   =   -149603.9416  EKtot   =     34528.6414  EPtot      =   -184132.5830
 BOND   =      1216.8234  ANGLE   =      3366.7004  DIHED      =      4601.8779
 1-4 NB =      1549.5574  1-4 EEL =     19208.4363  VDWAALS    =     24391.5937
 EELEC  =   -238467.5722  EHBOND  =         0.0000  RESTRAINT  =         0.0000
 Ewald error estimate:   0.4417E-04
 ------------------------------------------------------------------------------


 NSTEP =     1500   TIME(PS) =       3.000  TEMP(K) =   276.78  PRESS =     0.0
 Etot   =   -148696.4827  EKtot   =     34665.6215  EPtot      =   -183362.1042
 BOND   =      1215.8197  ANGLE   =      3278.0731  DIHED      =      4588.5578
 1-4 NB =      1546.7814  1-4 EEL =     19244.2178  VDWAALS    =     23663.4622
 EELEC  =   -236899.0162  EHBOND  =         0.0000  RESTRAINT  =         0.0000
 Ewald error estimate:   0.2058E-04
 ------------------------------------------------------------------------------


 NSTEP =     1600   TIME(PS) =       3.200  TEMP(K) =   281.38  PRESS =     0.0
 Etot   =   -147614.3399  EKtot   =     35241.6703  EPtot      =   -182856.0101
 BOND   =      1250.2914  ANGLE   =      3303.1528  DIHED      =      4586.5798
 1-4 NB =      1554.6300  1-4 EEL =     19234.0459  VDWAALS    =     22941.2205
 EELEC  =   -235725.9304  EHBOND  =         0.0000  RESTRAINT  =         0.0000
 Ewald error estimate:   0.8758E-04
 ------------------------------------------------------------------------------


 NSTEP =     1700   TIME(PS) =       3.400  TEMP(K) =   284.19  PRESS =     0.0
 Etot   =   -146804.3558  EKtot   =     35592.9435  EPtot      =   -182397.2994
 BOND   =      1244.3107  ANGLE   =      3451.0540  DIHED      =      4584.1211
 1-4 NB =      1519.6888  1-4 EEL =     19246.4536  VDWAALS    =     23084.9954
 EELEC  =   -235527.9230  EHBOND  =         0.0000  RESTRAINT  =         0.0000
 Ewald error estimate:   0.2203E-04
 ------------------------------------------------------------------------------


 NSTEP =     1800   TIME(PS) =       3.600  TEMP(K) =   287.16  PRESS =     0.0
 Etot   =   -146085.0523  EKtot   =     35965.3348  EPtot      =   -182050.3871
 BOND   =      1211.6398  ANGLE   =      3485.4325  DIHED      =      4564.6906
 1-4 NB =      1552.2878  1-4 EEL =     19198.4989  VDWAALS    =     22890.2041
 EELEC  =   -234953.1407  EHBOND  =         0.0000  RESTRAINT  =         0.0000
 Ewald error estimate:   0.2255E-04
 ------------------------------------------------------------------------------


 NSTEP =     1900   TIME(PS) =       3.800  TEMP(K) =   288.95  PRESS =     0.0
 Etot   =   -145514.9309  EKtot   =     36188.9208  EPtot      =   -181703.8518
 BOND   =      1244.3980  ANGLE   =      3457.1399  DIHED      =      4532.3203
 1-4 NB =      1553.3530  1-4 EEL =     19165.4169  VDWAALS    =     22684.8727
 EELEC  =   -234341.3525  EHBOND  =         0.0000  RESTRAINT  =         0.0000
 Ewald error estimate:   0.4948E-04
 ------------------------------------------------------------------------------


 NSTEP =     2000   TIME(PS) =       4.000  TEMP(K) =   287.70  PRESS =     0.0
 Etot   =   -145133.4669  EKtot   =     36032.8951  EPtot      =   -181166.3620
 BOND   =      1249.5717  ANGLE   =      3481.7663  DIHED      =      4523.9041
 1-4 NB =      1522.8888  1-4 EEL =     19174.4902  VDWAALS    =     22550.3495
 EELEC  =   -233669.3327  EHBOND  =         0.0000  RESTRAINT  =         0.0000
 Ewald error estimate:   0.9352E-04
 ------------------------------------------------------------------------------


 NSTEP =     2100   TIME(PS) =       4.200  TEMP(K) =   289.70  PRESS =     0.0
 Etot   =   -144522.8083  EKtot   =     36283.3265  EPtot      =   -180806.1348
 BOND   =      1278.5588  ANGLE   =      3421.2425  DIHED      =      4585.7778
 1-4 NB =      1553.3557  1-4 EEL =     19164.2197  VDWAALS    =     22713.1771
 EELEC  =   -233522.4664  EHBOND  =         0.0000  RESTRAINT  =         0.0000
 Ewald error estimate:   0.8027E-04
 ------------------------------------------------------------------------------


 NSTEP =     2200   TIME(PS) =       4.400  TEMP(K) =   292.23  PRESS =     0.0
 Etot   =   -144147.3868  EKtot   =     36600.8099  EPtot      =   -180748.1968
 BOND   =      1245.5780  ANGLE   =      3420.0802  DIHED      =      4636.5137
 1-4 NB =      1540.3193  1-4 EEL =     19197.8606  VDWAALS    =     22010.2096
 EELEC  =   -232798.7581  EHBOND  =         0.0000  RESTRAINT  =         0.0000
 Ewald error estimate:   0.7104E-04
 ------------------------------------------------------------------------------


 NSTEP =     2300   TIME(PS) =       4.600  TEMP(K) =   293.33  PRESS =     0.0
 Etot   =   -143732.5987  EKtot   =     36738.1866  EPtot      =   -180470.7853
 BOND   =      1271.9593  ANGLE   =      3363.3930  DIHED      =      4572.1022
 1-4 NB =      1555.3837  1-4 EEL =     19273.7947  VDWAALS    =     22243.9638
 EELEC  =   -232751.3820  EHBOND  =         0.0000  RESTRAINT  =         0.0000
 Ewald error estimate:   0.4871E-04
 ------------------------------------------------------------------------------


 NSTEP =     2400   TIME(PS) =       4.800  TEMP(K) =   293.50  PRESS =     0.0
 Etot   =   -143263.6987  EKtot   =     36759.5369  EPtot      =   -180023.2357
 BOND   =      1260.3894  ANGLE   =      3492.0981  DIHED      =      4547.5650
 1-4 NB =      1555.1407  1-4 EEL =     19141.8591  VDWAALS    =     21640.5523
 EELEC  =   -231660.8404  EHBOND  =         0.0000  RESTRAINT  =         0.0000
 Ewald error estimate:   0.4386E-04
 ------------------------------------------------------------------------------


 NSTEP =     2500   TIME(PS) =       5.000  TEMP(K) =   292.60  PRESS =     0.0
 Etot   =   -143155.6705  EKtot   =     36646.1543  EPtot      =   -179801.8248
 BOND   =      1270.7149  ANGLE   =      3462.7214  DIHED      =      4601.3099
 1-4 NB =      1557.2115  1-4 EEL =     19188.5574  VDWAALS    =     22194.7858
 EELEC  =   -232077.1258  EHBOND  =         0.0000  RESTRAINT  =         0.0000
 Ewald error estimate:   0.1437E-03
 ------------------------------------------------------------------------------


 NSTEP =     2600   TIME(PS) =       5.200  TEMP(K) =   294.11  PRESS =     0.0
 Etot   =   -142988.6644  EKtot   =     36835.1530  EPtot      =   -179823.8175
 BOND   =      1309.1688  ANGLE   =      3420.7241  DIHED      =      4580.6534
 1-4 NB =      1550.8204  1-4 EEL =     19274.2647  VDWAALS    =     21640.6995
 EELEC  =   -231600.1484  EHBOND  =         0.0000  RESTRAINT  =         0.0000
 Ewald error estimate:   0.2918E-04
 ------------------------------------------------------------------------------


 NSTEP =     2700   TIME(PS) =       5.400  TEMP(K) =   294.96  PRESS =     0.0
 Etot   =   -142836.1395  EKtot   =     36941.5806  EPtot      =   -179777.7201
 BOND   =      1254.1953  ANGLE   =      3502.2099  DIHED      =      4597.6270
 1-4 NB =      1551.2307  1-4 EEL =     19185.6416  VDWAALS    =     21470.5345
 EELEC  =   -231339.1591  EHBOND  =         0.0000  RESTRAINT  =         0.0000
 Ewald error estimate:   0.5234E-04
 ------------------------------------------------------------------------------


 NSTEP =     2800   TIME(PS) =       5.600  TEMP(K) =   296.10  PRESS =     0.0
 Etot   =   -142616.1797  EKtot   =     37084.6523  EPtot      =   -179700.8320
 BOND   =      1277.0439  ANGLE   =      3424.6920  DIHED      =      4560.0418
 1-4 NB =      1519.4423  1-4 EEL =     19201.1097  VDWAALS    =     21448.5961
 EELEC  =   -231131.7577  EHBOND  =         0.0000  RESTRAINT  =         0.0000
 Ewald error estimate:   0.1301E-03
 ------------------------------------------------------------------------------


 NSTEP =     2900   TIME(PS) =       5.800  TEMP(K) =   295.47  PRESS =     0.0
 Etot   =   -142569.7690  EKtot   =     37005.9416  EPtot      =   -179575.7106
 BOND   =      1302.0323  ANGLE   =      3429.4836  DIHED      =      4525.3858
 1-4 NB =      1555.4675  1-4 EEL =     19231.0994  VDWAALS    =     21481.2299
 EELEC  =   -231100.4093  EHBOND  =         0.0000  RESTRAINT  =         0.0000
 Ewald error estimate:   0.8032E-04
 ------------------------------------------------------------------------------


 NSTEP =     3000   TIME(PS) =       6.000  TEMP(K) =   296.34  PRESS =     0.0
 Etot   =   -142471.7419  EKtot   =     37114.7522  EPtot      =   -179586.4940
 BOND   =      1291.3875  ANGLE   =      3480.8642  DIHED      =      4570.7588
 1-4 NB =      1532.7678  1-4 EEL =     19129.6865  VDWAALS    =     21330.4929
 EELEC  =   -230922.4517  EHBOND  =         0.0000  RESTRAINT  =         0.0000
 Ewald error estimate:   0.1779E-03
 ------------------------------------------------------------------------------


 NSTEP =     3100   TIME(PS) =       6.200  TEMP(K) =   296.68  PRESS =     0.0
 Etot   =   -142139.7921  EKtot   =     37157.7563  EPtot      =   -179297.5485
 BOND   =      1231.4452  ANGLE   =      3498.8324  DIHED      =      4552.4223
 1-4 NB =      1542.1578  1-4 EEL =     19172.4762  VDWAALS    =     21901.5985
 EELEC  =   -231196.4809  EHBOND  =         0.0000  RESTRAINT  =         0.0000
 Ewald error estimate:   0.4095E-04
 ------------------------------------------------------------------------------


 NSTEP =     3200   TIME(PS) =       6.400  TEMP(K) =   298.30  PRESS =     0.0
 Etot   =   -142101.2058  EKtot   =     37360.7379  EPtot      =   -179461.9437
 BOND   =      1344.9343  ANGLE   =      3402.1988  DIHED      =      4548.5593
 1-4 NB =      1532.1750  1-4 EEL =     19188.5832  VDWAALS    =     21549.0409
 EELEC  =   -231027.4352  EHBOND  =         0.0000  RESTRAINT  =         0.0000
 Ewald error estimate:   0.1557E-04
 ------------------------------------------------------------------------------


 NSTEP =     3300   TIME(PS) =       6.600  TEMP(K) =   298.55  PRESS =     0.0
 Etot   =   -142094.0577  EKtot   =     37392.3740  EPtot      =   -179486.4317
 BOND   =      1226.4079  ANGLE   =      3446.6095  DIHED      =      4560.0815
 1-4 NB =      1554.4642  1-4 EEL =     19226.4553  VDWAALS    =     21540.4124
 EELEC  =   -231040.8625  EHBOND  =         0.0000  RESTRAINT  =         0.0000
 Ewald error estimate:   0.1003E-03
 ------------------------------------------------------------------------------


 NSTEP =     3400   TIME(PS) =       6.800  TEMP(K) =   296.57  PRESS =     0.0
 Etot   =   -142115.4669  EKtot   =     37144.1239  EPtot      =   -179259.5908
 BOND   =      1277.2372  ANGLE   =      3379.3104  DIHED      =      4531.4569
 1-4 NB =      1544.0136  1-4 EEL =     19213.9687  VDWAALS    =     21508.1512
 EELEC  =   -230713.7289  EHBOND  =         0.0000  RESTRAINT  =         0.0000
 Ewald error estimate:   0.2302E-04
 ------------------------------------------------------------------------------


 NSTEP =     3500   TIME(PS) =       7.000  TEMP(K) =   296.84  PRESS =     0.0
 Etot   =   -142333.7840  EKtot   =     37177.9726  EPtot      =   -179511.7567
 BOND   =      1279.0426  ANGLE   =      3402.6169  DIHED      =      4505.5046
 1-4 NB =      1574.6030  1-4 EEL =     19221.0917  VDWAALS    =     21342.6664
 EELEC  =   -230837.2818  EHBOND  =         0.0000  RESTRAINT  =         0.0000
 Ewald error estimate:   0.5826E-04
 ------------------------------------------------------------------------------


 NSTEP =     3600   TIME(PS) =       7.200  TEMP(K) =   298.72  PRESS =     0.0
 Etot   =   -142231.3803  EKtot   =     37412.9178  EPtot      =   -179644.2980
 BOND   =      1255.6550  ANGLE   =      3323.8437  DIHED      =      4563.1119
 1-4 NB =      1524.2195  1-4 EEL =     19222.0417  VDWAALS    =     21603.3008
 EELEC  =   -231136.4707  EHBOND  =         0.0000  RESTRAINT  =         0.0000
 Ewald error estimate:   0.1752E-04
 ------------------------------------------------------------------------------


 NSTEP =     3700   TIME(PS) =       7.400  TEMP(K) =   298.31  PRESS =     0.0
 Etot   =   -142377.7186  EKtot   =     37361.6672  EPtot      =   -179739.3858
 BOND   =      1270.6993  ANGLE   =      3358.7830  DIHED      =      4541.0321
 1-4 NB =      1533.5316  1-4 EEL =     19177.6246  VDWAALS    =     21697.6362
 EELEC  =   -231318.6926  EHBOND  =         0.0000  RESTRAINT  =         0.0000
 Ewald error estimate:   0.5333E-04
 ------------------------------------------------------------------------------


 NSTEP =     3800   TIME(PS) =       7.600  TEMP(K) =   298.11  PRESS =     0.0
 Etot   =   -142348.8525  EKtot   =     37336.3537  EPtot      =   -179685.2062
 BOND   =      1281.9404  ANGLE   =      3486.2736  DIHED      =      4584.2568
 1-4 NB =      1542.2946  1-4 EEL =     19162.1249  VDWAALS    =     21510.3596
 EELEC  =   -231252.4561  EHBOND  =         0.0000  RESTRAINT  =         0.0000
 Ewald error estimate:   0.1163E-03
 ------------------------------------------------------------------------------


 NSTEP =     3900   TIME(PS) =       7.800  TEMP(K) =   298.95  PRESS =     0.0
 Etot   =   -142235.0619  EKtot   =     37442.4271  EPtot      =   -179677.4890
 BOND   =      1267.6157  ANGLE   =      3505.4520  DIHED      =      4569.7858
 1-4 NB =      1528.8968  1-4 EEL =     19224.8752  VDWAALS    =     21305.0376
 EELEC  =   -231079.1520  EHBOND  =         0.0000  RESTRAINT  =         0.0000
 Ewald error estimate:   0.6580E-06
 ------------------------------------------------------------------------------


 NSTEP =     4000   TIME(PS) =       8.000  TEMP(K) =   298.80  PRESS =     0.0
 Etot   =   -142337.8895  EKtot   =     37422.9672  EPtot      =   -179760.8567
 BOND   =      1273.7227  ANGLE   =      3421.1839  DIHED      =      4538.9301
 1-4 NB =      1551.9145  1-4 EEL =     19230.2187  VDWAALS    =     21513.9607
 EELEC  =   -231290.7872  EHBOND  =         0.0000  RESTRAINT  =         0.0000
 Ewald error estimate:   0.1131E-04
 ------------------------------------------------------------------------------


 NSTEP =     4100   TIME(PS) =       8.200  TEMP(K) =   297.86  PRESS =     0.0
 Etot   =   -142242.6210  EKtot   =     37304.8584  EPtot      =   -179547.4794
 BOND   =      1209.0220  ANGLE   =      3501.0095  DIHED      =      4574.3165
 1-4 NB =      1560.8761  1-4 EEL =     19192.9682  VDWAALS    =     21449.8063
 EELEC  =   -231035.4780  EHBOND  =         0.0000  RESTRAINT  =         0.0000
 Ewald error estimate:   0.5177E-04
 ------------------------------------------------------------------------------


 NSTEP =     4200   TIME(PS) =       8.400  TEMP(K) =   300.01  PRESS =     0.0
 Etot   =   -142039.5755  EKtot   =     37574.7886  EPtot      =   -179614.3641
 BOND   =      1220.3327  ANGLE   =      3471.9711  DIHED      =      4530.2082
 1-4 NB =      1542.9628  1-4 EEL =     19223.3167  VDWAALS    =     21674.8825
 EELEC  =   -231278.0381  EHBOND  =         0.0000  RESTRAINT  =         0.0000
 Ewald error estimate:   0.1832E-03
 ------------------------------------------------------------------------------


 NSTEP =     4300   TIME(PS) =       8.600  TEMP(K) =   301.25  PRESS =     0.0
 Etot   =   -141965.2357  EKtot   =     37729.5497  EPtot      =   -179694.7854
 BOND   =      1273.9140  ANGLE   =      3495.7725  DIHED      =      4539.7729
 1-4 NB =      1536.6028  1-4 EEL =     19296.0013  VDWAALS    =     21442.8213
 EELEC  =   -231279.6702  EHBOND  =         0.0000  RESTRAINT  =         0.0000
 Ewald error estimate:   0.9612E-04
 ------------------------------------------------------------------------------


 NSTEP =     4400   TIME(PS) =       8.800  TEMP(K) =   299.73  PRESS =     0.0
 Etot   =   -142165.4480  EKtot   =     37539.4825  EPtot      =   -179704.9305
 BOND   =      1298.3625  ANGLE   =      3434.0578  DIHED      =      4485.8821
 1-4 NB =      1542.9844  1-4 EEL =     19248.4828  VDWAALS    =     21665.2784
 EELEC  =   -231379.9784  EHBOND  =         0.0000  RESTRAINT  =         0.0000
 Ewald error estimate:   0.8193E-04
 ------------------------------------------------------------------------------


 NSTEP =     4500   TIME(PS) =       9.000  TEMP(K) =   299.25  PRESS =     0.0
 Etot   =   -142139.6968  EKtot   =     37478.9127  EPtot      =   -179618.6095
 BOND   =      1239.4962  ANGLE   =      3402.8198  DIHED      =      4521.4919
 1-4 NB =      1537.4962  1-4 EEL =     19290.3991  VDWAALS    =     21732.7558
 EELEC  =   -231343.0685  EHBOND  =         0.0000  RESTRAINT  =         0.0000
 Ewald error estimate:   0.2098E-05
 ------------------------------------------------------------------------------


 NSTEP =     4600   TIME(PS) =       9.200  TEMP(K) =   298.92  PRESS =     0.0
 Etot   =   -142233.0602  EKtot   =     37438.0206  EPtot      =   -179671.0809
 BOND   =      1214.8619  ANGLE   =      3389.8407  DIHED      =      4544.1191
 1-4 NB =      1573.4525  1-4 EEL =     19336.3057  VDWAALS    =     21252.6246
 EELEC  =   -230982.2855  EHBOND  =         0.0000  RESTRAINT  =         0.0000
 Ewald error estimate:   0.8481E-04
 ------------------------------------------------------------------------------


 NSTEP =     4700   TIME(PS) =       9.400  TEMP(K) =   299.10  PRESS =     0.0
 Etot   =   -142178.8578  EKtot   =     37460.2890  EPtot      =   -179639.1469
 BOND   =      1261.7796  ANGLE   =      3466.2867  DIHED      =      4528.6067
 1-4 NB =      1532.0433  1-4 EEL =     19198.4540  VDWAALS    =     21691.3405
 EELEC  =   -231317.6577  EHBOND  =         0.0000  RESTRAINT  =         0.0000
 Ewald error estimate:   0.5743E-04
 ------------------------------------------------------------------------------


 NSTEP =     4800   TIME(PS) =       9.600  TEMP(K) =   299.60  PRESS =     0.0
 Etot   =   -142344.2028  EKtot   =     37523.3797  EPtot      =   -179867.5825
 BOND   =      1254.1989  ANGLE   =      3496.9286  DIHED      =      4540.8526
 1-4 NB =      1522.2712  1-4 EEL =     19142.4101  VDWAALS    =     21481.2216
 EELEC  =   -231305.4655  EHBOND  =         0.0000  RESTRAINT  =         0.0000
 Ewald error estimate:   0.1685E-03
 ------------------------------------------------------------------------------


 NSTEP =     4900   TIME(PS) =       9.800  TEMP(K) =   299.37  PRESS =     0.0
 Etot   =   -142373.3904  EKtot   =     37494.3552  EPtot      =   -179867.7456
 BOND   =      1309.3788  ANGLE   =      3417.6365  DIHED      =      4527.0188
 1-4 NB =      1544.5274  1-4 EEL =     19240.8134  VDWAALS    =     21150.9353
 EELEC  =   -231058.0558  EHBOND  =         0.0000  RESTRAINT  =         0.0000
 Ewald error estimate:   0.6782E-04
 ------------------------------------------------------------------------------


 NSTEP =     5000   TIME(PS) =      10.000  TEMP(K) =   298.14  PRESS =     0.0
 Etot   =   -142572.5332  EKtot   =     37341.0179  EPtot      =   -179913.5512
 BOND   =      1273.7824  ANGLE   =      3360.0321  DIHED      =      4537.4626
 1-4 NB =      1553.6710  1-4 EEL =     19227.5697  VDWAALS    =     21676.6936
 EELEC  =   -231542.7625  EHBOND  =         0.0000  RESTRAINT  =         0.0000
 Ewald error estimate:   0.5595E-04
 ------------------------------------------------------------------------------


 NSTEP =     5100   TIME(PS) =      10.200  TEMP(K) =   299.07  PRESS =     0.0
 Etot   =   -142469.7611  EKtot   =     37456.7846  EPtot      =   -179926.5457
 BOND   =      1262.3296  ANGLE   =      3424.8309  DIHED      =      4546.2665
 1-4 NB =      1556.9561  1-4 EEL =     19288.9925  VDWAALS    =     21571.9818
 EELEC  =   -231577.9032  EHBOND  =         0.0000  RESTRAINT  =         0.0000
 Ewald error estimate:   0.1053E-04
 ------------------------------------------------------------------------------


 NSTEP =     5200   TIME(PS) =      10.400  TEMP(K) =   298.06  PRESS =     0.0
 Etot   =   -142750.8124  EKtot   =     37330.1625  EPtot      =   -180080.9749
 BOND   =      1278.5042  ANGLE   =      3446.6381  DIHED      =      4504.4551
 1-4 NB =      1534.4196  1-4 EEL =     19256.2503  VDWAALS    =     21660.3734
 EELEC  =   -231761.6156  EHBOND  =         0.0000  RESTRAINT  =         0.0000
 Ewald error estimate:   0.2033E-04
 ------------------------------------------------------------------------------


 NSTEP =     5300   TIME(PS) =      10.600  TEMP(K) =   297.85  PRESS =     0.0
 Etot   =   -142659.0452  EKtot   =     37303.8141  EPtot      =   -179962.8593
 BOND   =      1246.7811  ANGLE   =      3491.8235  DIHED      =      4575.4381
 1-4 NB =      1551.8626  1-4 EEL =     19251.6120  VDWAALS    =     21518.4953
 EELEC  =   -231598.8718  EHBOND  =         0.0000  RESTRAINT  =         0.0000
 Ewald error estimate:   0.5316E-04
 ------------------------------------------------------------------------------


 NSTEP =     5400   TIME(PS) =      10.800  TEMP(K) =   298.07  PRESS =     0.0
 Etot   =   -142668.3880  EKtot   =     37331.1505  EPtot      =   -179999.5385
 BOND   =      1315.7894  ANGLE   =      3435.2263  DIHED      =      4521.4278
 1-4 NB =      1550.3529  1-4 EEL =     19211.3798  VDWAALS    =     21278.6802
 EELEC  =   -231312.3949  EHBOND  =         0.0000  RESTRAINT  =         0.0000
 Ewald error estimate:   0.8189E-04
 ------------------------------------------------------------------------------


 NSTEP =     5500   TIME(PS) =      11.000  TEMP(K) =   298.02  PRESS =     0.0
 Etot   =   -142916.1771  EKtot   =     37325.9149  EPtot      =   -180242.0920
 BOND   =      1262.0157  ANGLE   =      3402.5176  DIHED      =      4566.1540
 1-4 NB =      1536.2298  1-4 EEL =     19258.0661  VDWAALS    =     21644.5103
 EELEC  =   -231911.5855  EHBOND  =         0.0000  RESTRAINT  =         0.0000
 Ewald error estimate:   0.1745E-04
 ------------------------------------------------------------------------------


 NSTEP =     5600   TIME(PS) =      11.200  TEMP(K) =   298.82  PRESS =     0.0
 Etot   =   -142793.5788  EKtot   =     37425.4846  EPtot      =   -180219.0634
 BOND   =      1272.8016  ANGLE   =      3426.5004  DIHED      =      4576.8559
 1-4 NB =      1518.7315  1-4 EEL =     19180.4635  VDWAALS    =     21545.5964
 EELEC  =   -231740.0127  EHBOND  =         0.0000  RESTRAINT  =         0.0000
 Ewald error estimate:   0.2349E-04
 ------------------------------------------------------------------------------


 NSTEP =     5700   TIME(PS) =      11.400  TEMP(K) =   298.15  PRESS =     0.0
 Etot   =   -142840.3680  EKtot   =     37342.0559  EPtot      =   -180182.4239
 BOND   =      1300.6502  ANGLE   =      3389.6935  DIHED      =      4543.1622
 1-4 NB =      1555.2665  1-4 EEL =     19177.2364  VDWAALS    =     21221.9822
 EELEC  =   -231370.4150  EHBOND  =         0.0000  RESTRAINT  =         0.0000
 Ewald error estimate:   0.1330E-03
 ------------------------------------------------------------------------------


 NSTEP =     5800   TIME(PS) =      11.600  TEMP(K) =   297.30  PRESS =     0.0
 Etot   =   -143002.9794  EKtot   =     37235.4197  EPtot      =   -180238.3991
 BOND   =      1276.4626  ANGLE   =      3452.0789  DIHED      =      4536.8892
 1-4 NB =      1551.6043  1-4 EEL =     19251.1702  VDWAALS    =     21397.2843
 EELEC  =   -231703.8885  EHBOND  =         0.0000  RESTRAINT  =         0.0000
 Ewald error estimate:   0.1098E-04
 ------------------------------------------------------------------------------


 NSTEP =     5900   TIME(PS) =      11.800  TEMP(K) =   297.83  PRESS =     0.0
 Etot   =   -142902.7796  EKtot   =     37302.0349  EPtot      =   -180204.8145
 BOND   =      1333.6647  ANGLE   =      3409.0403  DIHED      =      4517.4807
 1-4 NB =      1536.8177  1-4 EEL =     19183.1246  VDWAALS    =     21431.9012
 EELEC  =   -231616.8438  EHBOND  =         0.0000  RESTRAINT  =         0.0000
 Ewald error estimate:   0.7093E-04
 ------------------------------------------------------------------------------


 NSTEP =     6000   TIME(PS) =      12.000  TEMP(K) =   298.97  PRESS =     0.0
 Etot   =   -142748.4266  EKtot   =     37444.7024  EPtot      =   -180193.1290
 BOND   =      1334.8384  ANGLE   =      3514.0866  DIHED      =      4529.6143
 1-4 NB =      1487.2101  1-4 EEL =     19212.4937  VDWAALS    =     21343.3620
 EELEC  =   -231614.7341  EHBOND  =         0.0000  RESTRAINT  =         0.0000
 Ewald error estimate:   0.5076E-04
 ------------------------------------------------------------------------------


 NSTEP =     6100   TIME(PS) =      12.200  TEMP(K) =   298.88  PRESS =     0.0
 Etot   =   -142670.9270  EKtot   =     37432.9495  EPtot      =   -180103.8764
 BOND   =      1262.4452  ANGLE   =      3443.3737  DIHED      =      4559.0805
 1-4 NB =      1554.1254  1-4 EEL =     19185.3273  VDWAALS    =     21122.8499
 EELEC  =   -231231.0784  EHBOND  =         0.0000  RESTRAINT  =         0.0000
 Ewald error estimate:   0.3783E-04
 ------------------------------------------------------------------------------


 NSTEP =     6200   TIME(PS) =      12.400  TEMP(K) =   297.21  PRESS =     0.0
 Etot   =   -143081.3633  EKtot   =     37223.3711  EPtot      =   -180304.7343
 BOND   =      1303.7806  ANGLE   =      3440.3279  DIHED      =      4542.2657
 1-4 NB =      1553.9032  1-4 EEL =     19262.5620  VDWAALS    =     21417.8937
 EELEC  =   -231825.4675  EHBOND  =         0.0000  RESTRAINT  =         0.0000
 Ewald error estimate:   0.2065E-04
 ------------------------------------------------------------------------------


 NSTEP =     6300   TIME(PS) =      12.600  TEMP(K) =   297.17  PRESS =     0.0
 Etot   =   -143089.1421  EKtot   =     37219.2020  EPtot      =   -180308.3441
 BOND   =      1357.7620  ANGLE   =      3466.1873  DIHED      =      4538.8988
 1-4 NB =      1529.7482  1-4 EEL =     19228.3196  VDWAALS    =     21621.1394
 EELEC  =   -232050.3996  EHBOND  =         0.0000  RESTRAINT  =         0.0000
 Ewald error estimate:   0.1805E-03
 ------------------------------------------------------------------------------


 NSTEP =     6400   TIME(PS) =      12.800  TEMP(K) =   298.65  PRESS =     0.0
 Etot   =   -143227.6010  EKtot   =     37404.6899  EPtot      =   -180632.2909
 BOND   =      1267.4120  ANGLE   =      3527.4448  DIHED      =      4543.9698
 1-4 NB =      1553.9988  1-4 EEL =     19231.3624  VDWAALS    =     21537.2913
 EELEC  =   -232293.7700  EHBOND  =         0.0000  RESTRAINT  =         0.0000
 Ewald error estimate:   0.5044E-04
 ------------------------------------------------------------------------------


 NSTEP =     6500   TIME(PS) =      13.000  TEMP(K) =   298.63  PRESS =     0.0
 Etot   =   -143289.7601  EKtot   =     37401.4984  EPtot      =   -180691.2585
 BOND   =      1280.4733  ANGLE   =      3417.3738  DIHED      =      4527.3876
 1-4 NB =      1589.1955  1-4 EEL =     19230.0558  VDWAALS    =     21671.2380
 EELEC  =   -232406.9825  EHBOND  =         0.0000  RESTRAINT  =         0.0000
 Ewald error estimate:   0.1238E-03
 ------------------------------------------------------------------------------


 NSTEP =     6600   TIME(PS) =      13.200  TEMP(K) =   298.44  PRESS =     0.0
 Etot   =   -143272.3205  EKtot   =     37378.5953  EPtot      =   -180650.9158
 BOND   =      1262.3114  ANGLE   =      3483.5022  DIHED      =      4562.2607
 1-4 NB =      1537.8657  1-4 EEL =     19219.4224  VDWAALS    =     21289.6258
 EELEC  =   -232005.9040  EHBOND  =         0.0000  RESTRAINT  =         0.0000
 Ewald error estimate:   0.1119E-03
 ------------------------------------------------------------------------------


 NSTEP =     6700   TIME(PS) =      13.400  TEMP(K) =   297.56  PRESS =     0.0
 Etot   =   -143262.8390  EKtot   =     37267.7996  EPtot      =   -180530.6386
 BOND   =      1289.5885  ANGLE   =      3525.1803  DIHED      =      4544.5670
 1-4 NB =      1544.1006  1-4 EEL =     19232.2360  VDWAALS    =     21611.0910
 EELEC  =   -232277.4019  EHBOND  =         0.0000  RESTRAINT  =         0.0000
 Ewald error estimate:   0.1140E-04
 ------------------------------------------------------------------------------


 NSTEP =     6800   TIME(PS) =      13.600  TEMP(K) =   299.57  PRESS =     0.0
 Etot   =   -143244.6716  EKtot   =     37519.5645  EPtot      =   -180764.2360
 BOND   =      1302.6356  ANGLE   =      3485.4369  DIHED      =      4572.9295
 1-4 NB =      1523.8993  1-4 EEL =     19190.6623  VDWAALS    =     21845.8321
 EELEC  =   -232685.6316  EHBOND  =         0.0000  RESTRAINT  =         0.0000
 Ewald error estimate:   0.6697E-04
 ------------------------------------------------------------------------------


 NSTEP =     6900   TIME(PS) =      13.800  TEMP(K) =   298.44  PRESS =     0.0
 Etot   =   -143298.0770  EKtot   =     37378.1464  EPtot      =   -180676.2234
 BOND   =      1284.0379  ANGLE   =      3455.1176  DIHED      =      4521.7849
 1-4 NB =      1543.7641  1-4 EEL =     19220.7555  VDWAALS    =     21344.4145
 EELEC  =   -232046.0979  EHBOND  =         0.0000  RESTRAINT  =         0.0000
 Ewald error estimate:   0.1849E-03
 ------------------------------------------------------------------------------


 NSTEP =     7000   TIME(PS) =      14.000  TEMP(K) =   299.55  PRESS =     0.0
 Etot   =   -143296.2702  EKtot   =     37517.2097  EPtot      =   -180813.4799
 BOND   =      1256.4826  ANGLE   =      3418.8659  DIHED      =      4550.0879
 1-4 NB =      1541.4040  1-4 EEL =     19227.7484  VDWAALS    =     21655.8828
 EELEC  =   -232463.9516  EHBOND  =         0.0000  RESTRAINT  =         0.0000
 Ewald error estimate:   0.6425E-04
 ------------------------------------------------------------------------------


 NSTEP =     7100   TIME(PS) =      14.200  TEMP(K) =   297.94  PRESS =     0.0
 Etot   =   -143256.0624  EKtot   =     37315.5241  EPtot      =   -180571.5865
 BOND   =      1263.3035  ANGLE   =      3371.5075  DIHED      =      4534.5101
 1-4 NB =      1559.9551  1-4 EEL =     19248.1860  VDWAALS    =     21654.4661
 EELEC  =   -232203.5148  EHBOND  =         0.0000  RESTRAINT  =         0.0000
 Ewald error estimate:   0.1111E-03
 ------------------------------------------------------------------------------


 NSTEP =     7200   TIME(PS) =      14.400  TEMP(K) =   297.85  PRESS =     0.0
 Etot   =   -143203.4095  EKtot   =     37304.3290  EPtot      =   -180507.7385
 BOND   =      1253.0936  ANGLE   =      3469.7639  DIHED      =      4584.3509
 1-4 NB =      1549.0674  1-4 EEL =     19181.3326  VDWAALS    =     21165.6613
 EELEC  =   -231711.0083  EHBOND  =         0.0000  RESTRAINT  =         0.0000
 Ewald error estimate:   0.3692E-04
 ------------------------------------------------------------------------------


 NSTEP =     7300   TIME(PS) =      14.600  TEMP(K) =   296.35  PRESS =     0.0
 Etot   =   -143426.1193  EKtot   =     37116.0515  EPtot      =   -180542.1708
 BOND   =      1294.0528  ANGLE   =      3438.6257  DIHED      =      4522.3894
 1-4 NB =      1536.3512  1-4 EEL =     19220.9280  VDWAALS    =     21266.1118
 EELEC  =   -231820.6297  EHBOND  =         0.0000  RESTRAINT  =         0.0000
 Ewald error estimate:   0.1452E-03
 ------------------------------------------------------------------------------


 NSTEP =     7400   TIME(PS) =      14.800  TEMP(K) =   297.97  PRESS =     0.0
 Etot   =   -143702.3663  EKtot   =     37319.7544  EPtot      =   -181022.1207
 BOND   =      1345.5558  ANGLE   =      3411.4238  DIHED      =      4542.9951
 1-4 NB =      1528.5056  1-4 EEL =     19256.5501  VDWAALS    =     21624.8275
 EELEC  =   -232731.9785  EHBOND  =         0.0000  RESTRAINT  =         0.0000
 Ewald error estimate:   0.1300E-04
 ------------------------------------------------------------------------------


 NSTEP =     7500   TIME(PS) =      15.000  TEMP(K) =   297.72  PRESS =     0.0
 Etot   =   -143803.0945  EKtot   =     37287.4579  EPtot      =   -181090.5525
 BOND   =      1291.6893  ANGLE   =      3478.1354  DIHED      =      4523.2680
 1-4 NB =      1560.8581  1-4 EEL =     19267.9293  VDWAALS    =     22054.2026
 EELEC  =   -233266.6352  EHBOND  =         0.0000  RESTRAINT  =         0.0000
 Ewald error estimate:   0.4853E-04
 ------------------------------------------------------------------------------


 NSTEP =     7600   TIME(PS) =      15.200  TEMP(K) =   297.42  PRESS =     0.0
 Etot   =   -143901.6022  EKtot   =     37249.9951  EPtot      =   -181151.5974
 BOND   =      1320.6788  ANGLE   =      3437.6072  DIHED      =      4516.9627
 1-4 NB =      1540.0251  1-4 EEL =     19252.1677  VDWAALS    =     21894.6426
 EELEC  =   -233113.6815  EHBOND  =         0.0000  RESTRAINT  =         0.0000
 Ewald error estimate:   0.6673E-04
 ------------------------------------------------------------------------------


 NSTEP =     7700   TIME(PS) =      15.400  TEMP(K) =   298.65  PRESS =     0.0
 Etot   =   -143893.0422  EKtot   =     37404.0650  EPtot      =   -181297.1072
 BOND   =      1240.5504  ANGLE   =      3413.0605  DIHED      =      4525.5345
 1-4 NB =      1566.2119  1-4 EEL =     19211.6597  VDWAALS    =     21813.5107
 EELEC  =   -233067.6350  EHBOND  =         0.0000  RESTRAINT  =         0.0000
 Ewald error estimate:   0.2655E-04
 ------------------------------------------------------------------------------


 NSTEP =     7800   TIME(PS) =      15.600  TEMP(K) =   298.54  PRESS =     0.0
 Etot   =   -143893.7479  EKtot   =     37390.6410  EPtot      =   -181284.3890
 BOND   =      1296.0026  ANGLE   =      3438.8549  DIHED      =      4549.0252
 1-4 NB =      1530.0552  1-4 EEL =     19186.5416  VDWAALS    =     21388.0810
 EELEC  =   -232672.9496  EHBOND  =         0.0000  RESTRAINT  =         0.0000
 Ewald error estimate:   0.4750E-04
 ------------------------------------------------------------------------------


 NSTEP =     7900   TIME(PS) =      15.800  TEMP(K) =   297.53  PRESS =     0.0
 Etot   =   -143735.4704  EKtot   =     37264.2329  EPtot      =   -180999.7033
 BOND   =      1329.5676  ANGLE   =      3434.4251  DIHED      =      4543.6871
 1-4 NB =      1541.6578  1-4 EEL =     19200.9285  VDWAALS    =     21565.0073
 EELEC  =   -232614.9768  EHBOND  =         0.0000  RESTRAINT  =         0.0000
 Ewald error estimate:   0.9292E-04
 ------------------------------------------------------------------------------


 NSTEP =     8000   TIME(PS) =      16.000  TEMP(K) =   298.47  PRESS =     0.0
 Etot   =   -143519.3325  EKtot   =     37381.9650  EPtot      =   -180901.2975
 BOND   =      1295.2727  ANGLE   =      3381.9576  DIHED      =      4544.3338
 1-4 NB =      1533.0048  1-4 EEL =     19236.9757  VDWAALS    =     21397.4060
 EELEC  =   -232290.2480  EHBOND  =         0.0000  RESTRAINT  =         0.0000
 Ewald error estimate:   0.2315E-05
 ------------------------------------------------------------------------------


 NSTEP =     8100   TIME(PS) =      16.200  TEMP(K) =   298.01  PRESS =     0.0
 Etot   =   -143659.9924  EKtot   =     37324.6560  EPtot      =   -180984.6484
 BOND   =      1262.1099  ANGLE   =      3505.8852  DIHED      =      4547.9844
 1-4 NB =      1550.8802  1-4 EEL =     19200.6514  VDWAALS    =     21177.0831
 EELEC  =   -232229.2426  EHBOND  =         0.0000  RESTRAINT  =         0.0000
 Ewald error estimate:   0.3865E-05
 ------------------------------------------------------------------------------


 NSTEP =     8200   TIME(PS) =      16.400  TEMP(K) =   298.84  PRESS =     0.0
 Etot   =   -143450.9722  EKtot   =     37428.5443  EPtot      =   -180879.5165
 BOND   =      1246.9706  ANGLE   =      3418.5920  DIHED      =      4557.1757
 1-4 NB =      1530.8340  1-4 EEL =     19263.5548  VDWAALS    =     21558.4545
 EELEC  =   -232455.0982  EHBOND  =         0.0000  RESTRAINT  =         0.0000
 Ewald error estimate:   0.4901E-04
 ------------------------------------------------------------------------------


 NSTEP =     8300   TIME(PS) =      16.600  TEMP(K) =   299.18  PRESS =     0.0
 Etot   =   -143480.1270  EKtot   =     37470.2672  EPtot      =   -180950.3942
 BOND   =      1236.3285  ANGLE   =      3337.3357  DIHED      =      4563.6686
 1-4 NB =      1537.3858  1-4 EEL =     19223.6286  VDWAALS    =     21402.4220
 EELEC  =   -232251.1635  EHBOND  =         0.0000  RESTRAINT  =         0.0000
 Ewald error estimate:   0.8385E-05
 ------------------------------------------------------------------------------


 NSTEP =     8400   TIME(PS) =      16.800  TEMP(K) =   299.90  PRESS =     0.0
 Etot   =   -143481.5781  EKtot   =     37561.1313  EPtot      =   -181042.7094
 BOND   =      1259.6655  ANGLE   =      3349.8116  DIHED      =      4565.9615
 1-4 NB =      1516.9366  1-4 EEL =     19225.9572  VDWAALS    =     21785.8633
 EELEC  =   -232746.9051  EHBOND  =         0.0000  RESTRAINT  =         0.0000
 Ewald error estimate:   0.8388E-04
 ------------------------------------------------------------------------------


 NSTEP =     8500   TIME(PS) =      17.000  TEMP(K) =   299.12  PRESS =     0.0
 Etot   =   -143443.6881  EKtot   =     37463.5250  EPtot      =   -180907.2130
 BOND   =      1243.7058  ANGLE   =      3446.0607  DIHED      =      4577.4358
 1-4 NB =      1558.2067  1-4 EEL =     19235.5711  VDWAALS    =     21506.4837
 EELEC  =   -232474.6768  EHBOND  =         0.0000  RESTRAINT  =         0.0000
 Ewald error estimate:   0.7853E-04
 ------------------------------------------------------------------------------


 NSTEP =     8600   TIME(PS) =      17.200  TEMP(K) =   299.80  PRESS =     0.0
 Etot   =   -143340.3051  EKtot   =     37547.9234  EPtot      =   -180888.2285
 BOND   =      1254.3639  ANGLE   =      3484.6838  DIHED      =      4529.4038
 1-4 NB =      1543.6127  1-4 EEL =     19207.2923  VDWAALS    =     21616.6044
 EELEC  =   -232524.1892  EHBOND  =         0.0000  RESTRAINT  =         0.0000
 Ewald error estimate:   0.9270E-05
 ------------------------------------------------------------------------------


 NSTEP =     8700   TIME(PS) =      17.400  TEMP(K) =   299.94  PRESS =     0.0
 Etot   =   -143112.2859  EKtot   =     37566.0607  EPtot      =   -180678.3466
 BOND   =      1298.1303  ANGLE   =      3377.4931  DIHED      =      4555.2304
 1-4 NB =      1566.8780  1-4 EEL =     19256.8266  VDWAALS    =     21354.1479
 EELEC  =   -232087.0529  EHBOND  =         0.0000  RESTRAINT  =         0.0000
 Ewald error estimate:   0.1189E-04
 ------------------------------------------------------------------------------


 NSTEP =     8800   TIME(PS) =      17.600  TEMP(K) =   301.44  PRESS =     0.0
 Etot   =   -143180.3036  EKtot   =     37753.2730  EPtot      =   -180933.5766
 BOND   =      1278.8635  ANGLE   =      3408.0348  DIHED      =      4563.1983
 1-4 NB =      1529.0739  1-4 EEL =     19205.6248  VDWAALS    =     21528.8465
 EELEC  =   -232447.2184  EHBOND  =         0.0000  RESTRAINT  =         0.0000
 Ewald error estimate:   0.1634E-03
 ------------------------------------------------------------------------------


 NSTEP =     8900   TIME(PS) =      17.800  TEMP(K) =   299.92  PRESS =     0.0
 Etot   =   -143359.4542  EKtot   =     37563.1436  EPtot      =   -180922.5978
 BOND   =      1211.7198  ANGLE   =      3386.8109  DIHED      =      4550.5411
 1-4 NB =      1568.5506  1-4 EEL =     19205.4130  VDWAALS    =     21729.3718
 EELEC  =   -232575.0050  EHBOND  =         0.0000  RESTRAINT  =         0.0000
 Ewald error estimate:   0.2312E-04
 ------------------------------------------------------------------------------


 NSTEP =     9000   TIME(PS) =      18.000  TEMP(K) =   300.55  PRESS =     0.0
 Etot   =   -143275.0076  EKtot   =     37642.9008  EPtot      =   -180917.9084
 BOND   =      1266.7222  ANGLE   =      3363.6508  DIHED      =      4556.5298
 1-4 NB =      1537.4483  1-4 EEL =     19197.4421  VDWAALS    =     21470.6234
 EELEC  =   -232310.3250  EHBOND  =         0.0000  RESTRAINT  =         0.0000
 Ewald error estimate:   0.4531E-04
 ------------------------------------------------------------------------------


 NSTEP =     9100   TIME(PS) =      18.200  TEMP(K) =   301.22  PRESS =     0.0
 Etot   =   -143257.9648  EKtot   =     37726.1939  EPtot      =   -180984.1587
 BOND   =      1254.0075  ANGLE   =      3426.6084  DIHED      =      4563.5681
 1-4 NB =      1539.3639  1-4 EEL =     19199.3634  VDWAALS    =     21733.9474
 EELEC  =   -232701.0173  EHBOND  =         0.0000  RESTRAINT  =         0.0000
 Ewald error estimate:   0.1181E-03
 ------------------------------------------------------------------------------


 NSTEP =     9200   TIME(PS) =      18.400  TEMP(K) =   301.28  PRESS =     0.0
 Etot   =   -143246.9183  EKtot   =     37734.3282  EPtot      =   -180981.2465
 BOND   =      1225.3772  ANGLE   =      3413.1784  DIHED      =      4554.8166
 1-4 NB =      1564.6284  1-4 EEL =     19275.9607  VDWAALS    =     21608.2779
 EELEC  =   -232623.4857  EHBOND  =         0.0000  RESTRAINT  =         0.0000
 Ewald error estimate:   0.2381E-04
 ------------------------------------------------------------------------------


 NSTEP =     9300   TIME(PS) =      18.600  TEMP(K) =   298.98  PRESS =     0.0
 Etot   =   -143335.2499  EKtot   =     37445.0966  EPtot      =   -180780.3465
 BOND   =      1309.9541  ANGLE   =      3311.7659  DIHED      =      4558.8492
 1-4 NB =      1537.2105  1-4 EEL =     19234.8131  VDWAALS    =     21524.8838
 EELEC  =   -232257.8230  EHBOND  =         0.0000  RESTRAINT  =         0.0000
 Ewald error estimate:   0.7728E-05
 ------------------------------------------------------------------------------


 NSTEP =     9400   TIME(PS) =      18.800  TEMP(K) =   300.37  PRESS =     0.0
 Etot   =   -143530.6688  EKtot   =     37619.4234  EPtot      =   -181150.0922
 BOND   =      1251.1868  ANGLE   =      3325.9115  DIHED      =      4579.4000
 1-4 NB =      1539.5833  1-4 EEL =     19291.2481  VDWAALS    =     21802.1675
 EELEC  =   -232939.5893  EHBOND  =         0.0000  RESTRAINT  =         0.0000
 Ewald error estimate:   0.7796E-04
 ------------------------------------------------------------------------------


 NSTEP =     9500   TIME(PS) =      19.000  TEMP(K) =   298.97  PRESS =     0.0
 Etot   =   -143429.8918  EKtot   =     37444.8431  EPtot      =   -180874.7349
 BOND   =      1281.2226  ANGLE   =      3316.1242  DIHED      =      4553.8032
 1-4 NB =      1555.7473  1-4 EEL =     19283.0791  VDWAALS    =     21677.5213
 EELEC  =   -232542.2327  EHBOND  =         0.0000  RESTRAINT  =         0.0000
 Ewald error estimate:   0.4646E-04
 ------------------------------------------------------------------------------


 NSTEP =     9600   TIME(PS) =      19.200  TEMP(K) =   298.90  PRESS =     0.0
 Etot   =   -143610.9639  EKtot   =     37435.7941  EPtot      =   -181046.7581
 BOND   =      1211.1361  ANGLE   =      3387.8608  DIHED      =      4534.4260
 1-4 NB =      1535.9373  1-4 EEL =     19303.8040  VDWAALS    =     21451.3353
 EELEC  =   -232471.2575  EHBOND  =         0.0000  RESTRAINT  =         0.0000
 Ewald error estimate:   0.2868E-05
 ------------------------------------------------------------------------------


 NSTEP =     9700   TIME(PS) =      19.400  TEMP(K) =   300.06  PRESS =     0.0
 Etot   =   -143551.8924  EKtot   =     37581.3218  EPtot      =   -181133.2142
 BOND   =      1235.6026  ANGLE   =      3322.4330  DIHED      =      4532.9799
 1-4 NB =      1542.4706  1-4 EEL =     19257.4218  VDWAALS    =     21401.6742
 EELEC  =   -232425.7962  EHBOND  =         0.0000  RESTRAINT  =         0.0000
 Ewald error estimate:   0.7333E-04
 ------------------------------------------------------------------------------


 NSTEP =     9800   TIME(PS) =      19.600  TEMP(K) =   298.27  PRESS =     0.0
 Etot   =   -143899.2177  EKtot   =     37356.3013  EPtot      =   -181255.5190
 BOND   =      1311.5478  ANGLE   =      3323.9319  DIHED      =      4555.5441
 1-4 NB =      1554.3944  1-4 EEL =     19243.5028  VDWAALS    =     21522.4002
 EELEC  =   -232766.8402  EHBOND  =         0.0000  RESTRAINT  =         0.0000
 Ewald error estimate:   0.3597E-04
 ------------------------------------------------------------------------------


 NSTEP =     9900   TIME(PS) =      19.800  TEMP(K) =   299.90  PRESS =     0.0
 Etot   =   -143797.5204  EKtot   =     37561.3379  EPtot      =   -181358.8583
 BOND   =      1239.6497  ANGLE   =      3396.3001  DIHED      =      4517.6416
 1-4 NB =      1540.9221  1-4 EEL =     19223.3627  VDWAALS    =     21764.2635
 EELEC  =   -233040.9981  EHBOND  =         0.0000  RESTRAINT  =         0.0000
 Ewald error estimate:   0.4649E-04
 ------------------------------------------------------------------------------


 NSTEP =    10000   TIME(PS) =      20.000  TEMP(K) =   297.98  PRESS =     0.0
 Etot   =   -143806.4007  EKtot   =     37320.9723  EPtot      =   -181127.3730
 BOND   =      1255.5463  ANGLE   =      3448.3662  DIHED      =      4569.9751
 1-4 NB =      1514.8558  1-4 EEL =     19170.9890  VDWAALS    =     21397.1959
 EELEC  =   -232484.3013  EHBOND  =         0.0000  RESTRAINT  =         0.0000
 Ewald error estimate:   0.2887E-04
 ------------------------------------------------------------------------------


      A V E R A G E S   O V E R   10000 S T E P S


 NSTEP =    10000   TIME(PS) =      20.000  TEMP(K) =   284.43  PRESS =     0.0
 Etot   =   -146979.0133  EKtot   =     35623.7683  EPtot      =   -182602.7816
 BOND   =      1226.0063  ANGLE   =      3318.0135  DIHED      =      4529.6498
 1-4 NB =      1534.1728  1-4 EEL =     19217.6462  VDWAALS    =     22566.2172
 EELEC  =   -234994.4875  EHBOND  =         0.0000  RESTRAINT  =         0.0000
 Ewald error estimate:   0.5737E-04
 ------------------------------------------------------------------------------


      R M S  F L U C T U A T I O N S


 NSTEP =    10000   TIME(PS) =      20.000  TEMP(K) =    40.74  PRESS =     0.0
 Etot   =     11265.1335  EKtot   =      5102.2437  EPtot      =      6218.1149
 BOND   =       157.8172  ANGLE   =       371.8703  DIHED      =        86.0627
 1-4 NB =        33.7712  1-4 EEL =        42.8346  VDWAALS    =      2534.4337
 EELEC  =      8078.6271  EHBOND  =         0.0000  RESTRAINT  =         0.0000
 Ewald error estimate:   0.4145E-04
 ------------------------------------------------------------------------------


--------------------------------------------------------------------------------
   5.  TIMINGS
--------------------------------------------------------------------------------

|                Build the list          1100.22 (99.81% of List )
|                Other                      2.11 ( 0.19% of List )
|             List time               1102.34 ( 8.54% of Nonbo)
|                   Short_ene time         11132.40 (99.69% of Direc)
|                   Other                     34.36 ( 0.31% of Direc)
|                Direct Ewald time      11166.76 (94.61% of Ewald)
|                Adjust Ewald time         24.63 ( 0.21% of Ewald)
|                   Fill Bspline coeffs       26.39 ( 4.36% of Recip)
|                   Fill charge grid          77.57 (12.82% of Recip)
|                   Scalar sum               100.49 (16.61% of Recip)
|                   Grad sum                 146.60 (24.23% of Recip)
|                   FFT time                 254.05 (41.98% of Recip)
|                Recip Ewald time         605.14 ( 5.13% of Ewald)
|                Force Adjust               0.87 ( 0.01% of Ewald)
|                Virial junk                1.72 ( 0.01% of Ewald)
|                Other                      4.27 ( 0.04% of Ewald)
|             Ewald time             11803.42 (91.46% of Nonbo)
|          Nonbond force          12905.76 (99.71% of Force)
|          Bond/Angle/Dihedral       37.57 ( 0.29% of Force)
|       Force time             12943.92 (98.54% of Runmd)
|       Shake time                23.14 ( 0.18% of Runmd)
|       Verlet update time       166.19 ( 1.27% of Runmd)
|       Other                      1.91 ( 0.01% of Runmd)
|    Runmd Time             13135.16 (100.0% of Total)
| Total time             13135.59 (100.0% of ALL  )

| Number of list builds   :       1108

| Highest rstack allocated:    3475114
| Highest istack allocated:      61356

| Final Performance Info:
| -----------------------------------------------------
| Average timings for all steps:
|     Elapsed(s) =   13135.16 Per Step(ms) =    1313.52
|         ns/day =       0.13   seconds/ns =  656757.94
| -----------------------------------------------------

|           Job began  at 08:25:44.974  on 06/14/2022
|           Setup done at 08:25:45.409  on 06/14/2022
|           Run   done at 12:04:40.568  on 06/14/2022
|     wallclock() was called  442367 times

|3D-RISM memory allocation summary
|Type          Maximum        Current   
|Integer       0.00000 GB     0.00000 GB
|Real          0.00000 GB     0.00000 GB
|Logical       0.00000 GB     0.00000 GB
|Character     0.00000 GB     0.00000 GB
|---------------------------------------
|Total         0.00000 GB     0.00000 GB
