
          -------------------------------------------------------
          Amber 22 SANDER                              2022
          -------------------------------------------------------

| Run on 06/19/2022 at 20:04:07

|   Executable path: sander
| Working directory: /home/ubuntu/PoDProjects/MS/src/scripts
|          Hostname: Unknown
  [-O]verwriting output

File Assignments:
|  MDIN: heat_pbc.in                                                           
| MDOUT: ../out/chain_b_efz_solv_box_heatpbc.out                               
|INPCRD: ../res/chain_b_efz_solv_box_min.ncrst                                 
|  PARM: ../res/chain_b_efz_solv_box.prmtop                                    
|RESTRT: ../res/chain_b_efz_solv_box_heatpbc.rst                               
|  REFC: refc                                                                  
| MDVEL: mdvel                                                                 
| MDFRC: mdfrc                                                                 
|  MDEN: mden                                                                  
| MDCRD: ../res/chain_b_efz_solv_box_heatpbc.nc                                
|MDINFO: mdinfo                                                                
|  MTMD: mtmd                                                                  
|INPDIP: inpdip                                                                
|RSTDIP: rstdip                                                                
|INPTRA: inptraj                                                               


 Here is the input file:

cat > mdin <<EOF                                                               
 &cntrl                                                                        
  imin   = 0,                                                                  
  irest  = 0,                                                                  
  ntx    = 1,                                                                  
  ntb    = 1,                                                                  
  cut    = 15.0,                                                               
  ntr    = 0,                                                                  
  ntc    = 2,                                                                  
  ntf    = 2,                                                                  
  tempi  = 0.0,                                                                
  temp0  = 298.0,                                                              
  ntt    = 3,                                                                  
  gamma_ln = 1.0,                                                              
  nstlim = 10000, dt = 0.002                                                   
  ntpr = 100, ntwx = 100, ntwr = 1000                                          
 /                                                                             
EOF                                                                            
                                                                               
set output = mdout                                                             

--------------------------------------------------------------------------------
   1.  RESOURCE   USE: 
--------------------------------------------------------------------------------

| Flags:                                                                        
 getting box info from netcdf restart file
| NetCDF restart box info found
|Largest sphere to fit in unit cell has radius =    40.651
| New format PARM file being parsed.
| Version =    1.000 Date = 06/19/22 Time = 17:39:38
 NATOM  =   69313 NTYPES =      20 NBONH =   65948 MBONA  =    3457
 NTHETH =    7763 MTHETA =    4705 NPHIH =   15119 MPHIA  =   11685
 NHPARM =       0 NPARM  =       0 NNB   =  121095 NRES   =   21265
 NBONA  =    3457 NTHETA =    4705 NPHIA =   11685 NUMBND =      60
 NUMANG =     116 NPTRA  =      49 NATYP =      44 NPHB   =       0
 IFBOX  =       1 NMXRS  =      30 IFCAP =       0 NEXTRA =       0
 NCOPY  =       0


|     Memory Use     Allocated
|     Real             5160186
|     Hollerith         229206
|     Integer          2909183
|     Max Pairs      113511589
|     nblistReal        831756
|     nblist Int       2076408
|       Total           510587 kbytes

| Note: 1-4 EEL scale factors are being read from the topology file.

| Note: 1-4 VDW scale factors are being read from the topology file.
| Duplicated    0 dihedrals
| Duplicated    0 dihedrals

     BOX TYPE: RECTILINEAR

--------------------------------------------------------------------------------
   2.  CONTROL  DATA  FOR  THE  RUN
--------------------------------------------------------------------------------

default_name                                                                    

General flags:
     imin    =       0, nmropt  =       0

Nature and format of input:
     ntx     =       1, irest   =       0, ntrx    =       1

Nature and format of output:
     ntxo    =       2, ntpr    =     100, ntrx    =       1, ntwr    =    1000
     iwrap   =       0, ntwx    =     100, ntwv    =       0, ntwe    =       0
     ioutfm  =       1, ntwprt  =       0, idecomp =       0, rbornstat=      0

Potential function:
     ntf     =       2, ntb     =       1, igb     =       0, nsnb    =      25
     ipol    =       0, gbsa    =       0, iesp    =       0
     dielc   =   1.00000, cut     =  15.00000, intdiel =   1.00000

Frozen or restrained atoms:
     ibelly  =       0, ntr     =       0

Molecular dynamics:
     nstlim  =     10000, nscm    =      1000, nrespa  =         1
     t       =   0.00000, dt      =   0.00200, vlimit  =  20.00000

Langevin dynamics temperature regulation:
     ig      =   71277
     temp0   = 298.00000, tempi   =   0.00000, gamma_ln=   1.00000

SHAKE:
     ntc     =       2, jfastw  =       0
     tol     =   0.00001

Ewald parameters:
     verbose =       0, ew_type =       0, nbflag  =       1, use_pme =       1
     vdwmeth =       1, eedmeth =       1, netfrc  =       1
     Box X =  114.609   Box Y =   90.423   Box Z =   81.303
     Alpha =   90.000   Beta  =   90.000   Gamma =   90.000
     NFFT1 =  120       NFFT2 =   90       NFFT3 =   81
     Cutoff=   15.000   Tol   =0.100E-04
     Ewald Coefficient =  0.17871
     Interpolation order =    4
|  INFO: Old style inpcrd file read


--------------------------------------------------------------------------------
   3.  ATOMIC COORDINATES AND VELOCITIES
--------------------------------------------------------------------------------

default_name                                                                    
 begin time read from input coords =     0.000 ps

 Number of triangulated 3-point waters found:    20855

     Sum of charges from parm topology file =  -0.00200016
     Forcing neutrality...

--------------------------------------------------------------------------------
   4.  RESULTS
--------------------------------------------------------------------------------

|  # of SOLUTE  degrees of freedom (RNDFP):  141991.
|  # of SOLVENT degrees of freedom (RNDFS):       0.
|  NDFMIN =  141991.     NUM_NOSHAKE =      0     CORRECTED RNDFP =  141991.
|  TOTAL # of degrees of freedom (RNDF) =  141991.
 ---------------------------------------------------
 APPROXIMATING switch and d/dx switch using CUBIC SPLINE INTERPOLATION
 using   5000.0 points per unit in tabled values
 TESTING RELATIVE ERROR over r ranging from 0.0 to cutoff
| CHECK switch(x): max rel err =   0.2738E-14   at   2.422500
| CHECK d/dx switch(x): max rel err =   0.7766E-11   at   2.666360
 ---------------------------------------------------
| Local SIZE OF NONBOND LIST =   59369784
| TOTAL SIZE OF NONBOND LIST =   59369784

 NSTEP =        0   TIME(PS) =       0.000  TEMP(K) =     0.00  PRESS =     0.0
 Etot   =   -279950.7956  EKtot   =         0.0000  EPtot      =   -279950.7956
 BOND   =       225.5759  ANGLE   =       888.7244  DIHED      =      3994.3803
 1-4 NB =      1350.8637  1-4 EEL =     19196.9845  VDWAALS    =     40842.5001
 EELEC  =   -346449.8244  EHBOND  =         0.0000  RESTRAINT  =         0.0000
 Ewald error estimate:   0.1351E-03
 ------------------------------------------------------------------------------


 NSTEP =      100   TIME(PS) =       0.200  TEMP(K) =    78.26  PRESS =     0.0
 Etot   =   -229044.3946  EKtot   =     11041.5261  EPtot      =   -240085.9207
 BOND   =       412.7459  ANGLE   =      1369.0471  DIHED      =      4120.7252
 1-4 NB =      1376.1592  1-4 EEL =     19167.6844  VDWAALS    =     34563.0027
 EELEC  =   -301095.2853  EHBOND  =         0.0000  RESTRAINT  =         0.0000
 Ewald error estimate:   0.2041E-03
 ------------------------------------------------------------------------------


 NSTEP =      200   TIME(PS) =       0.400  TEMP(K) =   125.10  PRESS =     0.0
 Etot   =   -217906.4170  EKtot   =     17649.2883  EPtot      =   -235555.7052
 BOND   =       589.2139  ANGLE   =      1802.6295  DIHED      =      4210.4181
 1-4 NB =      1412.5606  1-4 EEL =     19107.6643  VDWAALS    =     37134.3462
 EELEC  =   -299812.5380  EHBOND  =         0.0000  RESTRAINT  =         0.0000
 Ewald error estimate:   0.1397E-04
 ------------------------------------------------------------------------------


 NSTEP =      300   TIME(PS) =       0.600  TEMP(K) =   158.28  PRESS =     0.0
 Etot   =   -209167.8895  EKtot   =     22330.9531  EPtot      =   -231498.8426
 BOND   =       743.7705  ANGLE   =      2067.7401  DIHED      =      4287.8830
 1-4 NB =      1448.2194  1-4 EEL =     19133.6416  VDWAALS    =     35840.0886
 EELEC  =   -295020.1858  EHBOND  =         0.0000  RESTRAINT  =         0.0000
 Ewald error estimate:   0.8341E-04
 ------------------------------------------------------------------------------


 NSTEP =      400   TIME(PS) =       0.800  TEMP(K) =   184.34  PRESS =     0.0
 Etot   =   -202117.1360  EKtot   =     26007.3473  EPtot      =   -228124.4833
 BOND   =       813.6570  ANGLE   =      2359.6479  DIHED      =      4352.9603
 1-4 NB =      1454.4760  1-4 EEL =     19155.0396  VDWAALS    =     35050.3001
 EELEC  =   -291310.5641  EHBOND  =         0.0000  RESTRAINT  =         0.0000
 Ewald error estimate:   0.3360E-05
 ------------------------------------------------------------------------------


 NSTEP =      500   TIME(PS) =       1.000  TEMP(K) =   204.27  PRESS =     0.0
 Etot   =   -196258.7881  EKtot   =     28818.8336  EPtot      =   -225077.6217
 BOND   =       928.7573  ANGLE   =      2533.8197  DIHED      =      4425.0764
 1-4 NB =      1489.4012  1-4 EEL =     19204.2466  VDWAALS    =     33979.8724
 EELEC  =   -287638.7953  EHBOND  =         0.0000  RESTRAINT  =         0.0000
 Ewald error estimate:   0.3916E-04
 ------------------------------------------------------------------------------


 NSTEP =      600   TIME(PS) =       1.200  TEMP(K) =   220.97  PRESS =     0.0
 Etot   =   -191518.5912  EKtot   =     31175.0651  EPtot      =   -222693.6563
 BOND   =       931.1192  ANGLE   =      2732.7000  DIHED      =      4450.6727
 1-4 NB =      1520.9742  1-4 EEL =     19194.0441  VDWAALS    =     33058.4943
 EELEC  =   -284581.6609  EHBOND  =         0.0000  RESTRAINT  =         0.0000
 Ewald error estimate:   0.2565E-04
 ------------------------------------------------------------------------------


 NSTEP =      700   TIME(PS) =       1.400  TEMP(K) =   232.48  PRESS =     0.0
 Etot   =   -187554.8840  EKtot   =     32798.5259  EPtot      =   -220353.4099
 BOND   =      1014.2749  ANGLE   =      2906.4575  DIHED      =      4510.4367
 1-4 NB =      1491.8311  1-4 EEL =     19197.8146  VDWAALS    =     32098.6603
 EELEC  =   -281572.8850  EHBOND  =         0.0000  RESTRAINT  =         0.0000
 Ewald error estimate:   0.6616E-04
 ------------------------------------------------------------------------------


 NSTEP =      800   TIME(PS) =       1.600  TEMP(K) =   243.19  PRESS =     0.0
 Etot   =   -184167.8937  EKtot   =     34309.1857  EPtot      =   -218477.0794
 BOND   =      1068.9519  ANGLE   =      3006.0429  DIHED      =      4492.1431
 1-4 NB =      1539.4047  1-4 EEL =     19249.7412  VDWAALS    =     31463.2484
 EELEC  =   -279296.6115  EHBOND  =         0.0000  RESTRAINT  =         0.0000
 Ewald error estimate:   0.4439E-04
 ------------------------------------------------------------------------------


 NSTEP =      900   TIME(PS) =       1.800  TEMP(K) =   250.86  PRESS =     0.0
 Etot   =   -181356.3323  EKtot   =     35391.3065  EPtot      =   -216747.6388
 BOND   =      1115.2404  ANGLE   =      3069.4581  DIHED      =      4515.8772
 1-4 NB =      1539.9190  1-4 EEL =     19253.9922  VDWAALS    =     30782.3708
 EELEC  =   -277024.4966  EHBOND  =         0.0000  RESTRAINT  =         0.0000
 Ewald error estimate:   0.2789E-04
 ------------------------------------------------------------------------------


 NSTEP =     1000   TIME(PS) =       2.000  TEMP(K) =   258.20  PRESS =     0.0
 Etot   =   -178597.4517  EKtot   =     36427.0008  EPtot      =   -215024.4525
 BOND   =      1169.2969  ANGLE   =      3212.7588  DIHED      =      4498.7491
 1-4 NB =      1535.4939  1-4 EEL =     19159.1216  VDWAALS    =     29919.8722
 EELEC  =   -274519.7451  EHBOND  =         0.0000  RESTRAINT  =         0.0000
 Ewald error estimate:   0.3013E-04
 ------------------------------------------------------------------------------


 NSTEP =     1100   TIME(PS) =       2.200  TEMP(K) =   262.79  PRESS =     0.0
 Etot   =   -176498.5491  EKtot   =     37074.7708  EPtot      =   -213573.3200
 BOND   =      1194.1487  ANGLE   =      3188.0702  DIHED      =      4587.7256
 1-4 NB =      1562.1239  1-4 EEL =     19268.6201  VDWAALS    =     29300.8325
 EELEC  =   -272674.8410  EHBOND  =         0.0000  RESTRAINT  =         0.0000
 Ewald error estimate:   0.3345E-04
 ------------------------------------------------------------------------------


 NSTEP =     1200   TIME(PS) =       2.400  TEMP(K) =   270.29  PRESS =     0.0
 Etot   =   -174669.9097  EKtot   =     38133.2016  EPtot      =   -212803.1113
 BOND   =      1181.8597  ANGLE   =      3227.6028  DIHED      =      4600.5914
 1-4 NB =      1547.7365  1-4 EEL =     19216.8975  VDWAALS    =     28982.1174
 EELEC  =   -271559.9167  EHBOND  =         0.0000  RESTRAINT  =         0.0000
 Ewald error estimate:   0.1295E-05
 ------------------------------------------------------------------------------


 NSTEP =     1300   TIME(PS) =       2.600  TEMP(K) =   271.78  PRESS =     0.0
 Etot   =   -172986.0110  EKtot   =     38342.5275  EPtot      =   -211328.5385
 BOND   =      1204.9519  ANGLE   =      3339.5103  DIHED      =      4600.2863
 1-4 NB =      1550.3989  1-4 EEL =     19202.5354  VDWAALS    =     28223.5206
 EELEC  =   -269449.7418  EHBOND  =         0.0000  RESTRAINT  =         0.0000
 Ewald error estimate:   0.6110E-04
 ------------------------------------------------------------------------------


 NSTEP =     1400   TIME(PS) =       2.800  TEMP(K) =   274.56  PRESS =     0.0
 Etot   =   -171617.6086  EKtot   =     38734.8458  EPtot      =   -210352.4544
 BOND   =      1217.4533  ANGLE   =      3304.2184  DIHED      =      4610.5347
 1-4 NB =      1561.0699  1-4 EEL =     19148.0538  VDWAALS    =     27829.0326
 EELEC  =   -268022.8171  EHBOND  =         0.0000  RESTRAINT  =         0.0000
 Ewald error estimate:   0.2434E-04
 ------------------------------------------------------------------------------


 NSTEP =     1500   TIME(PS) =       3.000  TEMP(K) =   279.16  PRESS =     0.0
 Etot   =   -170629.7810  EKtot   =     39383.6838  EPtot      =   -210013.4648
 BOND   =      1220.4172  ANGLE   =      3373.0971  DIHED      =      4630.5102
 1-4 NB =      1557.9692  1-4 EEL =     19245.8419  VDWAALS    =     28068.8116
 EELEC  =   -268110.1119  EHBOND  =         0.0000  RESTRAINT  =         0.0000
 Ewald error estimate:   0.1105E-03
 ------------------------------------------------------------------------------


 NSTEP =     1600   TIME(PS) =       3.200  TEMP(K) =   280.55  PRESS =     0.0
 Etot   =   -169643.4836  EKtot   =     39580.3450  EPtot      =   -209223.8286
 BOND   =      1290.8639  ANGLE   =      3337.9075  DIHED      =      4643.6305
 1-4 NB =      1574.0582  1-4 EEL =     19277.4357  VDWAALS    =     27406.4646
 EELEC  =   -266754.1891  EHBOND  =         0.0000  RESTRAINT  =         0.0000
 Ewald error estimate:   0.7738E-04
 ------------------------------------------------------------------------------


 NSTEP =     1700   TIME(PS) =       3.400  TEMP(K) =   280.79  PRESS =     0.0
 Etot   =   -168917.9581  EKtot   =     39614.1593  EPtot      =   -208532.1174
 BOND   =      1258.7023  ANGLE   =      3356.3810  DIHED      =      4640.8944
 1-4 NB =      1602.1316  1-4 EEL =     19282.5932  VDWAALS    =     26934.6751
 EELEC  =   -265607.4949  EHBOND  =         0.0000  RESTRAINT  =         0.0000
 Ewald error estimate:   0.1457E-03
 ------------------------------------------------------------------------------


 NSTEP =     1800   TIME(PS) =       3.600  TEMP(K) =   284.14  PRESS =     0.0
 Etot   =   -168137.7815  EKtot   =     40087.2879  EPtot      =   -208225.0694
 BOND   =      1240.4480  ANGLE   =      3460.5696  DIHED      =      4628.6876
 1-4 NB =      1541.1699  1-4 EEL =     19133.0647  VDWAALS    =     26811.6498
 EELEC  =   -265040.6589  EHBOND  =         0.0000  RESTRAINT  =         0.0000
 Ewald error estimate:   0.5475E-04
 ------------------------------------------------------------------------------


 NSTEP =     1900   TIME(PS) =       3.800  TEMP(K) =   285.88  PRESS =     0.0
 Etot   =   -167447.7911  EKtot   =     40332.1235  EPtot      =   -207779.9146
 BOND   =      1309.4995  ANGLE   =      3424.1205  DIHED      =      4634.4558
 1-4 NB =      1531.0575  1-4 EEL =     19204.1678  VDWAALS    =     27082.5376
 EELEC  =   -264965.7533  EHBOND  =         0.0000  RESTRAINT  =         0.0000
 Ewald error estimate:   0.3593E-04
 ------------------------------------------------------------------------------


 NSTEP =     2000   TIME(PS) =       4.000  TEMP(K) =   287.71  PRESS =     0.0
 Etot   =   -166810.8848  EKtot   =     40591.0282  EPtot      =   -207401.9130
 BOND   =      1239.3267  ANGLE   =      3421.3223  DIHED      =      4607.1791
 1-4 NB =      1578.5087  1-4 EEL =     19194.4630  VDWAALS    =     26572.5692
 EELEC  =   -264015.2821  EHBOND  =         0.0000  RESTRAINT  =         0.0000
 Ewald error estimate:   0.7095E-04
 ------------------------------------------------------------------------------


 NSTEP =     2100   TIME(PS) =       4.200  TEMP(K) =   288.57  PRESS =     0.0
 Etot   =   -166292.3155  EKtot   =     40712.1895  EPtot      =   -207004.5050
 BOND   =      1248.5018  ANGLE   =      3440.8641  DIHED      =      4655.0514
 1-4 NB =      1551.2781  1-4 EEL =     19209.7016  VDWAALS    =     26231.5744
 EELEC  =   -263341.4765  EHBOND  =         0.0000  RESTRAINT  =         0.0000
 Ewald error estimate:   0.3346E-06
 ------------------------------------------------------------------------------


 NSTEP =     2200   TIME(PS) =       4.400  TEMP(K) =   290.08  PRESS =     0.0
 Etot   =   -165658.0387  EKtot   =     40925.5223  EPtot      =   -206583.5610
 BOND   =      1191.1847  ANGLE   =      3428.8649  DIHED      =      4587.5461
 1-4 NB =      1581.9803  1-4 EEL =     19192.0244  VDWAALS    =     26425.8149
 EELEC  =   -262990.9763  EHBOND  =         0.0000  RESTRAINT  =         0.0000
 Ewald error estimate:   0.5113E-04
 ------------------------------------------------------------------------------


 NSTEP =     2300   TIME(PS) =       4.600  TEMP(K) =   288.88  PRESS =     0.0
 Etot   =   -165445.1752  EKtot   =     40755.7835  EPtot      =   -206200.9587
 BOND   =      1272.1140  ANGLE   =      3414.8569  DIHED      =      4673.5268
 1-4 NB =      1566.2959  1-4 EEL =     19206.0770  VDWAALS    =     25829.6961
 EELEC  =   -262163.5253  EHBOND  =         0.0000  RESTRAINT  =         0.0000
 Ewald error estimate:   0.8915E-04
 ------------------------------------------------------------------------------


 NSTEP =     2400   TIME(PS) =       4.800  TEMP(K) =   290.66  PRESS =     0.0
 Etot   =   -165012.8087  EKtot   =     41006.9524  EPtot      =   -206019.7611
 BOND   =      1331.7171  ANGLE   =      3406.3183  DIHED      =      4630.6515
 1-4 NB =      1558.2142  1-4 EEL =     19220.1023  VDWAALS    =     25680.5364
 EELEC  =   -261847.3010  EHBOND  =         0.0000  RESTRAINT  =         0.0000
 Ewald error estimate:   0.1108E-03
 ------------------------------------------------------------------------------


 NSTEP =     2500   TIME(PS) =       5.000  TEMP(K) =   292.28  PRESS =     0.0
 Etot   =   -164572.0301  EKtot   =     41235.1952  EPtot      =   -205807.2252
 BOND   =      1308.1630  ANGLE   =      3473.7084  DIHED      =      4606.2179
 1-4 NB =      1565.3043  1-4 EEL =     19251.4719  VDWAALS    =     25560.1380
 EELEC  =   -261572.2286  EHBOND  =         0.0000  RESTRAINT  =         0.0000
 Ewald error estimate:   0.8790E-05
 ------------------------------------------------------------------------------


 NSTEP =     2600   TIME(PS) =       5.200  TEMP(K) =   291.99  PRESS =     0.0
 Etot   =   -164299.2142  EKtot   =     41194.2204  EPtot      =   -205493.4347
 BOND   =      1326.2234  ANGLE   =      3476.9301  DIHED      =      4607.6154
 1-4 NB =      1520.1385  1-4 EEL =     19206.0187  VDWAALS    =     25612.7105
 EELEC  =   -261243.0712  EHBOND  =         0.0000  RESTRAINT  =         0.0000
 Ewald error estimate:   0.5515E-04
 ------------------------------------------------------------------------------


 NSTEP =     2700   TIME(PS) =       5.400  TEMP(K) =   294.52  PRESS =     0.0
 Etot   =   -164063.9169  EKtot   =     41550.8659  EPtot      =   -205614.7828
 BOND   =      1248.7799  ANGLE   =      3513.4778  DIHED      =      4629.3324
 1-4 NB =      1549.2078  1-4 EEL =     19133.3737  VDWAALS    =     25752.0721
 EELEC  =   -261441.0264  EHBOND  =         0.0000  RESTRAINT  =         0.0000
 Ewald error estimate:   0.1849E-04
 ------------------------------------------------------------------------------


 NSTEP =     2800   TIME(PS) =       5.600  TEMP(K) =   293.39  PRESS =     0.0
 Etot   =   -163693.1349  EKtot   =     41391.3599  EPtot      =   -205084.4948
 BOND   =      1248.8345  ANGLE   =      3463.4011  DIHED      =      4589.3192
 1-4 NB =      1564.9356  1-4 EEL =     19226.1275  VDWAALS    =     25336.6553
 EELEC  =   -260513.7681  EHBOND  =         0.0000  RESTRAINT  =         0.0000
 Ewald error estimate:   0.3472E-04
 ------------------------------------------------------------------------------


 NSTEP =     2900   TIME(PS) =       5.800  TEMP(K) =   295.26  PRESS =     0.0
 Etot   =   -163391.7734  EKtot   =     41655.4256  EPtot      =   -205047.1990
 BOND   =      1222.1321  ANGLE   =      3466.7121  DIHED      =      4624.5566
 1-4 NB =      1542.5145  1-4 EEL =     19161.0313  VDWAALS    =     25441.7557
 EELEC  =   -260505.9013  EHBOND  =         0.0000  RESTRAINT  =         0.0000
 Ewald error estimate:   0.1886E-04
 ------------------------------------------------------------------------------


 NSTEP =     3000   TIME(PS) =       6.000  TEMP(K) =   296.23  PRESS =     0.0
 Etot   =   -163208.7575  EKtot   =     41792.8955  EPtot      =   -205001.6530
 BOND   =      1265.5446  ANGLE   =      3397.9943  DIHED      =      4642.6287
 1-4 NB =      1569.9020  1-4 EEL =     19174.9376  VDWAALS    =     25039.5027
 EELEC  =   -260092.1629  EHBOND  =         0.0000  RESTRAINT  =         0.0000
 Ewald error estimate:   0.1125E-03
 ------------------------------------------------------------------------------


 NSTEP =     3100   TIME(PS) =       6.200  TEMP(K) =   295.84  PRESS =     0.0
 Etot   =   -162867.0366  EKtot   =     41737.0846  EPtot      =   -204604.1211
 BOND   =      1264.2852  ANGLE   =      3511.3612  DIHED      =      4610.1723
 1-4 NB =      1560.0109  1-4 EEL =     19170.6372  VDWAALS    =     25237.2192
 EELEC  =   -259957.8070  EHBOND  =         0.0000  RESTRAINT  =         0.0000
 Ewald error estimate:   0.7778E-04
 ------------------------------------------------------------------------------


 NSTEP =     3200   TIME(PS) =       6.400  TEMP(K) =   295.57  PRESS =     0.0
 Etot   =   -163024.8555  EKtot   =     41698.8564  EPtot      =   -204723.7119
 BOND   =      1245.7898  ANGLE   =      3484.9266  DIHED      =      4603.4938
 1-4 NB =      1529.9366  1-4 EEL =     19180.2888  VDWAALS    =     24853.2609
 EELEC  =   -259621.4083  EHBOND  =         0.0000  RESTRAINT  =         0.0000
 Ewald error estimate:   0.1245E-05
 ------------------------------------------------------------------------------


 NSTEP =     3300   TIME(PS) =       6.600  TEMP(K) =   295.51  PRESS =     0.0
 Etot   =   -162864.6163  EKtot   =     41690.3546  EPtot      =   -204554.9709
 BOND   =      1292.2661  ANGLE   =      3422.8144  DIHED      =      4641.7001
 1-4 NB =      1558.7033  1-4 EEL =     19215.8035  VDWAALS    =     25260.0697
 EELEC  =   -259946.3282  EHBOND  =         0.0000  RESTRAINT  =         0.0000
 Ewald error estimate:   0.8878E-04
 ------------------------------------------------------------------------------


 NSTEP =     3400   TIME(PS) =       6.800  TEMP(K) =   296.55  PRESS =     0.0
 Etot   =   -162622.5619  EKtot   =     41837.3866  EPtot      =   -204459.9486
 BOND   =      1317.7277  ANGLE   =      3464.7091  DIHED      =      4619.1176
 1-4 NB =      1548.5652  1-4 EEL =     19151.2313  VDWAALS    =     25257.1120
 EELEC  =   -259818.4115  EHBOND  =         0.0000  RESTRAINT  =         0.0000
 Ewald error estimate:   0.6610E-04
 ------------------------------------------------------------------------------


 NSTEP =     3500   TIME(PS) =       7.000  TEMP(K) =   296.08  PRESS =     0.0
 Etot   =   -162606.7189  EKtot   =     41770.7808  EPtot      =   -204377.4996
 BOND   =      1247.7480  ANGLE   =      3527.6473  DIHED      =      4563.0926
 1-4 NB =      1537.1253  1-4 EEL =     19204.2895  VDWAALS    =     25332.1921
 EELEC  =   -259789.5945  EHBOND  =         0.0000  RESTRAINT  =         0.0000
 Ewald error estimate:   0.6102E-06
 ------------------------------------------------------------------------------


 NSTEP =     3600   TIME(PS) =       7.200  TEMP(K) =   296.09  PRESS =     0.0
 Etot   =   -162501.3059  EKtot   =     41773.4052  EPtot      =   -204274.7111
 BOND   =      1278.3892  ANGLE   =      3444.8118  DIHED      =      4616.8406
 1-4 NB =      1544.4361  1-4 EEL =     19223.4440  VDWAALS    =     24816.7345
 EELEC  =   -259199.3672  EHBOND  =         0.0000  RESTRAINT  =         0.0000
 Ewald error estimate:   0.3001E-04
 ------------------------------------------------------------------------------


 NSTEP =     3700   TIME(PS) =       7.400  TEMP(K) =   296.74  PRESS =     0.0
 Etot   =   -162495.6091  EKtot   =     41864.7977  EPtot      =   -204360.4067
 BOND   =      1244.9221  ANGLE   =      3501.1423  DIHED      =      4590.2335
 1-4 NB =      1569.0227  1-4 EEL =     19147.9008  VDWAALS    =     24799.6970
 EELEC  =   -259213.3251  EHBOND  =         0.0000  RESTRAINT  =         0.0000
 Ewald error estimate:   0.7673E-04
 ------------------------------------------------------------------------------


 NSTEP =     3800   TIME(PS) =       7.600  TEMP(K) =   297.88  PRESS =     0.0
 Etot   =   -162356.9652  EKtot   =     42025.5351  EPtot      =   -204382.5003
 BOND   =      1253.0994  ANGLE   =      3467.9422  DIHED      =      4571.6737
 1-4 NB =      1546.8072  1-4 EEL =     19173.7394  VDWAALS    =     24776.0067
 EELEC  =   -259171.7689  EHBOND  =         0.0000  RESTRAINT  =         0.0000
 Ewald error estimate:   0.2432E-04
 ------------------------------------------------------------------------------


 NSTEP =     3900   TIME(PS) =       7.800  TEMP(K) =   297.15  PRESS =     0.0
 Etot   =   -162327.5472  EKtot   =     41921.8268  EPtot      =   -204249.3740
 BOND   =      1330.1490  ANGLE   =      3389.7436  DIHED      =      4590.4612
 1-4 NB =      1546.5856  1-4 EEL =     19211.8528  VDWAALS    =     24884.0487
 EELEC  =   -259202.2148  EHBOND  =         0.0000  RESTRAINT  =         0.0000
 Ewald error estimate:   0.6645E-04
 ------------------------------------------------------------------------------


 NSTEP =     4000   TIME(PS) =       8.000  TEMP(K) =   297.37  PRESS =     0.0
 Etot   =   -162052.2645  EKtot   =     41952.8958  EPtot      =   -204005.1603
 BOND   =      1322.4937  ANGLE   =      3442.8900  DIHED      =      4534.9720
 1-4 NB =      1562.7569  1-4 EEL =     19250.0889  VDWAALS    =     25185.8687
 EELEC  =   -259304.2304  EHBOND  =         0.0000  RESTRAINT  =         0.0000
 Ewald error estimate:   0.1247E-03
 ------------------------------------------------------------------------------


 NSTEP =     4100   TIME(PS) =       8.200  TEMP(K) =   298.90  PRESS =     0.0
 Etot   =   -161949.9229  EKtot   =     42169.1843  EPtot      =   -204119.1072
 BOND   =      1307.1781  ANGLE   =      3441.5388  DIHED      =      4547.7766
 1-4 NB =      1575.3667  1-4 EEL =     19253.6620  VDWAALS    =     24998.0699
 EELEC  =   -259242.6993  EHBOND  =         0.0000  RESTRAINT  =         0.0000
 Ewald error estimate:   0.6536E-04
 ------------------------------------------------------------------------------


 NSTEP =     4200   TIME(PS) =       8.400  TEMP(K) =   299.18  PRESS =     0.0
 Etot   =   -161976.3620  EKtot   =     42208.4422  EPtot      =   -204184.8042
 BOND   =      1244.3204  ANGLE   =      3472.8449  DIHED      =      4590.3633
 1-4 NB =      1545.4777  1-4 EEL =     19135.0967  VDWAALS    =     24602.3377
 EELEC  =   -258775.2449  EHBOND  =         0.0000  RESTRAINT  =         0.0000
 Ewald error estimate:   0.5716E-04
 ------------------------------------------------------------------------------


 NSTEP =     4300   TIME(PS) =       8.600  TEMP(K) =   299.08  PRESS =     0.0
 Etot   =   -161853.4486  EKtot   =     42194.0553  EPtot      =   -204047.5039
 BOND   =      1272.7446  ANGLE   =      3463.2848  DIHED      =      4572.0922
 1-4 NB =      1552.1649  1-4 EEL =     19148.5377  VDWAALS    =     25032.1451
 EELEC  =   -259088.4733  EHBOND  =         0.0000  RESTRAINT  =         0.0000
 Ewald error estimate:   0.4152E-04
 ------------------------------------------------------------------------------


 NSTEP =     4400   TIME(PS) =       8.800  TEMP(K) =   298.28  PRESS =     0.0
 Etot   =   -162078.9775  EKtot   =     42081.7892  EPtot      =   -204160.7667
 BOND   =      1325.9958  ANGLE   =      3457.4182  DIHED      =      4602.8206
 1-4 NB =      1522.3192  1-4 EEL =     19172.9392  VDWAALS    =     24617.8808
 EELEC  =   -258860.1404  EHBOND  =         0.0000  RESTRAINT  =         0.0000
 Ewald error estimate:   0.3605E-04
 ------------------------------------------------------------------------------


 NSTEP =     4500   TIME(PS) =       9.000  TEMP(K) =   297.30  PRESS =     0.0
 Etot   =   -162145.8505  EKtot   =     41942.9707  EPtot      =   -204088.8213
 BOND   =      1254.1675  ANGLE   =      3439.5770  DIHED      =      4563.3093
 1-4 NB =      1563.0256  1-4 EEL =     19264.8079  VDWAALS    =     24786.4980
 EELEC  =   -258960.2067  EHBOND  =         0.0000  RESTRAINT  =         0.0000
 Ewald error estimate:   0.9003E-06
 ------------------------------------------------------------------------------


 NSTEP =     4600   TIME(PS) =       9.200  TEMP(K) =   299.16  PRESS =     0.0
 Etot   =   -162110.4465  EKtot   =     42205.4300  EPtot      =   -204315.8765
 BOND   =      1206.5583  ANGLE   =      3488.9029  DIHED      =      4599.4801
 1-4 NB =      1545.0569  1-4 EEL =     19236.7214  VDWAALS    =     25066.5604
 EELEC  =   -259459.1565  EHBOND  =         0.0000  RESTRAINT  =         0.0000
 Ewald error estimate:   0.1996E-04
 ------------------------------------------------------------------------------


 NSTEP =     4700   TIME(PS) =       9.400  TEMP(K) =   298.76  PRESS =     0.0
 Etot   =   -162188.7164  EKtot   =     42149.8066  EPtot      =   -204338.5230
 BOND   =      1289.9015  ANGLE   =      3549.0653  DIHED      =      4584.4279
 1-4 NB =      1513.3344  1-4 EEL =     19118.9796  VDWAALS    =     24904.8488
 EELEC  =   -259299.0805  EHBOND  =         0.0000  RESTRAINT  =         0.0000
 Ewald error estimate:   0.3898E-04
 ------------------------------------------------------------------------------


 NSTEP =     4800   TIME(PS) =       9.600  TEMP(K) =   298.51  PRESS =     0.0
 Etot   =   -162147.2838  EKtot   =     42114.0979  EPtot      =   -204261.3818
 BOND   =      1234.4682  ANGLE   =      3572.7754  DIHED      =      4603.8949
 1-4 NB =      1546.7326  1-4 EEL =     19149.8952  VDWAALS    =     24697.5852
 EELEC  =   -259066.7332  EHBOND  =         0.0000  RESTRAINT  =         0.0000
 Ewald error estimate:   0.1401E-03
 ------------------------------------------------------------------------------


 NSTEP =     4900   TIME(PS) =       9.800  TEMP(K) =   299.02  PRESS =     0.0
 Etot   =   -162138.1248  EKtot   =     42185.7691  EPtot      =   -204323.8939
 BOND   =      1289.5275  ANGLE   =      3418.4832  DIHED      =      4587.9888
 1-4 NB =      1539.6048  1-4 EEL =     19169.7510  VDWAALS    =     24721.1026
 EELEC  =   -259050.3519  EHBOND  =         0.0000  RESTRAINT  =         0.0000
 Ewald error estimate:   0.5395E-04
 ------------------------------------------------------------------------------


 NSTEP =     5000   TIME(PS) =      10.000  TEMP(K) =   299.23  PRESS =     0.0
 Etot   =   -162152.4151  EKtot   =     42216.5494  EPtot      =   -204368.9645
 BOND   =      1250.2182  ANGLE   =      3446.9744  DIHED      =      4588.9413
 1-4 NB =      1539.8678  1-4 EEL =     19156.1214  VDWAALS    =     24828.0985
 EELEC  =   -259179.1860  EHBOND  =         0.0000  RESTRAINT  =         0.0000
 Ewald error estimate:   0.1083E-03
 ------------------------------------------------------------------------------


 NSTEP =     5100   TIME(PS) =      10.200  TEMP(K) =   299.30  PRESS =     0.0
 Etot   =   -162348.6565  EKtot   =     42225.5848  EPtot      =   -204574.2413
 BOND   =      1272.7516  ANGLE   =      3423.7528  DIHED      =      4618.9000
 1-4 NB =      1546.0193  1-4 EEL =     19158.1593  VDWAALS    =     24883.3173
 EELEC  =   -259477.1415  EHBOND  =         0.0000  RESTRAINT  =         0.0000
 Ewald error estimate:   0.6477E-04
 ------------------------------------------------------------------------------


 NSTEP =     5200   TIME(PS) =      10.400  TEMP(K) =   299.86  PRESS =     0.0
 Etot   =   -162524.9003  EKtot   =     42305.4239  EPtot      =   -204830.3242
 BOND   =      1275.3740  ANGLE   =      3500.3372  DIHED      =      4604.5280
 1-4 NB =      1541.5538  1-4 EEL =     19196.1092  VDWAALS    =     25228.7415
 EELEC  =   -260176.9680  EHBOND  =         0.0000  RESTRAINT  =         0.0000
 Ewald error estimate:   0.7552E-04
 ------------------------------------------------------------------------------


 NSTEP =     5300   TIME(PS) =      10.600  TEMP(K) =   297.62  PRESS =     0.0
 Etot   =   -162692.3927  EKtot   =     41988.9251  EPtot      =   -204681.3178
 BOND   =      1240.8292  ANGLE   =      3479.7865  DIHED      =      4583.8061
 1-4 NB =      1542.9249  1-4 EEL =     19247.5054  VDWAALS    =     24905.4529
 EELEC  =   -259681.6228  EHBOND  =         0.0000  RESTRAINT  =         0.0000
 Ewald error estimate:   0.6928E-04
 ------------------------------------------------------------------------------


 NSTEP =     5400   TIME(PS) =      10.800  TEMP(K) =   299.17  PRESS =     0.0
 Etot   =   -162318.3671  EKtot   =     42207.0304  EPtot      =   -204525.3976
 BOND   =      1315.9417  ANGLE   =      3430.7650  DIHED      =      4569.4613
 1-4 NB =      1522.0798  1-4 EEL =     19252.3990  VDWAALS    =     24706.6443
 EELEC  =   -259322.6886  EHBOND  =         0.0000  RESTRAINT  =         0.0000
 Ewald error estimate:   0.1004E-03
 ------------------------------------------------------------------------------


 NSTEP =     5500   TIME(PS) =      11.000  TEMP(K) =   298.78  PRESS =     0.0
 Etot   =   -162409.6623  EKtot   =     42152.6410  EPtot      =   -204562.3033
 BOND   =      1253.6241  ANGLE   =      3521.7503  DIHED      =      4587.7265
 1-4 NB =      1549.2876  1-4 EEL =     19230.1607  VDWAALS    =     24485.9661
 EELEC  =   -259190.8186  EHBOND  =         0.0000  RESTRAINT  =         0.0000
 Ewald error estimate:   0.1156E-03
 ------------------------------------------------------------------------------


 NSTEP =     5600   TIME(PS) =      11.200  TEMP(K) =   300.05  PRESS =     0.0
 Etot   =   -162389.4762  EKtot   =     42331.2134  EPtot      =   -204720.6895
 BOND   =      1304.9442  ANGLE   =      3438.6816  DIHED      =      4560.4500
 1-4 NB =      1562.8577  1-4 EEL =     19206.2847  VDWAALS    =     25112.5799
 EELEC  =   -259906.4877  EHBOND  =         0.0000  RESTRAINT  =         0.0000
 Ewald error estimate:   0.1838E-04
 ------------------------------------------------------------------------------


 NSTEP =     5700   TIME(PS) =      11.400  TEMP(K) =   298.99  PRESS =     0.0
 Etot   =   -162280.8204  EKtot   =     42182.0956  EPtot      =   -204462.9160
 BOND   =      1313.8274  ANGLE   =      3454.2492  DIHED      =      4568.4574
 1-4 NB =      1565.5014  1-4 EEL =     19191.8422  VDWAALS    =     24781.8239
 EELEC  =   -259338.6175  EHBOND  =         0.0000  RESTRAINT  =         0.0000
 Ewald error estimate:   0.4636E-04
 ------------------------------------------------------------------------------


 NSTEP =     5800   TIME(PS) =      11.600  TEMP(K) =   300.18  PRESS =     0.0
 Etot   =   -162258.5542  EKtot   =     42350.5570  EPtot      =   -204609.1112
 BOND   =      1314.3718  ANGLE   =      3395.3776  DIHED      =      4572.7022
 1-4 NB =      1568.1978  1-4 EEL =     19208.1809  VDWAALS    =     24599.3904
 EELEC  =   -259267.3317  EHBOND  =         0.0000  RESTRAINT  =         0.0000
 Ewald error estimate:   0.1781E-04
 ------------------------------------------------------------------------------


 NSTEP =     5900   TIME(PS) =      11.800  TEMP(K) =   297.66  PRESS =     0.0
 Etot   =   -162530.9499  EKtot   =     41994.8756  EPtot      =   -204525.8255
 BOND   =      1286.3469  ANGLE   =      3426.2263  DIHED      =      4571.6682
 1-4 NB =      1543.0197  1-4 EEL =     19201.7216  VDWAALS    =     24443.0164
 EELEC  =   -258997.8245  EHBOND  =         0.0000  RESTRAINT  =         0.0000
 Ewald error estimate:   0.6288E-04
 ------------------------------------------------------------------------------


 NSTEP =     6000   TIME(PS) =      12.000  TEMP(K) =   299.30  PRESS =     0.0
 Etot   =   -162539.8235  EKtot   =     42225.2175  EPtot      =   -204765.0410
 BOND   =      1254.5311  ANGLE   =      3461.5654  DIHED      =      4629.5224
 1-4 NB =      1545.7154  1-4 EEL =     19191.1514  VDWAALS    =     25119.6997
 EELEC  =   -259967.2264  EHBOND  =         0.0000  RESTRAINT  =         0.0000
 Ewald error estimate:   0.1166E-04
 ------------------------------------------------------------------------------


 NSTEP =     6100   TIME(PS) =      12.200  TEMP(K) =   298.47  PRESS =     0.0
 Etot   =   -162704.9544  EKtot   =     42108.4338  EPtot      =   -204813.3882
 BOND   =      1268.7427  ANGLE   =      3458.1961  DIHED      =      4599.8162
 1-4 NB =      1552.9993  1-4 EEL =     19190.3515  VDWAALS    =     25108.1468
 EELEC  =   -259991.6407  EHBOND  =         0.0000  RESTRAINT  =         0.0000
 Ewald error estimate:   0.2490E-04
 ------------------------------------------------------------------------------


 NSTEP =     6200   TIME(PS) =      12.400  TEMP(K) =   297.13  PRESS =     0.0
 Etot   =   -162753.8264  EKtot   =     41919.0022  EPtot      =   -204672.8286
 BOND   =      1335.6573  ANGLE   =      3473.6082  DIHED      =      4593.6238
 1-4 NB =      1521.5384  1-4 EEL =     19208.1356  VDWAALS    =     24556.3428
 EELEC  =   -259361.7346  EHBOND  =         0.0000  RESTRAINT  =         0.0000
 Ewald error estimate:   0.6861E-04
 ------------------------------------------------------------------------------


 NSTEP =     6300   TIME(PS) =      12.600  TEMP(K) =   299.84  PRESS =     0.0
 Etot   =   -162696.9819  EKtot   =     42301.4688  EPtot      =   -204998.4507
 BOND   =      1286.5537  ANGLE   =      3497.7078  DIHED      =      4598.3646
 1-4 NB =      1547.4218  1-4 EEL =     19150.0094  VDWAALS    =     24579.7125
 EELEC  =   -259658.2204  EHBOND  =         0.0000  RESTRAINT  =         0.0000
 Ewald error estimate:   0.9611E-04
 ------------------------------------------------------------------------------


 NSTEP =     6400   TIME(PS) =      12.800  TEMP(K) =   301.74  PRESS =     0.0
 Etot   =   -162597.0995  EKtot   =     42570.5453  EPtot      =   -205167.6448
 BOND   =      1303.4447  ANGLE   =      3475.9160  DIHED      =      4576.0538
 1-4 NB =      1543.4158  1-4 EEL =     19234.5052  VDWAALS    =     24771.0492
 EELEC  =   -260072.0294  EHBOND  =         0.0000  RESTRAINT  =         0.0000
 Ewald error estimate:   0.9241E-04
 ------------------------------------------------------------------------------


 NSTEP =     6500   TIME(PS) =      13.000  TEMP(K) =   299.11  PRESS =     0.0
 Etot   =   -162682.3902  EKtot   =     42199.2146  EPtot      =   -204881.6048
 BOND   =      1289.0450  ANGLE   =      3489.3521  DIHED      =      4605.7678
 1-4 NB =      1557.4137  1-4 EEL =     19202.4951  VDWAALS    =     25040.7550
 EELEC  =   -260066.4336  EHBOND  =         0.0000  RESTRAINT  =         0.0000
 Ewald error estimate:   0.8231E-04
 ------------------------------------------------------------------------------


 NSTEP =     6600   TIME(PS) =      13.200  TEMP(K) =   299.99  PRESS =     0.0
 Etot   =   -162603.6628  EKtot   =     42323.2861  EPtot      =   -204926.9489
 BOND   =      1286.7324  ANGLE   =      3490.6097  DIHED      =      4611.7326
 1-4 NB =      1560.6818  1-4 EEL =     19223.1867  VDWAALS    =     24981.6916
 EELEC  =   -260081.5837  EHBOND  =         0.0000  RESTRAINT  =         0.0000
 Ewald error estimate:   0.6057E-05
 ------------------------------------------------------------------------------


 NSTEP =     6700   TIME(PS) =      13.400  TEMP(K) =   300.91  PRESS =     0.0
 Etot   =   -162578.8364  EKtot   =     42453.4037  EPtot      =   -205032.2401
 BOND   =      1308.6414  ANGLE   =      3321.4868  DIHED      =      4593.6050
 1-4 NB =      1533.0524  1-4 EEL =     19212.6791  VDWAALS    =     24541.6661
 EELEC  =   -259543.3710  EHBOND  =         0.0000  RESTRAINT  =         0.0000
 Ewald error estimate:   0.1338E-04
 ------------------------------------------------------------------------------


 NSTEP =     6800   TIME(PS) =      13.600  TEMP(K) =   299.78  PRESS =     0.0
 Etot   =   -162618.0192  EKtot   =     42293.9490  EPtot      =   -204911.9681
 BOND   =      1266.7275  ANGLE   =      3412.5638  DIHED      =      4595.4456
 1-4 NB =      1577.3078  1-4 EEL =     19250.4711  VDWAALS    =     24792.0043
 EELEC  =   -259806.4882  EHBOND  =         0.0000  RESTRAINT  =         0.0000
 Ewald error estimate:   0.6272E-04
 ------------------------------------------------------------------------------


 NSTEP =     6900   TIME(PS) =      13.800  TEMP(K) =   301.09  PRESS =     0.0
 Etot   =   -162606.0028  EKtot   =     42477.9684  EPtot      =   -205083.9711
 BOND   =      1247.6092  ANGLE   =      3522.3056  DIHED      =      4612.7062
 1-4 NB =      1559.2473  1-4 EEL =     19252.0134  VDWAALS    =     25111.5843
 EELEC  =   -260389.4371  EHBOND  =         0.0000  RESTRAINT  =         0.0000
 Ewald error estimate:   0.1204E-03
 ------------------------------------------------------------------------------


 NSTEP =     7000   TIME(PS) =      14.000  TEMP(K) =   302.10  PRESS =     0.0
 Etot   =   -162613.7185  EKtot   =     42620.5785  EPtot      =   -205234.2971
 BOND   =      1279.8686  ANGLE   =      3386.1430  DIHED      =      4611.9039
 1-4 NB =      1546.0735  1-4 EEL =     19222.2610  VDWAALS    =     24594.4108
 EELEC  =   -259874.9578  EHBOND  =         0.0000  RESTRAINT  =         0.0000
 Ewald error estimate:   0.5167E-05
 ------------------------------------------------------------------------------


 NSTEP =     7100   TIME(PS) =      14.200  TEMP(K) =   301.23  PRESS =     0.0
 Etot   =   -162722.9475  EKtot   =     42498.3282  EPtot      =   -205221.2757
 BOND   =      1233.1676  ANGLE   =      3471.7185  DIHED      =      4632.5158
 1-4 NB =      1581.1486  1-4 EEL =     19219.9856  VDWAALS    =     24686.1068
 EELEC  =   -260045.9186  EHBOND  =         0.0000  RESTRAINT  =         0.0000
 Ewald error estimate:   0.1136E-03
 ------------------------------------------------------------------------------


 NSTEP =     7200   TIME(PS) =      14.400  TEMP(K) =   299.95  PRESS =     0.0
 Etot   =   -162721.9787  EKtot   =     42317.4305  EPtot      =   -205039.4092
 BOND   =      1311.1617  ANGLE   =      3540.5383  DIHED      =      4603.1254
 1-4 NB =      1546.1654  1-4 EEL =     19144.0836  VDWAALS    =     24750.2722
 EELEC  =   -259934.7558  EHBOND  =         0.0000  RESTRAINT  =         0.0000
 Ewald error estimate:   0.7389E-04
 ------------------------------------------------------------------------------


 NSTEP =     7300   TIME(PS) =      14.600  TEMP(K) =   298.56  PRESS =     0.0
 Etot   =   -163020.3252  EKtot   =     42120.7832  EPtot      =   -205141.1084
 BOND   =      1272.0734  ANGLE   =      3463.5076  DIHED      =      4623.0810
 1-4 NB =      1584.5736  1-4 EEL =     19142.8015  VDWAALS    =     24906.7246
 EELEC  =   -260133.8700  EHBOND  =         0.0000  RESTRAINT  =         0.0000
 Ewald error estimate:   0.5950E-04
 ------------------------------------------------------------------------------


 NSTEP =     7400   TIME(PS) =      14.800  TEMP(K) =   298.70  PRESS =     0.0
 Etot   =   -163135.8403  EKtot   =     42140.5036  EPtot      =   -205276.3439
 BOND   =      1285.0857  ANGLE   =      3545.4145  DIHED      =      4603.0930
 1-4 NB =      1521.0660  1-4 EEL =     19197.0049  VDWAALS    =     25177.0107
 EELEC  =   -260605.0187  EHBOND  =         0.0000  RESTRAINT  =         0.0000
 Ewald error estimate:   0.1756E-03
 ------------------------------------------------------------------------------


 NSTEP =     7500   TIME(PS) =      15.000  TEMP(K) =   300.77  PRESS =     0.0
 Etot   =   -163176.2595  EKtot   =     42433.8209  EPtot      =   -205610.0804
 BOND   =      1317.1962  ANGLE   =      3457.3062  DIHED      =      4574.1372
 1-4 NB =      1565.5200  1-4 EEL =     19203.0272  VDWAALS    =     25171.7755
 EELEC  =   -260899.0427  EHBOND  =         0.0000  RESTRAINT  =         0.0000
 Ewald error estimate:   0.1095E-03
 ------------------------------------------------------------------------------


 NSTEP =     7600   TIME(PS) =      15.200  TEMP(K) =   299.95  PRESS =     0.0
 Etot   =   -163163.4605  EKtot   =     42317.1554  EPtot      =   -205480.6160
 BOND   =      1299.8931  ANGLE   =      3509.8927  DIHED      =      4609.9914
 1-4 NB =      1549.0618  1-4 EEL =     19151.1429  VDWAALS    =     25022.0164
 EELEC  =   -260622.6142  EHBOND  =         0.0000  RESTRAINT  =         0.0000
 Ewald error estimate:   0.4867E-04
 ------------------------------------------------------------------------------


 NSTEP =     7700   TIME(PS) =      15.400  TEMP(K) =   297.92  PRESS =     0.0
 Etot   =   -163406.9418  EKtot   =     42031.6268  EPtot      =   -205438.5686
 BOND   =      1275.5869  ANGLE   =      3444.4642  DIHED      =      4624.8986
 1-4 NB =      1533.3015  1-4 EEL =     19192.8693  VDWAALS    =     24775.0237
 EELEC  =   -260284.7127  EHBOND  =         0.0000  RESTRAINT  =         0.0000
 Ewald error estimate:   0.1437E-03
 ------------------------------------------------------------------------------


 NSTEP =     7800   TIME(PS) =      15.600  TEMP(K) =   297.62  PRESS =     0.0
 Etot   =   -163426.4229  EKtot   =     41988.1567  EPtot      =   -205414.5795
 BOND   =      1263.7916  ANGLE   =      3451.4202  DIHED      =      4616.5554
 1-4 NB =      1518.5554  1-4 EEL =     19192.6455  VDWAALS    =     24682.3706
 EELEC  =   -260139.9183  EHBOND  =         0.0000  RESTRAINT  =         0.0000
 Ewald error estimate:   0.8075E-04
 ------------------------------------------------------------------------------


 NSTEP =     7900   TIME(PS) =      15.800  TEMP(K) =   299.21  PRESS =     0.0
 Etot   =   -163455.5757  EKtot   =     42213.6209  EPtot      =   -205669.1966
 BOND   =      1273.0821  ANGLE   =      3418.7561  DIHED      =      4552.4905
 1-4 NB =      1536.4729  1-4 EEL =     19174.5188  VDWAALS    =     25279.3825
 EELEC  =   -260903.8995  EHBOND  =         0.0000  RESTRAINT  =         0.0000
 Ewald error estimate:   0.1894E-04
 ------------------------------------------------------------------------------


 NSTEP =     8000   TIME(PS) =      16.000  TEMP(K) =   297.82  PRESS =     0.0
 Etot   =   -163604.7830  EKtot   =     42016.7334  EPtot      =   -205621.5164
 BOND   =      1249.5126  ANGLE   =      3452.8643  DIHED      =      4556.6279
 1-4 NB =      1569.4268  1-4 EEL =     19118.8084  VDWAALS    =     25096.5134
 EELEC  =   -260665.2699  EHBOND  =         0.0000  RESTRAINT  =         0.0000
 Ewald error estimate:   0.4962E-05
 ------------------------------------------------------------------------------


 NSTEP =     8100   TIME(PS) =      16.200  TEMP(K) =   297.73  PRESS =     0.0
 Etot   =   -163432.4130  EKtot   =     42003.9370  EPtot      =   -205436.3500
 BOND   =      1280.6897  ANGLE   =      3453.1129  DIHED      =      4625.7236
 1-4 NB =      1544.3291  1-4 EEL =     19190.5581  VDWAALS    =     25011.9238
 EELEC  =   -260542.6872  EHBOND  =         0.0000  RESTRAINT  =         0.0000
 Ewald error estimate:   0.1148E-03
 ------------------------------------------------------------------------------


 NSTEP =     8200   TIME(PS) =      16.400  TEMP(K) =   299.45  PRESS =     0.0
 Etot   =   -163335.0374  EKtot   =     42246.9470  EPtot      =   -205581.9843
 BOND   =      1330.5766  ANGLE   =      3484.0561  DIHED      =      4592.8865
 1-4 NB =      1518.7636  1-4 EEL =     19154.4541  VDWAALS    =     25056.3662
 EELEC  =   -260719.0874  EHBOND  =         0.0000  RESTRAINT  =         0.0000
 Ewald error estimate:   0.9648E-04
 ------------------------------------------------------------------------------


 NSTEP =     8300   TIME(PS) =      16.600  TEMP(K) =   298.05  PRESS =     0.0
 Etot   =   -163427.3711  EKtot   =     42050.0702  EPtot      =   -205477.4413
 BOND   =      1284.7848  ANGLE   =      3466.6350  DIHED      =      4607.9134
 1-4 NB =      1556.4056  1-4 EEL =     19160.7470  VDWAALS    =     25067.3844
 EELEC  =   -260621.3116  EHBOND  =         0.0000  RESTRAINT  =         0.0000
 Ewald error estimate:   0.6805E-04
 ------------------------------------------------------------------------------


 NSTEP =     8400   TIME(PS) =      16.800  TEMP(K) =   300.78  PRESS =     0.0
 Etot   =   -163303.1609  EKtot   =     42434.2892  EPtot      =   -205737.4501
 BOND   =      1299.6192  ANGLE   =      3432.5484  DIHED      =      4625.5073
 1-4 NB =      1564.5834  1-4 EEL =     19213.9115  VDWAALS    =     25172.5705
 EELEC  =   -261046.1905  EHBOND  =         0.0000  RESTRAINT  =         0.0000
 Ewald error estimate:   0.6499E-04
 ------------------------------------------------------------------------------


 NSTEP =     8500   TIME(PS) =      17.000  TEMP(K) =   300.75  PRESS =     0.0
 Etot   =   -163151.4370  EKtot   =     42429.7648  EPtot      =   -205581.2018
 BOND   =      1251.2208  ANGLE   =      3493.8352  DIHED      =      4584.8754
 1-4 NB =      1578.0319  1-4 EEL =     19238.7264  VDWAALS    =     24589.1949
 EELEC  =   -260317.0864  EHBOND  =         0.0000  RESTRAINT  =         0.0000
 Ewald error estimate:   0.3013E-04
 ------------------------------------------------------------------------------


 NSTEP =     8600   TIME(PS) =      17.200  TEMP(K) =   300.45  PRESS =     0.0
 Etot   =   -163297.2711  EKtot   =     42388.0761  EPtot      =   -205685.3473
 BOND   =      1229.7814  ANGLE   =      3461.1952  DIHED      =      4598.7474
 1-4 NB =      1549.8215  1-4 EEL =     19309.1115  VDWAALS    =     24860.7269
 EELEC  =   -260694.7312  EHBOND  =         0.0000  RESTRAINT  =         0.0000
 Ewald error estimate:   0.1682E-04
 ------------------------------------------------------------------------------


 NSTEP =     8700   TIME(PS) =      17.400  TEMP(K) =   299.75  PRESS =     0.0
 Etot   =   -163388.3109  EKtot   =     42288.9980  EPtot      =   -205677.3089
 BOND   =      1275.2648  ANGLE   =      3487.8770  DIHED      =      4567.8657
 1-4 NB =      1556.9035  1-4 EEL =     19197.3996  VDWAALS    =     25156.7749
 EELEC  =   -260919.3944  EHBOND  =         0.0000  RESTRAINT  =         0.0000
 Ewald error estimate:   0.1368E-04
 ------------------------------------------------------------------------------


 NSTEP =     8800   TIME(PS) =      17.600  TEMP(K) =   300.52  PRESS =     0.0
 Etot   =   -163598.8740  EKtot   =     42398.5142  EPtot      =   -205997.3883
 BOND   =      1335.9472  ANGLE   =      3452.2398  DIHED      =      4601.3104
 1-4 NB =      1533.0440  1-4 EEL =     19190.4159  VDWAALS    =     25013.7556
 EELEC  =   -261124.1011  EHBOND  =         0.0000  RESTRAINT  =         0.0000
 Ewald error estimate:   0.6882E-04
 ------------------------------------------------------------------------------


 NSTEP =     8900   TIME(PS) =      17.800  TEMP(K) =   299.31  PRESS =     0.0
 Etot   =   -163581.1840  EKtot   =     42227.6093  EPtot      =   -205808.7933
 BOND   =      1303.4049  ANGLE   =      3457.4270  DIHED      =      4602.3610
 1-4 NB =      1541.5446  1-4 EEL =     19198.3515  VDWAALS    =     25101.2220
 EELEC  =   -261013.1043  EHBOND  =         0.0000  RESTRAINT  =         0.0000
 Ewald error estimate:   0.1222E-04
 ------------------------------------------------------------------------------


 NSTEP =     9000   TIME(PS) =      18.000  TEMP(K) =   299.62  PRESS =     0.0
 Etot   =   -163761.3879  EKtot   =     42270.4721  EPtot      =   -206031.8600
 BOND   =      1273.7276  ANGLE   =      3461.9421  DIHED      =      4555.1308
 1-4 NB =      1547.6559  1-4 EEL =     19217.4454  VDWAALS    =     25359.9681
 EELEC  =   -261447.7299  EHBOND  =         0.0000  RESTRAINT  =         0.0000
 Ewald error estimate:   0.7253E-04
 ------------------------------------------------------------------------------


 NSTEP =     9100   TIME(PS) =      18.200  TEMP(K) =   300.03  PRESS =     0.0
 Etot   =   -163934.8113  EKtot   =     42329.1899  EPtot      =   -206264.0012
 BOND   =      1295.9723  ANGLE   =      3478.5057  DIHED      =      4548.1791
 1-4 NB =      1544.1412  1-4 EEL =     19211.8099  VDWAALS    =     25183.9802
 EELEC  =   -261526.5896  EHBOND  =         0.0000  RESTRAINT  =         0.0000
 Ewald error estimate:   0.1199E-03
 ------------------------------------------------------------------------------


 NSTEP =     9200   TIME(PS) =      18.400  TEMP(K) =   299.10  PRESS =     0.0
 Etot   =   -164114.3949  EKtot   =     42197.4496  EPtot      =   -206311.8445
 BOND   =      1312.9513  ANGLE   =      3534.8488  DIHED      =      4548.9053
 1-4 NB =      1545.1349  1-4 EEL =     19179.1673  VDWAALS    =     25238.8170
 EELEC  =   -261671.6692  EHBOND  =         0.0000  RESTRAINT  =         0.0000
 Ewald error estimate:   0.7216E-04
 ------------------------------------------------------------------------------


 NSTEP =     9300   TIME(PS) =      18.600  TEMP(K) =   297.15  PRESS =     0.0
 Etot   =   -164277.7687  EKtot   =     41922.7841  EPtot      =   -206200.5528
 BOND   =      1303.3692  ANGLE   =      3478.4182  DIHED      =      4569.4090
 1-4 NB =      1568.6533  1-4 EEL =     19182.5254  VDWAALS    =     25037.3467
 EELEC  =   -261340.2745  EHBOND  =         0.0000  RESTRAINT  =         0.0000
 Ewald error estimate:   0.5496E-04
 ------------------------------------------------------------------------------


 NSTEP =     9400   TIME(PS) =      18.800  TEMP(K) =   297.82  PRESS =     0.0
 Etot   =   -164223.9849  EKtot   =     42016.8276  EPtot      =   -206240.8125
 BOND   =      1305.6546  ANGLE   =      3466.7080  DIHED      =      4594.6280
 1-4 NB =      1551.6524  1-4 EEL =     19156.1300  VDWAALS    =     25189.5876
 EELEC  =   -261505.1731  EHBOND  =         0.0000  RESTRAINT  =         0.0000
 Ewald error estimate:   0.1135E-03
 ------------------------------------------------------------------------------


 NSTEP =     9500   TIME(PS) =      19.000  TEMP(K) =   298.77  PRESS =     0.0
 Etot   =   -164297.8918  EKtot   =     42150.6845  EPtot      =   -206448.5763
 BOND   =      1236.6487  ANGLE   =      3571.8501  DIHED      =      4574.5901
 1-4 NB =      1543.0548  1-4 EEL =     19182.3451  VDWAALS    =     25209.9783
 EELEC  =   -261767.0433  EHBOND  =         0.0000  RESTRAINT  =         0.0000
 Ewald error estimate:   0.7520E-04
 ------------------------------------------------------------------------------


 NSTEP =     9600   TIME(PS) =      19.200  TEMP(K) =   298.98  PRESS =     0.0
 Etot   =   -164310.2546  EKtot   =     42180.1948  EPtot      =   -206490.4494
 BOND   =      1289.3729  ANGLE   =      3412.9889  DIHED      =      4578.3822
 1-4 NB =      1570.2675  1-4 EEL =     19213.3989  VDWAALS    =     24774.5650
 EELEC  =   -261329.4249  EHBOND  =         0.0000  RESTRAINT  =         0.0000
 Ewald error estimate:   0.4306E-04
 ------------------------------------------------------------------------------


 NSTEP =     9700   TIME(PS) =      19.400  TEMP(K) =   298.35  PRESS =     0.0
 Etot   =   -164209.3292  EKtot   =     42092.3743  EPtot      =   -206301.7036
 BOND   =      1323.4459  ANGLE   =      3422.6244  DIHED      =      4577.1921
 1-4 NB =      1568.6441  1-4 EEL =     19241.9226  VDWAALS    =     24803.9653
 EELEC  =   -261239.4980  EHBOND  =         0.0000  RESTRAINT  =         0.0000
 Ewald error estimate:   0.1035E-03
 ------------------------------------------------------------------------------


 NSTEP =     9800   TIME(PS) =      19.600  TEMP(K) =   298.91  PRESS =     0.0
 Etot   =   -164119.5553  EKtot   =     42170.1812  EPtot      =   -206289.7365
 BOND   =      1351.2441  ANGLE   =      3423.2104  DIHED      =      4571.0907
 1-4 NB =      1558.6042  1-4 EEL =     19198.3710  VDWAALS    =     25361.1549
 EELEC  =   -261753.4118  EHBOND  =         0.0000  RESTRAINT  =         0.0000
 Ewald error estimate:   0.2912E-04
 ------------------------------------------------------------------------------


 NSTEP =     9900   TIME(PS) =      19.800  TEMP(K) =   297.78  PRESS =     0.0
 Etot   =   -163935.2127  EKtot   =     42011.0928  EPtot      =   -205946.3054
 BOND   =      1342.8780  ANGLE   =      3499.2154  DIHED      =      4550.9773
 1-4 NB =      1531.4792  1-4 EEL =     19115.7855  VDWAALS    =     25251.5869
 EELEC  =   -261238.2278  EHBOND  =         0.0000  RESTRAINT  =         0.0000
 Ewald error estimate:   0.1883E-04
 ------------------------------------------------------------------------------


 NSTEP =    10000   TIME(PS) =      20.000  TEMP(K) =   298.30  PRESS =     0.0
 Etot   =   -163901.1851  EKtot   =     42084.8718  EPtot      =   -205986.0568
 BOND   =      1316.4032  ANGLE   =      3452.0807  DIHED      =      4577.1074
 1-4 NB =      1554.0813  1-4 EEL =     19188.8513  VDWAALS    =     25049.0094
 EELEC  =   -261123.5900  EHBOND  =         0.0000  RESTRAINT  =         0.0000
 Ewald error estimate:   0.5535E-04
 ------------------------------------------------------------------------------


      A V E R A G E S   O V E R   10000 S T E P S


 NSTEP =    10000   TIME(PS) =      20.000  TEMP(K) =   284.36  PRESS =     0.0
 Etot   =   -167733.7938  EKtot   =     40117.8401  EPtot      =   -207851.6338
 BOND   =      1231.9609  ANGLE   =      3335.6679  DIHED      =      4571.9363
 1-4 NB =      1542.3065  1-4 EEL =     19197.9182  VDWAALS    =     26179.0659
 EELEC  =   -263910.4895  EHBOND  =         0.0000  RESTRAINT  =         0.0000
 Ewald error estimate:   0.5563E-04
 ------------------------------------------------------------------------------


      R M S  F L U C T U A T I O N S


 NSTEP =    10000   TIME(PS) =      20.000  TEMP(K) =    40.16  PRESS =     0.0
 Etot   =     12695.7555  EKtot   =      5666.1632  EPtot      =      7102.7791
 BOND   =       158.0949  ANGLE   =       377.1208  DIHED      =        90.0512
 1-4 NB =        34.9258  1-4 EEL =        42.4626  VDWAALS    =      2771.0520
 EELEC  =      9177.4176  EHBOND  =         0.0000  RESTRAINT  =         0.0000
 Ewald error estimate:   0.4247E-04
 ------------------------------------------------------------------------------


--------------------------------------------------------------------------------
   5.  TIMINGS
--------------------------------------------------------------------------------

|                Build the list          2100.39 (99.80% of List )
|                Other                      4.28 ( 0.20% of List )
|             List time               2104.67 ( 8.89% of Nonbo)
|                   Short_ene time         20447.13 (99.69% of Direc)
|                   Other                     62.62 ( 0.31% of Direc)
|                Direct Ewald time      20509.75 (95.10% of Ewald)
|                Adjust Ewald time         45.45 ( 0.21% of Ewald)
|                   Fill Bspline coeffs       52.02 ( 5.20% of Recip)
|                   Fill charge grid         134.25 (13.43% of Recip)
|                   Scalar sum               163.25 (16.33% of Recip)
|                   Grad sum                 269.58 (26.96% of Recip)
|                   FFT time                 380.78 (38.08% of Recip)
|                Recip Ewald time         999.92 ( 4.64% of Ewald)
|                Force Adjust               1.58 ( 0.01% of Ewald)
|                Virial junk                3.39 ( 0.02% of Ewald)
|                Other                      7.33 ( 0.03% of Ewald)
|             Ewald time             21567.50 (91.11% of Nonbo)
|          Nonbond force          23672.18 (99.72% of Force)
|          Bond/Angle/Dihedral       64.04 ( 0.27% of Force)
|          Other                      1.24 ( 0.01% of Force)
|       Force time             23737.46 (98.55% of Runmd)
|       Shake time                44.33 ( 0.18% of Runmd)
|       Verlet update time       301.38 ( 1.25% of Runmd)
|       Other                      3.46 ( 0.01% of Runmd)
|    Runmd Time             24086.62 (100.0% of Total)
| Total time             24087.43 (100.0% of ALL  )

| Number of list builds   :       1115

| Highest rstack allocated:    3700017
| Highest istack allocated:      69313

| Final Performance Info:
| -----------------------------------------------------
| Average timings for all steps:
|     Elapsed(s) =   24086.62 Per Step(ms) =    2408.66
|         ns/day =       0.07   seconds/ns = 1204331.25
| -----------------------------------------------------

|           Job began  at 20:04:07.388  on 06/19/2022
|           Setup done at 20:04:08.192  on 06/19/2022
|           Run   done at 02:45:34.817  on 06/20/2022
|     wallclock() was called  442381 times

|3D-RISM memory allocation summary
|Type          Maximum        Current   
|Integer       0.00000 GB     0.00000 GB
|Real          0.00000 GB     0.00000 GB
|Logical       0.00000 GB     0.00000 GB
|Character     0.00000 GB     0.00000 GB
|---------------------------------------
|Total         0.00000 GB     0.00000 GB
