
          -------------------------------------------------------
          Amber 22 SANDER                              2022
          -------------------------------------------------------

| Run on 06/15/2022 at 06:57:56

|   Executable path: sander
| Working directory: /home/ubuntu/PoDProjects/MS/src/scripts
|          Hostname: Unknown
  [-O]verwriting output

File Assignments:
|  MDIN: md_pbc.in                                                             
| MDOUT: ../out/chain_b_efz_solv_box_md.out                                    
|INPCRD: ../res/chain_b_efz_solv_box_heatpbc.rst                               
|  PARM: ../res/chain_b_efz_solv_box.prmtop                                    
|RESTRT: ../res/chain_b_efz_solv_box_md.rst                                    
|  REFC: refc                                                                  
| MDVEL: mdvel                                                                 
| MDFRC: mdfrc                                                                 
|  MDEN: mden                                                                  
| MDCRD: ../res/chain_b_efz_solv_box_md.nc                                     
|MDINFO: mdinfo                                                                
|  MTMD: mtmd                                                                  
|INPDIP: inpdip                                                                
|RSTDIP: rstdip                                                                
|INPTRA: inptraj                                                               


 Here is the input file:

Heat_pbc.in                                                                    
                                                                               
cat > mdin <<EOF                                                               
 &cntrl                                                                        
  imin   = 0,                                                                  
  irest  = 1,                                                                  
  ntx    = 5,                                                                  
  ntb    = 1,                                                                  
  cut    = 15.0,                                                               
  ntr    = 0,                                                                  
  ntc    = 2,                                                                  
  ntf    = 2,                                                                  
  temp0  = 298.0,                                                              
  ntt    = 3,                                                                  
  gamma_ln = 1.0,                                                              
  nstlim = 10000, dt = 0.001                                                   
  ntpr = 100, ntwx = 100, ntwr = 1000                                          
 /                                                                             
EOF                                                                            
                                                                               
set output = mdout                                                             

--------------------------------------------------------------------------------
   1.  RESOURCE   USE: 
--------------------------------------------------------------------------------

| Flags:                                                                        
 getting box info from netcdf restart file
| NetCDF restart box info found
|Largest sphere to fit in unit cell has radius =    38.673
| New format PARM file being parsed.
| Version =    1.000 Date = 06/14/22 Time = 15:47:12
 NATOM  =   66045 NTYPES =      20 NBONH =   62684 MBONA  =    3457
 NTHETH =    7763 MTHETA =    4705 NPHIH =   15119 MPHIA  =   11685
 NHPARM =       0 NPARM  =       0 NNB   =  116739 NRES   =   20173
 NBONA  =    3457 NTHETA =    4705 NPHIA =   11685 NUMBND =      60
 NUMANG =     116 NPTRA  =      49 NATYP =      44 NPHB   =       0
 IFBOX  =       1 NMXRS  =      30 IFCAP =       0 NEXTRA =       0
 NCOPY  =       0


|     Memory Use     Allocated
|     Real             4944517
|     Hollerith         218310
|     Integer          2835131
|     Max Pairs      108159695
|     nblistReal        792540
|     nblist Int       1974217
|       Total           486958 kbytes

| Note: 1-4 EEL scale factors are being read from the topology file.

| Note: 1-4 VDW scale factors are being read from the topology file.
| Duplicated    0 dihedrals
| Duplicated    0 dihedrals

     BOX TYPE: RECTILINEAR

--------------------------------------------------------------------------------
   2.  CONTROL  DATA  FOR  THE  RUN
--------------------------------------------------------------------------------

default_name                                                                    

General flags:
     imin    =       0, nmropt  =       0

Nature and format of input:
     ntx     =       5, irest   =       1, ntrx    =       1

Nature and format of output:
     ntxo    =       2, ntpr    =     100, ntrx    =       1, ntwr    =    1000
     iwrap   =       0, ntwx    =     100, ntwv    =       0, ntwe    =       0
     ioutfm  =       1, ntwprt  =       0, idecomp =       0, rbornstat=      0

Potential function:
     ntf     =       2, ntb     =       1, igb     =       0, nsnb    =      25
     ipol    =       0, gbsa    =       0, iesp    =       0
     dielc   =   1.00000, cut     =  15.00000, intdiel =   1.00000

Frozen or restrained atoms:
     ibelly  =       0, ntr     =       0

Molecular dynamics:
     nstlim  =     10000, nscm    =      1000, nrespa  =         1
     t       =   0.00000, dt      =   0.00100, vlimit  =  20.00000

Langevin dynamics temperature regulation:
     ig      =   71277
     temp0   = 298.00000, tempi   =   0.00000, gamma_ln=   1.00000

SHAKE:
     ntc     =       2, jfastw  =       0
     tol     =   0.00001

Ewald parameters:
     verbose =       0, ew_type =       0, nbflag  =       1, use_pme =       1
     vdwmeth =       1, eedmeth =       1, netfrc  =       1
     Box X =  114.609   Box Y =   90.423   Box Z =   77.345
     Alpha =   90.000   Beta  =   90.000   Gamma =   90.000
     NFFT1 =  120       NFFT2 =   90       NFFT3 =   80
     Cutoff=   15.000   Tol   =0.100E-04
     Ewald Coefficient =  0.17871
     Interpolation order =    4
|  INFO: Old style inpcrd file read


--------------------------------------------------------------------------------
   3.  ATOMIC COORDINATES AND VELOCITIES
--------------------------------------------------------------------------------

default_name                                                                    
 begin time read from input coords =    20.000 ps

 Number of triangulated 3-point waters found:    19767

     Sum of charges from parm topology file =   3.99799984
     Assuming uniform neutralizing plasma

--------------------------------------------------------------------------------
   4.  RESULTS
--------------------------------------------------------------------------------

|  # of SOLUTE  degrees of freedom (RNDFP):  135451.
|  # of SOLVENT degrees of freedom (RNDFS):       0.
|  NDFMIN =  135451.     NUM_NOSHAKE =      0     CORRECTED RNDFP =  135451.
|  TOTAL # of degrees of freedom (RNDF) =  135451.
 ---------------------------------------------------
 APPROXIMATING switch and d/dx switch using CUBIC SPLINE INTERPOLATION
 using   5000.0 points per unit in tabled values
 TESTING RELATIVE ERROR over r ranging from 0.0 to cutoff
| CHECK switch(x): max rel err =   0.2738E-14   at   2.422500
| CHECK d/dx switch(x): max rel err =   0.7766E-11   at   2.666360
 ---------------------------------------------------
| Local SIZE OF NONBOND LIST =   59914688
| TOTAL SIZE OF NONBOND LIST =   59914688

 NSTEP =      100   TIME(PS) =      20.100  TEMP(K) =   299.27  PRESS =     0.0
 Etot   =   -156051.9928  EKtot   =     40277.2693  EPtot      =   -196329.2620
 BOND   =      1258.5876  ANGLE   =      3443.0451  DIHED      =      4531.5111
 1-4 NB =      1507.0541  1-4 EEL =     19211.8617  VDWAALS    =     23649.3948
 EELEC  =   -249930.7164  EHBOND  =         0.0000  RESTRAINT  =         0.0000
 Ewald error estimate:   0.3892E-05
 ------------------------------------------------------------------------------


 NSTEP =      200   TIME(PS) =      20.200  TEMP(K) =   298.79  PRESS =     0.0
 Etot   =   -156073.5564  EKtot   =     40211.5691  EPtot      =   -196285.1254
 BOND   =      1243.2037  ANGLE   =      3414.6378  DIHED      =      4530.0069
 1-4 NB =      1529.7135  1-4 EEL =     19247.9899  VDWAALS    =     23442.1518
 EELEC  =   -249692.8291  EHBOND  =         0.0000  RESTRAINT  =         0.0000
 Ewald error estimate:   0.2276E-04
 ------------------------------------------------------------------------------


 NSTEP =      300   TIME(PS) =      20.300  TEMP(K) =   298.51  PRESS =     0.0
 Etot   =   -155928.5530  EKtot   =     40175.1390  EPtot      =   -196103.6919
 BOND   =      1294.1223  ANGLE   =      3471.9067  DIHED      =      4537.1025
 1-4 NB =      1512.0482  1-4 EEL =     19190.8240  VDWAALS    =     23636.7988
 EELEC  =   -249746.4944  EHBOND  =         0.0000  RESTRAINT  =         0.0000
 Ewald error estimate:   0.5877E-05
 ------------------------------------------------------------------------------


 NSTEP =      400   TIME(PS) =      20.400  TEMP(K) =   297.17  PRESS =     0.0
 Etot   =   -155945.6943  EKtot   =     39994.5257  EPtot      =   -195940.2199
 BOND   =      1219.5723  ANGLE   =      3422.8752  DIHED      =      4528.8096
 1-4 NB =      1559.3978  1-4 EEL =     19235.6438  VDWAALS    =     23697.5710
 EELEC  =   -249604.0896  EHBOND  =         0.0000  RESTRAINT  =         0.0000
 Ewald error estimate:   0.6604E-04
 ------------------------------------------------------------------------------


 NSTEP =      500   TIME(PS) =      20.500  TEMP(K) =   297.01  PRESS =     0.0
 Etot   =   -155905.1004  EKtot   =     39972.6940  EPtot      =   -195877.7945
 BOND   =      1270.8274  ANGLE   =      3381.0643  DIHED      =      4500.5818
 1-4 NB =      1538.8579  1-4 EEL =     19210.7997  VDWAALS    =     23434.7485
 EELEC  =   -249214.6741  EHBOND  =         0.0000  RESTRAINT  =         0.0000
 Ewald error estimate:   0.1905E-04
 ------------------------------------------------------------------------------


 NSTEP =      600   TIME(PS) =      20.600  TEMP(K) =   298.91  PRESS =     0.0
 Etot   =   -155857.3435  EKtot   =     40229.0265  EPtot      =   -196086.3701
 BOND   =      1267.7026  ANGLE   =      3357.2835  DIHED      =      4526.1383
 1-4 NB =      1545.9197  1-4 EEL =     19243.3378  VDWAALS    =     23496.6283
 EELEC  =   -249523.3802  EHBOND  =         0.0000  RESTRAINT  =         0.0000
 Ewald error estimate:   0.3028E-04
 ------------------------------------------------------------------------------


 NSTEP =      700   TIME(PS) =      20.700  TEMP(K) =   299.79  PRESS =     0.0
 Etot   =   -155865.9775  EKtot   =     40346.6359  EPtot      =   -196212.6134
 BOND   =      1280.6954  ANGLE   =      3322.8788  DIHED      =      4546.6242
 1-4 NB =      1542.4536  1-4 EEL =     19202.7765  VDWAALS    =     23667.0039
 EELEC  =   -249775.0459  EHBOND  =         0.0000  RESTRAINT  =         0.0000
 Ewald error estimate:   0.1634E-04
 ------------------------------------------------------------------------------


 NSTEP =      800   TIME(PS) =      20.800  TEMP(K) =   298.65  PRESS =     0.0
 Etot   =   -155896.3537  EKtot   =     40193.6142  EPtot      =   -196089.9679
 BOND   =      1240.0902  ANGLE   =      3362.2073  DIHED      =      4565.5645
 1-4 NB =      1494.1161  1-4 EEL =     19206.2687  VDWAALS    =     23757.4719
 EELEC  =   -249715.6865  EHBOND  =         0.0000  RESTRAINT  =         0.0000
 Ewald error estimate:   0.4993E-04
 ------------------------------------------------------------------------------


 NSTEP =      900   TIME(PS) =      20.900  TEMP(K) =   299.23  PRESS =     0.0
 Etot   =   -156018.8368  EKtot   =     40270.8983  EPtot      =   -196289.7351
 BOND   =      1262.4187  ANGLE   =      3400.6067  DIHED      =      4530.0770
 1-4 NB =      1550.2063  1-4 EEL =     19190.2987  VDWAALS    =     24009.7131
 EELEC  =   -250233.0555  EHBOND  =         0.0000  RESTRAINT  =         0.0000
 Ewald error estimate:   0.1238E-04
 ------------------------------------------------------------------------------


 NSTEP =     1000   TIME(PS) =      21.000  TEMP(K) =   298.79  PRESS =     0.0
 Etot   =   -156215.8901  EKtot   =     40212.5958  EPtot      =   -196428.4860
 BOND   =      1250.5183  ANGLE   =      3291.7260  DIHED      =      4538.6278
 1-4 NB =      1553.3014  1-4 EEL =     19181.8464  VDWAALS    =     24115.0747
 EELEC  =   -250359.5807  EHBOND  =         0.0000  RESTRAINT  =         0.0000
 Ewald error estimate:   0.8666E-04
 ------------------------------------------------------------------------------


 NSTEP =     1100   TIME(PS) =      21.100  TEMP(K) =   299.44  PRESS =     0.0
 Etot   =   -156158.0163  EKtot   =     40299.0305  EPtot      =   -196457.0469
 BOND   =      1189.7891  ANGLE   =      3311.4246  DIHED      =      4594.5452
 1-4 NB =      1544.7157  1-4 EEL =     19241.1854  VDWAALS    =     23418.6371
 EELEC  =   -249757.3441  EHBOND  =         0.0000  RESTRAINT  =         0.0000
 Ewald error estimate:   0.2880E-04
 ------------------------------------------------------------------------------


 NSTEP =     1200   TIME(PS) =      21.200  TEMP(K) =   299.04  PRESS =     0.0
 Etot   =   -156209.9721  EKtot   =     40245.4681  EPtot      =   -196455.4402
 BOND   =      1236.4946  ANGLE   =      3359.4492  DIHED      =      4537.5974
 1-4 NB =      1542.8237  1-4 EEL =     19218.0208  VDWAALS    =     23538.9163
 EELEC  =   -249888.7423  EHBOND  =         0.0000  RESTRAINT  =         0.0000
 Ewald error estimate:   0.1114E-03
 ------------------------------------------------------------------------------


 NSTEP =     1300   TIME(PS) =      21.300  TEMP(K) =   295.94  PRESS =     0.0
 Etot   =   -156242.6923  EKtot   =     39829.0022  EPtot      =   -196071.6945
 BOND   =      1274.7042  ANGLE   =      3379.6030  DIHED      =      4479.5798
 1-4 NB =      1527.0975  1-4 EEL =     19131.2069  VDWAALS    =     23788.8886
 EELEC  =   -249652.7746  EHBOND  =         0.0000  RESTRAINT  =         0.0000
 Ewald error estimate:   0.4287E-04
 ------------------------------------------------------------------------------


 NSTEP =     1400   TIME(PS) =      21.400  TEMP(K) =   299.27  PRESS =     0.0
 Etot   =   -156184.9833  EKtot   =     40276.6807  EPtot      =   -196461.6640
 BOND   =      1297.4147  ANGLE   =      3300.9981  DIHED      =      4551.3891
 1-4 NB =      1505.9959  1-4 EEL =     19188.3822  VDWAALS    =     23657.8992
 EELEC  =   -249963.7432  EHBOND  =         0.0000  RESTRAINT  =         0.0000
 Ewald error estimate:   0.1168E-03
 ------------------------------------------------------------------------------


 NSTEP =     1500   TIME(PS) =      21.500  TEMP(K) =   298.41  PRESS =     0.0
 Etot   =   -156217.6562  EKtot   =     40160.4959  EPtot      =   -196378.1521
 BOND   =      1267.4584  ANGLE   =      3367.7609  DIHED      =      4542.4095
 1-4 NB =      1525.0596  1-4 EEL =     19171.1884  VDWAALS    =     23718.5705
 EELEC  =   -249970.5993  EHBOND  =         0.0000  RESTRAINT  =         0.0000
 Ewald error estimate:   0.6979E-04
 ------------------------------------------------------------------------------


 NSTEP =     1600   TIME(PS) =      21.600  TEMP(K) =   298.74  PRESS =     0.0
 Etot   =   -156138.7682  EKtot   =     40204.9248  EPtot      =   -196343.6931
 BOND   =      1259.1944  ANGLE   =      3292.3224  DIHED      =      4590.5512
 1-4 NB =      1540.0332  1-4 EEL =     19204.4537  VDWAALS    =     23612.2178
 EELEC  =   -249842.4658  EHBOND  =         0.0000  RESTRAINT  =         0.0000
 Ewald error estimate:   0.1663E-04
 ------------------------------------------------------------------------------


 NSTEP =     1700   TIME(PS) =      21.700  TEMP(K) =   298.55  PRESS =     0.0
 Etot   =   -156265.1586  EKtot   =     40179.4228  EPtot      =   -196444.5814
 BOND   =      1226.4189  ANGLE   =      3380.3045  DIHED      =      4547.3475
 1-4 NB =      1525.4362  1-4 EEL =     19147.4126  VDWAALS    =     23808.8701
 EELEC  =   -250080.3713  EHBOND  =         0.0000  RESTRAINT  =         0.0000
 Ewald error estimate:   0.5823E-04
 ------------------------------------------------------------------------------


 NSTEP =     1800   TIME(PS) =      21.800  TEMP(K) =   297.98  PRESS =     0.0
 Etot   =   -156315.7805  EKtot   =     40102.8140  EPtot      =   -196418.5945
 BOND   =      1245.9667  ANGLE   =      3428.0283  DIHED      =      4556.5022
 1-4 NB =      1540.3568  1-4 EEL =     19149.7966  VDWAALS    =     23493.3765
 EELEC  =   -249832.6217  EHBOND  =         0.0000  RESTRAINT  =         0.0000
 Ewald error estimate:   0.1092E-03
 ------------------------------------------------------------------------------


 NSTEP =     1900   TIME(PS) =      21.900  TEMP(K) =   297.70  PRESS =     0.0
 Etot   =   -156296.9883  EKtot   =     40066.1406  EPtot      =   -196363.1288
 BOND   =      1240.0215  ANGLE   =      3346.2329  DIHED      =      4542.9524
 1-4 NB =      1548.7348  1-4 EEL =     19200.5858  VDWAALS    =     23804.9834
 EELEC  =   -250046.6396  EHBOND  =         0.0000  RESTRAINT  =         0.0000
 Ewald error estimate:   0.5935E-04
 ------------------------------------------------------------------------------


 NSTEP =     2000   TIME(PS) =      22.000  TEMP(K) =   297.68  PRESS =     0.0
 Etot   =   -156463.0375  EKtot   =     40062.5126  EPtot      =   -196525.5501
 BOND   =      1253.6221  ANGLE   =      3393.0790  DIHED      =      4549.4802
 1-4 NB =      1534.6412  1-4 EEL =     19204.0519  VDWAALS    =     23966.5808
 EELEC  =   -250427.0053  EHBOND  =         0.0000  RESTRAINT  =         0.0000
 Ewald error estimate:   0.6625E-04
 ------------------------------------------------------------------------------


 NSTEP =     2100   TIME(PS) =      22.100  TEMP(K) =   295.33  PRESS =     0.0
 Etot   =   -156542.4741  EKtot   =     39747.0739  EPtot      =   -196289.5480
 BOND   =      1239.3337  ANGLE   =      3394.7064  DIHED      =      4541.6263
 1-4 NB =      1536.8088  1-4 EEL =     19266.3270  VDWAALS    =     23929.0831
 EELEC  =   -250197.4334  EHBOND  =         0.0000  RESTRAINT  =         0.0000
 Ewald error estimate:   0.1110E-04
 ------------------------------------------------------------------------------


 NSTEP =     2200   TIME(PS) =      22.200  TEMP(K) =   297.72  PRESS =     0.0
 Etot   =   -156532.9310  EKtot   =     40068.0041  EPtot      =   -196600.9351
 BOND   =      1213.5735  ANGLE   =      3338.0715  DIHED      =      4525.2809
 1-4 NB =      1565.7121  1-4 EEL =     19165.3679  VDWAALS    =     23537.7131
 EELEC  =   -249946.6541  EHBOND  =         0.0000  RESTRAINT  =         0.0000
 Ewald error estimate:   0.5643E-04
 ------------------------------------------------------------------------------


 NSTEP =     2300   TIME(PS) =      22.300  TEMP(K) =   298.24  PRESS =     0.0
 Etot   =   -156380.4072  EKtot   =     40137.5832  EPtot      =   -196517.9903
 BOND   =      1239.7305  ANGLE   =      3411.6010  DIHED      =      4538.9009
 1-4 NB =      1534.3338  1-4 EEL =     19207.7718  VDWAALS    =     23778.2792
 EELEC  =   -250228.6076  EHBOND  =         0.0000  RESTRAINT  =         0.0000
 Ewald error estimate:   0.1029E-03
 ------------------------------------------------------------------------------


 NSTEP =     2400   TIME(PS) =      22.400  TEMP(K) =   296.72  PRESS =     0.0
 Etot   =   -156390.1530  EKtot   =     39933.7496  EPtot      =   -196323.9025
 BOND   =      1241.5863  ANGLE   =      3346.7818  DIHED      =      4527.9778
 1-4 NB =      1528.7214  1-4 EEL =     19200.2157  VDWAALS    =     23645.2395
 EELEC  =   -249814.4251  EHBOND  =         0.0000  RESTRAINT  =         0.0000
 Ewald error estimate:   0.3285E-04
 ------------------------------------------------------------------------------


 NSTEP =     2500   TIME(PS) =      22.500  TEMP(K) =   298.25  PRESS =     0.0
 Etot   =   -156105.2869  EKtot   =     40139.1754  EPtot      =   -196244.4624
 BOND   =      1206.1560  ANGLE   =      3390.8694  DIHED      =      4545.1919
 1-4 NB =      1542.9113  1-4 EEL =     19186.0875  VDWAALS    =     23638.5175
 EELEC  =   -249754.1960  EHBOND  =         0.0000  RESTRAINT  =         0.0000
 Ewald error estimate:   0.9563E-04
 ------------------------------------------------------------------------------


 NSTEP =     2600   TIME(PS) =      22.600  TEMP(K) =   297.96  PRESS =     0.0
 Etot   =   -156123.0182  EKtot   =     40100.4786  EPtot      =   -196223.4968
 BOND   =      1258.5630  ANGLE   =      3312.4627  DIHED      =      4535.5266
 1-4 NB =      1550.9567  1-4 EEL =     19175.4053  VDWAALS    =     23380.1376
 EELEC  =   -249436.5487  EHBOND  =         0.0000  RESTRAINT  =         0.0000
 Ewald error estimate:   0.7366E-04
 ------------------------------------------------------------------------------


 NSTEP =     2700   TIME(PS) =      22.700  TEMP(K) =   299.25  PRESS =     0.0
 Etot   =   -156017.7684  EKtot   =     40274.6603  EPtot      =   -196292.4287
 BOND   =      1240.9544  ANGLE   =      3429.5236  DIHED      =      4533.6055
 1-4 NB =      1504.2161  1-4 EEL =     19140.8001  VDWAALS    =     24082.7585
 EELEC  =   -250224.2868  EHBOND  =         0.0000  RESTRAINT  =         0.0000
 Ewald error estimate:   0.2569E-04
 ------------------------------------------------------------------------------


 NSTEP =     2800   TIME(PS) =      22.800  TEMP(K) =   300.22  PRESS =     0.0
 Etot   =   -156228.3459  EKtot   =     40405.2866  EPtot      =   -196633.6325
 BOND   =      1229.5390  ANGLE   =      3308.8987  DIHED      =      4502.8541
 1-4 NB =      1539.9746  1-4 EEL =     19154.0636  VDWAALS    =     23814.9614
 EELEC  =   -250183.9239  EHBOND  =         0.0000  RESTRAINT  =         0.0000
 Ewald error estimate:   0.2315E-04
 ------------------------------------------------------------------------------


 NSTEP =     2900   TIME(PS) =      22.900  TEMP(K) =   299.12  PRESS =     0.0
 Etot   =   -156212.1330  EKtot   =     40256.6202  EPtot      =   -196468.7532
 BOND   =      1250.2979  ANGLE   =      3449.1310  DIHED      =      4516.3921
 1-4 NB =      1539.9959  1-4 EEL =     19121.1521  VDWAALS    =     23637.9394
 EELEC  =   -249983.6617  EHBOND  =         0.0000  RESTRAINT  =         0.0000
 Ewald error estimate:   0.1538E-03
 ------------------------------------------------------------------------------


 NSTEP =     3000   TIME(PS) =      23.000  TEMP(K) =   300.78  PRESS =     0.0
 Etot   =   -156203.0505  EKtot   =     40480.3810  EPtot      =   -196683.4315
 BOND   =      1199.7393  ANGLE   =      3336.4877  DIHED      =      4535.4807
 1-4 NB =      1530.8754  1-4 EEL =     19242.1515  VDWAALS    =     23618.7450
 EELEC  =   -250146.9110  EHBOND  =         0.0000  RESTRAINT  =         0.0000
 Ewald error estimate:   0.4384E-04
 ------------------------------------------------------------------------------


 NSTEP =     3100   TIME(PS) =      23.100  TEMP(K) =   298.34  PRESS =     0.0
 Etot   =   -156337.8536  EKtot   =     40151.3884  EPtot      =   -196489.2420
 BOND   =      1193.1126  ANGLE   =      3292.4852  DIHED      =      4504.0449
 1-4 NB =      1564.4929  1-4 EEL =     19298.0500  VDWAALS    =     23869.7099
 EELEC  =   -250211.1375  EHBOND  =         0.0000  RESTRAINT  =         0.0000
 Ewald error estimate:   0.4174E-04
 ------------------------------------------------------------------------------


 NSTEP =     3200   TIME(PS) =      23.200  TEMP(K) =   299.26  PRESS =     0.0
 Etot   =   -156292.8421  EKtot   =     40275.7359  EPtot      =   -196568.5780
 BOND   =      1208.3433  ANGLE   =      3365.1598  DIHED      =      4510.9360
 1-4 NB =      1523.9400  1-4 EEL =     19241.4215  VDWAALS    =     23886.1631
 EELEC  =   -250304.5417  EHBOND  =         0.0000  RESTRAINT  =         0.0000
 Ewald error estimate:   0.6764E-04
 ------------------------------------------------------------------------------


 NSTEP =     3300   TIME(PS) =      23.300  TEMP(K) =   297.19  PRESS =     0.0
 Etot   =   -156362.6052  EKtot   =     39996.7722  EPtot      =   -196359.3774
 BOND   =      1224.6052  ANGLE   =      3295.7884  DIHED      =      4556.4390
 1-4 NB =      1533.4942  1-4 EEL =     19262.2775  VDWAALS    =     23573.8035
 EELEC  =   -249805.7852  EHBOND  =         0.0000  RESTRAINT  =         0.0000
 Ewald error estimate:   0.2667E-04
 ------------------------------------------------------------------------------


 NSTEP =     3400   TIME(PS) =      23.400  TEMP(K) =   297.91  PRESS =     0.0
 Etot   =   -156500.7036  EKtot   =     40093.9559  EPtot      =   -196594.6596
 BOND   =      1258.1055  ANGLE   =      3355.2690  DIHED      =      4534.3985
 1-4 NB =      1536.2019  1-4 EEL =     19196.5199  VDWAALS    =     23697.7984
 EELEC  =   -250172.9528  EHBOND  =         0.0000  RESTRAINT  =         0.0000
 Ewald error estimate:   0.5417E-04
 ------------------------------------------------------------------------------


 NSTEP =     3500   TIME(PS) =      23.500  TEMP(K) =   298.90  PRESS =     0.0
 Etot   =   -156516.4693  EKtot   =     40226.8683  EPtot      =   -196743.3376
 BOND   =      1246.1889  ANGLE   =      3376.8240  DIHED      =      4496.0742
 1-4 NB =      1544.3796  1-4 EEL =     19225.4395  VDWAALS    =     23898.2873
 EELEC  =   -250530.5309  EHBOND  =         0.0000  RESTRAINT  =         0.0000
 Ewald error estimate:   0.3103E-04
 ------------------------------------------------------------------------------


 NSTEP =     3600   TIME(PS) =      23.600  TEMP(K) =   297.49  PRESS =     0.0
 Etot   =   -156510.6112  EKtot   =     40037.5821  EPtot      =   -196548.1933
 BOND   =      1232.6192  ANGLE   =      3318.2043  DIHED      =      4542.2063
 1-4 NB =      1566.7484  1-4 EEL =     19248.3511  VDWAALS    =     23866.9175
 EELEC  =   -250323.2400  EHBOND  =         0.0000  RESTRAINT  =         0.0000
 Ewald error estimate:   0.2549E-04
 ------------------------------------------------------------------------------


 NSTEP =     3700   TIME(PS) =      23.700  TEMP(K) =   297.91  PRESS =     0.0
 Etot   =   -156466.8058  EKtot   =     40093.6223  EPtot      =   -196560.4280
 BOND   =      1198.6531  ANGLE   =      3382.2139  DIHED      =      4540.4484
 1-4 NB =      1545.4607  1-4 EEL =     19213.3089  VDWAALS    =     23793.4666
 EELEC  =   -250233.9795  EHBOND  =         0.0000  RESTRAINT  =         0.0000
 Ewald error estimate:   0.6233E-04
 ------------------------------------------------------------------------------


 NSTEP =     3800   TIME(PS) =      23.800  TEMP(K) =   297.86  PRESS =     0.0
 Etot   =   -156463.0471  EKtot   =     40087.4583  EPtot      =   -196550.5054
 BOND   =      1218.2588  ANGLE   =      3342.3795  DIHED      =      4548.4196
 1-4 NB =      1534.8685  1-4 EEL =     19204.8763  VDWAALS    =     23656.1317
 EELEC  =   -250055.4399  EHBOND  =         0.0000  RESTRAINT  =         0.0000
 Ewald error estimate:   0.3821E-04
 ------------------------------------------------------------------------------


 NSTEP =     3900   TIME(PS) =      23.900  TEMP(K) =   298.24  PRESS =     0.0
 Etot   =   -156532.4138  EKtot   =     40137.6595  EPtot      =   -196670.0733
 BOND   =      1316.9945  ANGLE   =      3322.3167  DIHED      =      4531.7897
 1-4 NB =      1519.9330  1-4 EEL =     19215.2605  VDWAALS    =     23228.5636
 EELEC  =   -249804.9312  EHBOND  =         0.0000  RESTRAINT  =         0.0000
 Ewald error estimate:   0.3949E-04
 ------------------------------------------------------------------------------


 NSTEP =     4000   TIME(PS) =      24.000  TEMP(K) =   298.35  PRESS =     0.0
 Etot   =   -156519.6231  EKtot   =     40152.8909  EPtot      =   -196672.5139
 BOND   =      1278.8798  ANGLE   =      3355.7768  DIHED      =      4535.4615
 1-4 NB =      1548.6000  1-4 EEL =     19178.2762  VDWAALS    =     23866.7501
 EELEC  =   -250436.2582  EHBOND  =         0.0000  RESTRAINT  =         0.0000
 Ewald error estimate:   0.1040E-03
 ------------------------------------------------------------------------------


 NSTEP =     4100   TIME(PS) =      24.100  TEMP(K) =   298.65  PRESS =     0.0
 Etot   =   -156646.5755  EKtot   =     40193.2109  EPtot      =   -196839.7864
 BOND   =      1187.3976  ANGLE   =      3319.9097  DIHED      =      4515.6659
 1-4 NB =      1552.6268  1-4 EEL =     19246.1119  VDWAALS    =     23847.5043
 EELEC  =   -250509.0026  EHBOND  =         0.0000  RESTRAINT  =         0.0000
 Ewald error estimate:   0.5882E-04
 ------------------------------------------------------------------------------


 NSTEP =     4200   TIME(PS) =      24.200  TEMP(K) =   297.09  PRESS =     0.0
 Etot   =   -156595.0104  EKtot   =     39982.8885  EPtot      =   -196577.8989
 BOND   =      1250.5984  ANGLE   =      3298.0857  DIHED      =      4552.8408
 1-4 NB =      1546.0690  1-4 EEL =     19230.6879  VDWAALS    =     24141.2357
 EELEC  =   -250597.4164  EHBOND  =         0.0000  RESTRAINT  =         0.0000
 Ewald error estimate:   0.2935E-04
 ------------------------------------------------------------------------------


 NSTEP =     4300   TIME(PS) =      24.300  TEMP(K) =   296.86  PRESS =     0.0
 Etot   =   -156511.7617  EKtot   =     39952.5096  EPtot      =   -196464.2712
 BOND   =      1211.6345  ANGLE   =      3408.7103  DIHED      =      4556.2386
 1-4 NB =      1540.4293  1-4 EEL =     19270.6116  VDWAALS    =     23879.0379
 EELEC  =   -250330.9333  EHBOND  =         0.0000  RESTRAINT  =         0.0000
 Ewald error estimate:   0.1566E-04
 ------------------------------------------------------------------------------


 NSTEP =     4400   TIME(PS) =      24.400  TEMP(K) =   296.14  PRESS =     0.0
 Etot   =   -156598.5920  EKtot   =     39855.7200  EPtot      =   -196454.3120
 BOND   =      1282.7661  ANGLE   =      3411.9840  DIHED      =      4549.3731
 1-4 NB =      1556.1056  1-4 EEL =     19128.6121  VDWAALS    =     23611.5701
 EELEC  =   -249994.7229  EHBOND  =         0.0000  RESTRAINT  =         0.0000
 Ewald error estimate:   0.6224E-04
 ------------------------------------------------------------------------------


 NSTEP =     4500   TIME(PS) =      24.500  TEMP(K) =   296.64  PRESS =     0.0
 Etot   =   -156603.1786  EKtot   =     39923.0503  EPtot      =   -196526.2289
 BOND   =      1215.6413  ANGLE   =      3314.2134  DIHED      =      4479.7634
 1-4 NB =      1549.9846  1-4 EEL =     19290.0742  VDWAALS    =     23832.1847
 EELEC  =   -250208.0905  EHBOND  =         0.0000  RESTRAINT  =         0.0000
 Ewald error estimate:   0.1325E-04
 ------------------------------------------------------------------------------


 NSTEP =     4600   TIME(PS) =      24.600  TEMP(K) =   298.16  PRESS =     0.0
 Etot   =   -156626.1950  EKtot   =     40126.8471  EPtot      =   -196753.0421
 BOND   =      1250.6727  ANGLE   =      3258.8847  DIHED      =      4524.4031
 1-4 NB =      1541.7384  1-4 EEL =     19208.4718  VDWAALS    =     23907.9080
 EELEC  =   -250445.1208  EHBOND  =         0.0000  RESTRAINT  =         0.0000
 Ewald error estimate:   0.4257E-04
 ------------------------------------------------------------------------------


 NSTEP =     4700   TIME(PS) =      24.700  TEMP(K) =   297.40  PRESS =     0.0
 Etot   =   -156619.8242  EKtot   =     40025.1788  EPtot      =   -196645.0030
 BOND   =      1264.9172  ANGLE   =      3308.6878  DIHED      =      4526.9249
 1-4 NB =      1508.1430  1-4 EEL =     19230.7651  VDWAALS    =     23447.4816
 EELEC  =   -249931.9226  EHBOND  =         0.0000  RESTRAINT  =         0.0000
 Ewald error estimate:   0.4755E-04
 ------------------------------------------------------------------------------


 NSTEP =     4800   TIME(PS) =      24.800  TEMP(K) =   298.54  PRESS =     0.0
 Etot   =   -156565.6349  EKtot   =     40178.0763  EPtot      =   -196743.7113
 BOND   =      1251.3992  ANGLE   =      3275.0948  DIHED      =      4557.4763
 1-4 NB =      1531.2859  1-4 EEL =     19219.6237  VDWAALS    =     23864.5022
 EELEC  =   -250443.0934  EHBOND  =         0.0000  RESTRAINT  =         0.0000
 Ewald error estimate:   0.1752E-04
 ------------------------------------------------------------------------------


 NSTEP =     4900   TIME(PS) =      24.900  TEMP(K) =   295.67  PRESS =     0.0
 Etot   =   -156623.1040  EKtot   =     39792.2770  EPtot      =   -196415.3810
 BOND   =      1245.6378  ANGLE   =      3311.8283  DIHED      =      4556.6773
 1-4 NB =      1552.6221  1-4 EEL =     19213.5663  VDWAALS    =     23513.5274
 EELEC  =   -249809.2403  EHBOND  =         0.0000  RESTRAINT  =         0.0000
 Ewald error estimate:   0.2635E-04
 ------------------------------------------------------------------------------


 NSTEP =     5000   TIME(PS) =      25.000  TEMP(K) =   298.10  PRESS =     0.0
 Etot   =   -156476.0473  EKtot   =     40119.7657  EPtot      =   -196595.8130
 BOND   =      1249.6169  ANGLE   =      3288.7607  DIHED      =      4556.1575
 1-4 NB =      1526.4487  1-4 EEL =     19272.7766  VDWAALS    =     23501.6145
 EELEC  =   -249991.1879  EHBOND  =         0.0000  RESTRAINT  =         0.0000
 Ewald error estimate:   0.3843E-04
 ------------------------------------------------------------------------------


 NSTEP =     5100   TIME(PS) =      25.100  TEMP(K) =   297.82  PRESS =     0.0
 Etot   =   -156478.6670  EKtot   =     40082.0551  EPtot      =   -196560.7221
 BOND   =      1232.5002  ANGLE   =      3440.8981  DIHED      =      4505.0869
 1-4 NB =      1523.9746  1-4 EEL =     19084.3214  VDWAALS    =     23337.4642
 EELEC  =   -249684.9675  EHBOND  =         0.0000  RESTRAINT  =         0.0000
 Ewald error estimate:   0.1416E-03
 ------------------------------------------------------------------------------


 NSTEP =     5200   TIME(PS) =      25.200  TEMP(K) =   297.80  PRESS =     0.0
 Etot   =   -156460.3228  EKtot   =     40078.8788  EPtot      =   -196539.2016
 BOND   =      1208.6364  ANGLE   =      3333.9136  DIHED      =      4601.3622
 1-4 NB =      1533.0538  1-4 EEL =     19215.9978  VDWAALS    =     23676.7525
 EELEC  =   -250108.9179  EHBOND  =         0.0000  RESTRAINT  =         0.0000
 Ewald error estimate:   0.6776E-04
 ------------------------------------------------------------------------------


 NSTEP =     5300   TIME(PS) =      25.300  TEMP(K) =   296.03  PRESS =     0.0
 Etot   =   -156358.5281  EKtot   =     39840.7649  EPtot      =   -196199.2931
 BOND   =      1242.6810  ANGLE   =      3333.5187  DIHED      =      4552.2614
 1-4 NB =      1544.7300  1-4 EEL =     19247.4483  VDWAALS    =     23807.3516
 EELEC  =   -249927.2840  EHBOND  =         0.0000  RESTRAINT  =         0.0000
 Ewald error estimate:   0.9338E-04
 ------------------------------------------------------------------------------


 NSTEP =     5400   TIME(PS) =      25.400  TEMP(K) =   300.09  PRESS =     0.0
 Etot   =   -156282.3026  EKtot   =     40387.7389  EPtot      =   -196670.0415
 BOND   =      1282.2388  ANGLE   =      3291.5912  DIHED      =      4496.9296
 1-4 NB =      1559.4601  1-4 EEL =     19250.5100  VDWAALS    =     23388.9072
 EELEC  =   -249939.6784  EHBOND  =         0.0000  RESTRAINT  =         0.0000
 Ewald error estimate:   0.1321E-03
 ------------------------------------------------------------------------------


 NSTEP =     5500   TIME(PS) =      25.500  TEMP(K) =   298.93  PRESS =     0.0
 Etot   =   -156360.0931  EKtot   =     40230.9085  EPtot      =   -196591.0016
 BOND   =      1205.7977  ANGLE   =      3301.5031  DIHED      =      4554.2492
 1-4 NB =      1517.2618  1-4 EEL =     19188.3927  VDWAALS    =     24040.3011
 EELEC  =   -250398.5073  EHBOND  =         0.0000  RESTRAINT  =         0.0000
 Ewald error estimate:   0.6274E-04
 ------------------------------------------------------------------------------


 NSTEP =     5600   TIME(PS) =      25.600  TEMP(K) =   298.41  PRESS =     0.0
 Etot   =   -156347.4267  EKtot   =     40161.5221  EPtot      =   -196508.9489
 BOND   =      1253.6896  ANGLE   =      3291.1743  DIHED      =      4514.4459
 1-4 NB =      1558.7285  1-4 EEL =     19172.7194  VDWAALS    =     23561.0233
 EELEC  =   -249860.7299  EHBOND  =         0.0000  RESTRAINT  =         0.0000
 Ewald error estimate:   0.6337E-04
 ------------------------------------------------------------------------------


 NSTEP =     5700   TIME(PS) =      25.700  TEMP(K) =   297.40  PRESS =     0.0
 Etot   =   -156441.7247  EKtot   =     40024.9187  EPtot      =   -196466.6434
 BOND   =      1249.4455  ANGLE   =      3351.4793  DIHED      =      4566.8162
 1-4 NB =      1548.3824  1-4 EEL =     19173.3203  VDWAALS    =     23351.1018
 EELEC  =   -249707.1890  EHBOND  =         0.0000  RESTRAINT  =         0.0000
 Ewald error estimate:   0.1456E-05
 ------------------------------------------------------------------------------


 NSTEP =     5800   TIME(PS) =      25.800  TEMP(K) =   297.96  PRESS =     0.0
 Etot   =   -156343.3228  EKtot   =     40100.3976  EPtot      =   -196443.7204
 BOND   =      1247.9137  ANGLE   =      3380.6141  DIHED      =      4540.1101
 1-4 NB =      1513.9035  1-4 EEL =     19256.4700  VDWAALS    =     23839.4226
 EELEC  =   -250222.1543  EHBOND  =         0.0000  RESTRAINT  =         0.0000
 Ewald error estimate:   0.2244E-04
 ------------------------------------------------------------------------------


 NSTEP =     5900   TIME(PS) =      25.900  TEMP(K) =   297.50  PRESS =     0.0
 Etot   =   -156336.0463  EKtot   =     40038.1919  EPtot      =   -196374.2382
 BOND   =      1248.4991  ANGLE   =      3370.2965  DIHED      =      4598.4813
 1-4 NB =      1542.1210  1-4 EEL =     19224.9524  VDWAALS    =     23448.4785
 EELEC  =   -249807.0671  EHBOND  =         0.0000  RESTRAINT  =         0.0000
 Ewald error estimate:   0.2367E-04
 ------------------------------------------------------------------------------


 NSTEP =     6000   TIME(PS) =      26.000  TEMP(K) =   297.41  PRESS =     0.0
 Etot   =   -156415.9393  EKtot   =     40025.8668  EPtot      =   -196441.8061
 BOND   =      1216.7917  ANGLE   =      3335.1187  DIHED      =      4540.6320
 1-4 NB =      1528.3997  1-4 EEL =     19193.1019  VDWAALS    =     23710.5957
 EELEC  =   -249966.4458  EHBOND  =         0.0000  RESTRAINT  =         0.0000
 Ewald error estimate:   0.5550E-05
 ------------------------------------------------------------------------------


 NSTEP =     6100   TIME(PS) =      26.100  TEMP(K) =   298.10  PRESS =     0.0
 Etot   =   -156351.0214  EKtot   =     40119.2792  EPtot      =   -196470.3006
 BOND   =      1234.3398  ANGLE   =      3341.8131  DIHED      =      4524.9365
 1-4 NB =      1521.9227  1-4 EEL =     19138.7355  VDWAALS    =     23896.6702
 EELEC  =   -250128.7184  EHBOND  =         0.0000  RESTRAINT  =         0.0000
 Ewald error estimate:   0.3481E-04
 ------------------------------------------------------------------------------


 NSTEP =     6200   TIME(PS) =      26.200  TEMP(K) =   298.48  PRESS =     0.0
 Etot   =   -156293.0116  EKtot   =     40170.6098  EPtot      =   -196463.6214
 BOND   =      1236.0198  ANGLE   =      3369.0616  DIHED      =      4553.0858
 1-4 NB =      1545.9962  1-4 EEL =     19107.5168  VDWAALS    =     23693.6113
 EELEC  =   -249968.9130  EHBOND  =         0.0000  RESTRAINT  =         0.0000
 Ewald error estimate:   0.7540E-04
 ------------------------------------------------------------------------------


 NSTEP =     6300   TIME(PS) =      26.300  TEMP(K) =   298.71  PRESS =     0.0
 Etot   =   -156196.8924  EKtot   =     40201.5785  EPtot      =   -196398.4709
 BOND   =      1248.5186  ANGLE   =      3397.8299  DIHED      =      4571.8004
 1-4 NB =      1530.9776  1-4 EEL =     19249.4529  VDWAALS    =     23680.7558
 EELEC  =   -250077.8062  EHBOND  =         0.0000  RESTRAINT  =         0.0000
 Ewald error estimate:   0.1425E-03
 ------------------------------------------------------------------------------


 NSTEP =     6400   TIME(PS) =      26.400  TEMP(K) =   298.82  PRESS =     0.0
 Etot   =   -156268.6688  EKtot   =     40215.7355  EPtot      =   -196484.4044
 BOND   =      1237.9608  ANGLE   =      3392.7038  DIHED      =      4565.8559
 1-4 NB =      1526.9439  1-4 EEL =     19238.6667  VDWAALS    =     24154.5859
 EELEC  =   -250601.1214  EHBOND  =         0.0000  RESTRAINT  =         0.0000
 Ewald error estimate:   0.8181E-04
 ------------------------------------------------------------------------------


 NSTEP =     6500   TIME(PS) =      26.500  TEMP(K) =   298.76  PRESS =     0.0
 Etot   =   -156106.5473  EKtot   =     40208.7259  EPtot      =   -196315.2732
 BOND   =      1266.7650  ANGLE   =      3375.0731  DIHED      =      4537.4772
 1-4 NB =      1520.8340  1-4 EEL =     19149.8875  VDWAALS    =     23857.1987
 EELEC  =   -250022.5086  EHBOND  =         0.0000  RESTRAINT  =         0.0000
 Ewald error estimate:   0.1351E-04
 ------------------------------------------------------------------------------


 NSTEP =     6600   TIME(PS) =      26.600  TEMP(K) =   299.44  PRESS =     0.0
 Etot   =   -156010.5477  EKtot   =     40299.8147  EPtot      =   -196310.3624
 BOND   =      1242.6897  ANGLE   =      3390.8720  DIHED      =      4532.2183
 1-4 NB =      1550.7495  1-4 EEL =     19130.6014  VDWAALS    =     23999.1079
 EELEC  =   -250156.6012  EHBOND  =         0.0000  RESTRAINT  =         0.0000
 Ewald error estimate:   0.6272E-04
 ------------------------------------------------------------------------------


 NSTEP =     6700   TIME(PS) =      26.700  TEMP(K) =   297.01  PRESS =     0.0
 Etot   =   -156109.0418  EKtot   =     39972.8858  EPtot      =   -196081.9275
 BOND   =      1245.5274  ANGLE   =      3401.9320  DIHED      =      4482.3989
 1-4 NB =      1536.9873  1-4 EEL =     19250.5714  VDWAALS    =     23768.3099
 EELEC  =   -249767.6544  EHBOND  =         0.0000  RESTRAINT  =         0.0000
 Ewald error estimate:   0.8889E-04
 ------------------------------------------------------------------------------


 NSTEP =     6800   TIME(PS) =      26.800  TEMP(K) =   300.16  PRESS =     0.0
 Etot   =   -156068.1594  EKtot   =     40396.1646  EPtot      =   -196464.3240
 BOND   =      1201.6809  ANGLE   =      3297.2561  DIHED      =      4541.4419
 1-4 NB =      1564.6884  1-4 EEL =     19217.0923  VDWAALS    =     23731.0633
 EELEC  =   -250017.5470  EHBOND  =         0.0000  RESTRAINT  =         0.0000
 Ewald error estimate:   0.6428E-04
 ------------------------------------------------------------------------------


 NSTEP =     6900   TIME(PS) =      26.900  TEMP(K) =   297.96  PRESS =     0.0
 Etot   =   -156192.9793  EKtot   =     40101.1424  EPtot      =   -196294.1217
 BOND   =      1209.0431  ANGLE   =      3469.7758  DIHED      =      4478.2659
 1-4 NB =      1534.7822  1-4 EEL =     19106.0885  VDWAALS    =     23765.9456
 EELEC  =   -249858.0227  EHBOND  =         0.0000  RESTRAINT  =         0.0000
 Ewald error estimate:   0.5422E-04
 ------------------------------------------------------------------------------


 NSTEP =     7000   TIME(PS) =      27.000  TEMP(K) =   299.69  PRESS =     0.0
 Etot   =   -156284.0654  EKtot   =     40333.3290  EPtot      =   -196617.3943
 BOND   =      1212.8586  ANGLE   =      3395.8772  DIHED      =      4556.4981
 1-4 NB =      1566.0281  1-4 EEL =     19195.0552  VDWAALS    =     24161.5430
 EELEC  =   -250705.2545  EHBOND  =         0.0000  RESTRAINT  =         0.0000
 Ewald error estimate:   0.4218E-04
 ------------------------------------------------------------------------------


 NSTEP =     7100   TIME(PS) =      27.100  TEMP(K) =   297.61  PRESS =     0.0
 Etot   =   -156254.5034  EKtot   =     40053.2868  EPtot      =   -196307.7903
 BOND   =      1257.5432  ANGLE   =      3454.6289  DIHED      =      4541.5718
 1-4 NB =      1516.6601  1-4 EEL =     19195.3218  VDWAALS    =     23455.0650
 EELEC  =   -249728.5811  EHBOND  =         0.0000  RESTRAINT  =         0.0000
 Ewald error estimate:   0.4869E-04
 ------------------------------------------------------------------------------


 NSTEP =     7200   TIME(PS) =      27.200  TEMP(K) =   299.23  PRESS =     0.0
 Etot   =   -156415.4845  EKtot   =     40270.7801  EPtot      =   -196686.2646
 BOND   =      1309.1811  ANGLE   =      3387.9649  DIHED      =      4555.9399
 1-4 NB =      1522.5383  1-4 EEL =     19152.0277  VDWAALS    =     23629.2013
 EELEC  =   -250243.1179  EHBOND  =         0.0000  RESTRAINT  =         0.0000
 Ewald error estimate:   0.1505E-03
 ------------------------------------------------------------------------------


 NSTEP =     7300   TIME(PS) =      27.300  TEMP(K) =   298.19  PRESS =     0.0
 Etot   =   -156377.6655  EKtot   =     40131.7482  EPtot      =   -196509.4136
 BOND   =      1263.2618  ANGLE   =      3348.1176  DIHED      =      4543.6333
 1-4 NB =      1533.1547  1-4 EEL =     19256.4233  VDWAALS    =     23768.1040
 EELEC  =   -250222.1084  EHBOND  =         0.0000  RESTRAINT  =         0.0000
 Ewald error estimate:   0.1085E-03
 ------------------------------------------------------------------------------


 NSTEP =     7400   TIME(PS) =      27.400  TEMP(K) =   296.31  PRESS =     0.0
 Etot   =   -156162.8722  EKtot   =     39878.2901  EPtot      =   -196041.1623
 BOND   =      1278.1213  ANGLE   =      3435.9987  DIHED      =      4523.2332
 1-4 NB =      1535.3102  1-4 EEL =     19203.9203  VDWAALS    =     24141.6260
 EELEC  =   -250159.3721  EHBOND  =         0.0000  RESTRAINT  =         0.0000
 Ewald error estimate:   0.7064E-04
 ------------------------------------------------------------------------------


 NSTEP =     7500   TIME(PS) =      27.500  TEMP(K) =   299.19  PRESS =     0.0
 Etot   =   -156158.8518  EKtot   =     40266.3966  EPtot      =   -196425.2484
 BOND   =      1264.0227  ANGLE   =      3371.4123  DIHED      =      4547.5176
 1-4 NB =      1550.9400  1-4 EEL =     19250.2656  VDWAALS    =     23715.3041
 EELEC  =   -250124.7107  EHBOND  =         0.0000  RESTRAINT  =         0.0000
 Ewald error estimate:   0.7662E-04
 ------------------------------------------------------------------------------


 NSTEP =     7600   TIME(PS) =      27.600  TEMP(K) =   298.38  PRESS =     0.0
 Etot   =   -156269.6786  EKtot   =     40157.0325  EPtot      =   -196426.7111
 BOND   =      1252.2995  ANGLE   =      3351.5843  DIHED      =      4529.4576
 1-4 NB =      1560.9619  1-4 EEL =     19212.8868  VDWAALS    =     23617.9397
 EELEC  =   -249951.8409  EHBOND  =         0.0000  RESTRAINT  =         0.0000
 Ewald error estimate:   0.1098E-03
 ------------------------------------------------------------------------------


 NSTEP =     7700   TIME(PS) =      27.700  TEMP(K) =   299.01  PRESS =     0.0
 Etot   =   -156282.3123  EKtot   =     40242.3374  EPtot      =   -196524.6498
 BOND   =      1236.2585  ANGLE   =      3349.2400  DIHED      =      4534.5415
 1-4 NB =      1569.9817  1-4 EEL =     19177.4538  VDWAALS    =     23590.5027
 EELEC  =   -249982.6281  EHBOND  =         0.0000  RESTRAINT  =         0.0000
 Ewald error estimate:   0.9038E-04
 ------------------------------------------------------------------------------


 NSTEP =     7800   TIME(PS) =      27.800  TEMP(K) =   298.74  PRESS =     0.0
 Etot   =   -156383.1776  EKtot   =     40205.2580  EPtot      =   -196588.4356
 BOND   =      1246.7643  ANGLE   =      3353.7556  DIHED      =      4498.6967
 1-4 NB =      1520.0696  1-4 EEL =     19168.7561  VDWAALS    =     23993.7401
 EELEC  =   -250370.2178  EHBOND  =         0.0000  RESTRAINT  =         0.0000
 Ewald error estimate:   0.5275E-04
 ------------------------------------------------------------------------------


 NSTEP =     7900   TIME(PS) =      27.900  TEMP(K) =   298.39  PRESS =     0.0
 Etot   =   -156426.4480  EKtot   =     40159.0171  EPtot      =   -196585.4652
 BOND   =      1246.0885  ANGLE   =      3347.5525  DIHED      =      4531.0392
 1-4 NB =      1543.5967  1-4 EEL =     19262.0987  VDWAALS    =     24152.5083
 EELEC  =   -250668.3492  EHBOND  =         0.0000  RESTRAINT  =         0.0000
 Ewald error estimate:   0.2223E-04
 ------------------------------------------------------------------------------


 NSTEP =     8000   TIME(PS) =      28.000  TEMP(K) =   297.97  PRESS =     0.0
 Etot   =   -156415.9474  EKtot   =     40101.2277  EPtot      =   -196517.1751
 BOND   =      1292.4379  ANGLE   =      3354.6832  DIHED      =      4542.8608
 1-4 NB =      1526.6055  1-4 EEL =     19215.5472  VDWAALS    =     23882.6888
 EELEC  =   -250331.9986  EHBOND  =         0.0000  RESTRAINT  =         0.0000
 Ewald error estimate:   0.5130E-04
 ------------------------------------------------------------------------------


 NSTEP =     8100   TIME(PS) =      28.100  TEMP(K) =   298.91  PRESS =     0.0
 Etot   =   -156323.1590  EKtot   =     40228.6769  EPtot      =   -196551.8358
 BOND   =      1262.2156  ANGLE   =      3386.1877  DIHED      =      4493.0902
 1-4 NB =      1545.3362  1-4 EEL =     19296.2757  VDWAALS    =     23956.0822
 EELEC  =   -250491.0235  EHBOND  =         0.0000  RESTRAINT  =         0.0000
 Ewald error estimate:   0.1364E-03
 ------------------------------------------------------------------------------


 NSTEP =     8200   TIME(PS) =      28.200  TEMP(K) =   299.96  PRESS =     0.0
 Etot   =   -156351.5614  EKtot   =     40369.2758  EPtot      =   -196720.8372
 BOND   =      1283.3311  ANGLE   =      3478.8687  DIHED      =      4555.1978
 1-4 NB =      1541.5308  1-4 EEL =     19188.1603  VDWAALS    =     23623.5388
 EELEC  =   -250391.4648  EHBOND  =         0.0000  RESTRAINT  =         0.0000
 Ewald error estimate:   0.6533E-04
 ------------------------------------------------------------------------------


 NSTEP =     8300   TIME(PS) =      28.300  TEMP(K) =   298.99  PRESS =     0.0
 Etot   =   -156438.2219  EKtot   =     40239.6321  EPtot      =   -196677.8540
 BOND   =      1276.8147  ANGLE   =      3452.0820  DIHED      =      4496.4591
 1-4 NB =      1544.3684  1-4 EEL =     19246.7220  VDWAALS    =     23947.9204
 EELEC  =   -250642.2206  EHBOND  =         0.0000  RESTRAINT  =         0.0000
 Ewald error estimate:   0.2455E-04
 ------------------------------------------------------------------------------


 NSTEP =     8400   TIME(PS) =      28.400  TEMP(K) =   298.54  PRESS =     0.0
 Etot   =   -156443.8283  EKtot   =     40178.6757  EPtot      =   -196622.5040
 BOND   =      1298.7642  ANGLE   =      3500.2302  DIHED      =      4501.8464
 1-4 NB =      1525.8394  1-4 EEL =     19217.2946  VDWAALS    =     24141.5211
 EELEC  =   -250808.0000  EHBOND  =         0.0000  RESTRAINT  =         0.0000
 Ewald error estimate:   0.3666E-04
 ------------------------------------------------------------------------------


 NSTEP =     8500   TIME(PS) =      28.500  TEMP(K) =   299.15  PRESS =     0.0
 Etot   =   -156417.5945  EKtot   =     40260.1190  EPtot      =   -196677.7135
 BOND   =      1264.2340  ANGLE   =      3494.6876  DIHED      =      4509.7152
 1-4 NB =      1542.7871  1-4 EEL =     19206.8124  VDWAALS    =     23712.5870
 EELEC  =   -250408.5368  EHBOND  =         0.0000  RESTRAINT  =         0.0000
 Ewald error estimate:   0.9165E-05
 ------------------------------------------------------------------------------


 NSTEP =     8600   TIME(PS) =      28.600  TEMP(K) =   299.30  PRESS =     0.0
 Etot   =   -156457.3032  EKtot   =     40281.3207  EPtot      =   -196738.6240
 BOND   =      1230.8523  ANGLE   =      3436.9982  DIHED      =      4559.8526
 1-4 NB =      1541.4303  1-4 EEL =     19138.9462  VDWAALS    =     23772.7162
 EELEC  =   -250419.4196  EHBOND  =         0.0000  RESTRAINT  =         0.0000
 Ewald error estimate:   0.1281E-04
 ------------------------------------------------------------------------------


 NSTEP =     8700   TIME(PS) =      28.700  TEMP(K) =   297.94  PRESS =     0.0
 Etot   =   -156449.3495  EKtot   =     40098.0243  EPtot      =   -196547.3738
 BOND   =      1274.1762  ANGLE   =      3409.9139  DIHED      =      4560.7091
 1-4 NB =      1508.4324  1-4 EEL =     19173.6316  VDWAALS    =     23751.8102
 EELEC  =   -250226.0472  EHBOND  =         0.0000  RESTRAINT  =         0.0000
 Ewald error estimate:   0.2323E-04
 ------------------------------------------------------------------------------


 NSTEP =     8800   TIME(PS) =      28.800  TEMP(K) =   299.54  PRESS =     0.0
 Etot   =   -156532.9671  EKtot   =     40313.3210  EPtot      =   -196846.2881
 BOND   =      1294.0382  ANGLE   =      3360.5150  DIHED      =      4529.0434
 1-4 NB =      1561.3325  1-4 EEL =     19137.9166  VDWAALS    =     23575.7222
 EELEC  =   -250304.8559  EHBOND  =         0.0000  RESTRAINT  =         0.0000
 Ewald error estimate:   0.5585E-04
 ------------------------------------------------------------------------------


 NSTEP =     8900   TIME(PS) =      28.900  TEMP(K) =   297.16  PRESS =     0.0
 Etot   =   -156631.6211  EKtot   =     39993.4311  EPtot      =   -196625.0522
 BOND   =      1241.9631  ANGLE   =      3435.4193  DIHED      =      4505.1193
 1-4 NB =      1526.7932  1-4 EEL =     19209.7937  VDWAALS    =     23703.2296
 EELEC  =   -250247.3704  EHBOND  =         0.0000  RESTRAINT  =         0.0000
 Ewald error estimate:   0.3793E-04
 ------------------------------------------------------------------------------


 NSTEP =     9000   TIME(PS) =      29.000  TEMP(K) =   297.94  PRESS =     0.0
 Etot   =   -156596.5176  EKtot   =     40097.2954  EPtot      =   -196693.8131
 BOND   =      1196.5726  ANGLE   =      3418.9945  DIHED      =      4481.1779
 1-4 NB =      1573.5306  1-4 EEL =     19280.2855  VDWAALS    =     23582.4535
 EELEC  =   -250226.8276  EHBOND  =         0.0000  RESTRAINT  =         0.0000
 Ewald error estimate:   0.2033E-03
 ------------------------------------------------------------------------------


 NSTEP =     9100   TIME(PS) =      29.100  TEMP(K) =   296.46  PRESS =     0.0
 Etot   =   -156595.3629  EKtot   =     39898.5793  EPtot      =   -196493.9422
 BOND   =      1257.5304  ANGLE   =      3396.5202  DIHED      =      4514.9789
 1-4 NB =      1552.8162  1-4 EEL =     19179.1458  VDWAALS    =     23680.6392
 EELEC  =   -250075.5730  EHBOND  =         0.0000  RESTRAINT  =         0.0000
 Ewald error estimate:   0.5887E-04
 ------------------------------------------------------------------------------


 NSTEP =     9200   TIME(PS) =      29.200  TEMP(K) =   295.52  PRESS =     0.0
 Etot   =   -156610.0216  EKtot   =     39772.2735  EPtot      =   -196382.2950
 BOND   =      1243.3458  ANGLE   =      3450.9941  DIHED      =      4545.7995
 1-4 NB =      1543.1655  1-4 EEL =     19181.7184  VDWAALS    =     23498.5245
 EELEC  =   -249845.8427  EHBOND  =         0.0000  RESTRAINT  =         0.0000
 Ewald error estimate:   0.1529E-04
 ------------------------------------------------------------------------------


 NSTEP =     9300   TIME(PS) =      29.300  TEMP(K) =   298.54  PRESS =     0.0
 Etot   =   -156751.0160  EKtot   =     40178.4421  EPtot      =   -196929.4581
 BOND   =      1201.8495  ANGLE   =      3411.8175  DIHED      =      4548.0126
 1-4 NB =      1541.0894  1-4 EEL =     19185.8582  VDWAALS    =     23698.0856
 EELEC  =   -250516.1708  EHBOND  =         0.0000  RESTRAINT  =         0.0000
 Ewald error estimate:   0.3779E-05
 ------------------------------------------------------------------------------


 NSTEP =     9400   TIME(PS) =      29.400  TEMP(K) =   296.89  PRESS =     0.0
 Etot   =   -156719.8800  EKtot   =     39956.1835  EPtot      =   -196676.0635
 BOND   =      1229.4786  ANGLE   =      3392.8213  DIHED      =      4511.8586
 1-4 NB =      1546.5126  1-4 EEL =     19247.3815  VDWAALS    =     23398.6475
 EELEC  =   -250002.7637  EHBOND  =         0.0000  RESTRAINT  =         0.0000
 Ewald error estimate:   0.4333E-04
 ------------------------------------------------------------------------------


 NSTEP =     9500   TIME(PS) =      29.500  TEMP(K) =   297.56  PRESS =     0.0
 Etot   =   -156633.3578  EKtot   =     40046.5893  EPtot      =   -196679.9471
 BOND   =      1216.7104  ANGLE   =      3374.1849  DIHED      =      4510.8209
 1-4 NB =      1516.8478  1-4 EEL =     19207.9530  VDWAALS    =     23675.4343
 EELEC  =   -250181.8984  EHBOND  =         0.0000  RESTRAINT  =         0.0000
 Ewald error estimate:   0.2881E-04
 ------------------------------------------------------------------------------


 NSTEP =     9600   TIME(PS) =      29.600  TEMP(K) =   297.67  PRESS =     0.0
 Etot   =   -156685.9980  EKtot   =     40060.9091  EPtot      =   -196746.9072
 BOND   =      1254.9575  ANGLE   =      3301.6567  DIHED      =      4524.2955
 1-4 NB =      1570.3960  1-4 EEL =     19261.9087  VDWAALS    =     23628.2768
 EELEC  =   -250288.3983  EHBOND  =         0.0000  RESTRAINT  =         0.0000
 Ewald error estimate:   0.4015E-04
 ------------------------------------------------------------------------------


 NSTEP =     9700   TIME(PS) =      29.700  TEMP(K) =   297.49  PRESS =     0.0
 Etot   =   -156644.0826  EKtot   =     40037.0435  EPtot      =   -196681.1261
 BOND   =      1202.6433  ANGLE   =      3397.8211  DIHED      =      4517.7021
 1-4 NB =      1524.5647  1-4 EEL =     19193.9119  VDWAALS    =     23795.1421
 EELEC  =   -250312.9113  EHBOND  =         0.0000  RESTRAINT  =         0.0000
 Ewald error estimate:   0.4342E-04
 ------------------------------------------------------------------------------


 NSTEP =     9800   TIME(PS) =      29.800  TEMP(K) =   296.05  PRESS =     0.0
 Etot   =   -156668.4143  EKtot   =     39843.5601  EPtot      =   -196511.9744
 BOND   =      1194.7749  ANGLE   =      3399.6321  DIHED      =      4504.6414
 1-4 NB =      1542.5326  1-4 EEL =     19267.4868  VDWAALS    =     24102.9888
 EELEC  =   -250524.0310  EHBOND  =         0.0000  RESTRAINT  =         0.0000
 Ewald error estimate:   0.7358E-04
 ------------------------------------------------------------------------------


 NSTEP =     9900   TIME(PS) =      29.900  TEMP(K) =   296.72  PRESS =     0.0
 Etot   =   -156689.8034  EKtot   =     39933.0649  EPtot      =   -196622.8683
 BOND   =      1232.6043  ANGLE   =      3316.8613  DIHED      =      4519.7800
 1-4 NB =      1556.2199  1-4 EEL =     19261.7512  VDWAALS    =     23698.9751
 EELEC  =   -250209.0601  EHBOND  =         0.0000  RESTRAINT  =         0.0000
 Ewald error estimate:   0.6925E-04
 ------------------------------------------------------------------------------


 NSTEP =    10000   TIME(PS) =      30.000  TEMP(K) =   297.02  PRESS =     0.0
 Etot   =   -156729.2334  EKtot   =     39973.8453  EPtot      =   -196703.0788
 BOND   =      1236.1033  ANGLE   =      3360.9136  DIHED      =      4529.0404
 1-4 NB =      1524.7496  1-4 EEL =     19232.0751  VDWAALS    =     23913.6449
 EELEC  =   -250499.6058  EHBOND  =         0.0000  RESTRAINT  =         0.0000
 Ewald error estimate:   0.3033E-04
 ------------------------------------------------------------------------------


      A V E R A G E S   O V E R   10000 S T E P S


 NSTEP =    10000   TIME(PS) =      30.000  TEMP(K) =   298.20  PRESS =     0.0
 Etot   =   -156349.4730  EKtot   =     40132.5010  EPtot      =   -196481.9740
 BOND   =      1245.3109  ANGLE   =      3366.4300  DIHED      =      4534.5147
 1-4 NB =      1538.8375  1-4 EEL =     19205.1518  VDWAALS    =     23718.6749
 EELEC  =   -250090.8938  EHBOND  =         0.0000  RESTRAINT  =         0.0000
 Ewald error estimate:   0.5060E-04
 ------------------------------------------------------------------------------


      R M S  F L U C T U A T I O N S


 NSTEP =    10000   TIME(PS) =      30.000  TEMP(K) =     1.11  PRESS =     0.0
 Etot   =       211.1181  EKtot   =       149.6109  EPtot      =       191.9641
 BOND   =        29.6664  ANGLE   =        46.4151  DIHED      =        23.6332
 1-4 NB =        16.0489  1-4 EEL =        40.9584  VDWAALS    =       208.8409
 EELEC  =       311.4355  EHBOND  =         0.0000  RESTRAINT  =         0.0000
 Ewald error estimate:   0.3886E-04
 ------------------------------------------------------------------------------


--------------------------------------------------------------------------------
   5.  TIMINGS
--------------------------------------------------------------------------------

|                Build the list           663.19 (99.69% of List )
|                Other                      2.06 ( 0.31% of List )
|             List time                665.25 ( 4.88% of Nonbo)
|                   Short_ene time         12287.32 (99.67% of Direc)
|                   Other                     40.41 ( 0.33% of Direc)
|                Direct Ewald time      12327.74 (95.15% of Ewald)
|                Adjust Ewald time         25.45 ( 0.20% of Ewald)
|                   Fill Bspline coeffs       28.72 ( 4.82% of Recip)
|                   Fill charge grid          87.59 (14.70% of Recip)
|                   Scalar sum                98.24 (16.48% of Recip)
|                   Grad sum                 165.79 (27.82% of Recip)
|                   FFT time                 215.61 (36.18% of Recip)
|                   Other                      0.03 ( 0.01% of Recip)
|                Recip Ewald time         595.99 ( 4.60% of Ewald)
|                Force Adjust               0.98 ( 0.01% of Ewald)
|                Virial junk                1.78 ( 0.01% of Ewald)
|                Other                      4.26 ( 0.03% of Ewald)
|             Ewald time             12956.23 (95.12% of Nonbo)
|          Nonbond force          13621.49 (99.73% of Force)
|          Bond/Angle/Dihedral       36.90 ( 0.27% of Force)
|       Force time             13659.02 (98.54% of Runmd)
|       Shake time                24.34 ( 0.18% of Runmd)
|       Verlet update time       176.41 ( 1.27% of Runmd)
|       Other                      2.10 ( 0.02% of Runmd)
|    Runmd Time             13861.88 (100.0% of Total)
| Total time             13862.32 (100.0% of ALL  )

| Number of list builds   :        586

| Highest rstack allocated:    3600497
| Highest istack allocated:      66045

| Final Performance Info:
| -----------------------------------------------------
| Average timings for all steps:
|     Elapsed(s) =   13861.88 Per Step(ms) =    1386.19
|         ns/day =       0.06   seconds/ns = 1386187.96
| -----------------------------------------------------

|           Job began  at 06:57:56.789  on 06/15/2022
|           Setup done at 06:57:57.225  on 06/15/2022
|           Run   done at 10:48:59.104  on 06/15/2022
|     wallclock() was called  441285 times

|3D-RISM memory allocation summary
|Type          Maximum        Current   
|Integer       0.00000 GB     0.00000 GB
|Real          0.00000 GB     0.00000 GB
|Logical       0.00000 GB     0.00000 GB
|Character     0.00000 GB     0.00000 GB
|---------------------------------------
|Total         0.00000 GB     0.00000 GB
