
          -------------------------------------------------------
          Amber 22 SANDER                              2022
          -------------------------------------------------------

| Run on 06/14/2022 at 12:07:13

|   Executable path: sander
| Working directory: /home/ubuntu/PoDProjects/MS/src/scripts
|          Hostname: Unknown
  [-O]verwriting output

File Assignments:
|  MDIN: min.in                                                                
| MDOUT: ../out/efz_opt_pbc_min.out                                            
|INPCRD: ../data/efz_opt_pbc.rst7                                              
|  PARM: ../data/efz_opt_pbc.prmtop                                            
|RESTRT: ../res/efz_opt_pbc_min.ncrst                                          
|  REFC: refc                                                                  
| MDVEL: mdvel                                                                 
| MDFRC: mdfrc                                                                 
|  MDEN: mden                                                                  
| MDCRD: mdcrd                                                                 
|MDINFO: mdinfo                                                                
|  MTMD: mtmd                                                                  
|INPDIP: inpdip                                                                
|RSTDIP: rstdip                                                                
|INPTRA: inptraj                                                               


 Here is the input file:

cat > mdin <<EOF                                                               
 &cntrl                                                                        
   imin=1, maxcyc=2000, ncyc=2000, cut=30, ntb=0, igb=1,                       
 /                                                                             
EOF                                                                            
                                                                               
set output = minout                                                            

--------------------------------------------------------------------------------
   1.  RESOURCE   USE: 
--------------------------------------------------------------------------------

| Flags:                                                                        
| New format PARM file being parsed.
| Version =    1.000 Date = 06/13/22 Time = 20:28:22
 NATOM  =      30 NTYPES =      11 NBONH =       9 MBONA  =      23
 NTHETH =      21 MTHETA =      36 NPHIH =      43 MPHIA  =      51
 NHPARM =       0 NPARM  =       0 NNB   =     155 NRES   =       1
 NBONA  =      23 NTHETA =      36 NPHIA =      51 NUMBND =      17
 NUMANG =      27 NPTRA  =      13 NATYP =      13 NPHB   =       0
 IFBOX  =       0 NMXRS  =      30 IFCAP =       0 NEXTRA =       0
 NCOPY  =       0

 Implicit solvent radii are modified Bondi radii (mbondi)                                                   

|     Memory Use     Allocated
|     Real              705144
|     Hollerith             93
|     Integer            21596
|     Max Pairs              1
|     nblistReal             0
|     nblist Int             0
|       Total             5593 kbytes

| Note: 1-4 EEL scale factors are being read from the topology file.

| Note: 1-4 VDW scale factors are being read from the topology file.
| Duplicated    0 dihedrals
| Duplicated    0 dihedrals

--------------------------------------------------------------------------------
   2.  CONTROL  DATA  FOR  THE  RUN
--------------------------------------------------------------------------------

default_name                                                                    

General flags:
     imin    =       1, nmropt  =       0

Nature and format of input:
     ntx     =       1, irest   =       0, ntrx    =       1

Nature and format of output:
     ntxo    =       2, ntpr    =      50, ntrx    =       1, ntwr    =       1
     iwrap   =       0, ntwx    =       0, ntwv    =       0, ntwe    =       0
     ioutfm  =       1, ntwprt  =       0, idecomp =       0, rbornstat=      0

Potential function:
     ntf     =       1, ntb     =       0, igb     =       1, nsnb    =      25
     ipol    =       0, gbsa    =       0, iesp    =       0
     dielc   =   1.00000, cut     =  30.00000, intdiel =   1.00000
     saltcon =   0.00000, offset  =   0.09000, gbalpha=    1.00000
     gbbeta  =   0.00000, gbgamma =   0.00000, surften =   0.00500
     rdt     =   0.00000, rgbmax  =  25.00000  extdiel =  78.50000
     alpb  =        0

Frozen or restrained atoms:
     ibelly  =       0, ntr     =       0

Energy minimization:
     maxcyc  =    2000, ncyc    =    2000, ntmin   =       1
     dx0     =   0.01000, drms    =   0.00010
|  INFO: Old style inpcrd file read


--------------------------------------------------------------------------------
   3.  ATOMIC COORDINATES AND VELOCITIES
--------------------------------------------------------------------------------

default_name                                                                    
 begin time read from input coords =     0.000 ps

 Number of triangulated 3-point waters found:        0

--------------------------------------------------------------------------------
   4.  RESULTS
--------------------------------------------------------------------------------



   NSTEP       ENERGY          RMS            GMAX         NAME    NUMBER
      1       1.4050E+02     7.6552E+01     4.3878E+02     C10        17

 BOND    =      143.0336  ANGLE   =       23.9882  DIHED      =       17.6861
 VDWAALS =       -3.9721  EEL     =      -20.9907  EGB        =      -12.5351
 1-4 VDW =       13.1490  1-4 EEL =      -19.8557  RESTRAINT  =        0.0000


   NSTEP       ENERGY          RMS            GMAX         NAME    NUMBER
     50      -2.8683E+01     3.2055E+00     1.9662E+01     C9         16

 BOND    =        1.1097  ANGLE   =        4.2515  DIHED      =       16.9957
 VDWAALS =       -4.0440  EEL     =      -21.4177  EGB        =      -13.5764
 1-4 VDW =        9.1780  1-4 EEL =      -21.1801  RESTRAINT  =        0.0000


   NSTEP       ENERGY          RMS            GMAX         NAME    NUMBER
    100      -3.0064E+01     1.8659E+00     1.1118E+01     C8         15

 BOND    =        1.1216  ANGLE   =        3.4670  DIHED      =       16.9295
 VDWAALS =       -4.0097  EEL     =      -21.3947  EGB        =      -13.6010
 1-4 VDW =        8.7541  1-4 EEL =      -21.3303  RESTRAINT  =        0.0000


   NSTEP       ENERGY          RMS            GMAX         NAME    NUMBER
    150      -3.0531E+01     1.1222E+00     6.8355E+00     C9         16

 BOND    =        1.1105  ANGLE   =        3.2282  DIHED      =       16.8919
 VDWAALS =       -3.9816  EEL     =      -21.3533  EGB        =      -13.6105
 1-4 VDW =        8.5744  1-4 EEL =      -21.3909  RESTRAINT  =        0.0000


   NSTEP       ENERGY          RMS            GMAX         NAME    NUMBER
    200      -3.0717E+01     6.9883E-01     4.0950E+00     C8         15

 BOND    =        1.1278  ANGLE   =        3.1794  DIHED      =       16.8762
 VDWAALS =       -3.9685  EEL     =      -21.3238  EGB        =      -13.6162
 1-4 VDW =        8.4489  1-4 EEL =      -21.4412  RESTRAINT  =        0.0000


   NSTEP       ENERGY          RMS            GMAX         NAME    NUMBER
    250      -3.0815E+01     2.4991E-01     1.1548E+00     C9         16

 BOND    =        1.1281  ANGLE   =        3.1601  DIHED      =       16.8612
 VDWAALS =       -3.9639  EEL     =      -21.2800  EGB        =      -13.6179
 1-4 VDW =        8.3819  1-4 EEL =      -21.4844  RESTRAINT  =        0.0000


   NSTEP       ENERGY          RMS            GMAX         NAME    NUMBER
    300      -3.0870E+01     5.8536E-01     3.6183E+00     C9         16

 BOND    =        1.1337  ANGLE   =        3.1547  DIHED      =       16.8496
 VDWAALS =       -3.9647  EEL     =      -21.2366  EGB        =      -13.6182
 1-4 VDW =        8.3356  1-4 EEL =      -21.5244  RESTRAINT  =        0.0000


   NSTEP       ENERGY          RMS            GMAX         NAME    NUMBER
    350      -3.0913E+01     3.6150E-01     2.1168E+00     C8         15

 BOND    =        1.1400  ANGLE   =        3.1570  DIHED      =       16.8423
 VDWAALS =       -3.9689  EEL     =      -21.1996  EGB        =      -13.6184
 1-4 VDW =        8.2966  1-4 EEL =      -21.5619  RESTRAINT  =        0.0000


   NSTEP       ENERGY          RMS            GMAX         NAME    NUMBER
    400      -3.0943E+01     1.0886E-01     3.5092E-01     F1          2

 BOND    =        1.1377  ANGLE   =        3.1569  DIHED      =       16.8350
 VDWAALS =       -3.9737  EEL     =      -21.1612  EGB        =      -13.6177
 1-4 VDW =        8.2743  1-4 EEL =      -21.5941  RESTRAINT  =        0.0000


   NSTEP       ENERGY          RMS            GMAX         NAME    NUMBER
    450      -3.0965E+01     2.9813E-01     1.8110E+00     C9         16

 BOND    =        1.1371  ANGLE   =        3.1576  DIHED      =       16.8293
 VDWAALS =       -3.9793  EEL     =      -21.1248  EGB        =      -13.6169
 1-4 VDW =        8.2564  1-4 EEL =      -21.6243  RESTRAINT  =        0.0000


   NSTEP       ENERGY          RMS            GMAX         NAME    NUMBER
    500      -3.0983E+01     1.7296E-01     9.4805E-01     C8         15

 BOND    =        1.1391  ANGLE   =        3.1602  DIHED      =       16.8262
 VDWAALS =       -3.9851  EEL     =      -21.0949  EGB        =      -13.6164
 1-4 VDW =        8.2390  1-4 EEL =      -21.6515  RESTRAINT  =        0.0000


   NSTEP       ENERGY          RMS            GMAX         NAME    NUMBER
    550      -3.0997E+01     2.5526E-01     1.5061E+00     C9         16

 BOND    =        1.1395  ANGLE   =        3.1620  DIHED      =       16.8238
 VDWAALS =       -3.9904  EEL     =      -21.0670  EGB        =      -13.6158
 1-4 VDW =        8.2264  1-4 EEL =      -21.6754  RESTRAINT  =        0.0000


   NSTEP       ENERGY          RMS            GMAX         NAME    NUMBER
    600      -3.1008E+01     7.0396E-02     2.1590E-01     F1          2

 BOND    =        1.1367  ANGLE   =        3.1630  DIHED      =       16.8216
 VDWAALS =       -3.9953  EEL     =      -21.0408  EGB        =      -13.6151
 1-4 VDW =        8.2178  1-4 EEL =      -21.6964  RESTRAINT  =        0.0000


   NSTEP       ENERGY          RMS            GMAX         NAME    NUMBER
    650      -3.1017E+01     2.1617E-01     1.3131E+00     C9         16

 BOND    =        1.1352  ANGLE   =        3.1644  DIHED      =       16.8202
 VDWAALS =       -4.0000  EEL     =      -21.0163  EGB        =      -13.6145
 1-4 VDW =        8.2099  1-4 EEL =      -21.7162  RESTRAINT  =        0.0000


   NSTEP       ENERGY          RMS            GMAX         NAME    NUMBER
    700      -3.1025E+01     1.3044E-01     7.2472E-01     C9         16

 BOND    =        1.1363  ANGLE   =        3.1672  DIHED      =       16.8202
 VDWAALS =       -4.0045  EEL     =      -20.9960  EGB        =      -13.6142
 1-4 VDW =        8.2003  1-4 EEL =      -21.7345  RESTRAINT  =        0.0000


   NSTEP       ENERGY          RMS            GMAX         NAME    NUMBER
    750      -3.1031E+01     1.9333E-01     1.1547E+00     C9         16

 BOND    =        1.1363  ANGLE   =        3.1695  DIHED      =       16.8201
 VDWAALS =       -4.0087  EEL     =      -20.9767  EGB        =      -13.6139
 1-4 VDW =        8.1931  1-4 EEL =      -21.7510  RESTRAINT  =        0.0000


   NSTEP       ENERGY          RMS            GMAX         NAME    NUMBER
    800      -3.1037E+01     9.0613E-02     4.8807E-01     C9         16

 BOND    =        1.1337  ANGLE   =        3.1711  DIHED      =       16.8196
 VDWAALS =       -4.0124  EEL     =      -20.9575  EGB        =      -13.6134
 1-4 VDW =        8.1883  1-4 EEL =      -21.7662  RESTRAINT  =        0.0000


   NSTEP       ENERGY          RMS            GMAX         NAME    NUMBER
    850      -3.1041E+01     1.6459E-01     9.9513E-01     C9         16

 BOND    =        1.1328  ANGLE   =        3.1731  DIHED      =       16.8197
 VDWAALS =       -4.0160  EEL     =      -20.9408  EGB        =      -13.6131
 1-4 VDW =        8.1831  1-4 EEL =      -21.7800  RESTRAINT  =        0.0000


   NSTEP       ENERGY          RMS            GMAX         NAME    NUMBER
    900      -3.1045E+01     9.6853E-02     5.4000E-01     C9         16

 BOND    =        1.1336  ANGLE   =        3.1762  DIHED      =       16.8205
 VDWAALS =       -4.0194  EEL     =      -20.9264  EGB        =      -13.6130
 1-4 VDW =        8.1767  1-4 EEL =      -21.7932  RESTRAINT  =        0.0000


   NSTEP       ENERGY          RMS            GMAX         NAME    NUMBER
    950      -3.1048E+01     4.1264E-02     1.2242E-01     CL          1

 BOND    =        1.1323  ANGLE   =        3.1783  DIHED      =       16.8208
 VDWAALS =       -4.0225  EEL     =      -20.9119  EGB        =      -13.6127
 1-4 VDW =        8.1725  1-4 EEL =      -21.8051  RESTRAINT  =        0.0000


   NSTEP       ENERGY          RMS            GMAX         NAME    NUMBER
   1000      -3.1051E+01     5.9613E-02     2.8841E-01     C9         16

 BOND    =        1.1316  ANGLE   =        3.1807  DIHED      =       16.8212
 VDWAALS =       -4.0255  EEL     =      -20.8986  EGB        =      -13.6125
 1-4 VDW =        8.1684  1-4 EEL =      -21.8163  RESTRAINT  =        0.0000


   NSTEP       ENERGY          RMS            GMAX         NAME    NUMBER
   1050      -3.1053E+01     1.1992E-01     7.1460E-01     C9         16

 BOND    =        1.1307  ANGLE   =        3.1830  DIHED      =       16.8216
 VDWAALS =       -4.0283  EEL     =      -20.8859  EGB        =      -13.6123
 1-4 VDW =        8.1647  1-4 EEL =      -21.8270  RESTRAINT  =        0.0000


   NSTEP       ENERGY          RMS            GMAX         NAME    NUMBER
   1100      -3.1056E+01     6.5233E-02     3.4519E-01     C9         16

 BOND    =        1.1312  ANGLE   =        3.1859  DIHED      =       16.8224
 VDWAALS =       -4.0310  EEL     =      -20.8751  EGB        =      -13.6122
 1-4 VDW =        8.1600  1-4 EEL =      -21.8369  RESTRAINT  =        0.0000


   NSTEP       ENERGY          RMS            GMAX         NAME    NUMBER
   1150      -3.1058E+01     3.4129E-02     9.4793E-02     H5         28

 BOND    =        1.1303  ANGLE   =        3.1882  DIHED      =       16.8228
 VDWAALS =       -4.0335  EEL     =      -20.8644  EGB        =      -13.6121
 1-4 VDW =        8.1569  1-4 EEL =      -21.8459  RESTRAINT  =        0.0000


   NSTEP       ENERGY          RMS            GMAX         NAME    NUMBER
   1200      -3.1059E+01     4.2091E-02     1.7333E-01     C8         15

 BOND    =        1.1297  ANGLE   =        3.1906  DIHED      =       16.8233
 VDWAALS =       -4.0359  EEL     =      -20.8542  EGB        =      -13.6120
 1-4 VDW =        8.1538  1-4 EEL =      -21.8547  RESTRAINT  =        0.0000


   NSTEP       ENERGY          RMS            GMAX         NAME    NUMBER
   1250      -3.1061E+01     8.7878E-02     5.1198E-01     C9         16

 BOND    =        1.1290  ANGLE   =        3.1929  DIHED      =       16.8237
 VDWAALS =       -4.0381  EEL     =      -20.8446  EGB        =      -13.6118
 1-4 VDW =        8.1510  1-4 EEL =      -21.8628  RESTRAINT  =        0.0000


   NSTEP       ENERGY          RMS            GMAX         NAME    NUMBER
   1300      -3.1062E+01     3.2685E-02     8.8297E-02     C9         16

 BOND    =        1.1291  ANGLE   =        3.1955  DIHED      =       16.8244
 VDWAALS =       -4.0403  EEL     =      -20.8362  EGB        =      -13.6118
 1-4 VDW =        8.1477  1-4 EEL =      -21.8705  RESTRAINT  =        0.0000


   NSTEP       ENERGY          RMS            GMAX         NAME    NUMBER
   1350      -3.1063E+01     7.7146E-02     4.4951E-01     C9         16

 BOND    =        1.1292  ANGLE   =        3.1980  DIHED      =       16.8249
 VDWAALS =       -4.0424  EEL     =      -20.8280  EGB        =      -13.6117
 1-4 VDW =        8.1446  1-4 EEL =      -21.8779  RESTRAINT  =        0.0000


   NSTEP       ENERGY          RMS            GMAX         NAME    NUMBER
   1400      -3.1064E+01     2.9110E-02     7.4258E-02     H5         28

 BOND    =        1.1282  ANGLE   =        3.2001  DIHED      =       16.8252
 VDWAALS =       -4.0442  EEL     =      -20.8200  EGB        =      -13.6116
 1-4 VDW =        8.1426  1-4 EEL =      -21.8847  RESTRAINT  =        0.0000


   NSTEP       ENERGY          RMS            GMAX         NAME    NUMBER
   1450      -3.1065E+01     6.6609E-02     3.7774E-01     C9         16

 BOND    =        1.1275  ANGLE   =        3.2024  DIHED      =       16.8256
 VDWAALS =       -4.0462  EEL     =      -20.8116  EGB        =      -13.6115
 1-4 VDW =        8.1403  1-4 EEL =      -21.8918  RESTRAINT  =        0.0000


   NSTEP       ENERGY          RMS            GMAX         NAME    NUMBER
   1500      -3.1066E+01     2.7986E-02     7.0314E-02     C9         16

 BOND    =        1.1276  ANGLE   =        3.2048  DIHED      =       16.8261
 VDWAALS =       -4.0480  EEL     =      -20.8051  EGB        =      -13.6115
 1-4 VDW =        8.1377  1-4 EEL =      -21.8979  RESTRAINT  =        0.0000


   NSTEP       ENERGY          RMS            GMAX         NAME    NUMBER
   1550      -3.1067E+01     5.2364E-02     2.9004E-01     C9         16

 BOND    =        1.1275  ANGLE   =        3.2070  DIHED      =       16.8265
 VDWAALS =       -4.0497  EEL     =      -20.7986  EGB        =      -13.6115
 1-4 VDW =        8.1353  1-4 EEL =      -21.9039  RESTRAINT  =        0.0000


   NSTEP       ENERGY          RMS            GMAX         NAME    NUMBER
   1600      -3.1068E+01     2.4772E-02     6.2597E-02     H5         28

 BOND    =        1.1268  ANGLE   =        3.2090  DIHED      =       16.8268
 VDWAALS =       -4.0513  EEL     =      -20.7922  EGB        =      -13.6114
 1-4 VDW =        8.1336  1-4 EEL =      -21.9093  RESTRAINT  =        0.0000


   NSTEP       ENERGY          RMS            GMAX         NAME    NUMBER
   1650      -3.1069E+01     3.2803E-02     1.4620E-01     C8         15

 BOND    =        1.1264  ANGLE   =        3.2110  DIHED      =       16.8271
 VDWAALS =       -4.0528  EEL     =      -20.7860  EGB        =      -13.6113
 1-4 VDW =        8.1318  1-4 EEL =      -21.9148  RESTRAINT  =        0.0000


   NSTEP       ENERGY          RMS            GMAX         NAME    NUMBER
   1700      -3.1069E+01     6.7889E-02     3.9523E-01     C9         16

 BOND    =        1.1259  ANGLE   =        3.2129  DIHED      =       16.8273
 VDWAALS =       -4.0543  EEL     =      -20.7801  EGB        =      -13.6113
 1-4 VDW =        8.1301  1-4 EEL =      -21.9199  RESTRAINT  =        0.0000


   NSTEP       ENERGY          RMS            GMAX         NAME    NUMBER
   1750      -3.1070E+01     2.3774E-02     5.7418E-02     C9         16

 BOND    =        1.1260  ANGLE   =        3.2151  DIHED      =       16.8277
 VDWAALS =       -4.0557  EEL     =      -20.7749  EGB        =      -13.6112
 1-4 VDW =        8.1280  1-4 EEL =      -21.9249  RESTRAINT  =        0.0000


   NSTEP       ENERGY          RMS            GMAX         NAME    NUMBER
   1800      -3.1070E+01     6.2909E-02     3.7182E-01     C9         16

 BOND    =        1.1261  ANGLE   =        3.2172  DIHED      =       16.8281
 VDWAALS =       -4.0571  EEL     =      -20.7697  EGB        =      -13.6112
 1-4 VDW =        8.1260  1-4 EEL =      -21.9297  RESTRAINT  =        0.0000


   NSTEP       ENERGY          RMS            GMAX         NAME    NUMBER
   1850      -3.1071E+01     2.3968E-02     7.8843E-02     C8         15

 BOND    =        1.1253  ANGLE   =        3.2188  DIHED      =       16.8283
 VDWAALS =       -4.0584  EEL     =      -20.7645  EGB        =      -13.6112
 1-4 VDW =        8.1248  1-4 EEL =      -21.9342  RESTRAINT  =        0.0000


   NSTEP       ENERGY          RMS            GMAX         NAME    NUMBER
   1900      -3.1071E+01     5.2370E-02     2.9937E-01     C8         15

 BOND    =        1.1248  ANGLE   =        3.2205  DIHED      =       16.8285
 VDWAALS =       -4.0596  EEL     =      -20.7594  EGB        =      -13.6111
 1-4 VDW =        8.1235  1-4 EEL =      -21.9386  RESTRAINT  =        0.0000


   NSTEP       ENERGY          RMS            GMAX         NAME    NUMBER
   1950      -3.1072E+01     2.1071E-02     5.0523E-02     C9         16

 BOND    =        1.1249  ANGLE   =        3.2225  DIHED      =       16.8288
 VDWAALS =       -4.0609  EEL     =      -20.7551  EGB        =      -13.6111
 1-4 VDW =        8.1217  1-4 EEL =      -21.9427  RESTRAINT  =        0.0000


   NSTEP       ENERGY          RMS            GMAX         NAME    NUMBER
   2000      -3.1072E+01     4.1570E-02     2.3318E-01     C9         16

 BOND    =        1.1249  ANGLE   =        3.2243  DIHED      =       16.8291
 VDWAALS =       -4.0621  EEL     =      -20.7507  EGB        =      -13.6111
 1-4 VDW =        8.1201  1-4 EEL =      -21.9468  RESTRAINT  =        0.0000


  Maximum number of minimization cycles reached.


                    FINAL RESULTS



   NSTEP       ENERGY          RMS            GMAX         NAME    NUMBER
   2000      -3.1072E+01     4.1570E-02     2.3318E-01     C9         16

 BOND    =        1.1249  ANGLE   =        3.2243  DIHED      =       16.8291
 VDWAALS =       -4.0621  EEL     =      -20.7507  EGB        =      -13.6111
 1-4 VDW =        8.1201  1-4 EEL =      -21.9468  RESTRAINT  =        0.0000

--------------------------------------------------------------------------------
   5.  TIMINGS
--------------------------------------------------------------------------------

|    Read coords time           0.00 ( 0.62% of Total)
|                Calc gb radii              0.03 (26.44% of Gen B)
|                Calc gb diag               0.05 (40.10% of Gen B)
|                Calc gb off-diag           0.04 (32.91% of Gen B)
|                Other                      0.00 ( 0.56% of Gen B)
|             Gen Born time              0.12 (100.0% of Nonbo)
|             IPS excludes               0.00 ( 0.06% of Nonbo)
|          Nonbond force              0.12 (74.39% of Force)
|          Bond/Angle/Dihedral        0.04 (24.90% of Force)
|          Other                      0.00 ( 0.72% of Force)
|       Force time                 0.16 (100.0% of Runmd)
|    Runmd Time                 0.16 (51.01% of Total)
|    Other                      0.15 (48.37% of Total)
| Total time                 0.32 (100.0% of ALL  )

| Number of list builds   :          0

| Highest rstack allocated:          0
| Highest istack allocated:          0
|           Job began  at 12:07:13.774  on 06/14/2022
|           Setup done at 12:07:13.777  on 06/14/2022
|           Run   done at 12:07:14.091  on 06/14/2022
|     wallclock() was called   36028 times

|3D-RISM memory allocation summary
|Type          Maximum        Current   
|Integer       0.00000 GB     0.00000 GB
|Real          0.00000 GB     0.00000 GB
|Logical       0.00000 GB     0.00000 GB
|Character     0.00000 GB     0.00000 GB
|---------------------------------------
|Total         0.00000 GB     0.00000 GB
