
          -------------------------------------------------------
          Amber 22 SANDER                              2022
          -------------------------------------------------------

| Run on 06/14/2022 at 09:07:13

|   Executable path: sander
| Working directory: /home/ubuntu/PoDProjects/MS/src/scripts
|          Hostname: Unknown
  [-O]verwriting output

File Assignments:
|  MDIN: heat_pbc.in                                                           
| MDOUT: ../out/efz_solv_box_heatpbc.out                                       
|INPCRD: ../res/efz_solv_box_min.ncrst                                         
|  PARM: ../res/efz_solv_box.prmtop                                            
|RESTRT: ../res/efz_solv_box_heatpbc.rst                                       
|  REFC: refc                                                                  
| MDVEL: mdvel                                                                 
| MDFRC: mdfrc                                                                 
|  MDEN: mden                                                                  
| MDCRD: ../res/efz_solv_box_heatpbc.nc                                        
|MDINFO: mdinfo                                                                
|  MTMD: mtmd                                                                  
|INPDIP: inpdip                                                                
|RSTDIP: rstdip                                                                
|INPTRA: inptraj                                                               


 Here is the input file:

cat > mdin <<EOF                                                               
 &cntrl                                                                        
  imin   = 0,                                                                  
  irest  = 0,                                                                  
  ntx    = 1,                                                                  
  ntb    = 1,                                                                  
  cut    = 15.0,                                                               
  ntr    = 0,                                                                  
  ntc    = 2,                                                                  
  ntf    = 2,                                                                  
  tempi  = 0.0,                                                                
  temp0  = 298.0,                                                              
  ntt    = 3,                                                                  
  gamma_ln = 1.0,                                                              
  nstlim = 10000, dt = 0.002                                                   
  ntpr = 100, ntwx = 100, ntwr = 1000                                          
 /                                                                             
EOF                                                                            
                                                                               
set output = mdout                                                             

--------------------------------------------------------------------------------
   1.  RESOURCE   USE: 
--------------------------------------------------------------------------------

| Flags:                                                                        
 getting box info from netcdf restart file
| NetCDF restart box info found
|Largest sphere to fit in unit cell has radius =    17.340
| New format PARM file being parsed.
| Version =    1.000 Date = 06/13/22 Time = 20:35:08
 NATOM  =    4466 NTYPES =      14 NBONH =    4443 MBONA  =      23
 NTHETH =      21 MTHETA =      36 NPHIH =      43 MPHIA  =      51
 NHPARM =       0 NPARM  =       0 NNB   =    6069 NRES   =    1481
 NBONA  =      23 NTHETA =      36 NPHIA =      51 NUMBND =      19
 NUMANG =      27 NPTRA  =      13 NATYP =      16 NPHB   =       0
 IFBOX  =       1 NMXRS  =      30 IFCAP =       0 NEXTRA =       0
 NCOPY  =       0


|     Memory Use     Allocated
|     Real              878583
|     Hollerith          14881
|     Integer           126183
|     Max Pairs        7313819
|     nblistReal         53592
|     nblist Int        128491
|       Total            36905 kbytes

| Note: 1-4 EEL scale factors are being read from the topology file.

| Note: 1-4 VDW scale factors are being read from the topology file.
| Duplicated    0 dihedrals
| Duplicated    0 dihedrals

     BOX TYPE: RECTILINEAR

--------------------------------------------------------------------------------
   2.  CONTROL  DATA  FOR  THE  RUN
--------------------------------------------------------------------------------

default_name                                                                    

General flags:
     imin    =       0, nmropt  =       0

Nature and format of input:
     ntx     =       1, irest   =       0, ntrx    =       1

Nature and format of output:
     ntxo    =       2, ntpr    =     100, ntrx    =       1, ntwr    =    1000
     iwrap   =       0, ntwx    =     100, ntwv    =       0, ntwe    =       0
     ioutfm  =       1, ntwprt  =       0, idecomp =       0, rbornstat=      0

Potential function:
     ntf     =       2, ntb     =       1, igb     =       0, nsnb    =      25
     ipol    =       0, gbsa    =       0, iesp    =       0
     dielc   =   1.00000, cut     =  15.00000, intdiel =   1.00000

Frozen or restrained atoms:
     ibelly  =       0, ntr     =       0

Molecular dynamics:
     nstlim  =     10000, nscm    =      1000, nrespa  =         1
     t       =   0.00000, dt      =   0.00200, vlimit  =  20.00000

Langevin dynamics temperature regulation:
     ig      =   71277
     temp0   = 298.00000, tempi   =   0.00000, gamma_ln=   1.00000

SHAKE:
     ntc     =       2, jfastw  =       0
     tol     =   0.00001

Ewald parameters:
     verbose =       0, ew_type =       0, nbflag  =       1, use_pme =       1
     vdwmeth =       1, eedmeth =       1, netfrc  =       1
     Box X =   38.861   Box Y =   47.921   Box Z =   34.680
     Alpha =   90.000   Beta  =   90.000   Gamma =   90.000
     NFFT1 =   40       NFFT2 =   48       NFFT3 =   36
     Cutoff=   15.000   Tol   =0.100E-04
     Ewald Coefficient =  0.17871
     Interpolation order =    4
|  INFO: Old style inpcrd file read


--------------------------------------------------------------------------------
   3.  ATOMIC COORDINATES AND VELOCITIES
--------------------------------------------------------------------------------

default_name                                                                    
 begin time read from input coords =     0.000 ps

 Number of triangulated 3-point waters found:     1478

     Sum of charges from parm topology file =  -2.00200000
     Assuming uniform neutralizing plasma

--------------------------------------------------------------------------------
   4.  RESULTS
--------------------------------------------------------------------------------

|  # of SOLUTE  degrees of freedom (RNDFP):    8955.
|  # of SOLVENT degrees of freedom (RNDFS):       0.
|  NDFMIN =    8955.     NUM_NOSHAKE =      0     CORRECTED RNDFP =    8955.
|  TOTAL # of degrees of freedom (RNDF) =    8955.
 ---------------------------------------------------
 APPROXIMATING switch and d/dx switch using CUBIC SPLINE INTERPOLATION
 using   5000.0 points per unit in tabled values
 TESTING RELATIVE ERROR over r ranging from 0.0 to cutoff
| CHECK switch(x): max rel err =   0.2738E-14   at   2.422500
| CHECK d/dx switch(x): max rel err =   0.7766E-11   at   2.666360
 ---------------------------------------------------
| Local SIZE OF NONBOND LIST =    3233052
| TOTAL SIZE OF NONBOND LIST =    3233052

 NSTEP =        0   TIME(PS) =       0.000  TEMP(K) =     0.00  PRESS =     0.0
 Etot   =    -18468.5370  EKtot   =         0.0000  EPtot      =    -18468.5370
 BOND   =         1.7456  ANGLE   =         3.1202  DIHED      =        16.8745
 1-4 NB =         8.3476  1-4 EEL =       -21.3423  VDWAALS    =      3255.9325
 EELEC  =    -21733.2150  EHBOND  =         0.0000  RESTRAINT  =         0.0000
 Ewald error estimate:   0.1408E-03
 ------------------------------------------------------------------------------


 NSTEP =      100   TIME(PS) =       0.200  TEMP(K) =    88.99  PRESS =     0.0
 Etot   =    -15021.1619  EKtot   =       791.7677  EPtot      =    -15812.9296
 BOND   =         2.4231  ANGLE   =         4.8319  DIHED      =        17.2836
 1-4 NB =         8.3743  1-4 EEL =       -22.0717  VDWAALS    =      2818.4238
 EELEC  =    -18642.1946  EHBOND  =         0.0000  RESTRAINT  =         0.0000
 Ewald error estimate:   0.3201E-03
 ------------------------------------------------------------------------------


 NSTEP =      200   TIME(PS) =       0.400  TEMP(K) =   139.19  PRESS =     0.0
 Etot   =    -14344.5787  EKtot   =      1238.4401  EPtot      =    -15583.0188
 BOND   =         3.1058  ANGLE   =         5.8362  DIHED      =        18.2955
 1-4 NB =         9.1021  1-4 EEL =       -22.7689  VDWAALS    =      3016.2594
 EELEC  =    -18612.8488  EHBOND  =         0.0000  RESTRAINT  =         0.0000
 Ewald error estimate:   0.7519E-04
 ------------------------------------------------------------------------------


 NSTEP =      300   TIME(PS) =       0.600  TEMP(K) =   167.82  PRESS =     0.0
 Etot   =    -13825.5942  EKtot   =      1493.1686  EPtot      =    -15318.7628
 BOND   =         2.7663  ANGLE   =         6.8811  DIHED      =        19.2845
 1-4 NB =         9.8471  1-4 EEL =       -20.8275  VDWAALS    =      2833.4694
 EELEC  =    -18170.1837  EHBOND  =         0.0000  RESTRAINT  =         0.0000
 Ewald error estimate:   0.1915E-03
 ------------------------------------------------------------------------------


 NSTEP =      400   TIME(PS) =       0.800  TEMP(K) =   193.17  PRESS =     0.0
 Etot   =    -13439.0343  EKtot   =      1718.7357  EPtot      =    -15157.7700
 BOND   =         3.8461  ANGLE   =         8.9850  DIHED      =        20.8743
 1-4 NB =         8.3761  1-4 EEL =       -21.8994  VDWAALS    =      2725.7392
 EELEC  =    -17903.6914  EHBOND  =         0.0000  RESTRAINT  =         0.0000
 Ewald error estimate:   0.6640E-03
 ------------------------------------------------------------------------------


 NSTEP =      500   TIME(PS) =       1.000  TEMP(K) =   210.27  PRESS =     0.0
 Etot   =    -13074.7320  EKtot   =      1870.9276  EPtot      =    -14945.6596
 BOND   =         5.6422  ANGLE   =        10.2536  DIHED      =        21.3728
 1-4 NB =         8.7526  1-4 EEL =       -23.1034  VDWAALS    =      2698.3716
 EELEC  =    -17666.9490  EHBOND  =         0.0000  RESTRAINT  =         0.0000
 Ewald error estimate:   0.2379E-03
 ------------------------------------------------------------------------------


 NSTEP =      600   TIME(PS) =       1.200  TEMP(K) =   224.42  PRESS =     0.0
 Etot   =    -12774.0368  EKtot   =      1996.7813  EPtot      =    -14770.8181
 BOND   =         6.0315  ANGLE   =        11.5947  DIHED      =        21.6582
 1-4 NB =         9.0423  1-4 EEL =       -23.1479  VDWAALS    =      2579.3575
 EELEC  =    -17375.3545  EHBOND  =         0.0000  RESTRAINT  =         0.0000
 Ewald error estimate:   0.1690E-03
 ------------------------------------------------------------------------------


 NSTEP =      700   TIME(PS) =       1.400  TEMP(K) =   231.46  PRESS =     0.0
 Etot   =    -12552.5991  EKtot   =      2059.4883  EPtot      =    -14612.0874
 BOND   =         5.2341  ANGLE   =        11.2343  DIHED      =        20.9148
 1-4 NB =         9.9669  1-4 EEL =       -23.3259  VDWAALS    =      2538.4841
 EELEC  =    -17174.5956  EHBOND  =         0.0000  RESTRAINT  =         0.0000
 Ewald error estimate:   0.1721E-04
 ------------------------------------------------------------------------------


 NSTEP =      800   TIME(PS) =       1.600  TEMP(K) =   246.10  PRESS =     0.0
 Etot   =    -12356.5173  EKtot   =      2189.7019  EPtot      =    -14546.2192
 BOND   =         5.3698  ANGLE   =         7.5080  DIHED      =        20.9778
 1-4 NB =        10.0514  1-4 EEL =       -20.6783  VDWAALS    =      2401.9927
 EELEC  =    -16971.4405  EHBOND  =         0.0000  RESTRAINT  =         0.0000
 Ewald error estimate:   0.7418E-03
 ------------------------------------------------------------------------------


 NSTEP =      900   TIME(PS) =       1.800  TEMP(K) =   247.39  PRESS =     0.0
 Etot   =    -12226.0962  EKtot   =      2201.1473  EPtot      =    -14427.2435
 BOND   =         6.4267  ANGLE   =        10.9875  DIHED      =        19.4245
 1-4 NB =         9.1834  1-4 EEL =       -21.7715  VDWAALS    =      2300.4392
 EELEC  =    -16751.9333  EHBOND  =         0.0000  RESTRAINT  =         0.0000
 Ewald error estimate:   0.5663E-03
 ------------------------------------------------------------------------------


 NSTEP =     1000   TIME(PS) =       2.000  TEMP(K) =   252.13  PRESS =     0.0
 Etot   =    -12049.6492  EKtot   =      2243.3767  EPtot      =    -14293.0259
 BOND   =         7.4749  ANGLE   =        13.7305  DIHED      =        18.2581
 1-4 NB =         8.7916  1-4 EEL =       -22.3581  VDWAALS    =      2273.9242
 EELEC  =    -16592.8471  EHBOND  =         0.0000  RESTRAINT  =         0.0000
 Ewald error estimate:   0.3316E-03
 ------------------------------------------------------------------------------


 NSTEP =     1100   TIME(PS) =       2.200  TEMP(K) =   261.62  PRESS =     0.0
 Etot   =    -11898.6557  EKtot   =      2327.8302  EPtot      =    -14226.4859
 BOND   =         4.6001  ANGLE   =        12.2644  DIHED      =        22.5948
 1-4 NB =         8.7767  1-4 EEL =       -20.5413  VDWAALS    =      2260.7605
 EELEC  =    -16514.9411  EHBOND  =         0.0000  RESTRAINT  =         0.0000
 Ewald error estimate:   0.1808E-03
 ------------------------------------------------------------------------------


 NSTEP =     1200   TIME(PS) =       2.400  TEMP(K) =   267.98  PRESS =     0.0
 Etot   =    -11780.4380  EKtot   =      2384.3538  EPtot      =    -14164.7918
 BOND   =         5.6430  ANGLE   =        12.8639  DIHED      =        19.7326
 1-4 NB =         9.5486  1-4 EEL =       -26.3774  VDWAALS    =      2274.1970
 EELEC  =    -16460.3995  EHBOND  =         0.0000  RESTRAINT  =         0.0000
 Ewald error estimate:   0.4455E-03
 ------------------------------------------------------------------------------


 NSTEP =     1300   TIME(PS) =       2.600  TEMP(K) =   268.84  PRESS =     0.0
 Etot   =    -11658.1379  EKtot   =      2392.0282  EPtot      =    -14050.1661
 BOND   =         4.4331  ANGLE   =        11.9524  DIHED      =        18.4581
 1-4 NB =         9.3115  1-4 EEL =       -21.9718  VDWAALS    =      2258.1201
 EELEC  =    -16330.4695  EHBOND  =         0.0000  RESTRAINT  =         0.0000
 Ewald error estimate:   0.4674E-03
 ------------------------------------------------------------------------------


 NSTEP =     1400   TIME(PS) =       2.800  TEMP(K) =   275.14  PRESS =     0.0
 Etot   =    -11550.4799  EKtot   =      2448.1376  EPtot      =    -13998.6175
 BOND   =         6.1599  ANGLE   =        10.8113  DIHED      =        18.5793
 1-4 NB =         9.4094  1-4 EEL =       -19.7883  VDWAALS    =      2116.0259
 EELEC  =    -16139.8149  EHBOND  =         0.0000  RESTRAINT  =         0.0000
 Ewald error estimate:   0.3178E-03
 ------------------------------------------------------------------------------


 NSTEP =     1500   TIME(PS) =       3.000  TEMP(K) =   274.79  PRESS =     0.0
 Etot   =    -11506.2455  EKtot   =      2444.9750  EPtot      =    -13951.2205
 BOND   =         6.8126  ANGLE   =        11.3812  DIHED      =        23.3113
 1-4 NB =         9.1313  1-4 EEL =       -23.1679  VDWAALS    =      2185.1145
 EELEC  =    -16163.8035  EHBOND  =         0.0000  RESTRAINT  =         0.0000
 Ewald error estimate:   0.4583E-03
 ------------------------------------------------------------------------------


 NSTEP =     1600   TIME(PS) =       3.200  TEMP(K) =   279.59  PRESS =     0.0
 Etot   =    -11438.3870  EKtot   =      2487.7264  EPtot      =    -13926.1133
 BOND   =         8.9445  ANGLE   =        15.8448  DIHED      =        21.7428
 1-4 NB =         7.9469  1-4 EEL =       -22.5826  VDWAALS    =      2055.0465
 EELEC  =    -16013.0562  EHBOND  =         0.0000  RESTRAINT  =         0.0000
 Ewald error estimate:   0.3770E-03
 ------------------------------------------------------------------------------


 NSTEP =     1700   TIME(PS) =       3.400  TEMP(K) =   281.70  PRESS =     0.0
 Etot   =    -11352.6293  EKtot   =      2506.5117  EPtot      =    -13859.1410
 BOND   =        10.2435  ANGLE   =        14.1037  DIHED      =        20.4958
 1-4 NB =         9.3558  1-4 EEL =       -25.0675  VDWAALS    =      2146.3620
 EELEC  =    -16034.6342  EHBOND  =         0.0000  RESTRAINT  =         0.0000
 Ewald error estimate:   0.1095E-04
 ------------------------------------------------------------------------------


 NSTEP =     1800   TIME(PS) =       3.600  TEMP(K) =   290.16  PRESS =     0.0
 Etot   =    -11294.6623  EKtot   =      2581.7203  EPtot      =    -13876.3826
 BOND   =         7.3337  ANGLE   =        16.5128  DIHED      =        19.0546
 1-4 NB =        10.9688  1-4 EEL =       -18.8735  VDWAALS    =      2166.0785
 EELEC  =    -16077.4575  EHBOND  =         0.0000  RESTRAINT  =         0.0000
 Ewald error estimate:   0.2739E-03
 ------------------------------------------------------------------------------


 NSTEP =     1900   TIME(PS) =       3.800  TEMP(K) =   294.15  PRESS =     0.0
 Etot   =    -11260.5280  EKtot   =      2617.2075  EPtot      =    -13877.7355
 BOND   =         9.8637  ANGLE   =        14.7314  DIHED      =        19.9165
 1-4 NB =         8.8383  1-4 EEL =       -22.9698  VDWAALS    =      2201.7003
 EELEC  =    -16109.8159  EHBOND  =         0.0000  RESTRAINT  =         0.0000
 Ewald error estimate:   0.1521E-03
 ------------------------------------------------------------------------------


 NSTEP =     2000   TIME(PS) =       4.000  TEMP(K) =   289.54  PRESS =     0.0
 Etot   =    -11246.9254  EKtot   =      2576.1945  EPtot      =    -13823.1199
 BOND   =         7.9455  ANGLE   =         9.3245  DIHED      =        19.5547
 1-4 NB =         8.4472  1-4 EEL =       -23.0008  VDWAALS    =      2080.5869
 EELEC  =    -15925.9778  EHBOND  =         0.0000  RESTRAINT  =         0.0000
 Ewald error estimate:   0.3113E-03
 ------------------------------------------------------------------------------


 NSTEP =     2100   TIME(PS) =       4.200  TEMP(K) =   295.06  PRESS =     0.0
 Etot   =    -11231.5520  EKtot   =      2625.3418  EPtot      =    -13856.8938
 BOND   =         7.5881  ANGLE   =        12.0332  DIHED      =        19.6970
 1-4 NB =         9.1964  1-4 EEL =       -23.4247  VDWAALS    =      2103.7845
 EELEC  =    -15985.7683  EHBOND  =         0.0000  RESTRAINT  =         0.0000
 Ewald error estimate:   0.9014E-03
 ------------------------------------------------------------------------------


 NSTEP =     2200   TIME(PS) =       4.400  TEMP(K) =   294.65  PRESS =     0.0
 Etot   =    -11185.8749  EKtot   =      2621.6766  EPtot      =    -13807.5515
 BOND   =        11.2024  ANGLE   =        13.7633  DIHED      =        19.8608
 1-4 NB =         7.7029  1-4 EEL =       -24.1546  VDWAALS    =      2049.2012
 EELEC  =    -15885.1274  EHBOND  =         0.0000  RESTRAINT  =         0.0000
 Ewald error estimate:   0.7392E-03
 ------------------------------------------------------------------------------


 NSTEP =     2300   TIME(PS) =       4.600  TEMP(K) =   292.49  PRESS =     0.0
 Etot   =    -11145.9249  EKtot   =      2602.4915  EPtot      =    -13748.4164
 BOND   =         8.6339  ANGLE   =        13.6685  DIHED      =        19.5200
 1-4 NB =         8.6323  1-4 EEL =       -19.3199  VDWAALS    =      2164.3044
 EELEC  =    -15943.8555  EHBOND  =         0.0000  RESTRAINT  =         0.0000
 Ewald error estimate:   0.1139E-03
 ------------------------------------------------------------------------------


 NSTEP =     2400   TIME(PS) =       4.800  TEMP(K) =   296.25  PRESS =     0.0
 Etot   =    -11112.6198  EKtot   =      2635.9084  EPtot      =    -13748.5282
 BOND   =         4.2728  ANGLE   =        21.5240  DIHED      =        20.4798
 1-4 NB =         9.6973  1-4 EEL =       -20.7918  VDWAALS    =      2123.2750
 EELEC  =    -15906.9855  EHBOND  =         0.0000  RESTRAINT  =         0.0000
 Ewald error estimate:   0.2212E-03
 ------------------------------------------------------------------------------


 NSTEP =     2500   TIME(PS) =       5.000  TEMP(K) =   297.65  PRESS =     0.0
 Etot   =    -11129.4226  EKtot   =      2648.3530  EPtot      =    -13777.7756
 BOND   =         6.8818  ANGLE   =        18.1047  DIHED      =        19.4900
 1-4 NB =        11.1520  1-4 EEL =       -23.4547  VDWAALS    =      2143.5715
 EELEC  =    -15953.5209  EHBOND  =         0.0000  RESTRAINT  =         0.0000
 Ewald error estimate:   0.3491E-03
 ------------------------------------------------------------------------------


 NSTEP =     2600   TIME(PS) =       5.200  TEMP(K) =   300.75  PRESS =     0.0
 Etot   =    -11107.2533  EKtot   =      2675.9939  EPtot      =    -13783.2472
 BOND   =         4.5890  ANGLE   =        15.7277  DIHED      =        19.9845
 1-4 NB =         9.5640  1-4 EEL =       -22.5137  VDWAALS    =      2037.6268
 EELEC  =    -15848.2255  EHBOND  =         0.0000  RESTRAINT  =         0.0000
 Ewald error estimate:   0.4476E-03
 ------------------------------------------------------------------------------


 NSTEP =     2700   TIME(PS) =       5.400  TEMP(K) =   298.78  PRESS =     0.0
 Etot   =    -11093.4626  EKtot   =      2658.4829  EPtot      =    -13751.9454
 BOND   =         4.8499  ANGLE   =         9.1925  DIHED      =        19.9870
 1-4 NB =        10.2154  1-4 EEL =       -18.5094  VDWAALS    =      2158.2427
 EELEC  =    -15935.9234  EHBOND  =         0.0000  RESTRAINT  =         0.0000
 Ewald error estimate:   0.4733E-03
 ------------------------------------------------------------------------------


 NSTEP =     2800   TIME(PS) =       5.600  TEMP(K) =   293.14  PRESS =     0.0
 Etot   =    -11094.7181  EKtot   =      2608.2702  EPtot      =    -13702.9883
 BOND   =         8.0633  ANGLE   =        15.3839  DIHED      =        18.2977
 1-4 NB =        10.1724  1-4 EEL =       -22.5824  VDWAALS    =      2046.0799
 EELEC  =    -15778.4032  EHBOND  =         0.0000  RESTRAINT  =         0.0000
 Ewald error estimate:   0.4663E-03
 ------------------------------------------------------------------------------


 NSTEP =     2900   TIME(PS) =       5.800  TEMP(K) =   298.79  PRESS =     0.0
 Etot   =    -11032.9282  EKtot   =      2658.5279  EPtot      =    -13691.4561
 BOND   =         8.3852  ANGLE   =        12.2350  DIHED      =        22.3133
 1-4 NB =         8.3991  1-4 EEL =       -23.6422  VDWAALS    =      2112.4892
 EELEC  =    -15831.6355  EHBOND  =         0.0000  RESTRAINT  =         0.0000
 Ewald error estimate:   0.2915E-04
 ------------------------------------------------------------------------------


 NSTEP =     3000   TIME(PS) =       6.000  TEMP(K) =   300.34  PRESS =     0.0
 Etot   =    -11062.7075  EKtot   =      2672.2824  EPtot      =    -13734.9899
 BOND   =         5.3875  ANGLE   =        15.1802  DIHED      =        19.9649
 1-4 NB =         8.6657  1-4 EEL =       -21.2753  VDWAALS    =      1990.6002
 EELEC  =    -15753.5132  EHBOND  =         0.0000  RESTRAINT  =         0.0000
 Ewald error estimate:   0.3079E-03
 ------------------------------------------------------------------------------


 NSTEP =     3100   TIME(PS) =       6.200  TEMP(K) =   297.22  PRESS =     0.0
 Etot   =    -11051.6123  EKtot   =      2644.5226  EPtot      =    -13696.1348
 BOND   =         5.0765  ANGLE   =        17.0672  DIHED      =        19.1137
 1-4 NB =         9.5391  1-4 EEL =       -20.1635  VDWAALS    =      1979.4695
 EELEC  =    -15706.2372  EHBOND  =         0.0000  RESTRAINT  =         0.0000
 Ewald error estimate:   0.7033E-03
 ------------------------------------------------------------------------------


 NSTEP =     3200   TIME(PS) =       6.400  TEMP(K) =   298.46  PRESS =     0.0
 Etot   =    -11076.5071  EKtot   =      2655.5684  EPtot      =    -13732.0755
 BOND   =         7.1589  ANGLE   =        13.4565  DIHED      =        18.7580
 1-4 NB =         8.5496  1-4 EEL =       -20.4319  VDWAALS    =      2002.0715
 EELEC  =    -15761.6380  EHBOND  =         0.0000  RESTRAINT  =         0.0000
 Ewald error estimate:   0.4539E-03
 ------------------------------------------------------------------------------


 NSTEP =     3300   TIME(PS) =       6.600  TEMP(K) =   299.16  PRESS =     0.0
 Etot   =    -11056.5056  EKtot   =      2661.8407  EPtot      =    -13718.3464
 BOND   =         7.9811  ANGLE   =        13.6434  DIHED      =        20.1388
 1-4 NB =         7.1067  1-4 EEL =       -21.1894  VDWAALS    =      2107.2184
 EELEC  =    -15853.2454  EHBOND  =         0.0000  RESTRAINT  =         0.0000
 Ewald error estimate:   0.1399E-04
 ------------------------------------------------------------------------------


 NSTEP =     3400   TIME(PS) =       6.800  TEMP(K) =   302.46  PRESS =     0.0
 Etot   =    -11033.6223  EKtot   =      2691.1601  EPtot      =    -13724.7823
 BOND   =        12.2192  ANGLE   =        13.7456  DIHED      =        20.9591
 1-4 NB =         6.7381  1-4 EEL =       -24.9197  VDWAALS    =      2004.1326
 EELEC  =    -15757.6571  EHBOND  =         0.0000  RESTRAINT  =         0.0000
 Ewald error estimate:   0.3525E-04
 ------------------------------------------------------------------------------


 NSTEP =     3500   TIME(PS) =       7.000  TEMP(K) =   302.42  PRESS =     0.0
 Etot   =    -11025.3416  EKtot   =      2690.7866  EPtot      =    -13716.1282
 BOND   =         9.1011  ANGLE   =        11.4789  DIHED      =        19.8205
 1-4 NB =         7.3208  1-4 EEL =       -22.5062  VDWAALS    =      2048.3662
 EELEC  =    -15789.7097  EHBOND  =         0.0000  RESTRAINT  =         0.0000
 Ewald error estimate:   0.4359E-04
 ------------------------------------------------------------------------------


 NSTEP =     3600   TIME(PS) =       7.200  TEMP(K) =   302.12  PRESS =     0.0
 Etot   =    -11015.4466  EKtot   =      2688.1487  EPtot      =    -13703.5953
 BOND   =         9.0028  ANGLE   =        14.0319  DIHED      =        17.9101
 1-4 NB =         8.5440  1-4 EEL =       -23.8969  VDWAALS    =      2068.5908
 EELEC  =    -15797.7780  EHBOND  =         0.0000  RESTRAINT  =         0.0000
 Ewald error estimate:   0.1098E-03
 ------------------------------------------------------------------------------


 NSTEP =     3700   TIME(PS) =       7.400  TEMP(K) =   301.78  PRESS =     0.0
 Etot   =    -10972.2836  EKtot   =      2685.1294  EPtot      =    -13657.4129
 BOND   =         7.6233  ANGLE   =        16.6553  DIHED      =        18.6184
 1-4 NB =         8.4743  1-4 EEL =       -22.2136  VDWAALS    =      1998.8537
 EELEC  =    -15685.4242  EHBOND  =         0.0000  RESTRAINT  =         0.0000
 Ewald error estimate:   0.4612E-03
 ------------------------------------------------------------------------------


 NSTEP =     3800   TIME(PS) =       7.600  TEMP(K) =   299.37  PRESS =     0.0
 Etot   =    -10957.4075  EKtot   =      2663.6982  EPtot      =    -13621.1057
 BOND   =        10.7823  ANGLE   =        19.7889  DIHED      =        20.7697
 1-4 NB =         8.7426  1-4 EEL =       -25.1892  VDWAALS    =      2022.3633
 EELEC  =    -15678.3633  EHBOND  =         0.0000  RESTRAINT  =         0.0000
 Ewald error estimate:   0.2295E-04
 ------------------------------------------------------------------------------


 NSTEP =     3900   TIME(PS) =       7.800  TEMP(K) =   303.53  PRESS =     0.0
 Etot   =    -10935.0387  EKtot   =      2700.6671  EPtot      =    -13635.7058
 BOND   =         9.4091  ANGLE   =        16.4947  DIHED      =        21.4613
 1-4 NB =         8.7503  1-4 EEL =       -23.1546  VDWAALS    =      2079.4730
 EELEC  =    -15748.1397  EHBOND  =         0.0000  RESTRAINT  =         0.0000
 Ewald error estimate:   0.2343E-05
 ------------------------------------------------------------------------------


 NSTEP =     4000   TIME(PS) =       8.000  TEMP(K) =   302.88  PRESS =     0.0
 Etot   =    -10965.0698  EKtot   =      2694.9464  EPtot      =    -13660.0162
 BOND   =         9.4273  ANGLE   =        13.1493  DIHED      =        21.5863
 1-4 NB =        10.6452  1-4 EEL =       -23.7230  VDWAALS    =      2081.6382
 EELEC  =    -15772.7394  EHBOND  =         0.0000  RESTRAINT  =         0.0000
 Ewald error estimate:   0.2536E-03
 ------------------------------------------------------------------------------


 NSTEP =     4100   TIME(PS) =       8.200  TEMP(K) =   299.30  PRESS =     0.0
 Etot   =    -11030.6169  EKtot   =      2663.0435  EPtot      =    -13693.6604
 BOND   =        11.6555  ANGLE   =        10.3306  DIHED      =        19.9471
 1-4 NB =         8.3084  1-4 EEL =       -22.1751  VDWAALS    =      2029.8043
 EELEC  =    -15751.5313  EHBOND  =         0.0000  RESTRAINT  =         0.0000
 Ewald error estimate:   0.2775E-03
 ------------------------------------------------------------------------------


 NSTEP =     4200   TIME(PS) =       8.400  TEMP(K) =   296.27  PRESS =     0.0
 Etot   =    -11107.3424  EKtot   =      2636.1119  EPtot      =    -13743.4543
 BOND   =         6.4234  ANGLE   =        17.4252  DIHED      =        18.2838
 1-4 NB =         9.4840  1-4 EEL =       -17.8734  VDWAALS    =      2088.5549
 EELEC  =    -15865.7522  EHBOND  =         0.0000  RESTRAINT  =         0.0000
 Ewald error estimate:   0.1495E-03
 ------------------------------------------------------------------------------


 NSTEP =     4300   TIME(PS) =       8.600  TEMP(K) =   301.34  PRESS =     0.0
 Etot   =    -11106.8447  EKtot   =      2681.2064  EPtot      =    -13788.0511
 BOND   =         6.2058  ANGLE   =        13.1538  DIHED      =        19.3248
 1-4 NB =         9.1625  1-4 EEL =       -23.0562  VDWAALS    =      2045.4838
 EELEC  =    -15858.3255  EHBOND  =         0.0000  RESTRAINT  =         0.0000
 Ewald error estimate:   0.6500E-03
 ------------------------------------------------------------------------------


 NSTEP =     4400   TIME(PS) =       8.800  TEMP(K) =   296.96  PRESS =     0.0
 Etot   =    -11139.6851  EKtot   =      2642.2900  EPtot      =    -13781.9750
 BOND   =         5.3467  ANGLE   =        12.3856  DIHED      =        22.9398
 1-4 NB =         8.7858  1-4 EEL =       -22.7926  VDWAALS    =      2087.8258
 EELEC  =    -15896.4661  EHBOND  =         0.0000  RESTRAINT  =         0.0000
 Ewald error estimate:   0.5458E-04
 ------------------------------------------------------------------------------


 NSTEP =     4500   TIME(PS) =       9.000  TEMP(K) =   296.12  PRESS =     0.0
 Etot   =    -11076.2939  EKtot   =      2634.7328  EPtot      =    -13711.0267
 BOND   =         4.8658  ANGLE   =        14.4646  DIHED      =        20.2505
 1-4 NB =        10.1348  1-4 EEL =       -18.4077  VDWAALS    =      1995.3008
 EELEC  =    -15737.6354  EHBOND  =         0.0000  RESTRAINT  =         0.0000
 Ewald error estimate:   0.4687E-03
 ------------------------------------------------------------------------------


 NSTEP =     4600   TIME(PS) =       9.200  TEMP(K) =   298.62  PRESS =     0.0
 Etot   =    -11100.6563  EKtot   =      2657.0589  EPtot      =    -13757.7152
 BOND   =         8.8613  ANGLE   =        12.4510  DIHED      =        18.0268
 1-4 NB =         9.1087  1-4 EEL =       -21.7147  VDWAALS    =      2093.6054
 EELEC  =    -15878.0537  EHBOND  =         0.0000  RESTRAINT  =         0.0000
 Ewald error estimate:   0.1479E-03
 ------------------------------------------------------------------------------


 NSTEP =     4700   TIME(PS) =       9.400  TEMP(K) =   297.76  PRESS =     0.0
 Etot   =    -11073.0421  EKtot   =      2649.3289  EPtot      =    -13722.3710
 BOND   =        12.1954  ANGLE   =         7.9141  DIHED      =        19.8144
 1-4 NB =         9.0327  1-4 EEL =       -20.9668  VDWAALS    =      1983.0436
 EELEC  =    -15733.4044  EHBOND  =         0.0000  RESTRAINT  =         0.0000
 Ewald error estimate:   0.1658E-03
 ------------------------------------------------------------------------------


 NSTEP =     4800   TIME(PS) =       9.600  TEMP(K) =   300.14  PRESS =     0.0
 Etot   =    -11099.6416  EKtot   =      2670.5849  EPtot      =    -13770.2265
 BOND   =        10.6083  ANGLE   =        11.9018  DIHED      =        25.5790
 1-4 NB =         8.7213  1-4 EEL =       -22.0896  VDWAALS    =      2022.9732
 EELEC  =    -15827.9204  EHBOND  =         0.0000  RESTRAINT  =         0.0000
 Ewald error estimate:   0.4473E-03
 ------------------------------------------------------------------------------


 NSTEP =     4900   TIME(PS) =       9.800  TEMP(K) =   299.99  PRESS =     0.0
 Etot   =    -11123.1888  EKtot   =      2669.2259  EPtot      =    -13792.4147
 BOND   =         9.1539  ANGLE   =        15.6768  DIHED      =        19.7396
 1-4 NB =        10.5344  1-4 EEL =       -22.5199  VDWAALS    =      2032.8411
 EELEC  =    -15857.8406  EHBOND  =         0.0000  RESTRAINT  =         0.0000
 Ewald error estimate:   0.1175E-04
 ------------------------------------------------------------------------------


 NSTEP =     5000   TIME(PS) =      10.000  TEMP(K) =   297.74  PRESS =     0.0
 Etot   =    -11137.5411  EKtot   =      2649.1878  EPtot      =    -13786.7289
 BOND   =         5.8034  ANGLE   =        15.5015  DIHED      =        21.1988
 1-4 NB =         9.8753  1-4 EEL =       -23.9031  VDWAALS    =      2072.7321
 EELEC  =    -15887.9369  EHBOND  =         0.0000  RESTRAINT  =         0.0000
 Ewald error estimate:   0.4157E-03
 ------------------------------------------------------------------------------


 NSTEP =     5100   TIME(PS) =      10.200  TEMP(K) =   302.88  PRESS =     0.0
 Etot   =    -11147.9426  EKtot   =      2694.9153  EPtot      =    -13842.8579
 BOND   =         8.7928  ANGLE   =        10.8408  DIHED      =        20.0342
 1-4 NB =         8.5494  1-4 EEL =       -25.3074  VDWAALS    =      2092.1879
 EELEC  =    -15957.9557  EHBOND  =         0.0000  RESTRAINT  =         0.0000
 Ewald error estimate:   0.6721E-04
 ------------------------------------------------------------------------------


 NSTEP =     5200   TIME(PS) =      10.400  TEMP(K) =   301.49  PRESS =     0.0
 Etot   =    -11157.1177  EKtot   =      2682.5494  EPtot      =    -13839.6671
 BOND   =         7.1586  ANGLE   =        16.6136  DIHED      =        19.6716
 1-4 NB =         8.7466  1-4 EEL =       -23.8170  VDWAALS    =      2067.3996
 EELEC  =    -15935.4401  EHBOND  =         0.0000  RESTRAINT  =         0.0000
 Ewald error estimate:   0.2692E-04
 ------------------------------------------------------------------------------


 NSTEP =     5300   TIME(PS) =      10.600  TEMP(K) =   297.13  PRESS =     0.0
 Etot   =    -11186.0315  EKtot   =      2643.7819  EPtot      =    -13829.8133
 BOND   =         5.3506  ANGLE   =        12.4536  DIHED      =        21.0881
 1-4 NB =         8.6454  1-4 EEL =       -22.9644  VDWAALS    =      2076.2223
 EELEC  =    -15930.6089  EHBOND  =         0.0000  RESTRAINT  =         0.0000
 Ewald error estimate:   0.3603E-03
 ------------------------------------------------------------------------------


 NSTEP =     5400   TIME(PS) =      10.800  TEMP(K) =   297.89  PRESS =     0.0
 Etot   =    -11113.8575  EKtot   =      2650.5411  EPtot      =    -13764.3986
 BOND   =        10.0323  ANGLE   =        12.3703  DIHED      =        19.4194
 1-4 NB =         8.8698  1-4 EEL =       -22.2809  VDWAALS    =      1979.0020
 EELEC  =    -15771.8115  EHBOND  =         0.0000  RESTRAINT  =         0.0000
 Ewald error estimate:   0.1183E-03
 ------------------------------------------------------------------------------


 NSTEP =     5500   TIME(PS) =      11.000  TEMP(K) =   296.30  PRESS =     0.0
 Etot   =    -11123.6490  EKtot   =      2636.3526  EPtot      =    -13760.0017
 BOND   =         8.2024  ANGLE   =        16.7829  DIHED      =        23.6876
 1-4 NB =         7.8974  1-4 EEL =       -22.9722  VDWAALS    =      2076.9762
 EELEC  =    -15870.5759  EHBOND  =         0.0000  RESTRAINT  =         0.0000
 Ewald error estimate:   0.1398E-03
 ------------------------------------------------------------------------------


 NSTEP =     5600   TIME(PS) =      11.200  TEMP(K) =   295.58  PRESS =     0.0
 Etot   =    -11117.2116  EKtot   =      2629.9919  EPtot      =    -13747.2035
 BOND   =         7.9430  ANGLE   =        16.7903  DIHED      =        19.9768
 1-4 NB =        11.3106  1-4 EEL =       -21.6622  VDWAALS    =      1965.9099
 EELEC  =    -15747.4718  EHBOND  =         0.0000  RESTRAINT  =         0.0000
 Ewald error estimate:   0.1372E-03
 ------------------------------------------------------------------------------


 NSTEP =     5700   TIME(PS) =      11.400  TEMP(K) =   299.98  PRESS =     0.0
 Etot   =    -11108.0795  EKtot   =      2669.1347  EPtot      =    -13777.2142
 BOND   =         7.3741  ANGLE   =        14.1983  DIHED      =        22.1281
 1-4 NB =         9.9250  1-4 EEL =       -22.1380  VDWAALS    =      2035.9973
 EELEC  =    -15844.6990  EHBOND  =         0.0000  RESTRAINT  =         0.0000
 Ewald error estimate:   0.8641E-04
 ------------------------------------------------------------------------------


 NSTEP =     5800   TIME(PS) =      11.600  TEMP(K) =   300.16  PRESS =     0.0
 Etot   =    -11079.6711  EKtot   =      2670.7209  EPtot      =    -13750.3920
 BOND   =         7.7906  ANGLE   =        12.7235  DIHED      =        19.9077
 1-4 NB =         8.5244  1-4 EEL =       -21.6790  VDWAALS    =      2088.8490
 EELEC  =    -15866.5082  EHBOND  =         0.0000  RESTRAINT  =         0.0000
 Ewald error estimate:   0.1316E-03
 ------------------------------------------------------------------------------


 NSTEP =     5900   TIME(PS) =      11.800  TEMP(K) =   299.70  PRESS =     0.0
 Etot   =    -11099.2362  EKtot   =      2666.6672  EPtot      =    -13765.9034
 BOND   =         7.0841  ANGLE   =        13.7260  DIHED      =        21.3666
 1-4 NB =         9.2540  1-4 EEL =       -20.3787  VDWAALS    =      2013.9469
 EELEC  =    -15810.9023  EHBOND  =         0.0000  RESTRAINT  =         0.0000
 Ewald error estimate:   0.4549E-04
 ------------------------------------------------------------------------------


 NSTEP =     6000   TIME(PS) =      12.000  TEMP(K) =   297.20  PRESS =     0.0
 Etot   =    -11079.0282  EKtot   =      2644.4229  EPtot      =    -13723.4511
 BOND   =         9.2337  ANGLE   =        11.9598  DIHED      =        18.2004
 1-4 NB =        11.2785  1-4 EEL =       -23.4281  VDWAALS    =      1940.0576
 EELEC  =    -15690.7531  EHBOND  =         0.0000  RESTRAINT  =         0.0000
 Ewald error estimate:   0.4670E-03
 ------------------------------------------------------------------------------


 NSTEP =     6100   TIME(PS) =      12.200  TEMP(K) =   307.25  PRESS =     0.0
 Etot   =    -11040.9885  EKtot   =      2733.8328  EPtot      =    -13774.8213
 BOND   =         3.8281  ANGLE   =         8.6049  DIHED      =        22.2227
 1-4 NB =         9.4804  1-4 EEL =       -21.6862  VDWAALS    =      2095.0409
 EELEC  =    -15892.3121  EHBOND  =         0.0000  RESTRAINT  =         0.0000
 Ewald error estimate:   0.3500E-03
 ------------------------------------------------------------------------------


 NSTEP =     6200   TIME(PS) =      12.400  TEMP(K) =   303.20  PRESS =     0.0
 Etot   =    -11084.8733  EKtot   =      2697.7446  EPtot      =    -13782.6179
 BOND   =         7.5317  ANGLE   =        17.7695  DIHED      =        19.2093
 1-4 NB =         8.7874  1-4 EEL =       -23.8005  VDWAALS    =      2057.6388
 EELEC  =    -15869.7541  EHBOND  =         0.0000  RESTRAINT  =         0.0000
 Ewald error estimate:   0.7795E-04
 ------------------------------------------------------------------------------


 NSTEP =     6300   TIME(PS) =      12.600  TEMP(K) =   296.60  PRESS =     0.0
 Etot   =    -11131.8080  EKtot   =      2639.0168  EPtot      =    -13770.8248
 BOND   =         6.6784  ANGLE   =        13.7119  DIHED      =        24.1793
 1-4 NB =         9.0407  1-4 EEL =       -23.0911  VDWAALS    =      2053.1044
 EELEC  =    -15854.4484  EHBOND  =         0.0000  RESTRAINT  =         0.0000
 Ewald error estimate:   0.9095E-04
 ------------------------------------------------------------------------------


 NSTEP =     6400   TIME(PS) =      12.800  TEMP(K) =   297.82  PRESS =     0.0
 Etot   =    -11185.4425  EKtot   =      2649.9126  EPtot      =    -13835.3551
 BOND   =         6.0285  ANGLE   =        11.3264  DIHED      =        18.7583
 1-4 NB =        10.2294  1-4 EEL =       -21.4959  VDWAALS    =      2118.5533
 EELEC  =    -15978.7550  EHBOND  =         0.0000  RESTRAINT  =         0.0000
 Ewald error estimate:   0.3189E-04
 ------------------------------------------------------------------------------


 NSTEP =     6500   TIME(PS) =      13.000  TEMP(K) =   296.90  PRESS =     0.0
 Etot   =    -11158.5483  EKtot   =      2641.6812  EPtot      =    -13800.2295
 BOND   =        10.7155  ANGLE   =        11.1384  DIHED      =        20.3245
 1-4 NB =         8.5867  1-4 EEL =       -23.4128  VDWAALS    =      2087.8306
 EELEC  =    -15915.4125  EHBOND  =         0.0000  RESTRAINT  =         0.0000
 Ewald error estimate:   0.3159E-03
 ------------------------------------------------------------------------------


 NSTEP =     6600   TIME(PS) =      13.200  TEMP(K) =   290.78  PRESS =     0.0
 Etot   =    -11189.4285  EKtot   =      2587.2375  EPtot      =    -13776.6660
 BOND   =         6.1930  ANGLE   =        14.0364  DIHED      =        25.6838
 1-4 NB =         9.5488  1-4 EEL =       -23.5613  VDWAALS    =      1902.5658
 EELEC  =    -15711.1325  EHBOND  =         0.0000  RESTRAINT  =         0.0000
 Ewald error estimate:   0.4097E-03
 ------------------------------------------------------------------------------


 NSTEP =     6700   TIME(PS) =      13.400  TEMP(K) =   301.94  PRESS =     0.0
 Etot   =    -11123.7120  EKtot   =      2686.5292  EPtot      =    -13810.2412
 BOND   =         7.8380  ANGLE   =        12.4959  DIHED      =        24.8545
 1-4 NB =         9.0452  1-4 EEL =       -22.2036  VDWAALS    =      1965.7008
 EELEC  =    -15807.9720  EHBOND  =         0.0000  RESTRAINT  =         0.0000
 Ewald error estimate:   0.3625E-04
 ------------------------------------------------------------------------------


 NSTEP =     6800   TIME(PS) =      13.600  TEMP(K) =   295.77  PRESS =     0.0
 Etot   =    -11159.1353  EKtot   =      2631.6237  EPtot      =    -13790.7590
 BOND   =         8.6945  ANGLE   =        15.5763  DIHED      =        21.5846
 1-4 NB =         9.7663  1-4 EEL =       -24.9292  VDWAALS    =      2001.9660
 EELEC  =    -15823.4174  EHBOND  =         0.0000  RESTRAINT  =         0.0000
 Ewald error estimate:   0.3675E-04
 ------------------------------------------------------------------------------


 NSTEP =     6900   TIME(PS) =      13.800  TEMP(K) =   309.48  PRESS =     0.0
 Etot   =    -11093.9418  EKtot   =      2753.6267  EPtot      =    -13847.5685
 BOND   =         7.9636  ANGLE   =        18.1285  DIHED      =        22.7951
 1-4 NB =         9.5012  1-4 EEL =       -17.7352  VDWAALS    =      2065.6057
 EELEC  =    -15953.8273  EHBOND  =         0.0000  RESTRAINT  =         0.0000
 Ewald error estimate:   0.4231E-03
 ------------------------------------------------------------------------------


 NSTEP =     7000   TIME(PS) =      14.000  TEMP(K) =   301.86  PRESS =     0.0
 Etot   =    -11089.4757  EKtot   =      2685.8644  EPtot      =    -13775.3400
 BOND   =         8.4586  ANGLE   =        14.4471  DIHED      =        21.9914
 1-4 NB =         8.2141  1-4 EEL =       -25.9512  VDWAALS    =      2167.7547
 EELEC  =    -15970.2549  EHBOND  =         0.0000  RESTRAINT  =         0.0000
 Ewald error estimate:   0.2216E-03
 ------------------------------------------------------------------------------


 NSTEP =     7100   TIME(PS) =      14.200  TEMP(K) =   301.81  PRESS =     0.0
 Etot   =    -11165.3204  EKtot   =      2685.3651  EPtot      =    -13850.6855
 BOND   =         9.2209  ANGLE   =        15.9783  DIHED      =        19.0232
 1-4 NB =         6.5606  1-4 EEL =       -24.1406  VDWAALS    =      2090.3174
 EELEC  =    -15967.6453  EHBOND  =         0.0000  RESTRAINT  =         0.0000
 Ewald error estimate:   0.9032E-05
 ------------------------------------------------------------------------------


 NSTEP =     7200   TIME(PS) =      14.400  TEMP(K) =   294.43  PRESS =     0.0
 Etot   =    -11221.7063  EKtot   =      2619.7014  EPtot      =    -13841.4077
 BOND   =         7.8708  ANGLE   =        13.2633  DIHED      =        21.9378
 1-4 NB =         8.8096  1-4 EEL =       -20.4152  VDWAALS    =      2149.9323
 EELEC  =    -16022.8063  EHBOND  =         0.0000  RESTRAINT  =         0.0000
 Ewald error estimate:   0.3926E-03
 ------------------------------------------------------------------------------


 NSTEP =     7300   TIME(PS) =      14.600  TEMP(K) =   297.52  PRESS =     0.0
 Etot   =    -11225.5686  EKtot   =      2647.2405  EPtot      =    -13872.8091
 BOND   =         9.8484  ANGLE   =        10.5324  DIHED      =        17.5842
 1-4 NB =         7.4509  1-4 EEL =       -20.0118  VDWAALS    =      2034.1038
 EELEC  =    -15932.3170  EHBOND  =         0.0000  RESTRAINT  =         0.0000
 Ewald error estimate:   0.1647E-03
 ------------------------------------------------------------------------------


 NSTEP =     7400   TIME(PS) =      14.800  TEMP(K) =   297.50  PRESS =     0.0
 Etot   =    -11212.5793  EKtot   =      2647.0204  EPtot      =    -13859.5996
 BOND   =        16.1062  ANGLE   =        12.3729  DIHED      =        19.0034
 1-4 NB =         6.7246  1-4 EEL =       -24.4987  VDWAALS    =      2101.2036
 EELEC  =    -15990.5116  EHBOND  =         0.0000  RESTRAINT  =         0.0000
 Ewald error estimate:   0.1073E-03
 ------------------------------------------------------------------------------


 NSTEP =     7500   TIME(PS) =      15.000  TEMP(K) =   296.00  PRESS =     0.0
 Etot   =    -11143.1665  EKtot   =      2633.6686  EPtot      =    -13776.8351
 BOND   =        10.5745  ANGLE   =        17.4412  DIHED      =        19.4286
 1-4 NB =         8.5057  1-4 EEL =       -22.8229  VDWAALS    =      2065.4166
 EELEC  =    -15875.3788  EHBOND  =         0.0000  RESTRAINT  =         0.0000
 Ewald error estimate:   0.5278E-03
 ------------------------------------------------------------------------------


 NSTEP =     7600   TIME(PS) =      15.200  TEMP(K) =   311.57  PRESS =     0.0
 Etot   =    -11094.9406  EKtot   =      2772.2789  EPtot      =    -13867.2195
 BOND   =        10.8361  ANGLE   =        13.9556  DIHED      =        21.1297
 1-4 NB =         7.9317  1-4 EEL =       -21.0046  VDWAALS    =      2103.1847
 EELEC  =    -16003.2528  EHBOND  =         0.0000  RESTRAINT  =         0.0000
 Ewald error estimate:   0.7651E-03
 ------------------------------------------------------------------------------


 NSTEP =     7700   TIME(PS) =      15.400  TEMP(K) =   304.75  PRESS =     0.0
 Etot   =    -11135.0450  EKtot   =      2711.5161  EPtot      =    -13846.5610
 BOND   =         7.4347  ANGLE   =        18.7213  DIHED      =        19.5048
 1-4 NB =         8.9261  1-4 EEL =       -23.1419  VDWAALS    =      2141.5494
 EELEC  =    -16019.5555  EHBOND  =         0.0000  RESTRAINT  =         0.0000
 Ewald error estimate:   0.2560E-03
 ------------------------------------------------------------------------------


 NSTEP =     7800   TIME(PS) =      15.600  TEMP(K) =   297.16  PRESS =     0.0
 Etot   =    -11158.6739  EKtot   =      2644.0664  EPtot      =    -13802.7403
 BOND   =         8.7446  ANGLE   =        15.0065  DIHED      =        19.3139
 1-4 NB =         9.1380  1-4 EEL =       -22.7789  VDWAALS    =      1987.2947
 EELEC  =    -15819.4592  EHBOND  =         0.0000  RESTRAINT  =         0.0000
 Ewald error estimate:   0.5059E-04
 ------------------------------------------------------------------------------


 NSTEP =     7900   TIME(PS) =      15.800  TEMP(K) =   295.55  PRESS =     0.0
 Etot   =    -11211.3387  EKtot   =      2629.6765  EPtot      =    -13841.0152
 BOND   =         5.0902  ANGLE   =        19.3129  DIHED      =        22.9943
 1-4 NB =         8.9963  1-4 EEL =       -24.3290  VDWAALS    =      2006.9991
 EELEC  =    -15880.0790  EHBOND  =         0.0000  RESTRAINT  =         0.0000
 Ewald error estimate:   0.1238E-03
 ------------------------------------------------------------------------------


 NSTEP =     8000   TIME(PS) =      16.000  TEMP(K) =   296.84  PRESS =     0.0
 Etot   =    -11276.4594  EKtot   =      2641.2220  EPtot      =    -13917.6813
 BOND   =         5.2440  ANGLE   =        18.9772  DIHED      =        23.2337
 1-4 NB =         9.8529  1-4 EEL =       -18.2189  VDWAALS    =      2024.0175
 EELEC  =    -15980.7877  EHBOND  =         0.0000  RESTRAINT  =         0.0000
 Ewald error estimate:   0.3384E-03
 ------------------------------------------------------------------------------


 NSTEP =     8100   TIME(PS) =      16.200  TEMP(K) =   294.43  PRESS =     0.0
 Etot   =    -11293.1489  EKtot   =      2619.7746  EPtot      =    -13912.9235
 BOND   =         9.3485  ANGLE   =        16.9847  DIHED      =        20.2105
 1-4 NB =         8.4523  1-4 EEL =       -20.1296  VDWAALS    =      2154.1802
 EELEC  =    -16101.9702  EHBOND  =         0.0000  RESTRAINT  =         0.0000
 Ewald error estimate:   0.2585E-03
 ------------------------------------------------------------------------------


 NSTEP =     8200   TIME(PS) =      16.400  TEMP(K) =   299.90  PRESS =     0.0
 Etot   =    -11272.4814  EKtot   =      2668.4444  EPtot      =    -13940.9258
 BOND   =         6.1363  ANGLE   =        15.0544  DIHED      =        19.3432
 1-4 NB =         8.7630  1-4 EEL =       -24.2860  VDWAALS    =      2058.9005
 EELEC  =    -16024.8372  EHBOND  =         0.0000  RESTRAINT  =         0.0000
 Ewald error estimate:   0.5179E-04
 ------------------------------------------------------------------------------


 NSTEP =     8300   TIME(PS) =      16.600  TEMP(K) =   288.82  PRESS =     0.0
 Etot   =    -11313.6123  EKtot   =      2569.8088  EPtot      =    -13883.4211
 BOND   =         6.8031  ANGLE   =        13.7786  DIHED      =        21.1469
 1-4 NB =        11.6492  1-4 EEL =       -21.7222  VDWAALS    =      2065.1478
 EELEC  =    -15980.2246  EHBOND  =         0.0000  RESTRAINT  =         0.0000
 Ewald error estimate:   0.8556E-04
 ------------------------------------------------------------------------------


 NSTEP =     8400   TIME(PS) =      16.800  TEMP(K) =   294.30  PRESS =     0.0
 Etot   =    -11284.2942  EKtot   =      2618.5502  EPtot      =    -13902.8444
 BOND   =        10.1738  ANGLE   =        14.3206  DIHED      =        21.6753
 1-4 NB =         8.4361  1-4 EEL =       -22.7082  VDWAALS    =      2121.2444
 EELEC  =    -16055.9864  EHBOND  =         0.0000  RESTRAINT  =         0.0000
 Ewald error estimate:   0.8550E-04
 ------------------------------------------------------------------------------


 NSTEP =     8500   TIME(PS) =      17.000  TEMP(K) =   292.51  PRESS =     0.0
 Etot   =    -11261.3459  EKtot   =      2602.6445  EPtot      =    -13863.9903
 BOND   =        11.2727  ANGLE   =        15.6057  DIHED      =        19.0007
 1-4 NB =         9.0311  1-4 EEL =       -23.2245  VDWAALS    =      2131.4730
 EELEC  =    -16027.1490  EHBOND  =         0.0000  RESTRAINT  =         0.0000
 Ewald error estimate:   0.2420E-03
 ------------------------------------------------------------------------------


 NSTEP =     8600   TIME(PS) =      17.200  TEMP(K) =   300.52  PRESS =     0.0
 Etot   =    -11258.0954  EKtot   =      2673.8897  EPtot      =    -13931.9852
 BOND   =         8.1850  ANGLE   =        18.8711  DIHED      =        22.8219
 1-4 NB =        11.2506  1-4 EEL =       -22.4821  VDWAALS    =      2100.0629
 EELEC  =    -16070.6947  EHBOND  =         0.0000  RESTRAINT  =         0.0000
 Ewald error estimate:   0.1127E-03
 ------------------------------------------------------------------------------


 NSTEP =     8700   TIME(PS) =      17.400  TEMP(K) =   289.24  PRESS =     0.0
 Etot   =    -11261.4363  EKtot   =      2573.5625  EPtot      =    -13834.9988
 BOND   =         8.9262  ANGLE   =        13.3763  DIHED      =        25.0463
 1-4 NB =        11.0693  1-4 EEL =       -22.5252  VDWAALS    =      2064.7985
 EELEC  =    -15935.6901  EHBOND  =         0.0000  RESTRAINT  =         0.0000
 Ewald error estimate:   0.1948E-03
 ------------------------------------------------------------------------------


 NSTEP =     8800   TIME(PS) =      17.600  TEMP(K) =   296.32  PRESS =     0.0
 Etot   =    -11281.2830  EKtot   =      2636.5630  EPtot      =    -13917.8461
 BOND   =         6.9976  ANGLE   =        12.1989  DIHED      =        19.7518
 1-4 NB =        10.3475  1-4 EEL =       -22.3153  VDWAALS    =      2101.3133
 EELEC  =    -16046.1399  EHBOND  =         0.0000  RESTRAINT  =         0.0000
 Ewald error estimate:   0.4964E-03
 ------------------------------------------------------------------------------


 NSTEP =     8900   TIME(PS) =      17.800  TEMP(K) =   297.97  PRESS =     0.0
 Etot   =    -11292.3020  EKtot   =      2651.2392  EPtot      =    -13943.5412
 BOND   =         9.9178  ANGLE   =         9.3822  DIHED      =        18.4880
 1-4 NB =         9.0991  1-4 EEL =       -22.5415  VDWAALS    =      2099.4261
 EELEC  =    -16067.3128  EHBOND  =         0.0000  RESTRAINT  =         0.0000
 Ewald error estimate:   0.4463E-03
 ------------------------------------------------------------------------------


 NSTEP =     9000   TIME(PS) =      18.000  TEMP(K) =   297.20  PRESS =     0.0
 Etot   =    -11242.6232  EKtot   =      2644.3825  EPtot      =    -13887.0058
 BOND   =         7.2277  ANGLE   =        12.1168  DIHED      =        20.4887
 1-4 NB =         9.0045  1-4 EEL =       -20.1438  VDWAALS    =      2216.4802
 EELEC  =    -16132.1800  EHBOND  =         0.0000  RESTRAINT  =         0.0000
 Ewald error estimate:   0.7352E-04
 ------------------------------------------------------------------------------


 NSTEP =     9100   TIME(PS) =      18.200  TEMP(K) =   291.07  PRESS =     0.0
 Etot   =    -11253.0538  EKtot   =      2589.8690  EPtot      =    -13842.9228
 BOND   =         5.4808  ANGLE   =        11.7657  DIHED      =        20.5658
 1-4 NB =         8.7380  1-4 EEL =       -20.7357  VDWAALS    =      2052.1475
 EELEC  =    -15920.8849  EHBOND  =         0.0000  RESTRAINT  =         0.0000
 Ewald error estimate:   0.7458E-04
 ------------------------------------------------------------------------------


 NSTEP =     9200   TIME(PS) =      18.400  TEMP(K) =   294.20  PRESS =     0.0
 Etot   =    -11256.5525  EKtot   =      2617.6781  EPtot      =    -13874.2306
 BOND   =         7.0341  ANGLE   =        11.4385  DIHED      =        19.0801
 1-4 NB =         9.1475  1-4 EEL =       -22.6175  VDWAALS    =      1978.4490
 EELEC  =    -15876.7623  EHBOND  =         0.0000  RESTRAINT  =         0.0000
 Ewald error estimate:   0.3173E-03
 ------------------------------------------------------------------------------


 NSTEP =     9300   TIME(PS) =      18.600  TEMP(K) =   293.31  PRESS =     0.0
 Etot   =    -11228.7187  EKtot   =      2609.7940  EPtot      =    -13838.5128
 BOND   =         7.0759  ANGLE   =        12.6957  DIHED      =        20.4469
 1-4 NB =         8.5835  1-4 EEL =       -21.7828  VDWAALS    =      2001.2081
 EELEC  =    -15866.7401  EHBOND  =         0.0000  RESTRAINT  =         0.0000
 Ewald error estimate:   0.6475E-04
 ------------------------------------------------------------------------------


 NSTEP =     9400   TIME(PS) =      18.800  TEMP(K) =   294.94  PRESS =     0.0
 Etot   =    -11213.0583  EKtot   =      2624.2492  EPtot      =    -13837.3076
 BOND   =         4.7980  ANGLE   =        10.3445  DIHED      =        19.2716
 1-4 NB =         9.0245  1-4 EEL =       -21.2159  VDWAALS    =      2020.4242
 EELEC  =    -15879.9545  EHBOND  =         0.0000  RESTRAINT  =         0.0000
 Ewald error estimate:   0.7764E-04
 ------------------------------------------------------------------------------


 NSTEP =     9500   TIME(PS) =      19.000  TEMP(K) =   298.52  PRESS =     0.0
 Etot   =    -11226.4672  EKtot   =      2656.0844  EPtot      =    -13882.5517
 BOND   =         8.6579  ANGLE   =        14.8574  DIHED      =        21.9043
 1-4 NB =         9.2940  1-4 EEL =       -21.3137  VDWAALS    =      1985.0531
 EELEC  =    -15901.0046  EHBOND  =         0.0000  RESTRAINT  =         0.0000
 Ewald error estimate:   0.2053E-03
 ------------------------------------------------------------------------------


 NSTEP =     9600   TIME(PS) =      19.200  TEMP(K) =   297.68  PRESS =     0.0
 Etot   =    -11253.2246  EKtot   =      2648.6668  EPtot      =    -13901.8914
 BOND   =         7.4945  ANGLE   =        16.4910  DIHED      =        22.4781
 1-4 NB =        10.1599  1-4 EEL =       -23.3497  VDWAALS    =      2000.3145
 EELEC  =    -15935.4797  EHBOND  =         0.0000  RESTRAINT  =         0.0000
 Ewald error estimate:   0.1353E-03
 ------------------------------------------------------------------------------


 NSTEP =     9700   TIME(PS) =      19.400  TEMP(K) =   296.84  PRESS =     0.0
 Etot   =    -11271.2474  EKtot   =      2641.2152  EPtot      =    -13912.4626
 BOND   =         7.3709  ANGLE   =        14.6945  DIHED      =        23.8135
 1-4 NB =        11.2454  1-4 EEL =       -19.4825  VDWAALS    =      2114.5323
 EELEC  =    -16064.6367  EHBOND  =         0.0000  RESTRAINT  =         0.0000
 Ewald error estimate:   0.1573E-03
 ------------------------------------------------------------------------------


 NSTEP =     9800   TIME(PS) =      19.600  TEMP(K) =   296.12  PRESS =     0.0
 Etot   =    -11228.5836  EKtot   =      2634.7618  EPtot      =    -13863.3453
 BOND   =        10.8306  ANGLE   =        12.1484  DIHED      =        19.9146
 1-4 NB =         9.0545  1-4 EEL =       -22.1142  VDWAALS    =      2070.1185
 EELEC  =    -15963.2976  EHBOND  =         0.0000  RESTRAINT  =         0.0000
 Ewald error estimate:   0.8082E-04
 ------------------------------------------------------------------------------


 NSTEP =     9900   TIME(PS) =      19.800  TEMP(K) =   301.80  PRESS =     0.0
 Etot   =    -11297.1374  EKtot   =      2685.3353  EPtot      =    -13982.4727
 BOND   =         8.8690  ANGLE   =        15.6870  DIHED      =        19.8336
 1-4 NB =         8.0551  1-4 EEL =       -20.3630  VDWAALS    =      2128.7807
 EELEC  =    -16143.3350  EHBOND  =         0.0000  RESTRAINT  =         0.0000
 Ewald error estimate:   0.6922E-04
 ------------------------------------------------------------------------------


 NSTEP =    10000   TIME(PS) =      20.000  TEMP(K) =   300.35  PRESS =     0.0
 Etot   =    -11314.8411  EKtot   =      2672.3900  EPtot      =    -13987.2311
 BOND   =         5.0690  ANGLE   =        14.8225  DIHED      =        17.8704
 1-4 NB =         9.4308  1-4 EEL =       -23.2844  VDWAALS    =      2077.3820
 EELEC  =    -16088.5214  EHBOND  =         0.0000  RESTRAINT  =         0.0000
 Ewald error estimate:   0.3783E-03
 ------------------------------------------------------------------------------


      A V E R A G E S   O V E R   10000 S T E P S


 NSTEP =    10000   TIME(PS) =      20.000  TEMP(K) =   285.63  PRESS =     0.0
 Etot   =    -11408.4863  EKtot   =      2541.4557  EPtot      =    -13949.9419
 BOND   =         7.5169  ANGLE   =        13.5367  DIHED      =        20.4043
 1-4 NB =         9.0255  1-4 EEL =       -22.3213  VDWAALS    =      2128.8297
 EELEC  =    -16106.9337  EHBOND  =         0.0000  RESTRAINT  =         0.0000
 Ewald error estimate:   0.2756E-03
 ------------------------------------------------------------------------------


      R M S  F L U C T U A T I O N S


 NSTEP =    10000   TIME(PS) =      20.000  TEMP(K) =    38.72  PRESS =     0.0
 Etot   =       745.2462  EKtot   =       344.5371  EPtot      =       408.5134
 BOND   =         2.3737  ANGLE   =         3.2242  DIHED      =         1.6762
 1-4 NB =         1.0191  1-4 EEL =         1.9154  VDWAALS    =       199.4761
 EELEC  =       596.8715  EHBOND  =         0.0000  RESTRAINT  =         0.0000
 Ewald error estimate:   0.1994E-03
 ------------------------------------------------------------------------------


--------------------------------------------------------------------------------
   5.  TIMINGS
--------------------------------------------------------------------------------

|                Build the list            72.03 (99.76% of List )
|                Other                      0.17 ( 0.24% of List )
|             List time                 72.20 ( 7.60% of Nonbo)
|                   Short_ene time           826.47 (99.75% of Direc)
|                   Other                      2.05 ( 0.25% of Direc)
|                Direct Ewald time        828.52 (94.37% of Ewald)
|                Adjust Ewald time          1.54 ( 0.18% of Ewald)
|                   Fill Bspline coeffs        2.54 ( 5.33% of Recip)
|                   Fill charge grid           5.50 (11.55% of Recip)
|                   Scalar sum                 9.85 (20.69% of Recip)
|                   Grad sum                  10.12 (21.25% of Recip)
|                   FFT time                  19.60 (41.16% of Recip)
|                   Other                      0.01 ( 0.02% of Recip)
|                Recip Ewald time          47.62 ( 5.42% of Ewald)
|                Virial junk                0.15 ( 0.02% of Ewald)
|             Ewald time               877.91 (92.40% of Nonbo)
|          Nonbond force            950.12 (100.0% of Force)
|          Bond/Angle/Dihedral        0.39 ( 0.04% of Force)
|       Force time               950.55 (98.35% of Runmd)
|       Shake time                 1.81 ( 0.19% of Runmd)
|       Verlet update time        13.99 ( 1.45% of Runmd)
|       Other                      0.17 ( 0.02% of Runmd)
|    Runmd Time               966.51 (100.0% of Total)
|    Other                      0.13 ( 0.01% of Total)
| Total time               966.64 (100.0% of ALL  )

| Number of list builds   :        936

| Highest rstack allocated:     278204
| Highest istack allocated:       4466

| Final Performance Info:
| -----------------------------------------------------
| Average timings for all steps:
|     Elapsed(s) =     966.51 Per Step(ms) =      96.65
|         ns/day =       1.79   seconds/ns =   48325.69
| -----------------------------------------------------

|           Job began  at 09:07:13.507  on 06/14/2022
|           Setup done at 09:07:13.637  on 06/14/2022
|           Run   done at 09:23:20.150  on 06/14/2022
|     wallclock() was called  442023 times

|3D-RISM memory allocation summary
|Type          Maximum        Current   
|Integer       0.00000 GB     0.00000 GB
|Real          0.00000 GB     0.00000 GB
|Logical       0.00000 GB     0.00000 GB
|Character     0.00000 GB     0.00000 GB
|---------------------------------------
|Total         0.00000 GB     0.00000 GB
0 GB
|Character     0.00000 GB     0.00000 GB
|---------------------------------------
|Total         0.00000 GB     0.00000 GB
00 GB
