            --------------------------------------------------------
                             AMBER SQM VERSION 19
 
                                     By
              Ross C. Walker, Michael F. Crowley, Scott Brozell,
                         Tim Giese, Andreas W. Goetz,
                        Tai-Sung Lee and David A. Case
 
            --------------------------------------------------------
 

--------------------------------------------------------------------------------
  QM CALCULATION INFO
--------------------------------------------------------------------------------

| QMMM: Citation for AMBER QMMM Run:
| QMMM: R.C. Walker, M.F. Crowley and D.A. Case, J. COMP. CHEM. 29:1019, 2008

QMMM: SINGLET STATE CALCULATION
QMMM: RHF CALCULATION, NO. OF DOUBLY OCCUPIED LEVELS = 23

| QMMM: *** Selected Hamiltonian *** 
| QMMM: AM1         

| QMMM: *** Parameter sets in use ***
| QMMM: N : M.J.S.DEWAR et al. JACS, 107, 3902, (1985)
| QMMM: C : M.J.S.DEWAR et al. JACS, 107, 3902, (1985)
| QMMM: S : M.J.S.DEWAR et al. INORG. CHEM., 29, 3881, (1990)
| QMMM: O : M.J.S.DEWAR et al. JACS, 107, 3902, (1985)
| QMMM: H : M.J.S.DEWAR et al. JACS, 107, 3902, (1985)

| QMMM: *** SCF convergence criteria ***
| QMMM: Energy change                :  0.1D-09 kcal/mol
| QMMM: Error matrix |FP-PF|         :  0.1D+00 au
| QMMM: Density matrix change        :  0.5D-06
| QMMM: Maximum number of SCF cycles :     1000

| QMMM: *** Diagonalization Routine Information ***
| QMMM: Pseudo diagonalizations are allowed.
| QMMM: Auto diagonalization routine selection is in use.
| QMMM:
| QMMM: Timing diagonalization routines:
| QMMM:                              norbs =       37
| QMMM:    diag iterations used for timing =       20
| QMMM:
| QMMM:              Internal diag routine = 0.002722 seconds
| QMMM:                 Dspev diag routine = 0.004797 seconds
| QMMM:                Dspevd diag routine = 0.003722 seconds
| QMMM:                Dspevx diag routine = 0.016948 seconds
| QMMM:                 Dsyev diag routine = 0.005876 seconds
| QMMM:                Dsyevd diag routine = 0.005255 seconds
| QMMM:                Dsyevr diag routine = 0.006181 seconds
| QMMM:
| QMMM:                Pseudo diag routine = 0.000770 seconds
| QMMM:
| QMMM: Using internal diagonalization routine (diag_routine=1).

  QMMM: QM Region Cartesian Coordinates (*=link atom) 
  QMMM: QM_NO.   MM_NO.  ATOM         X         Y         Z
  QMMM:     1        1      N        3.6030   -2.5150   27.1490
  QMMM:     2        2      C        4.9720   -2.5430   27.6540
  QMMM:     3        3      C        5.9720   -3.2020   26.6600
  QMMM:     4        4      S        7.1960   -4.4000   27.1940
  QMMM:     5        5      C        5.4140   -1.0890   27.9580
  QMMM:     6        6      O        6.1720   -0.8900   28.9220
  QMMM:     7        7      O        7.9520   -5.0920   26.0710
  QMMM:     8        8      O        7.8090   -3.7070   28.2880
  QMMM:     9        9      H        5.4400   -3.6330   25.9730
  QMMM:    10       10      H        6.4570   -2.4790   26.2310
  QMMM:    11       11      H        4.9830   -3.0870   28.4570
  QMMM:    12       12      H        2.9760   -2.1700   27.6260
  QMMM:    13       13      H        3.4240   -2.8430   26.3750

--------------------------------------------------------------------------------
  RESULTS
--------------------------------------------------------------------------------

      iter         sqm energy              rms gradient
      ----    -------------------    -----------------------
xmin    10      -53.6013 kcal/mol       44.2019 kcal/(mol*A)
xmin    20     -108.6121 kcal/mol        4.1937 kcal/(mol*A)
xmin    30     -111.0487 kcal/mol        0.7357 kcal/(mol*A)
xmin    40     -111.5734 kcal/mol        0.2636 kcal/(mol*A)
xmin    50     -111.5994 kcal/mol        0.0407 kcal/(mol*A)
xmin    60     -111.6156 kcal/mol        0.3878 kcal/(mol*A)
xmin    70     -111.6186 kcal/mol        0.0072 kcal/(mol*A)
xmin    80     -111.6187 kcal/mol        0.0031 kcal/(mol*A)
xmin    90     -111.6187 kcal/mol        0.0011 kcal/(mol*A)
  ... geometry converged !
 
 Final MO eigenvalues (eV):
 -40.9000  -37.4206  -36.8416  -36.5725  -31.1272  -25.9522  -22.6934  -20.5640
 -18.2212  -18.1908  -17.5413  -16.5053  -16.2286  -15.7997  -15.2939  -14.8448
 -14.2832  -13.2114  -12.5305  -12.2797  -11.4576  -10.9904  -10.3735   -0.2440
   0.1047    0.9470    1.8723    2.0289    2.5109    2.8344    3.1845    3.5635
   3.6653    4.9198    5.4391    5.7149    6.3037

 Heat of formation   =       -111.61872267 kcal/mol  (       -4.84015102 eV)

 Total SCF energy    =     -41873.31397046 kcal/mol  (    -1815.76314863 eV)
 Electronic energy   =    -161224.72779547 kcal/mol  (    -6991.22881902 eV)
 Core-core repulsion =     119351.41382501 kcal/mol  (     5175.46567040 eV)
 
    Atomic Charges for Step       1 :
  Atom    Element       Mulliken Charge
     1      N                 -0.328
     2      C                 -0.029
     3      C                 -0.707
     4      S                  1.498
     5      C                  0.313
     6      O                 -0.252
     7      O                 -0.755
     8      O                 -0.510
     9      H                  0.140
    10      H                  0.150
    11      H                  0.143
    12      H                  0.164
    13      H                  0.174
 Total Mulliken Charge =      -0.000
 
                  X        Y        Z     TOTAL  
  QM DIPOLE    -1.544   -5.743   -2.564    6.476
 
 Final Structure

  QMMM: QM Region Cartesian Coordinates (*=link atom) 
  QMMM: QM_NO.   MM_NO.  ATOM         X         Y         Z
  QMMM:     1        1      N        4.4680   -1.7008   26.9291
  QMMM:     2        2      C        4.9492   -2.8366   27.6722
  QMMM:     3        3      C        5.5084   -4.0079   26.8427
  QMMM:     4        4      S        7.2472   -3.7926   26.7249
  QMMM:     5        5      C        6.1011   -2.4154   28.5996
  QMMM:     6        6      O        6.0621   -1.8138   29.6613
  QMMM:     7        7      O        7.4414   -2.7701   25.7136
  QMMM:     8        8      O        7.3250   -2.8230   28.1634
  QMMM:     9        9      H        5.2839   -4.9699   27.3623
  QMMM:    10       10      H        5.0224   -4.0566   25.8397
  QMMM:    11       11      H        4.1043   -3.2055   28.3249
  QMMM:    12       12      H        3.6735   -1.9505   26.3760
  QMMM:    13       13      H        5.1836   -1.3072   26.3483

           --------- Calculation Completed ----------

