
          -------------------------------------------------------
          Amber 21 SANDER                              2021
          -------------------------------------------------------

| Run on 05/26/2022 at 18:46:50

|   Executable path: sander
| Working directory: /home/filippo/Documents/POD/Projects/MS/src/libs
|          Hostname: Unknown
  [-O]verwriting output

File Assignments:
|  MDIN: ../scripts/minimize.in                                                
| MDOUT: 1fk9_min.out                                                          
|INPCRD: 1fk9.rst7                                                             
|  PARM: 1fk9.prmtop                                                           
|RESTRT: 1fk9_min.ncrst                                                        
|  REFC: refc                                                                  
| MDVEL: mdvel                                                                 
| MDFRC: mdfrc                                                                 
|  MDEN: mden                                                                  
| MDCRD: mdcrd                                                                 
|MDINFO: mdinfo                                                                
|  MTMD: mtmd                                                                  
|INPDIP: inpdip                                                                
|RSTDIP: rstdip                                                                
|INPTRA: inptraj                                                               


 Here is the input file:

cat > mdin <<EOF                                                               
 &cntrl                                                                        
   imin=1, maxcyc=200, ncyc=50, cut=16, ntb=0, igb=1,                          
 /                                                                             
EOF                                                                            
                                                                               
set output = minout                                                            

--------------------------------------------------------------------------------
   1.  RESOURCE   USE: 
--------------------------------------------------------------------------------

| Flags:                                                                        
| New format PARM file being parsed.
| Version =    1.000 Date = 05/26/22 Time = 18:39:50
 NATOM  =   15310 NTYPES =      18 NBONH =    7681 MBONA  =    7841
 NTHETH =   17609 MTHETA =   10668 NPHIH =   34352 MPHIA  =   26526
 NHPARM =       0 NPARM  =       0 NNB   =   85451 NRES   =     924
 NBONA  =    7841 NTHETA =   10668 NPHIA =   26526 NUMBND =      64
 NUMANG =     130 NPTRA  =      51 NATYP =      44 NPHB   =       0
 IFBOX  =       0 NMXRS  =      30 IFCAP =       0 NEXTRA =       0
 NCOPY  =       0

 Implicit solvent radii are modified Bondi radii (mbondi)                                                   

|     Memory Use     Allocated
|     Real             2005204
|     Hollerith          46856
|     Integer           841287
|     Max Pairs              1
|     nblistReal             0
|     nblist Int             0
|       Total            19134 kbytes

| Note: 1-4 EEL scale factors are being read from the topology file.

| Note: 1-4 VDW scale factors are being read from the topology file.
| Duplicated    0 dihedrals
| Duplicated    0 dihedrals

--------------------------------------------------------------------------------
   2.  CONTROL  DATA  FOR  THE  RUN
--------------------------------------------------------------------------------

default_name                                                                    

General flags:
     imin    =       1, nmropt  =       0

Nature and format of input:
     ntx     =       1, irest   =       0, ntrx    =       1

Nature and format of output:
     ntxo    =       2, ntpr    =      50, ntrx    =       1, ntwr    =       1
     iwrap   =       0, ntwx    =       0, ntwv    =       0, ntwe    =       0
     ioutfm  =       1, ntwprt  =       0, idecomp =       0, rbornstat=      0

Potential function:
     ntf     =       1, ntb     =       0, igb     =       1, nsnb    =      25
     ipol    =       0, gbsa    =       0, iesp    =       0
     dielc   =   1.00000, cut     =  16.00000, intdiel =   1.00000
     saltcon =   0.00000, offset  =   0.09000, gbalpha=    1.00000
     gbbeta  =   0.00000, gbgamma =   0.00000, surften =   0.00500
     rdt     =   0.00000, rgbmax  =  25.00000  extdiel =  78.50000
     alpb  =        0

Frozen or restrained atoms:
     ibelly  =       0, ntr     =       0

Energy minimization:
     maxcyc  =     200, ncyc    =      50, ntmin   =       1
     dx0     =   0.01000, drms    =   0.00010
|  INFO: Old style inpcrd file read


--------------------------------------------------------------------------------
   3.  ATOMIC COORDINATES AND VELOCITIES
--------------------------------------------------------------------------------

default_name                                                                    
 begin time read from input coords =     0.000 ps

 Number of triangulated 3-point waters found:        0

--------------------------------------------------------------------------------
   4.  RESULTS
--------------------------------------------------------------------------------



   NSTEP       ENERGY          RMS            GMAX         NAME    NUMBER
      1       8.5384E+06     1.3097E+06     1.5188E+08     C        4485

 BOND    =   133981.1116  ANGLE   =     2990.7681  DIHED      =     8959.2676
 VDWAALS =  8423082.0864  EEL     =   -67174.3307  EGB        =   -13098.5658
 1-4 VDW =     4742.9873  1-4 EEL =    44944.7932  RESTRAINT  =        0.0000


   NSTEP       ENERGY          RMS            GMAX         NAME    NUMBER
     50      -1.2215E+04     8.2827E+01     1.2030E+04     O        1001

 BOND    =     8704.6369  ANGLE   =     4587.6185  DIHED      =     9057.6321
 VDWAALS =    -3830.4840  EEL     =   -67322.9305  EGB        =   -13027.4061
 1-4 VDW =     5169.8403  1-4 EEL =    44445.7268  RESTRAINT  =        0.0000


   NSTEP       ENERGY          RMS            GMAX         NAME    NUMBER
    100      -2.8557E+04     3.1106E+00     2.2043E+02     C9      15296

 BOND    =      842.6341  ANGLE   =     2422.2113  DIHED      =     9162.1783
 VDWAALS =    -7700.4874  EEL     =   -67470.8892  EGB        =   -12712.6468
 1-4 VDW =     3402.3727  1-4 EEL =    43498.0655  RESTRAINT  =        0.0000


   NSTEP       ENERGY          RMS            GMAX         NAME    NUMBER
    150      -2.9941E+04     1.9884E+00     1.7868E+02     C9      15296

 BOND    =      592.9900  ANGLE   =     2123.6612  DIHED      =     9124.2170
 VDWAALS =    -8078.4156  EEL     =   -66852.2681  EGB        =   -13412.6572
 1-4 VDW =     3220.9102  1-4 EEL =    43340.7399  RESTRAINT  =        0.0000


   NSTEP       ENERGY          RMS            GMAX         NAME    NUMBER
    200      -3.0520E+04     1.5213E+00     1.2413E+02     C9      15296

 BOND    =      552.1779  ANGLE   =     2010.2356  DIHED      =     9065.3539
 VDWAALS =    -8226.1583  EEL     =   -66932.0045  EGB        =   -13420.8354
 1-4 VDW =     3150.2344  1-4 EEL =    43281.4393  RESTRAINT  =        0.0000


  Maximum number of minimization cycles reached.


                    FINAL RESULTS



   NSTEP       ENERGY          RMS            GMAX         NAME    NUMBER
    200      -3.0520E+04     1.5213E+00     1.2413E+02     C9      15296

 BOND    =      552.1779  ANGLE   =     2010.2356  DIHED      =     9065.3539
 VDWAALS =    -8226.1583  EEL     =   -66932.0045  EGB        =   -13420.8354
 1-4 VDW =     3150.2344  1-4 EEL =    43281.4393  RESTRAINT  =        0.0000

--------------------------------------------------------------------------------
   5.  TIMINGS
--------------------------------------------------------------------------------

|    Read coords time           0.02 ( 0.01% of Total)
|                Calc gb radii            117.57 (28.23% of Gen B)
|                Calc gb diag             216.05 (51.88% of Gen B)
|                Calc gb off-diag          82.85 (19.89% of Gen B)
|             Gen Born time            416.47 (100.0% of Nonbo)
|          Nonbond force            416.47 (99.54% of Force)
|          Bond/Angle/Dihedral        1.93 ( 0.46% of Force)
|       Force time               418.41 (100.0% of Runmd)
|    Runmd Time               418.41 (99.87% of Total)
|    Other                      0.51 ( 0.12% of Total)
| Total time               418.94 (100.0% of ALL  )

| Number of list builds   :          0

| Highest rstack allocated:          0
| Highest istack allocated:          0
|           Job began  at 18:46:50.436  on 05/26/2022
|           Setup done at 18:46:50.708  on 05/26/2022
|           Run   done at 18:53:49.373  on 05/26/2022
|     wallclock() was called    3628 times

|3D-RISM memory allocation summary
|Type          Maximum        Current   
|Integer       0.00000 GB     0.00000 GB
|Real          0.00000 GB     0.00000 GB
|Logical       0.00000 GB     0.00000 GB
|Character     0.00000 GB     0.00000 GB
|---------------------------------------
|Total         0.00000 GB     0.00000 GB
