
          -------------------------------------------------------
          Amber 22 SANDER                              2022
          -------------------------------------------------------

| Run on 06/09/2022 at 09:07:46

|   Executable path: sander
| Working directory: /home/ubuntu/PoDProjects/MS/src/scripts
|          Hostname: Unknown
  [-O]verwriting output

File Assignments:
|  MDIN: minimize.in                                                           
| MDOUT: ../libs/chain_a_min.out                                               
|INPCRD: ../libs/chain_a.rst7                                                  
|  PARM: ../libs/chain_a.prmtop                                                
|RESTRT: ../libs/chain_a_min.ncrst                                             
|  REFC: refc                                                                  
| MDVEL: mdvel                                                                 
| MDFRC: mdfrc                                                                 
|  MDEN: mden                                                                  
| MDCRD: mdcrd                                                                 
|MDINFO: mdinfo                                                                
|  MTMD: mtmd                                                                  
|INPDIP: inpdip                                                                
|RSTDIP: rstdip                                                                
|INPTRA: inptraj                                                               


 Here is the input file:

cat > mdin <<EOF                                                               
 &cntrl                                                                        
   imin=1, maxcyc=200, ncyc=50, cut=16, ntb=0, igb=1,                          
 /                                                                             
EOF                                                                            
                                                                               
set output = minout                                                            

--------------------------------------------------------------------------------
   1.  RESOURCE   USE: 
--------------------------------------------------------------------------------

| Flags:                                                                        
| New format PARM file being parsed.
| Version =    1.000 Date = 06/09/22 Time = 08:57:45
 NATOM  =    8568 NTYPES =      15 NBONH =    4298 MBONA  =    4384
 NTHETH =    9846 MTHETA =    5963 NPHIH =   19233 MPHIA  =   14841
 NHPARM =       0 NPARM  =       0 NNB   =   47782 NRES   =     520
 NBONA  =    4384 NTHETA =    5963 NPHIA =   14841 NUMBND =      49
 NUMANG =     104 NPTRA  =      45 NATYP =      35 NPHB   =       0
 IFBOX  =       0 NMXRS  =      24 IFCAP =       0 NEXTRA =       0
 NCOPY  =       0

 Implicit solvent radii are modified Bondi radii (mbondi)                                                   

|     Memory Use     Allocated
|     Real             1431542
|     Hollerith          26226
|     Integer           479530
|     Max Pairs              1
|     nblistReal             0
|     nblist Int             0
|       Total            13159 kbytes

| Note: 1-4 EEL scale factors are being read from the topology file.

| Note: 1-4 VDW scale factors are being read from the topology file.
| Duplicated    0 dihedrals
| Duplicated    0 dihedrals

--------------------------------------------------------------------------------
   2.  CONTROL  DATA  FOR  THE  RUN
--------------------------------------------------------------------------------

default_name                                                                    

General flags:
     imin    =       1, nmropt  =       0

Nature and format of input:
     ntx     =       1, irest   =       0, ntrx    =       1

Nature and format of output:
     ntxo    =       2, ntpr    =      50, ntrx    =       1, ntwr    =       1
     iwrap   =       0, ntwx    =       0, ntwv    =       0, ntwe    =       0
     ioutfm  =       1, ntwprt  =       0, idecomp =       0, rbornstat=      0

Potential function:
     ntf     =       1, ntb     =       0, igb     =       1, nsnb    =      25
     ipol    =       0, gbsa    =       0, iesp    =       0
     dielc   =   1.00000, cut     =  16.00000, intdiel =   1.00000
     saltcon =   0.00000, offset  =   0.09000, gbalpha=    1.00000
     gbbeta  =   0.00000, gbgamma =   0.00000, surften =   0.00500
     rdt     =   0.00000, rgbmax  =  25.00000  extdiel =  78.50000
     alpb  =        0

Frozen or restrained atoms:
     ibelly  =       0, ntr     =       0

Energy minimization:
     maxcyc  =     200, ncyc    =      50, ntmin   =       1
     dx0     =   0.01000, drms    =   0.00010
|  INFO: Old style inpcrd file read


--------------------------------------------------------------------------------
   3.  ATOMIC COORDINATES AND VELOCITIES
--------------------------------------------------------------------------------

default_name                                                                    
 begin time read from input coords =     0.000 ps

 Number of triangulated 3-point waters found:        0

--------------------------------------------------------------------------------
   4.  RESULTS
--------------------------------------------------------------------------------



   NSTEP       ENERGY          RMS            GMAX         NAME    NUMBER
      1       8.4672E+06     1.7507E+06     1.5188E+08     C        4485

 BOND    =    55960.9939  ANGLE   =     1562.1844  DIHED      =     5048.0899
 VDWAALS =  8422055.4742  EEL     =   -37256.3232  EGB        =    -7784.1228
 1-4 VDW =     2643.8218  1-4 EEL =    24995.8308  RESTRAINT  =        0.0000


   NSTEP       ENERGY          RMS            GMAX         NAME    NUMBER
     50      -1.0832E+04     1.2180E+01     9.3179E+02     N         966

 BOND    =     2719.0771  ANGLE   =     2004.0609  DIHED      =     5096.8990
 VDWAALS =    -2679.0342  EEL     =   -36887.9549  EGB        =    -8160.9974
 1-4 VDW =     2401.2805  1-4 EEL =    24675.1306  RESTRAINT  =        0.0000


   NSTEP       ENERGY          RMS            GMAX         NAME    NUMBER
    100      -1.6405E+04     2.6118E+00     1.0686E+02     N         980

 BOND    =      370.8820  ANGLE   =     1273.2649  DIHED      =     5139.5484
 VDWAALS =    -4214.9933  EEL     =   -36636.4284  EGB        =    -8327.0597
 1-4 VDW =     1844.5444  1-4 EEL =    24145.6750  RESTRAINT  =        0.0000


   NSTEP       ENERGY          RMS            GMAX         NAME    NUMBER
    150      -1.7008E+04     1.3092E+00     4.1189E+01     C         978

 BOND    =      293.2157  ANGLE   =     1153.0910  DIHED      =     5083.9265
 VDWAALS =    -4397.4984  EEL     =   -36185.6968  EGB        =    -8818.5168
 1-4 VDW =     1775.3291  1-4 EEL =    24087.8710  RESTRAINT  =        0.0000


   NSTEP       ENERGY          RMS            GMAX         NAME    NUMBER
    200      -1.7345E+04     9.9133E-01     3.8730E+01     HA        983

 BOND    =      286.7654  ANGLE   =     1068.4265  DIHED      =     5059.5020
 VDWAALS =    -4474.1192  EEL     =   -37052.2610  EGB        =    -8030.4321
 1-4 VDW =     1737.2221  1-4 EEL =    24059.7756  RESTRAINT  =        0.0000


  Maximum number of minimization cycles reached.


                    FINAL RESULTS



   NSTEP       ENERGY          RMS            GMAX         NAME    NUMBER
    200      -1.7345E+04     9.9133E-01     3.8730E+01     HA        983

 BOND    =      286.7654  ANGLE   =     1068.4265  DIHED      =     5059.5020
 VDWAALS =    -4474.1192  EEL     =   -37052.2610  EGB        =    -8030.4321
 1-4 VDW =     1737.2221  1-4 EEL =    24059.7756  RESTRAINT  =        0.0000

--------------------------------------------------------------------------------
   5.  TIMINGS
--------------------------------------------------------------------------------

|    Read coords time           0.05 ( 0.03% of Total)
|                Calc gb radii             46.85 (26.31% of Gen B)
|                Calc gb diag              92.66 (52.05% of Gen B)
|                Calc gb off-diag          38.52 (21.64% of Gen B)
|             Gen Born time            178.04 (100.0% of Nonbo)
|          Nonbond force            178.04 (99.27% of Force)
|          Bond/Angle/Dihedral        1.30 ( 0.72% of Force)
|          Other                      0.01 ( 0.01% of Force)
|       Force time               179.34 (100.0% of Runmd)
|    Runmd Time               179.34 (97.36% of Total)
|    Other                      4.82 ( 2.62% of Total)
| Total time               184.22 (100.0% of ALL  )

| Number of list builds   :          0

| Highest rstack allocated:          0
| Highest istack allocated:          0
|           Job began  at 09:07:46.087  on 06/09/2022
|           Setup done at 09:07:47.604  on 06/09/2022
|           Run   done at 09:10:50.303  on 06/09/2022
|     wallclock() was called    3628 times

|3D-RISM memory allocation summary
|Type          Maximum        Current   
|Integer       0.00000 GB     0.00000 GB
|Real          0.00000 GB     0.00000 GB
|Logical       0.00000 GB     0.00000 GB
|Character     0.00000 GB     0.00000 GB
|---------------------------------------
|Total         0.00000 GB     0.00000 GB
