
          -------------------------------------------------------
          Amber 22 SANDER                              2022
          -------------------------------------------------------

| Run on 06/10/2022 at 14:51:11

|   Executable path: sander
| Working directory: /home/ubuntu/PoDProjects/MS/src/scripts
|          Hostname: Unknown
  [-O]verwriting output

File Assignments:
|  MDIN: minimize.in                                                           
| MDOUT: ../libs/chain_a_min_solv_box.out                                      
|INPCRD: ../libs/chain_a_solv_box.rst7                                         
|  PARM: ../libs/chain_a_solv_box.prmtop                                       
|RESTRT: ../libs/chain_a_min_solv_box.ncrst                                    
|  REFC: refc                                                                  
| MDVEL: mdvel                                                                 
| MDFRC: mdfrc                                                                 
|  MDEN: mden                                                                  
| MDCRD: mdcrd                                                                 
|MDINFO: mdinfo                                                                
|  MTMD: mtmd                                                                  
|INPDIP: inpdip                                                                
|RSTDIP: rstdip                                                                
|INPTRA: inptraj                                                               


 Here is the input file:

cat > mdin <<EOF                                                               
 &cntrl                                                                        
   imin=1, maxcyc=200, ncyc=50, cut=16, ntb=0, igb=1,                          
 /                                                                             
EOF                                                                            
                                                                               
set output = minout                                                            

--------------------------------------------------------------------------------
   1.  RESOURCE   USE: 
--------------------------------------------------------------------------------

| Flags:                                                                        
| New format PARM file being parsed.
| Version =    1.000 Date = 06/10/22 Time = 13:10:02
 NATOM  =   89390 NTYPES =      17 NBONH =   85118 MBONA  =    4384
 NTHETH =    9846 MTHETA =    5963 NPHIH =   19233 MPHIA  =   14841
 NHPARM =       0 NPARM  =       0 NNB   =  155544 NRES   =   27462
 NBONA  =    4384 NTHETA =    5963 NPHIA =   14841 NUMBND =      51
 NUMANG =     104 NPTRA  =      45 NATYP =      38 NPHB   =       0
 IFBOX  =       1 NMXRS  =      24 IFCAP =       0 NEXTRA =       0
 NCOPY  =       0

 Implicit solvent radii are modified Bondi radii (mbondi)                                                   

|     Memory Use     Allocated
|     Real             8301468
|     Hollerith         295634
|     Integer          1961322
|     Max Pairs              1
|     nblistReal             0
|     nblist Int             0
|       Total            73671 kbytes

| Note: 1-4 EEL scale factors are being read from the topology file.

| Note: 1-4 VDW scale factors are being read from the topology file.
| Duplicated    0 dihedrals
| Duplicated    0 dihedrals

     BOX TYPE: RECTILINEAR

--------------------------------------------------------------------------------
   2.  CONTROL  DATA  FOR  THE  RUN
--------------------------------------------------------------------------------

default_name                                                                    

General flags:
     imin    =       1, nmropt  =       0

Nature and format of input:
     ntx     =       1, irest   =       0, ntrx    =       1

Nature and format of output:
     ntxo    =       2, ntpr    =      50, ntrx    =       1, ntwr    =       1
     iwrap   =       0, ntwx    =       0, ntwv    =       0, ntwe    =       0
     ioutfm  =       1, ntwprt  =       0, idecomp =       0, rbornstat=      0

Potential function:
     ntf     =       1, ntb     =       0, igb     =       1, nsnb    =      25
     ipol    =       0, gbsa    =       0, iesp    =       0
     dielc   =   1.00000, cut     =  16.00000, intdiel =   1.00000
     saltcon =   0.00000, offset  =   0.09000, gbalpha=    1.00000
     gbbeta  =   0.00000, gbgamma =   0.00000, surften =   0.00500
     rdt     =   0.00000, rgbmax  =  25.00000  extdiel =  78.50000
     alpb  =        0

Frozen or restrained atoms:
     ibelly  =       0, ntr     =       0

Energy minimization:
     maxcyc  =     200, ncyc    =      50, ntmin   =       1
     dx0     =   0.01000, drms    =   0.00010
|  INFO: Old style inpcrd file read


--------------------------------------------------------------------------------
   3.  ATOMIC COORDINATES AND VELOCITIES
--------------------------------------------------------------------------------

default_name                                                                    
 begin time read from input coords =     0.000 ps

 Number of triangulated 3-point waters found:    26940

--------------------------------------------------------------------------------
   4.  RESULTS
--------------------------------------------------------------------------------



   NSTEP       ENERGY          RMS            GMAX         NAME    NUMBER
      1       8.2869E+06     5.4420E+05     1.6947E+08     C        4485

 BOND    =    55960.4435  ANGLE   =     1562.0243  DIHED      =     5048.1748
 VDWAALS =  8481326.9941  EEL     =  -418329.6989  EGB        =   133673.7271
 1-4 VDW =     2643.8862  1-4 EEL =    24995.8638  RESTRAINT  =        0.0000


   NSTEP       ENERGY          RMS            GMAX         NAME    NUMBER
     50      -2.5420E+05     7.8911E+00     1.9931E+03     N         966

 BOND    =    30239.4007  ANGLE   =     2009.6856  DIHED      =     5102.2440
 VDWAALS =    19261.5620  EEL     =  -425478.9609  EGB        =    87667.5428
 1-4 VDW =     2375.7655  1-4 EEL =    24627.1761  RESTRAINT  =        0.0000


   NSTEP       ENERGY          RMS            GMAX         NAME    NUMBER
    100      -2.8337E+05     1.9248E+00     2.8649E+02     CB        970

 BOND    =    27063.8190  ANGLE   =     1592.7195  DIHED      =     5167.8564
 VDWAALS =     8202.9997  EEL     =  -394911.2411  EGB        =    43360.9006
 1-4 VDW =     1937.2820  1-4 EEL =    24219.4525  RESTRAINT  =        0.0000


   NSTEP       ENERGY          RMS            GMAX         NAME    NUMBER
    150      -2.9099E+05     7.9158E+00     2.5794E+03     HG1       977

 BOND    =    26783.4028  ANGLE   =     1387.1764  DIHED      =     5113.8823
 VDWAALS =     6441.7483  EEL     =  -379018.4684  EGB        =    22288.2027
 1-4 VDW =     1852.8970  1-4 EEL =    24156.6781  RESTRAINT  =        0.0000


   NSTEP       ENERGY          RMS            GMAX         NAME    NUMBER
    200      -2.9157E+05     1.5115E+01     5.1224E+03     HG1       977

 BOND    =    27287.9620  ANGLE   =     1242.1558  DIHED      =     5110.3895
 VDWAALS =     6370.0013  EEL     =  -380096.1646  EGB        =    22560.1077
 1-4 VDW =     1833.1952  1-4 EEL =    24117.4841  RESTRAINT  =        0.0000


  Maximum number of minimization cycles reached.


                    FINAL RESULTS



   NSTEP       ENERGY          RMS            GMAX         NAME    NUMBER
    200      -2.9157E+05     1.5115E+01     5.1224E+03     HG1       977

 BOND    =    27287.9620  ANGLE   =     1242.1558  DIHED      =     5110.3895
 VDWAALS =     6370.0013  EEL     =  -380096.1646  EGB        =    22560.1077
 1-4 VDW =     1833.1952  1-4 EEL =    24117.4841  RESTRAINT  =        0.0000

--------------------------------------------------------------------------------
   5.  TIMINGS
--------------------------------------------------------------------------------

|                Calc gb radii           1863.24 (23.30% of Gen B)
|                Calc gb diag            4564.40 (57.07% of Gen B)
|                Calc gb off-diag        1570.29 (19.63% of Gen B)
|             Gen Born time           7997.95 (100.0% of Nonbo)
|          Nonbond force           7997.95 (100.0% of Force)
|          Bond/Angle/Dihedral        1.33 ( 0.02% of Force)
|       Force time              7999.32 (100.0% of Runmd)
|    Runmd Time              7999.32 (100.0% of Total)
|    Other                      1.25 ( 0.02% of Total)
| Total time              8000.67 (100.0% of ALL  )

| Number of list builds   :          0

| Highest rstack allocated:          0
| Highest istack allocated:          0
|           Job began  at 14:51:11.889  on 06/10/2022
|           Setup done at 14:51:12.595  on 06/10/2022
|           Run   done at 17:04:32.557  on 06/10/2022
|     wallclock() was called    3628 times

|3D-RISM memory allocation summary
|Type          Maximum        Current   
|Integer       0.00000 GB     0.00000 GB
|Real          0.00000 GB     0.00000 GB
|Logical       0.00000 GB     0.00000 GB
|Character     0.00000 GB     0.00000 GB
|---------------------------------------
|Total         0.00000 GB     0.00000 GB
