
          -------------------------------------------------------
          Amber 22 SANDER                              2022
          -------------------------------------------------------

| Run on 06/09/2022 at 09:14:29

|   Executable path: sander
| Working directory: /home/ubuntu/PoDProjects/MS/src/scripts
|          Hostname: Unknown
  [-O]verwriting output

File Assignments:
|  MDIN: minimize.in                                                           
| MDOUT: ../libs/chain_b_min_solv_oct.out                                      
|INPCRD: ../libs/chain_b_solv_oct.rst7                                         
|  PARM: ../libs/chain_b_solv_oct.prmtop                                       
|RESTRT: ../libs/chain_b_min_solv_oct.ncrst                                    
|  REFC: refc                                                                  
| MDVEL: mdvel                                                                 
| MDFRC: mdfrc                                                                 
|  MDEN: mden                                                                  
| MDCRD: mdcrd                                                                 
|MDINFO: mdinfo                                                                
|  MTMD: mtmd                                                                  
|INPDIP: inpdip                                                                
|RSTDIP: rstdip                                                                
|INPTRA: inptraj                                                               


 Here is the input file:

cat > mdin <<EOF                                                               
 &cntrl                                                                        
   imin=1, maxcyc=200, ncyc=50, cut=16, ntb=0, igb=1,                          
 /                                                                             
EOF                                                                            
                                                                               
set output = minout                                                            

--------------------------------------------------------------------------------
   1.  RESOURCE   USE: 
--------------------------------------------------------------------------------

| Flags:                                                                        
| New format PARM file being parsed.
| Version =    1.000 Date = 06/09/22 Time = 09:13:53
 NATOM  =   83010 NTYPES =      16 NBONH =   79670 MBONA  =    3434
 NTHETH =    7742 MTHETA =    4669 NPHIH =   15076 MPHIA  =   11634
 NHPARM =       0 NPARM  =       0 NNB   =  139244 NRES   =   25837
 NBONA  =    3434 NTHETA =    4669 NPHIA =   11634 NUMBND =      43
 NUMANG =      89 NPTRA  =      42 NATYP =      31 NPHB   =       0
 IFBOX  =       2 NMXRS  =      24 IFCAP =       0 NEXTRA =       0
 NCOPY  =       0

 Implicit solvent radii are modified Bondi radii (mbondi)                                                   

|     Memory Use     Allocated
|     Real             7759044
|     Hollerith         274869
|     Integer          1779237
|     Max Pairs              1
|     nblistReal             0
|     nblist Int             0
|       Total            68641 kbytes

| Note: 1-4 EEL scale factors are being read from the topology file.

| Note: 1-4 VDW scale factors are being read from the topology file.
| Duplicated    0 dihedrals
| Duplicated    0 dihedrals

     BOX TYPE: TRUNCATED OCTAHEDRON

--------------------------------------------------------------------------------
   2.  CONTROL  DATA  FOR  THE  RUN
--------------------------------------------------------------------------------

default_name                                                                    

General flags:
     imin    =       1, nmropt  =       0

Nature and format of input:
     ntx     =       1, irest   =       0, ntrx    =       1

Nature and format of output:
     ntxo    =       2, ntpr    =      50, ntrx    =       1, ntwr    =       1
     iwrap   =       0, ntwx    =       0, ntwv    =       0, ntwe    =       0
     ioutfm  =       1, ntwprt  =       0, idecomp =       0, rbornstat=      0

Potential function:
     ntf     =       1, ntb     =       0, igb     =       1, nsnb    =      25
     ipol    =       0, gbsa    =       0, iesp    =       0
     dielc   =   1.00000, cut     =  16.00000, intdiel =   1.00000
     saltcon =   0.00000, offset  =   0.09000, gbalpha=    1.00000
     gbbeta  =   0.00000, gbgamma =   0.00000, surften =   0.00500
     rdt     =   0.00000, rgbmax  =  25.00000  extdiel =  78.50000
     alpb  =        0

Frozen or restrained atoms:
     ibelly  =       0, ntr     =       0

Energy minimization:
     maxcyc  =     200, ncyc    =      50, ntmin   =       1
     dx0     =   0.01000, drms    =   0.00010
|  INFO: Old style inpcrd file read


--------------------------------------------------------------------------------
   3.  ATOMIC COORDINATES AND VELOCITIES
--------------------------------------------------------------------------------

default_name                                                                    
 begin time read from input coords =     0.000 ps

 Number of triangulated 3-point waters found:    25432

--------------------------------------------------------------------------------
   4.  RESULTS
--------------------------------------------------------------------------------



   NSTEP       ENERGY          RMS            GMAX         NAME    NUMBER
      1      -1.2356E+05     4.7418E+01     7.9196E+03     C        1398

 BOND    =    77878.2635  ANGLE   =     1404.6288  DIHED      =     3893.4921
 VDWAALS =    27682.2844  EEL     =  -380423.6446  EGB        =   123945.4382
 1-4 VDW =     2086.0124  1-4 EEL =    19968.8282  RESTRAINT  =        0.0000


   NSTEP       ENERGY          RMS            GMAX         NAME    NUMBER
     50      -2.3913E+05     2.5027E+00     4.5269E+02     N        3453

 BOND    =    25895.3224  ANGLE   =     1926.3812  DIHED      =     3988.8231
 VDWAALS =    16577.9174  EEL     =  -384449.5015  EGB        =    75469.1772
 1-4 VDW =     1867.1016  1-4 EEL =    19593.3636  RESTRAINT  =        0.0000


   NSTEP       ENERGY          RMS            GMAX         NAME    NUMBER
    100      -2.6142E+05     2.5072E+00     2.8769E+02     N        3431

 BOND    =    25596.1334  ANGLE   =     1296.8211  DIHED      =     4006.7572
 VDWAALS =     9026.9354  EEL     =  -391871.9972  EGB        =    69708.3420
 1-4 VDW =     1497.8900  1-4 EEL =    19318.5108  RESTRAINT  =        0.0000


   NSTEP       ENERGY          RMS            GMAX         NAME    NUMBER
    150      -2.6969E+05     1.5025E+00     2.1423E+02     CG       3426

 BOND    =    25611.5261  ANGLE   =     1021.8599  DIHED      =     3999.4296
 VDWAALS =     7449.6102  EEL     =  -371227.8708  EGB        =    42751.2735
 1-4 VDW =     1433.9017  1-4 EEL =    19275.0666  RESTRAINT  =        0.0000


   NSTEP       ENERGY          RMS            GMAX         NAME    NUMBER
    200      -2.7412E+05     1.9193E+00     1.9889E+02     N        3475

 BOND    =    26058.1966  ANGLE   =     1260.3751  DIHED      =     4023.1382
 VDWAALS =     6605.4225  EEL     =  -360066.6809  EGB        =    27231.6244
 1-4 VDW =     1475.0218  1-4 EEL =    19295.5821  RESTRAINT  =        0.0000


  Maximum number of minimization cycles reached.


                    FINAL RESULTS



   NSTEP       ENERGY          RMS            GMAX         NAME    NUMBER
    200      -2.7412E+05     1.9193E+00     1.9889E+02     N        3475

 BOND    =    26058.1966  ANGLE   =     1260.3751  DIHED      =     4023.1382
 VDWAALS =     6605.4225  EEL     =  -360066.6809  EGB        =    27231.6244
 1-4 VDW =     1475.0218  1-4 EEL =    19295.5821  RESTRAINT  =        0.0000

--------------------------------------------------------------------------------
   5.  TIMINGS
--------------------------------------------------------------------------------

|                Calc gb radii           1684.29 (23.39% of Gen B)
|                Calc gb diag            4110.98 (57.08% of Gen B)
|                Calc gb off-diag        1406.90 (19.53% of Gen B)
|             Gen Born time           7202.20 (100.0% of Nonbo)
|          Nonbond force           7202.20 (100.0% of Force)
|          Bond/Angle/Dihedral        1.10 ( 0.02% of Force)
|       Force time              7203.33 (100.0% of Runmd)
|    Runmd Time              7203.33 (100.0% of Total)
|    Other                      5.26 ( 0.07% of Total)
| Total time              7208.67 (100.0% of ALL  )

| Number of list builds   :          0

| Highest rstack allocated:          0
| Highest istack allocated:          0
|           Job began  at 09:14:29.110  on 06/09/2022
|           Setup done at 09:14:29.784  on 06/09/2022
|           Run   done at 11:14:37.782  on 06/09/2022
|     wallclock() was called    3628 times

|3D-RISM memory allocation summary
|Type          Maximum        Current   
|Integer       0.00000 GB     0.00000 GB
|Real          0.00000 GB     0.00000 GB
|Logical       0.00000 GB     0.00000 GB
|Character     0.00000 GB     0.00000 GB
|---------------------------------------
|Total         0.00000 GB     0.00000 GB
