
          -------------------------------------------------------
          Amber 22 SANDER                              2022
          -------------------------------------------------------

| Run on 06/09/2022 at 09:08:06

|   Executable path: sander
| Working directory: /home/ubuntu/PoDProjects/MS/src/scripts
|          Hostname: Unknown
  [-O]verwriting output

File Assignments:
|  MDIN: minimize.in                                                           
| MDOUT: ../libs/chain_b_min.out                                               
|INPCRD: ../libs/chain_b.rst7                                                  
|  PARM: ../libs/chain_b.prmtop                                                
|RESTRT: ../libs/chain_b_min.ncrst                                             
|  REFC: refc                                                                  
| MDVEL: mdvel                                                                 
| MDFRC: mdfrc                                                                 
|  MDEN: mden                                                                  
| MDCRD: mdcrd                                                                 
|MDINFO: mdinfo                                                                
|  MTMD: mtmd                                                                  
|INPDIP: inpdip                                                                
|RSTDIP: rstdip                                                                
|INPTRA: inptraj                                                               


 Here is the input file:

cat > mdin <<EOF                                                               
 &cntrl                                                                        
   imin=1, maxcyc=200, ncyc=50, cut=16, ntb=0, igb=1,                          
 /                                                                             
EOF                                                                            
                                                                               
set output = minout                                                            

--------------------------------------------------------------------------------
   1.  RESOURCE   USE: 
--------------------------------------------------------------------------------

| Flags:                                                                        
| New format PARM file being parsed.
| Version =    1.000 Date = 06/09/22 Time = 08:58:59
 NATOM  =    6712 NTYPES =      14 NBONH =    3374 MBONA  =    3434
 NTHETH =    7742 MTHETA =    4669 NPHIH =   15076 MPHIA  =   11634
 NHPARM =       0 NPARM  =       0 NNB   =   37514 NRES   =     403
 NBONA  =    3434 NTHETA =    4669 NPHIA =   11634 NUMBND =      41
 NUMANG =      89 NPTRA  =      42 NATYP =      28 NPHB   =       0
 IFBOX  =       0 NMXRS  =      24 IFCAP =       0 NEXTRA =       0
 NCOPY  =       0

 Implicit solvent radii are modified Bondi radii (mbondi)                                                   

|     Memory Use     Allocated
|     Real             1273662
|     Hollerith          20541
|     Integer           380389
|     Max Pairs              1
|     nblistReal             0
|     nblist Int             0
|       Total            11516 kbytes

| Note: 1-4 EEL scale factors are being read from the topology file.

| Note: 1-4 VDW scale factors are being read from the topology file.
| Duplicated    0 dihedrals
| Duplicated    0 dihedrals

--------------------------------------------------------------------------------
   2.  CONTROL  DATA  FOR  THE  RUN
--------------------------------------------------------------------------------

default_name                                                                    

General flags:
     imin    =       1, nmropt  =       0

Nature and format of input:
     ntx     =       1, irest   =       0, ntrx    =       1

Nature and format of output:
     ntxo    =       2, ntpr    =      50, ntrx    =       1, ntwr    =       1
     iwrap   =       0, ntwx    =       0, ntwv    =       0, ntwe    =       0
     ioutfm  =       1, ntwprt  =       0, idecomp =       0, rbornstat=      0

Potential function:
     ntf     =       1, ntb     =       0, igb     =       1, nsnb    =      25
     ipol    =       0, gbsa    =       0, iesp    =       0
     dielc   =   1.00000, cut     =  16.00000, intdiel =   1.00000
     saltcon =   0.00000, offset  =   0.09000, gbalpha=    1.00000
     gbbeta  =   0.00000, gbgamma =   0.00000, surften =   0.00500
     rdt     =   0.00000, rgbmax  =  25.00000  extdiel =  78.50000
     alpb  =        0

Frozen or restrained atoms:
     ibelly  =       0, ntr     =       0

Energy minimization:
     maxcyc  =     200, ncyc    =      50, ntmin   =       1
     dx0     =   0.01000, drms    =   0.00010
|  INFO: Old style inpcrd file read


--------------------------------------------------------------------------------
   3.  ATOMIC COORDINATES AND VELOCITIES
--------------------------------------------------------------------------------

default_name                                                                    
 begin time read from input coords =     0.000 ps

 Number of triangulated 3-point waters found:        0

--------------------------------------------------------------------------------
   4.  RESULTS
--------------------------------------------------------------------------------



   NSTEP       ENERGY          RMS            GMAX         NAME    NUMBER
      1       7.0974E+04     1.5824E+02     9.2066E+03     C        1398

 BOND    =    77877.0370  ANGLE   =     1404.6288  DIHED      =     3893.4921
 VDWAALS =     1101.6779  EEL     =   -29670.1437  EGB        =    -5687.6943
 1-4 VDW =     2086.0124  1-4 EEL =    19968.8282  RESTRAINT  =        0.0000


   NSTEP       ENERGY          RMS            GMAX         NAME    NUMBER
     50      -8.3211E+03     4.4906E+00     2.3205E+02     N        3475

 BOND    =     2204.9478  ANGLE   =     1915.1706  DIHED      =     3968.1238
 VDWAALS =    -2602.2479  EEL     =   -30120.0206  EGB        =    -5251.1590
 1-4 VDW =     1935.8552  1-4 EEL =    19628.1986  RESTRAINT  =        0.0000


   NSTEP       ENERGY          RMS            GMAX         NAME    NUMBER
    100      -1.2731E+04     2.7558E+00     1.0307E+02     C        3473

 BOND    =      358.4721  ANGLE   =     1018.8397  DIHED      =     3997.6832
 VDWAALS =    -3407.9575  EEL     =   -30237.3850  EGB        =    -5086.0129
 1-4 VDW =     1401.7023  1-4 EEL =    19223.2337  RESTRAINT  =        0.0000


   NSTEP       ENERGY          RMS            GMAX         NAME    NUMBER
    150      -1.3150E+04     1.2039E+00     4.4923E+01     C        3473

 BOND    =      264.2712  ANGLE   =      935.7350  DIHED      =     3961.3690
 VDWAALS =    -3498.2624  EEL     =   -30485.9675  EGB        =    -4909.6887
 1-4 VDW =     1374.7176  1-4 EEL =    19207.8958  RESTRAINT  =        0.0000


   NSTEP       ENERGY          RMS            GMAX         NAME    NUMBER
    200      -1.3342E+04     7.3414E-01     1.6685E+01     CD       3463

 BOND    =      248.5763  ANGLE   =      892.9171  DIHED      =     3938.2783
 VDWAALS =    -3539.8127  EEL     =   -30367.5896  EGB        =    -5072.4061
 1-4 VDW =     1358.0742  1-4 EEL =    19200.2193  RESTRAINT  =        0.0000


  Maximum number of minimization cycles reached.


                    FINAL RESULTS



   NSTEP       ENERGY          RMS            GMAX         NAME    NUMBER
    200      -1.3342E+04     7.3414E-01     1.6685E+01     CD       3463

 BOND    =      248.5763  ANGLE   =      892.9171  DIHED      =     3938.2783
 VDWAALS =    -3539.8127  EEL     =   -30367.5896  EGB        =    -5072.4061
 1-4 VDW =     1358.0742  1-4 EEL =    19200.2193  RESTRAINT  =        0.0000

--------------------------------------------------------------------------------
   5.  TIMINGS
--------------------------------------------------------------------------------

|    Read coords time           0.01 ( 0.01% of Total)
|                Calc gb radii             44.49 (29.85% of Gen B)
|                Calc gb diag              76.64 (51.41% of Gen B)
|                Calc gb off-diag          27.94 (18.74% of Gen B)
|             Gen Born time            149.07 (100.0% of Nonbo)
|          Nonbond force            149.07 (99.33% of Force)
|          Bond/Angle/Dihedral        1.00 ( 0.66% of Force)
|       Force time               150.07 (100.0% of Runmd)
|    Runmd Time               150.07 (96.86% of Total)
|    Other                      4.85 ( 3.13% of Total)
| Total time               154.93 (100.0% of ALL  )

| Number of list builds   :          0

| Highest rstack allocated:          0
| Highest istack allocated:          0
|           Job began  at 09:08:06.175  on 06/09/2022
|           Setup done at 09:08:06.276  on 06/09/2022
|           Run   done at 09:10:41.103  on 06/09/2022
|     wallclock() was called    3628 times

|3D-RISM memory allocation summary
|Type          Maximum        Current   
|Integer       0.00000 GB     0.00000 GB
|Real          0.00000 GB     0.00000 GB
|Logical       0.00000 GB     0.00000 GB
|Character     0.00000 GB     0.00000 GB
|---------------------------------------
|Total         0.00000 GB     0.00000 GB
