
          -------------------------------------------------------
          Amber 22 SANDER                              2022
          -------------------------------------------------------

| Run on 06/10/2022 at 14:50:49

|   Executable path: sander
| Working directory: /home/ubuntu/PoDProjects/MS/src/scripts
|          Hostname: Unknown
  [-O]verwriting output

File Assignments:
|  MDIN: minimize.in                                                           
| MDOUT: ../libs/chain_b_min_solv_box.out                                      
|INPCRD: ../libs/chain_b_solv_box.rst7                                         
|  PARM: ../libs/chain_b_solv_box.prmtop                                       
|RESTRT: ../libs/chain_b_min_solv_box.ncrst                                    
|  REFC: refc                                                                  
| MDVEL: mdvel                                                                 
| MDFRC: mdfrc                                                                 
|  MDEN: mden                                                                  
| MDCRD: mdcrd                                                                 
|MDINFO: mdinfo                                                                
|  MTMD: mtmd                                                                  
|INPDIP: inpdip                                                                
|RSTDIP: rstdip                                                                
|INPTRA: inptraj                                                               


 Here is the input file:

cat > mdin <<EOF                                                               
 &cntrl                                                                        
   imin=1, maxcyc=200, ncyc=50, cut=16, ntb=0, igb=1,                          
 /                                                                             
EOF                                                                            
                                                                               
set output = minout                                                            

--------------------------------------------------------------------------------
   1.  RESOURCE   USE: 
--------------------------------------------------------------------------------

| Flags:                                                                        
| New format PARM file being parsed.
| Version =    1.000 Date = 06/10/22 Time = 14:20:34
 NATOM  =   61356 NTYPES =      17 NBONH =   58016 MBONA  =    3434
 NTHETH =    7742 MTHETA =    4669 NPHIH =   15076 MPHIA  =   11634
 NHPARM =       0 NPARM  =       0 NNB   =  110372 NRES   =   18619
 NBONA  =    3434 NTHETA =    4669 NPHIA =   11634 NUMBND =      43
 NUMANG =      89 NPTRA  =      42 NATYP =      31 NPHB   =       1
 IFBOX  =       1 NMXRS  =      24 IFCAP =       0 NEXTRA =       0
 NCOPY  =       0

 Implicit solvent radii are modified Bondi radii (mbondi)                                                   

|     Memory Use     Allocated
|     Real             5918488
|     Hollerith         202689
|     Integer          1382280
|     Max Pairs              1
|     nblistReal             0
|     nblist Int             0
|       Total            52429 kbytes

| Note: 1-4 EEL scale factors are being read from the topology file.

| Note: 1-4 VDW scale factors are being read from the topology file.
| Duplicated    0 dihedrals
| Duplicated    0 dihedrals

     BOX TYPE: RECTILINEAR

--------------------------------------------------------------------------------
   2.  CONTROL  DATA  FOR  THE  RUN
--------------------------------------------------------------------------------

default_name                                                                    

General flags:
     imin    =       1, nmropt  =       0

Nature and format of input:
     ntx     =       1, irest   =       0, ntrx    =       1

Nature and format of output:
     ntxo    =       2, ntpr    =      50, ntrx    =       1, ntwr    =       1
     iwrap   =       0, ntwx    =       0, ntwv    =       0, ntwe    =       0
     ioutfm  =       1, ntwprt  =       0, idecomp =       0, rbornstat=      0

Potential function:
     ntf     =       1, ntb     =       0, igb     =       1, nsnb    =      25
     ipol    =       0, gbsa    =       0, iesp    =       0
     dielc   =   1.00000, cut     =  16.00000, intdiel =   1.00000
     saltcon =   0.00000, offset  =   0.09000, gbalpha=    1.00000
     gbbeta  =   0.00000, gbgamma =   0.00000, surften =   0.00500
     rdt     =   0.00000, rgbmax  =  25.00000  extdiel =  78.50000
     alpb  =        0

Frozen or restrained atoms:
     ibelly  =       0, ntr     =       0

Energy minimization:
     maxcyc  =     200, ncyc    =      50, ntmin   =       1
     dx0     =   0.01000, drms    =   0.00010
|  INFO: Old style inpcrd file read


--------------------------------------------------------------------------------
   3.  ATOMIC COORDINATES AND VELOCITIES
--------------------------------------------------------------------------------

default_name                                                                    
 begin time read from input coords =     0.000 ps

 Number of triangulated 3-point waters found:    18214

--------------------------------------------------------------------------------
   4.  RESULTS
--------------------------------------------------------------------------------



   NSTEP       ENERGY          RMS            GMAX         NAME    NUMBER
      1      -7.4769E+04     5.4379E+01     7.3200E+03     C        1398

 BOND    =    77874.4776  ANGLE   =     1405.0578  DIHED      =     3893.4668
 VDWAALS =    19763.5280  EEL     =  -254523.1869  EGB        =    54762.8027
 1-4 VDW =     2086.0612  1-4 EEL =    19969.0098  RESTRAINT  =        0.0000


   NSTEP       ENERGY          RMS            GMAX         NAME    NUMBER
     50      -1.8118E+05     2.0248E+00     2.7103E+02     N        3453

 BOND    =    19022.1212  ANGLE   =     1816.0454  DIHED      =     4003.5726
 VDWAALS =    10301.4773  EEL     =  -256041.1980  EGB        =    18290.9445
 1-4 VDW =     1843.3554  1-4 EEL =    19583.5032  RESTRAINT  =        0.0000


   NSTEP       ENERGY          RMS            GMAX         NAME    NUMBER
    100      -1.9913E+05     3.1825E+00     4.7928E+02     CA       3477

 BOND    =    18411.9470  ANGLE   =     1558.6541  DIHED      =     4035.5974
 VDWAALS =     4012.0217  EEL     =  -263001.1397  EGB        =    15027.6938
 1-4 VDW =     1550.0438  1-4 EEL =    19275.8571  RESTRAINT  =        0.0000


   NSTEP       ENERGY          RMS            GMAX         NAME    NUMBER
    150      -2.0541E+05     2.2764E+00     2.3684E+02     N        3453

 BOND    =    19190.9140  ANGLE   =     1460.0382  DIHED      =     4012.4416
 VDWAALS =     2635.8038  EEL     =  -245166.2529  EGB        =    -8305.7709
 1-4 VDW =     1513.0644  1-4 EEL =    19252.0466  RESTRAINT  =        0.0000


   NSTEP       ENERGY          RMS            GMAX         NAME    NUMBER
    200      -2.0958E+05     1.7806E+00     3.2865E+02     CA       3477

 BOND    =    18567.2916  ANGLE   =     1151.6049  DIHED      =     3986.0334
 VDWAALS =     1607.7690  EEL     =  -243066.2329  EGB        =   -12559.6991
 1-4 VDW =     1449.4370  1-4 EEL =    19279.8429  RESTRAINT  =        0.0000


  Maximum number of minimization cycles reached.


                    FINAL RESULTS



   NSTEP       ENERGY          RMS            GMAX         NAME    NUMBER
    200      -2.0958E+05     1.7806E+00     3.2865E+02     CA       3477

 BOND    =    18567.2916  ANGLE   =     1151.6049  DIHED      =     3986.0334
 VDWAALS =     1607.7690  EEL     =  -243066.2329  EGB        =   -12559.6991
 1-4 VDW =     1449.4370  1-4 EEL =    19279.8429  RESTRAINT  =        0.0000

--------------------------------------------------------------------------------
   5.  TIMINGS
--------------------------------------------------------------------------------

|                Calc gb radii           1011.42 (23.98% of Gen B)
|                Calc gb diag            2406.92 (57.07% of Gen B)
|                Calc gb off-diag         799.09 (18.95% of Gen B)
|             Gen Born time           4217.45 (100.0% of Nonbo)
|          Nonbond force           4217.45 (100.0% of Force)
|          Bond/Angle/Dihedral        1.01 ( 0.02% of Force)
|       Force time              4218.48 (100.0% of Runmd)
|    Runmd Time              4218.48 (100.0% of Total)
|    Other                      1.49 ( 0.04% of Total)
| Total time              4220.04 (100.0% of ALL  )

| Number of list builds   :          0

| Highest rstack allocated:          0
| Highest istack allocated:          0
|           Job began  at 14:50:49.676  on 06/10/2022
|           Setup done at 14:50:50.179  on 06/10/2022
|           Run   done at 16:01:09.718  on 06/10/2022
|     wallclock() was called    3628 times

|3D-RISM memory allocation summary
|Type          Maximum        Current   
|Integer       0.00000 GB     0.00000 GB
|Real          0.00000 GB     0.00000 GB
|Logical       0.00000 GB     0.00000 GB
|Character     0.00000 GB     0.00000 GB
|---------------------------------------
|Total         0.00000 GB     0.00000 GB
