
          -------------------------------------------------------
          Amber 22 SANDER                              2022
          -------------------------------------------------------

| Run on 06/09/2022 at 09:14:41

|   Executable path: sander
| Working directory: /home/ubuntu/PoDProjects/MS/src/scripts
|          Hostname: Unknown
  [-O]verwriting output

File Assignments:
|  MDIN: minimize.in                                                           
| MDOUT: ../libs/chain_a_min_solv_oct.out                                      
|INPCRD: ../libs/chain_a_solv_oct.rst7                                         
|  PARM: ../libs/chain_a_solv_oct.prmtop                                       
|RESTRT: ../libs/chain_a_min_solv_oct.ncrst                                    
|  REFC: refc                                                                  
| MDVEL: mdvel                                                                 
| MDFRC: mdfrc                                                                 
|  MDEN: mden                                                                  
| MDCRD: mdcrd                                                                 
|MDINFO: mdinfo                                                                
|  MTMD: mtmd                                                                  
|INPDIP: inpdip                                                                
|RSTDIP: rstdip                                                                
|INPTRA: inptraj                                                               


 Here is the input file:

cat > mdin <<EOF                                                               
 &cntrl                                                                        
   imin=1, maxcyc=200, ncyc=50, cut=16, ntb=0, igb=1,                          
 /                                                                             
EOF                                                                            
                                                                               
set output = minout                                                            

--------------------------------------------------------------------------------
   1.  RESOURCE   USE: 
--------------------------------------------------------------------------------

| Flags:                                                                        
| New format PARM file being parsed.
| Version =    1.000 Date = 06/09/22 Time = 09:13:28
 NATOM  =  150608 NTYPES =      17 NBONH =  146336 MBONA  =    4384
 NTHETH =    9846 MTHETA =    5963 NPHIH =   19233 MPHIA  =   14841
 NHPARM =       0 NPARM  =       0 NNB   =  237168 NRES   =   47868
 NBONA  =    4384 NTHETA =    5963 NPHIA =   14841 NUMBND =      51
 NUMANG =     104 NPTRA  =      45 NATYP =      38 NPHB   =       0
 IFBOX  =       2 NMXRS  =      24 IFCAP =       0 NEXTRA =       0
 NCOPY  =       0

 Implicit solvent radii are modified Bondi radii (mbondi)                                                   

|     Memory Use     Allocated
|     Real            13504998
|     Hollerith         499694
|     Integer          3083652
|     Max Pairs              1
|     nblistReal             0
|     nblist Int             0
|       Total           119505 kbytes

| Note: 1-4 EEL scale factors are being read from the topology file.

| Note: 1-4 VDW scale factors are being read from the topology file.
| Duplicated    0 dihedrals
| Duplicated    0 dihedrals

     BOX TYPE: TRUNCATED OCTAHEDRON

--------------------------------------------------------------------------------
   2.  CONTROL  DATA  FOR  THE  RUN
--------------------------------------------------------------------------------

default_name                                                                    

General flags:
     imin    =       1, nmropt  =       0

Nature and format of input:
     ntx     =       1, irest   =       0, ntrx    =       1

Nature and format of output:
     ntxo    =       2, ntpr    =      50, ntrx    =       1, ntwr    =       1
     iwrap   =       0, ntwx    =       0, ntwv    =       0, ntwe    =       0
     ioutfm  =       1, ntwprt  =       0, idecomp =       0, rbornstat=      0

Potential function:
     ntf     =       1, ntb     =       0, igb     =       1, nsnb    =      25
     ipol    =       0, gbsa    =       0, iesp    =       0
     dielc   =   1.00000, cut     =  16.00000, intdiel =   1.00000
     saltcon =   0.00000, offset  =   0.09000, gbalpha=    1.00000
     gbbeta  =   0.00000, gbgamma =   0.00000, surften =   0.00500
     rdt     =   0.00000, rgbmax  =  25.00000  extdiel =  78.50000
     alpb  =        0

Frozen or restrained atoms:
     ibelly  =       0, ntr     =       0

Energy minimization:
     maxcyc  =     200, ncyc    =      50, ntmin   =       1
     dx0     =   0.01000, drms    =   0.00010
|  INFO: Old style inpcrd file read


--------------------------------------------------------------------------------
   3.  ATOMIC COORDINATES AND VELOCITIES
--------------------------------------------------------------------------------

default_name                                                                    
 begin time read from input coords =     0.000 ps

 Number of triangulated 3-point waters found:    47346

--------------------------------------------------------------------------------
   4.  RESULTS
--------------------------------------------------------------------------------



   NSTEP       ENERGY          RMS            GMAX         NAME    NUMBER
      1       8.1163E+06     4.1757E+05     1.9095E+08     C        4485

 BOND    =    55963.2775  ANGLE   =     1562.1844  DIHED      =     5048.0899
 VDWAALS =  8472422.4425  EEL     =  -738915.1685  EGB        =   292580.1463
 1-4 VDW =     2643.8218  1-4 EEL =    24995.8308  RESTRAINT  =        0.0000


   NSTEP       ENERGY          RMS            GMAX         NAME    NUMBER
     50      -4.1380E+05     6.1101E+00     2.1817E+03     N         966

 BOND    =    48921.9199  ANGLE   =     2105.6695  DIHED      =     5104.8318
 VDWAALS =    39445.4416  EEL     =  -765157.3684  EGB        =   228569.1508
 1-4 VDW =     2497.3417  1-4 EEL =    24712.6257  RESTRAINT  =        0.0000


   NSTEP       ENERGY          RMS            GMAX         NAME    NUMBER
    100       3.9124E+09     1.9919E+08     8.1571E+10     O       97563

 BOND    = 29351602.7688  ANGLE   =     6061.2071  DIHED      =     5495.4972
 VDWAALS = *************  EEL     =  -725593.3406  EGB        =   172583.0415
 1-4 VDW =     2288.1337  1-4 EEL =    23861.8228  RESTRAINT  =        0.0000


   NSTEP       ENERGY          RMS            GMAX         NAME    NUMBER
    150       1.9739E+07     1.1323E+04     4.5693E+06     O       93543

 BOND    = 19725272.7397  ANGLE   =     6394.6317  DIHED      =     5476.0904
 VDWAALS =   529401.8493  EEL     =  -723260.8488  EGB        =   170026.1661
 1-4 VDW =     2071.9962  1-4 EEL =    23843.2233  RESTRAINT  =        0.0000


   NSTEP       ENERGY          RMS            GMAX         NAME    NUMBER
    200       1.1401E+08     2.9187E+06     7.3451E+08     O       83739

 BOND    =  4038600.2963  ANGLE   =     5532.2419  DIHED      =     5423.2138
 VDWAALS = *************  EEL     =  -722805.9050  EGB        =   168406.4143
 1-4 VDW =     3195.5337  1-4 EEL =    23863.7523  RESTRAINT  =        0.0000


  Maximum number of minimization cycles reached.


                    FINAL RESULTS



   NSTEP       ENERGY          RMS            GMAX         NAME    NUMBER
    200       1.1401E+08     2.9187E+06     7.3451E+08     O       83739

 BOND    =  4038600.2963  ANGLE   =     5532.2419  DIHED      =     5423.2138
 VDWAALS = *************  EEL     =  -722805.9050  EGB        =   168406.4143
 1-4 VDW =     3195.5337  1-4 EEL =    23863.7523  RESTRAINT  =        0.0000

--------------------------------------------------------------------------------
   5.  TIMINGS
--------------------------------------------------------------------------------

|                Calc gb radii           4524.80 (22.38% of Gen B)
|                Calc gb diag           11601.82 (57.38% of Gen B)
|                Calc gb off-diag        4091.13 (20.24% of Gen B)
|             Gen Born time          20217.81 (100.0% of Nonbo)
|          Nonbond force          20217.81 (100.0% of Force)
|          Bond/Angle/Dihedral        1.50 ( 0.01% of Force)
|       Force time             20219.38 (100.0% of Runmd)
|    Runmd Time             20219.38 (100.0% of Total)
|    Other                      3.93 ( 0.02% of Total)
| Total time             20223.47 (100.0% of ALL  )

| Number of list builds   :          0

| Highest rstack allocated:          0
| Highest istack allocated:          0
|           Job began  at 09:14:41.866  on 06/09/2022
|           Setup done at 09:14:42.890  on 06/09/2022
|           Run   done at 14:51:45.337  on 06/09/2022
|     wallclock() was called    3628 times

|3D-RISM memory allocation summary
|Type          Maximum        Current   
|Integer       0.00000 GB     0.00000 GB
|Real          0.00000 GB     0.00000 GB
|Logical       0.00000 GB     0.00000 GB
|Character     0.00000 GB     0.00000 GB
|---------------------------------------
|Total         0.00000 GB     0.00000 GB
