
          -------------------------------------------------------
          Amber 22 SANDER                              2022
          -------------------------------------------------------

| Run on 06/09/2022 at 13:41:06

|   Executable path: sander
| Working directory: /home/ubuntu/PoDProjects/MS/src/scripts
|          Hostname: Unknown
  [-O]verwriting output

File Assignments:
|  MDIN: minimize.in                                                           
| MDOUT: ../libs/efz_min_solv_oct.out                                          
|INPCRD: ../libs/efz_solv_oct.rst7                                             
|  PARM: ../libs/efz_solv_oct.prmtop                                           
|RESTRT: ../libs/efz_min_solv_oct.ncrst                                        
|  REFC: refc                                                                  
| MDVEL: mdvel                                                                 
| MDFRC: mdfrc                                                                 
|  MDEN: mden                                                                  
| MDCRD: mdcrd                                                                 
|MDINFO: mdinfo                                                                
|  MTMD: mtmd                                                                  
|INPDIP: inpdip                                                                
|RSTDIP: rstdip                                                                
|INPTRA: inptraj                                                               


 Here is the input file:

cat > mdin <<EOF                                                               
 &cntrl                                                                        
   imin=1, maxcyc=200, ncyc=50, cut=16, ntb=0, igb=1,                          
 /                                                                             
EOF                                                                            
                                                                               
set output = minout                                                            

--------------------------------------------------------------------------------
   1.  RESOURCE   USE: 
--------------------------------------------------------------------------------

| Flags:                                                                        
| New format PARM file being parsed.
| Version =    1.000 Date = 06/09/22 Time = 13:41:00
 NATOM  =    2840 NTYPES =      14 NBONH =    2817 MBONA  =      23
 NTHETH =      21 MTHETA =      36 NPHIH =      43 MPHIA  =      51
 NHPARM =       0 NPARM  =       0 NNB   =    3901 NRES   =     939
 NBONA  =      23 NTHETA =      36 NPHIA =      51 NUMBND =      19
 NUMANG =      27 NPTRA  =      13 NATYP =      16 NPHB   =       0
 IFBOX  =       2 NMXRS  =      30 IFCAP =       0 NEXTRA =       0
 NCOPY  =       0

 Implicit solvent radii are modified Bondi radii (mbondi)                                                   

|     Memory Use     Allocated
|     Real              944062
|     Hollerith           9461
|     Integer            73179
|     Max Pairs              1
|     nblistReal             0
|     nblist Int             0
|       Total             7698 kbytes

| Note: 1-4 EEL scale factors are being read from the topology file.

| Note: 1-4 VDW scale factors are being read from the topology file.
| Duplicated    0 dihedrals
| Duplicated    0 dihedrals

     BOX TYPE: TRUNCATED OCTAHEDRON

--------------------------------------------------------------------------------
   2.  CONTROL  DATA  FOR  THE  RUN
--------------------------------------------------------------------------------

default_name                                                                    

General flags:
     imin    =       1, nmropt  =       0

Nature and format of input:
     ntx     =       1, irest   =       0, ntrx    =       1

Nature and format of output:
     ntxo    =       2, ntpr    =      50, ntrx    =       1, ntwr    =       1
     iwrap   =       0, ntwx    =       0, ntwv    =       0, ntwe    =       0
     ioutfm  =       1, ntwprt  =       0, idecomp =       0, rbornstat=      0

Potential function:
     ntf     =       1, ntb     =       0, igb     =       1, nsnb    =      25
     ipol    =       0, gbsa    =       0, iesp    =       0
     dielc   =   1.00000, cut     =  16.00000, intdiel =   1.00000
     saltcon =   0.00000, offset  =   0.09000, gbalpha=    1.00000
     gbbeta  =   0.00000, gbgamma =   0.00000, surften =   0.00500
     rdt     =   0.00000, rgbmax  =  25.00000  extdiel =  78.50000
     alpb  =        0

Frozen or restrained atoms:
     ibelly  =       0, ntr     =       0

Energy minimization:
     maxcyc  =     200, ncyc    =      50, ntmin   =       1
     dx0     =   0.01000, drms    =   0.00010
|  INFO: Old style inpcrd file read


--------------------------------------------------------------------------------
   3.  ATOMIC COORDINATES AND VELOCITIES
--------------------------------------------------------------------------------

default_name                                                                    
 begin time read from input coords =     0.000 ps

 Number of triangulated 3-point waters found:      936

--------------------------------------------------------------------------------
   4.  RESULTS
--------------------------------------------------------------------------------



   NSTEP       ENERGY          RMS            GMAX         NAME    NUMBER
      1      -8.7994E+03     1.7829E+01     3.6012E+02     C10        17

 BOND    =      143.1259  ANGLE   =       23.9549  DIHED      =       17.6856
 VDWAALS =      935.5613  EEL     =   -10730.8377  EGB        =      817.7741
 1-4 VDW =       13.1532  1-4 EEL =      -19.8658  RESTRAINT  =        0.0000


   NSTEP       ENERGY          RMS            GMAX         NAME    NUMBER
     50      -1.0548E+04     4.4622E+00     2.1264E+02     C9         16

 BOND    =      945.0546  ANGLE   =        4.4680  DIHED      =       17.0455
 VDWAALS =      528.8455  EEL     =   -11046.4373  EGB        =     -984.3279
 1-4 VDW =        9.0225  1-4 EEL =      -21.2221  RESTRAINT  =        0.0000


   NSTEP       ENERGY          RMS            GMAX         NAME    NUMBER
    100      -1.1378E+04     2.7253E+00     6.1153E+01     C8         15

 BOND    =      903.7640  ANGLE   =        7.1126  DIHED      =       17.7747
 VDWAALS =      179.9177  EEL     =    -8950.6461  EGB        =    -3522.8436
 1-4 VDW =        8.1769  1-4 EEL =      -21.4157  RESTRAINT  =        0.0000


   NSTEP       ENERGY          RMS            GMAX         NAME    NUMBER
    150      -1.1525E+04     1.3676E+00     4.6016E+01     C8         15

 BOND    =      970.4611  ANGLE   =        3.7756  DIHED      =       16.9102
 VDWAALS =      105.3937  EEL     =    -8490.0668  EGB        =    -4118.9961
 1-4 VDW =        8.8138  1-4 EEL =      -21.2511  RESTRAINT  =        0.0000


   NSTEP       ENERGY          RMS            GMAX         NAME    NUMBER
    200      -1.1836E+04     2.5595E+00     4.0545E+01     O         795

 BOND    =      954.6753  ANGLE   =        7.4820  DIHED      =       17.8568
 VDWAALS =       52.8138  EEL     =    -8154.6983  EGB        =    -4700.9142
 1-4 VDW =        8.2523  1-4 EEL =      -21.3644  RESTRAINT  =        0.0000


  Maximum number of minimization cycles reached.


                    FINAL RESULTS



   NSTEP       ENERGY          RMS            GMAX         NAME    NUMBER
    200      -1.1836E+04     2.5595E+00     4.0545E+01     O         795

 BOND    =      954.6753  ANGLE   =        7.4820  DIHED      =       17.8568
 VDWAALS =       52.8138  EEL     =    -8154.6983  EGB        =    -4700.9142
 1-4 VDW =        8.2523  1-4 EEL =      -21.3644  RESTRAINT  =        0.0000

--------------------------------------------------------------------------------
   5.  TIMINGS
--------------------------------------------------------------------------------

|    Read coords time           0.00 ( 0.01% of Total)
|                Calc gb radii              9.92 (25.80% of Gen B)
|                Calc gb diag              19.63 (51.07% of Gen B)
|                Calc gb off-diag           8.89 (23.13% of Gen B)
|             Gen Born time             38.44 (100.0% of Nonbo)
|          Nonbond force             38.44 (100.0% of Force)
|          Bond/Angle/Dihedral        0.01 ( 0.03% of Force)
|       Force time                38.45 (100.0% of Runmd)
|    Runmd Time                38.45 (99.81% of Total)
|    Other                      0.07 ( 0.18% of Total)
| Total time                38.53 (100.0% of ALL  )

| Number of list builds   :          0

| Highest rstack allocated:          0
| Highest istack allocated:          0
|           Job began  at 13:41:06.000  on 06/09/2022
|           Setup done at 13:41:06.023  on 06/09/2022
|           Run   done at 13:41:44.528  on 06/09/2022
|     wallclock() was called    3628 times

|3D-RISM memory allocation summary
|Type          Maximum        Current   
|Integer       0.00000 GB     0.00000 GB
|Real          0.00000 GB     0.00000 GB
|Logical       0.00000 GB     0.00000 GB
|Character     0.00000 GB     0.00000 GB
|---------------------------------------
|Total         0.00000 GB     0.00000 GB
