
          -------------------------------------------------------
          Amber 22 SANDER                              2022
          -------------------------------------------------------

| Run on 06/10/2022 at 13:15:16

|   Executable path: sander
| Working directory: /home/ubuntu/PoDProjects/MS/src/scripts
|          Hostname: Unknown
  [-O]verwriting output

File Assignments:
|  MDIN: minimize.in                                                           
| MDOUT: ../libs/efz_min_solv_box.out                                          
|INPCRD: ../libs/efz_solv_box.rst7                                             
|  PARM: ../libs/efz_solv_box.prmtop                                           
|RESTRT: ../libs/efz_min_solv_box.ncrst                                        
|  REFC: refc                                                                  
| MDVEL: mdvel                                                                 
| MDFRC: mdfrc                                                                 
|  MDEN: mden                                                                  
| MDCRD: mdcrd                                                                 
|MDINFO: mdinfo                                                                
|  MTMD: mtmd                                                                  
|INPDIP: inpdip                                                                
|RSTDIP: rstdip                                                                
|INPTRA: inptraj                                                               


 Here is the input file:

cat > mdin <<EOF                                                               
 &cntrl                                                                        
   imin=1, maxcyc=200, ncyc=50, cut=16, ntb=0, igb=1,                          
 /                                                                             
EOF                                                                            
                                                                               
set output = minout                                                            

--------------------------------------------------------------------------------
   1.  RESOURCE   USE: 
--------------------------------------------------------------------------------

| Flags:                                                                        
| New format PARM file being parsed.
| Version =    1.000 Date = 06/10/22 Time = 13:10:24
 NATOM  =    4466 NTYPES =      14 NBONH =    4443 MBONA  =      23
 NTHETH =      21 MTHETA =      36 NPHIH =      43 MPHIA  =      51
 NHPARM =       0 NPARM  =       0 NNB   =    6069 NRES   =    1481
 NBONA  =      23 NTHETA =      36 NPHIA =      51 NUMBND =      19
 NUMANG =      27 NPTRA  =      13 NATYP =      16 NPHB   =       0
 IFBOX  =       1 NMXRS  =      30 IFCAP =       0 NEXTRA =       0
 NCOPY  =       0

 Implicit solvent radii are modified Bondi radii (mbondi)                                                   

|     Memory Use     Allocated
|     Real             1082272
|     Hollerith          14881
|     Integer           102989
|     Max Pairs              1
|     nblistReal             0
|     nblist Int             0
|       Total             8915 kbytes

| Note: 1-4 EEL scale factors are being read from the topology file.

| Note: 1-4 VDW scale factors are being read from the topology file.
| Duplicated    0 dihedrals
| Duplicated    0 dihedrals

     BOX TYPE: RECTILINEAR

--------------------------------------------------------------------------------
   2.  CONTROL  DATA  FOR  THE  RUN
--------------------------------------------------------------------------------

default_name                                                                    

General flags:
     imin    =       1, nmropt  =       0

Nature and format of input:
     ntx     =       1, irest   =       0, ntrx    =       1

Nature and format of output:
     ntxo    =       2, ntpr    =      50, ntrx    =       1, ntwr    =       1
     iwrap   =       0, ntwx    =       0, ntwv    =       0, ntwe    =       0
     ioutfm  =       1, ntwprt  =       0, idecomp =       0, rbornstat=      0

Potential function:
     ntf     =       1, ntb     =       0, igb     =       1, nsnb    =      25
     ipol    =       0, gbsa    =       0, iesp    =       0
     dielc   =   1.00000, cut     =  16.00000, intdiel =   1.00000
     saltcon =   0.00000, offset  =   0.09000, gbalpha=    1.00000
     gbbeta  =   0.00000, gbgamma =   0.00000, surften =   0.00500
     rdt     =   0.00000, rgbmax  =  25.00000  extdiel =  78.50000
     alpb  =        0

Frozen or restrained atoms:
     ibelly  =       0, ntr     =       0

Energy minimization:
     maxcyc  =     200, ncyc    =      50, ntmin   =       1
     dx0     =   0.01000, drms    =   0.00010
|  INFO: Old style inpcrd file read


--------------------------------------------------------------------------------
   3.  ATOMIC COORDINATES AND VELOCITIES
--------------------------------------------------------------------------------

default_name                                                                    
 begin time read from input coords =     0.000 ps

 Number of triangulated 3-point waters found:     1478

--------------------------------------------------------------------------------
   4.  RESULTS
--------------------------------------------------------------------------------



   NSTEP       ENERGY          RMS            GMAX         NAME    NUMBER
      1      -1.3831E+04     1.7178E+01     4.3864E+02     C10        17

 BOND    =      143.1050  ANGLE   =       23.9882  DIHED      =       17.6861
 VDWAALS =     1414.2743  EEL     =   -18465.9213  EGB        =     3042.8141
 1-4 VDW =       13.1490  1-4 EEL =      -19.8557  RESTRAINT  =        0.0000


   NSTEP       ENERGY          RMS            GMAX         NAME    NUMBER
     50      -1.6503E+04     1.4769E+00     2.1806E+01     C9         16

 BOND    =     1511.8639  ANGLE   =        4.0982  DIHED      =       16.9543
 VDWAALS =      807.4472  EEL     =   -20234.2981  EGB        =     1402.7694
 1-4 VDW =        9.2611  1-4 EEL =      -21.1052  RESTRAINT  =        0.0000


   NSTEP       ENERGY          RMS            GMAX         NAME    NUMBER
    100      -1.7668E+04     1.9420E+00     2.1061E+01     H2       4439

 BOND    =     1453.6128  ANGLE   =        2.9989  DIHED      =       17.0454
 VDWAALS =      251.5371  EEL     =   -16993.7021  EGB        =    -2387.4213
 1-4 VDW =        8.4733  1-4 EEL =      -20.8891  RESTRAINT  =        0.0000


   NSTEP       ENERGY          RMS            GMAX         NAME    NUMBER
    150      -1.7933E+04     2.0765E+00     7.3113E+01     C9         16

 BOND    =     1632.7881  ANGLE   =        5.0108  DIHED      =       17.1157
 VDWAALS =      190.2424  EEL     =   -16112.6631  EGB        =    -3653.5753
 1-4 VDW =        8.6393  1-4 EEL =      -20.5385  RESTRAINT  =        0.0000


   NSTEP       ENERGY          RMS            GMAX         NAME    NUMBER
    200      -1.8210E+04     3.6061E+00     8.6167E+01     C9         16

 BOND    =     1689.8532  ANGLE   =       54.4023  DIHED      =       21.6133
 VDWAALS =       99.4190  EEL     =   -12778.5517  EGB        =    -7276.6950
 1-4 VDW =       12.3529  1-4 EEL =      -31.9899  RESTRAINT  =        0.0000


  Maximum number of minimization cycles reached.


                    FINAL RESULTS



   NSTEP       ENERGY          RMS            GMAX         NAME    NUMBER
    200      -1.8210E+04     3.6061E+00     8.6167E+01     C9         16

 BOND    =     1689.8532  ANGLE   =       54.4023  DIHED      =       21.6133
 VDWAALS =       99.4190  EEL     =   -12778.5517  EGB        =    -7276.6950
 1-4 VDW =       12.3529  1-4 EEL =      -31.9899  RESTRAINT  =        0.0000

--------------------------------------------------------------------------------
   5.  TIMINGS
--------------------------------------------------------------------------------

|    Read coords time           0.02 ( 0.02% of Total)
|                Calc gb radii             21.41 (27.73% of Gen B)
|                Calc gb diag              40.04 (51.85% of Gen B)
|                Calc gb off-diag          15.77 (20.42% of Gen B)
|             Gen Born time             77.22 (100.0% of Nonbo)
|          Nonbond force             77.22 (100.0% of Force)
|          Bond/Angle/Dihedral        0.02 ( 0.02% of Force)
|       Force time                77.24 (100.0% of Runmd)
|    Runmd Time                77.24 (98.13% of Total)
|    Other                      1.46 ( 1.85% of Total)
| Total time                78.72 (100.0% of ALL  )

| Number of list builds   :          0

| Highest rstack allocated:          0
| Highest istack allocated:          0
|           Job began  at 13:15:16.155  on 06/10/2022
|           Setup done at 13:15:16.238  on 06/10/2022
|           Run   done at 13:16:34.872  on 06/10/2022
|     wallclock() was called    3628 times

|3D-RISM memory allocation summary
|Type          Maximum        Current   
|Integer       0.00000 GB     0.00000 GB
|Real          0.00000 GB     0.00000 GB
|Logical       0.00000 GB     0.00000 GB
|Character     0.00000 GB     0.00000 GB
|---------------------------------------
|Total         0.00000 GB     0.00000 GB
